#
# A fatal error has been detected by the Java Runtime Environment:
#
#  EXCEPTION_ACCESS_VIOLATION (0xc0000005) at pc=0x00007ffa717895aa, pid=20952, tid=29528
#
# JRE version: Java(TM) SE Runtime Environment (8.0_91-b14) (build 1.8.0_91-b14)
# Java VM: Java HotSpot(TM) 64-Bit Server VM (25.91-b14 mixed mode windows-amd64 compressed oops)
# Problematic frame:
# C  [igxelpicd64.dll+0x2895aa]
#
# Failed to write core dump. Minidumps are not enabled by default on client versions of Windows
#
# If you would like to submit a bug report, please visit:
#   http://bugreport.java.com/bugreport/crash.jsp
#

---------------  T H R E A D  ---------------

Current thread (0x000000001f033800):  VMThread [stack: 0x00000000206c0000,0x00000000207c0000] [id=29528]

siginfo: ExceptionCode=0xc0000005, reading address 0x0000000000035f88

Registers:
RAX=0x000000003e033c98, RBX=0x0000000000000000, RCX=0x0000000000000000, RDX=0x00000000fffffff0
RSP=0x00000000207be560, RBP=0x00000000207be5c8, RSI=0x000000002a1c0550, RDI=0x0000000000000000
R8 =0x0000000000000000, R9 =0x0000000000000000, R10=0x000000003e034168, R11=0x0000000000000246
R12=0x000000002e924f08, R13=0x0000000000000000, R14=0x000000003e033b90, R15=0x0000000000000016
RIP=0x00007ffa717895aa, EFLAGS=0x0000000000010202

Top of Stack: (sp=0x00000000207be560)
0x00000000207be560:   00000000012e2390 0000000000000000
0x00000000207be570:   00000000207be710 00007ffb090a41a9
0x00000000207be580:   000000003e190960 0000000000000000
0x00000000207be590:   00000000012e2390 000000003e034168
0x00000000207be5a0:   0000000000018360 00007ffb09b533b4
0x00000000207be5b0:   0000000028391aa8 00007ffb09b45511
0x00000000207be5c0:   0000000000000220 000000000000000f
0x00000000207be5d0:   0000000000003f73 000074041aa60000
0x00000000207be5e0:   000000002e924f08 0000000000000000
0x00000000207be5f0:   0000000000000000 000000002a1c0550
0x00000000207be600:   00000000207be710 00007ffa71581d5f
0x00000000207be610:   000000002a1c0500 0000000000000016
0x00000000207be620:   00000000207be700 00000000207be700
0x00000000207be630:   0000000000007460 00007ffb00000000
0x00000000207be640:   0000000000000000 00007ffb09b418c1
0x00000000207be650:   00000000207be838 00007ffb09acd484 

Instructions: (pc=0x00007ffa717895aa)
0x00007ffa7178958a:   48 8d 04 c0 48 8d 40 21 49 8d 04 c6 48 85 c0 74
0x00007ffa7178959a:   0c 48 8b 48 08 eb 09 48 83 c0 08 eb ef 48 8b cb
0x00007ffa717895aa:   49 3b 8d 88 5f 03 00 0f 86 86 01 00 00 41 83 f8
0x00007ffa717895ba:   10 73 0d 4a 8d 04 c5 21 00 00 00 49 03 c0 eb 55 


Register to memory mapping:

RAX=0x000000003e033c98 is an unknown value
RBX=0x0000000000000000 is an unknown value
RCX=0x0000000000000000 is an unknown value
RDX=0x00000000fffffff0 is an unknown value
RSP=0x00000000207be560 is an unknown value
RBP=0x00000000207be5c8 is an unknown value
RSI=0x000000002a1c0550 is an unknown value
RDI=0x0000000000000000 is an unknown value
R8 =0x0000000000000000 is an unknown value
R9 =0x0000000000000000 is an unknown value
R10=0x000000003e034168 is an unknown value
R11=0x0000000000000246 is an unknown value
R12=0x000000002e924f08 is an unknown value
R13=0x0000000000000000 is an unknown value
R14=0x000000003e033b90 is an unknown value
R15=0x0000000000000016 is an unknown value


Stack: [0x00000000206c0000,0x00000000207c0000],  sp=0x00000000207be560,  free space=1017k
Native frames: (J=compiled Java code, j=interpreted, Vv=VM code, C=native code)
C  [igxelpicd64.dll+0x2895aa]
C  [igxelpicd64.dll+0x81d5f]
C  [igxelpicd64.dll+0x28d57f]
C  [igxelpicd64.dll+0x75468]
C  [igxelpicd64.dll+0x243ef4]
C  [igxelpicd64.dll+0x2442b3]
C  [igxelpicd64.dll+0x23e32f]
C  [igxelpicd64.dll+0x23e15d]
C  [igxelpicd64.dll+0x81545b]
C  [ntdll.dll+0x2869f]
C  [ntdll.dll+0x510a6]
C  [ntdll.dll+0x50c9d]
C  [KERNEL32.DLL+0x17fab]
C  [msvcr100.dll+0x20ccd]
V  [jvm.dll+0x211395]
V  [jvm.dll+0x24a0e7]
V  [jvm.dll+0x249386]
V  [jvm.dll+0x249821]
V  [jvm.dll+0x249a3e]
V  [jvm.dll+0x29a99a]
C  [msvcr100.dll+0x21d9f]
C  [msvcr100.dll+0x21e3b]
C  [KERNEL32.DLL+0x1257d]
C  [ntdll.dll+0x5aa58]

VM_Operation (0x00000000015df1b0): Exit, mode: safepoint, requested by thread 0x000000001f139800


---------------  P R O C E S S  ---------------

Java Threads: ( => current thread )
  0x000000001f139800 JavaThread "SIGINT handler" daemon [_thread_blocked, id=4192, stack(0x00000000014e0000,0x00000000015e0000)]
  0x00000000226c6800 JavaThread "LWJGL Timer" daemon [_thread_blocked, id=29660, stack(0x00000000369c0000,0x0000000036ac0000)]
  0x0000000023952800 JavaThread "Chunk Batcher 1" daemon [_thread_blocked, id=25320, stack(0x0000000036790000,0x0000000036890000)]
  0x00000000239b9800 JavaThread "Chunk Batcher 0" daemon [_thread_blocked, id=27500, stack(0x0000000035fc0000,0x00000000360c0000)]
  0x0000000022f11000 JavaThread "Thread-7" [_thread_blocked, id=26652, stack(0x00000000363f0000,0x00000000364f0000)]
  0x0000000026fcd000 JavaThread "Thread-6" [_thread_blocked, id=27952, stack(0x00000000362f0000,0x00000000363f0000)]
  0x0000000029891000 JavaThread "Java2D Disposer" daemon [_thread_blocked, id=8932, stack(0x00000000268b0000,0x00000000269b0000)]
  0x000000002cbec000 JavaThread "Timer hack thread" daemon [_thread_blocked, id=28972, stack(0x00000000267b0000,0x00000000268b0000)]
  0x00000000295ad800 JavaThread "Snooper Timer" daemon [_thread_blocked, id=4944, stack(0x0000000027b60000,0x0000000027c60000)]
  0x0000000024b93800 JavaThread "Snooper Timer" daemon [_thread_blocked, id=2024, stack(0x0000000025ea0000,0x0000000025fa0000)]
  0x000000001f203000 JavaThread "Service Thread" daemon [_thread_blocked, id=3344, stack(0x0000000021c30000,0x0000000021d30000)]
  0x000000001f135800 JavaThread "C1 CompilerThread11" daemon [_thread_blocked, id=4796, stack(0x0000000021b30000,0x0000000021c30000)]
  0x000000001f136800 JavaThread "C1 CompilerThread10" daemon [_thread_blocked, id=18312, stack(0x0000000021930000,0x0000000021a30000)]
  0x000000001f135000 JavaThread "C1 CompilerThread9" daemon [_thread_blocked, id=22904, stack(0x0000000021830000,0x0000000021930000)]
  0x000000001f134000 JavaThread "C1 CompilerThread8" daemon [_thread_blocked, id=25704, stack(0x0000000021730000,0x0000000021830000)]
  0x000000001f132000 JavaThread "C2 CompilerThread7" daemon [_thread_blocked, id=21984, stack(0x0000000021630000,0x0000000021730000)]
  0x000000001f126000 JavaThread "C2 CompilerThread6" daemon [_thread_blocked, id=7176, stack(0x0000000021530000,0x0000000021630000)]
  0x000000001f125800 JavaThread "C2 CompilerThread5" daemon [_thread_blocked, id=15680, stack(0x0000000021430000,0x0000000021530000)]
  0x000000001f120800 JavaThread "C2 CompilerThread4" daemon [_thread_blocked, id=28296, stack(0x0000000021330000,0x0000000021430000)]
  0x000000001f11c000 JavaThread "C2 CompilerThread3" daemon [_thread_blocked, id=3008, stack(0x0000000021230000,0x0000000021330000)]
  0x000000001f11b000 JavaThread "C2 CompilerThread2" daemon [_thread_blocked, id=26196, stack(0x0000000021130000,0x0000000021230000)]
  0x000000001f11a800 JavaThread "C2 CompilerThread1" daemon [_thread_blocked, id=19112, stack(0x0000000021030000,0x0000000021130000)]
  0x000000001f0f9000 JavaThread "C2 CompilerThread0" daemon [_thread_blocked, id=21192, stack(0x0000000020f30000,0x0000000021030000)]
  0x000000001f0e2000 JavaThread "JDWP Event Helper Thread" daemon [_thread_blocked, id=14736, stack(0x0000000020d30000,0x0000000020e30000)]
  0x000000001f0d1800 JavaThread "Attach Listener" daemon [_thread_blocked, id=11772, stack(0x0000000020b30000,0x0000000020c30000)]
  0x000000001f079000 JavaThread "Signal Dispatcher" daemon [_thread_blocked, id=27440, stack(0x0000000020a30000,0x0000000020b30000)]
  0x000000001f056800 JavaThread "Finalizer" daemon [_thread_blocked, id=27464, stack(0x00000000208c0000,0x00000000209c0000)]
  0x000000001d5cf800 JavaThread "Reference Handler" daemon [_thread_blocked, id=24976, stack(0x00000000207c0000,0x00000000208c0000)]
  0x0000000003742800 JavaThread "Client thread" [_thread_blocked, id=28776, stack(0x0000000003460000,0x0000000003560000)]

Other Threads:
=>0x000000001f033800 VMThread [stack: 0x00000000206c0000,0x00000000207c0000] [id=29528]

VM state:at safepoint (shutting down)

VM Mutex/Monitor currently owned by a thread:  ([mutex/lock_event])
[0x00000000030ada30] Threads_lock - owner thread: 0x000000001f033800

Heap:
 PSYoungGen      total 370176K, used 219576K [0x000000076c180000, 0x000000078ae80000, 0x00000007c0000000)
  eden space 345600K, 58% used [0x000000076c180000,0x0000000778862008,0x0000000781300000)
  from space 24576K, 64% used [0x0000000781300000,0x000000078228c120,0x0000000782b00000)
  to   space 25088K, 0% used [0x0000000789600000,0x0000000789600000,0x000000078ae80000)
 ParOldGen       total 104960K, used 53076K [0x00000006c4400000, 0x00000006caa80000, 0x000000076c180000)
  object space 104960K, 50% used [0x00000006c4400000,0x00000006c77d5068,0x00000006caa80000)
 Metaspace       used 32362K, capacity 32633K, committed 32896K, reserved 1077248K
  class space    used 4136K, capacity 4209K, committed 4224K, reserved 1048576K

Card table byte_map: [0x0000000012c00000,0x00000000133e0000] byte_map_base: 0x000000000f5de000

Marking Bits: (ParMarkBitMap*) 0x000000006beb2f70
 Begin Bits: [0x0000000014620000, 0x0000000018510000)
 End Bits:   [0x0000000018510000, 0x000000001c400000)

Polling page: 0x00000000030b0000

CodeCache: size=245760Kb used=14138Kb max_used=16940Kb free=231621Kb
 bounds [0x0000000003840000, 0x00000000048e0000, 0x0000000012840000]
 total_blobs=4004 nmethods=3337 adapters=584
 compilation: enabled

Compilation events (10 events):
Event: 504.165 Thread 0x000000001f134000 4172       3       net.minecraft.client.renderer.GlStateManager$BooleanState::setEnabled (6 bytes)
Event: 504.165 Thread 0x000000001f134000 nmethod 4172 0x0000000003d736d0 code [0x0000000003d738e0, 0x0000000003d74198]
Event: 504.170 Thread 0x000000001f135000 4173       3       net.minecraft.client.renderer.GlStateManager$BooleanState::setState (35 bytes)
Event: 504.171 Thread 0x000000001f135000 nmethod 4173 0x0000000004254fd0 code [0x0000000004255280, 0x00000000042561b8]
Event: 504.189 Thread 0x000000001f135800 4174       3       java.util.logging.LogManager::access$100 (4 bytes)
Event: 504.189 Thread 0x000000001f136800 4175       3       java.util.logging.LogManager$LoggerContext::requiresDefaultLoggers (29 bytes)
Event: 504.189 Thread 0x000000001f135800 nmethod 4174 0x0000000004715d50 code [0x0000000004715ea0, 0x0000000004715fd0]
Event: 504.189 Thread 0x000000001f136800 nmethod 4175 0x0000000004217bd0 code [0x0000000004217d40, 0x0000000004218188]
Event: 504.190 Thread 0x000000001f134000 4176       3       org.apache.logging.log4j.core.helpers.NameUtil::getSubName (32 bytes)
Event: 504.190 Thread 0x000000001f134000 nmethod 4176 0x0000000003cb9490 code [0x0000000003cb9620, 0x0000000003cb9bb8]

GC Heap History (10 events):
Event: 3.368 GC heap before
{Heap before GC invocations=10 (full 1):
 PSYoungGen      total 209408K, used 203838K [0x000000076c180000, 0x000000077b380000, 0x00000007c0000000)
  eden space 187392K, 100% used [0x000000076c180000,0x0000000777880000,0x0000000777880000)
  from space 22016K, 74% used [0x0000000778f80000,0x0000000779f8f930,0x000000077a500000)
  to   space 23552K, 0% used [0x0000000777880000,0x0000000777880000,0x0000000778f80000)
 ParOldGen       total 104960K, used 30422K [0x00000006c4400000, 0x00000006caa80000, 0x000000076c180000)
  object space 104960K, 28% used [0x00000006c4400000,0x00000006c61b5b98,0x00000006caa80000)
 Metaspace       used 30554K, capacity 30841K, committed 31360K, reserved 1077248K
  class space    used 4010K, capacity 4099K, committed 4224K, reserved 1048576K
Event: 3.374 GC heap after
Heap after GC invocations=10 (full 1):
 PSYoungGen      total 210944K, used 15518K [0x000000076c180000, 0x000000077ed00000, 0x00000007c0000000)
  eden space 187392K, 0% used [0x000000076c180000,0x000000076c180000,0x0000000777880000)
  from space 23552K, 65% used [0x0000000777880000,0x00000007787a7a30,0x0000000778f80000)
  to   space 24064K, 0% used [0x000000077d580000,0x000000077d580000,0x000000077ed00000)
 ParOldGen       total 104960K, used 31726K [0x00000006c4400000, 0x00000006caa80000, 0x000000076c180000)
  object space 104960K, 30% used [0x00000006c4400000,0x00000006c62fbbd8,0x00000006caa80000)
 Metaspace       used 30554K, capacity 30841K, committed 31360K, reserved 1077248K
  class space    used 4010K, capacity 4099K, committed 4224K, reserved 1048576K
}
Event: 3.601 GC heap before
{Heap before GC invocations=11 (full 1):
 PSYoungGen      total 210944K, used 202910K [0x000000076c180000, 0x000000077ed00000, 0x00000007c0000000)
  eden space 187392K, 100% used [0x000000076c180000,0x0000000777880000,0x0000000777880000)
  from space 23552K, 65% used [0x0000000777880000,0x00000007787a7a30,0x0000000778f80000)
  to   space 24064K, 0% used [0x000000077d580000,0x000000077d580000,0x000000077ed00000)
 ParOldGen       total 104960K, used 31726K [0x00000006c4400000, 0x00000006caa80000, 0x000000076c180000)
  object space 104960K, 30% used [0x00000006c4400000,0x00000006c62fbbd8,0x00000006caa80000)
 Metaspace       used 30835K, capacity 31097K, committed 31616K, reserved 1077248K
  class space    used 4024K, capacity 4099K, committed 4224K, reserved 1048576K
Event: 3.609 GC heap after
Heap after GC invocations=11 (full 1):
 PSYoungGen      total 281600K, used 17224K [0x000000076c180000, 0x000000077ee80000, 0x00000007c0000000)
  eden space 257536K, 0% used [0x000000076c180000,0x000000076c180000,0x000000077bd00000)
  from space 24064K, 71% used [0x000000077d580000,0x000000077e652330,0x000000077ed00000)
  to   space 25088K, 0% used [0x000000077bd00000,0x000000077bd00000,0x000000077d580000)
 ParOldGen       total 104960K, used 36922K [0x00000006c4400000, 0x00000006caa80000, 0x000000076c180000)
  object space 104960K, 35% used [0x00000006c4400000,0x00000006c680ebe8,0x00000006caa80000)
 Metaspace       used 30835K, capacity 31097K, committed 31616K, reserved 1077248K
  class space    used 4024K, capacity 4099K, committed 4224K, reserved 1048576K
}
Event: 3.861 GC heap before
{Heap before GC invocations=12 (full 1):
 PSYoungGen      total 281600K, used 274760K [0x000000076c180000, 0x000000077ee80000, 0x00000007c0000000)
  eden space 257536K, 100% used [0x000000076c180000,0x000000077bd00000,0x000000077bd00000)
  from space 24064K, 71% used [0x000000077d580000,0x000000077e652330,0x000000077ed00000)
  to   space 25088K, 0% used [0x000000077bd00000,0x000000077bd00000,0x000000077d580000)
 ParOldGen       total 104960K, used 36922K [0x00000006c4400000, 0x00000006caa80000, 0x000000076c180000)
  object space 104960K, 35% used [0x00000006c4400000,0x00000006c680ebe8,0x00000006caa80000)
 Metaspace       used 30903K, capacity 31097K, committed 31616K, reserved 1077248K
  class space    used 4024K, capacity 4099K, committed 4224K, reserved 1048576K
Event: 3.867 GC heap after
Heap after GC invocations=12 (full 1):
 PSYoungGen      total 282624K, used 6240K [0x000000076c180000, 0x0000000784900000, 0x00000007c0000000)
  eden space 257536K, 0% used [0x000000076c180000,0x000000076c180000,0x000000077bd00000)
  from space 25088K, 24% used [0x000000077bd00000,0x000000077c318060,0x000000077d580000)
  to   space 24576K, 0% used [0x0000000783100000,0x0000000783100000,0x0000000784900000)
 ParOldGen       total 104960K, used 46755K [0x00000006c4400000, 0x00000006caa80000, 0x000000076c180000)
  object space 104960K, 44% used [0x00000006c4400000,0x00000006c71a8fe8,0x00000006caa80000)
 Metaspace       used 30903K, capacity 31097K, committed 31616K, reserved 1077248K
  class space    used 4024K, capacity 4099K, committed 4224K, reserved 1048576K
}
Event: 4.103 GC heap before
{Heap before GC invocations=13 (full 1):
 PSYoungGen      total 282624K, used 263776K [0x000000076c180000, 0x0000000784900000, 0x00000007c0000000)
  eden space 257536K, 100% used [0x000000076c180000,0x000000077bd00000,0x000000077bd00000)
  from space 25088K, 24% used [0x000000077bd00000,0x000000077c318060,0x000000077d580000)
  to   space 24576K, 0% used [0x0000000783100000,0x0000000783100000,0x0000000784900000)
 ParOldGen       total 104960K, used 46755K [0x00000006c4400000, 0x00000006caa80000, 0x000000076c180000)
  object space 104960K, 44% used [0x00000006c4400000,0x00000006c71a8fe8,0x00000006caa80000)
 Metaspace       used 30916K, capacity 31161K, committed 31616K, reserved 1077248K
  class space    used 4024K, capacity 4099K, committed 4224K, reserved 1048576K
Event: 4.106 GC heap after
Heap after GC invocations=13 (full 1):
 PSYoungGen      total 364032K, used 2832K [0x000000076c180000, 0x0000000784300000, 0x00000007c0000000)
  eden space 345600K, 0% used [0x000000076c180000,0x000000076c180000,0x0000000781300000)
  from space 18432K, 15% used [0x0000000783100000,0x00000007833c4010,0x0000000784300000)
  to   space 24576K, 0% used [0x0000000781300000,0x0000000781300000,0x0000000782b00000)
 ParOldGen       total 104960K, used 51316K [0x00000006c4400000, 0x00000006caa80000, 0x000000076c180000)
  object space 104960K, 48% used [0x00000006c4400000,0x00000006c761d058,0x00000006caa80000)
 Metaspace       used 30916K, capacity 31161K, committed 31616K, reserved 1077248K
  class space    used 4024K, capacity 4099K, committed 4224K, reserved 1048576K
}
Event: 4.719 GC heap before
{Heap before GC invocations=14 (full 1):
 PSYoungGen      total 364032K, used 348432K [0x000000076c180000, 0x0000000784300000, 0x00000007c0000000)
  eden space 345600K, 100% used [0x000000076c180000,0x0000000781300000,0x0000000781300000)
  from space 18432K, 15% used [0x0000000783100000,0x00000007833c4010,0x0000000784300000)
  to   space 24576K, 0% used [0x0000000781300000,0x0000000781300000,0x0000000782b00000)
 ParOldGen       total 104960K, used 51316K [0x00000006c4400000, 0x00000006caa80000, 0x000000076c180000)
  object space 104960K, 48% used [0x00000006c4400000,0x00000006c761d058,0x00000006caa80000)
 Metaspace       used 31507K, capacity 31737K, committed 32128K, reserved 1077248K
  class space    used 4045K, capacity 4099K, committed 4224K, reserved 1048576K
Event: 4.725 GC heap after
Heap after GC invocations=14 (full 1):
 PSYoungGen      total 370176K, used 15920K [0x000000076c180000, 0x000000078ae80000, 0x00000007c0000000)
  eden space 345600K, 0% used [0x000000076c180000,0x000000076c180000,0x0000000781300000)
  from space 24576K, 64% used [0x0000000781300000,0x000000078228c120,0x0000000782b00000)
  to   space 25088K, 0% used [0x0000000789600000,0x0000000789600000,0x000000078ae80000)
 ParOldGen       total 104960K, used 53076K [0x00000006c4400000, 0x00000006caa80000, 0x000000076c180000)
  object space 104960K, 50% used [0x00000006c4400000,0x00000006c77d5068,0x00000006caa80000)
 Metaspace       used 31507K, capacity 31737K, committed 32128K, reserved 1077248K
  class space    used 4045K, capacity 4099K, committed 4224K, reserved 1048576K
}

Deoptimization events (10 events):
Event: 4.824 Thread 0x0000000003742800 Uncommon trap: reason=bimorphic action=maybe_recompile pc=0x0000000004483b84 method=java.util.regex.Pattern$Curly.match0(Ljava/util/regex/Matcher;IILjava/lang/CharSequence;)Z @ 77
Event: 4.824 Thread 0x0000000003742800 Uncommon trap: reason=bimorphic action=maybe_recompile pc=0x0000000004483b84 method=java.util.regex.Pattern$Curly.match0(Ljava/util/regex/Matcher;IILjava/lang/CharSequence;)Z @ 77
Event: 4.824 Thread 0x0000000003742800 Uncommon trap: reason=unstable_if action=reinterpret pc=0x00000000046ba7d4 method=java.util.Formatter.parse(Ljava/lang/String;)[Ljava/util/Formatter$FormatString; @ 38
Event: 4.824 Thread 0x0000000003742800 Uncommon trap: reason=unstable_if action=reinterpret pc=0x00000000045b92dc method=java.util.Formatter$FormatSpecifier.justify(Ljava/lang/String;)Ljava/lang/String; @ 5
Event: 4.827 Thread 0x0000000003742800 Uncommon trap: reason=bimorphic action=maybe_recompile pc=0x0000000004483b84 method=java.util.regex.Pattern$Curly.match0(Ljava/util/regex/Matcher;IILjava/lang/CharSequence;)Z @ 77
Event: 4.827 Thread 0x0000000003742800 Uncommon trap: reason=bimorphic action=maybe_recompile pc=0x0000000004483b84 method=java.util.regex.Pattern$Curly.match0(Ljava/util/regex/Matcher;IILjava/lang/CharSequence;)Z @ 77
Event: 4.866 Thread 0x0000000024b93800 Uncommon trap: reason=unstable_if action=reinterpret pc=0x0000000003b5dce8 method=java.lang.AbstractStringBuilder.append(I)Ljava/lang/AbstractStringBuilder; @ 16
Event: 4.866 Thread 0x0000000024b93800 Uncommon trap: reason=unstable_if action=reinterpret pc=0x000000000453ca7c method=java.lang.Integer.getChars(II[C)V @ 7
Event: 312.196 Thread 0x0000000003742800 Uncommon trap: reason=unstable_if action=reinterpret pc=0x000000000461d2c4 method=java.lang.Integer.getChars(II[C)V @ 20
Event: 504.203 Thread 0x000000001f139800 Uncommon trap: reason=class_check action=maybe_recompile pc=0x00000000047d6494 method=java.util.HashSet.iterator()Ljava/util/Iterator; @ 4

Internal exceptions (10 events):
Event: 3.303 Thread 0x0000000026fcd000 Exception <a 'org/lwjgl/LWJGLException'> (0x000000077237fe28) thrown at [C:\re\workspace\8-2-build-windows-amd64-cygwin\jdk8u91\6644\hotspot\src\share\vm\prims\jni.cpp, line 709]
Event: 3.303 Thread 0x0000000026fcd000 Exception <a 'org/lwjgl/LWJGLException'> (0x0000000772380568) thrown at [C:\re\workspace\8-2-build-windows-amd64-cygwin\jdk8u91\6644\hotspot\src\share\vm\prims\jni.cpp, line 709]
Event: 3.303 Thread 0x0000000026fcd000 Exception <a 'org/lwjgl/LWJGLException'> (0x0000000772380c88) thrown at [C:\re\workspace\8-2-build-windows-amd64-cygwin\jdk8u91\6644\hotspot\src\share\vm\prims\jni.cpp, line 709]
Event: 3.429 Thread 0x0000000003742800 Implicit null exception at 0x00000000044d8702 to 0x00000000044d8b95
Event: 3.432 Thread 0x0000000003742800 Implicit null exception at 0x00000000044d6bc7 to 0x00000000044d6e99
Event: 3.697 Thread 0x0000000026fcd000 Exception <a 'java/lang/InterruptedException': sleep interrupted> (0x000000077139e450) thrown at [C:\re\workspace\8-2-build-windows-amd64-cygwin\jdk8u91\6644\hotspot\src\share\vm\prims\jvm.cpp, line 3215]
Event: 3.697 Thread 0x0000000026fcd000 Exception <a 'java/lang/InterruptedException': sleep interrupted> (0x000000077139e6a8) thrown at [C:\re\workspace\8-2-build-windows-amd64-cygwin\jdk8u91\6644\hotspot\src\share\vm\prims\jvm.cpp, line 3215]
Event: 4.711 Thread 0x0000000003742800 Implicit null exception at 0x0000000003d1395c to 0x0000000003d13e1a
Event: 4.808 Thread 0x0000000003742800 Exception <a 'java/lang/NoSuchMethodError': java.lang.Object.lambda$comparingInt$7b0bb60$1(Ljava/util/function/ToIntFunction;Ljava/lang/Object;Ljava/lang/Object;)I> (0x000000076c60c410) thrown at [C:\re\workspace\8-2-build-windows-amd64-cygwin\jdk8u91\6644å(@Ì°@
Event: 4.923 Thread 0x0000000024b93800 Exception <a 'java/net/UnknownHostException': snoop.minecraft.net> (0x0000000777048e10) thrown at [C:\re\workspace\8-2-build-windows-amd64-cygwin\jdk8u91\6644\hotspot\src\share\vm\prims\jni.cpp, line 735]

Events (10 events):
Event: 504.190 Thread 0x000000001f132800 DEOPT PACKING pc=0x0000000003e08ba4 sp=0x0000000020f2e570
Event: 504.190 Thread 0x000000001f132800 DEOPT UNPACKING pc=0x000000000388787f sp=0x0000000020f2e268 mode 1
Event: 504.190 Thread 0x000000001f132800 DEOPT PACKING pc=0x0000000003d5afdc sp=0x0000000020f2eed0
Event: 504.190 Thread 0x000000001f132800 DEOPT UNPACKING pc=0x000000000388787f sp=0x0000000020f2ec28 mode 1
Event: 504.190 Thread 0x000000001f132800 Thread exited: 0x000000001f132800
Event: 504.203 Thread 0x000000001f138000 Thread exited: 0x000000001f138000
Event: 504.203 Thread 0x000000001f139800 Uncommon trap: trap_request=0xffffffde fr.pc=0x00000000047d6494
Event: 504.203 Thread 0x000000001f139800 DEOPT PACKING pc=0x00000000047d6494 sp=0x00000000015df010
Event: 504.203 Thread 0x000000001f139800 DEOPT UNPACKING pc=0x000000000388582a sp=0x00000000015defe8 mode 2
Event: 504.204 Executing VM operation: Exit


Dynamic libraries:
0x00007ff6331d0000 - 0x00007ff633207000 	C:\Program Files\Java\jdk1.8.0_91\bin\java.exe
0x00007ffb09ab0000 - 0x00007ffb09cc6000 	C:\Windows\SYSTEM32\ntdll.dll
0x00007ffb09250000 - 0x00007ffb09314000 	C:\Windows\System32\KERNEL32.DLL
0x00007ffb06df0000 - 0x00007ffb07196000 	C:\Windows\System32\KERNELBASE.dll
0x00007ffb097d0000 - 0x00007ffb09882000 	C:\Windows\System32\ADVAPI32.dll
0x00007ffb096d0000 - 0x00007ffb09777000 	C:\Windows\System32\msvcrt.dll
0x00007ffb08ff0000 - 0x00007ffb09098000 	C:\Windows\System32\sechost.dll
0x00007ffb07340000 - 0x00007ffb07368000 	C:\Windows\System32\bcrypt.dll
0x00007ffb07960000 - 0x00007ffb07a75000 	C:\Windows\System32\RPCRT4.dll
0x00007ffb090a0000 - 0x00007ffb0924d000 	C:\Windows\System32\USER32.dll
0x00007ffb07370000 - 0x00007ffb07396000 	C:\Windows\System32\win32u.dll
0x00007ffb07920000 - 0x00007ffb07949000 	C:\Windows\System32\GDI32.dll
0x00007ffb071a0000 - 0x00007ffb072b8000 	C:\Windows\System32\gdi32full.dll
0x00007ffb074c0000 - 0x00007ffb0755a000 	C:\Windows\System32\msvcp_win.dll
0x00007ffb073a0000 - 0x00007ffb074b1000 	C:\Windows\System32\ucrtbase.dll
0x00007ffaeb850000 - 0x00007ffaebae3000 	C:\Windows\WinSxS\amd64_microsoft.windows.common-controls_6595b64144ccf1df_6.0.22621.3235_none_270f74e173860f98\COMCTL32.dll
0x00007ffb09890000 - 0x00007ffb098c1000 	C:\Windows\System32\IMM32.DLL
0x000000006bf40000 - 0x000000006c012000 	C:\Program Files\Java\jdk1.8.0_91\jre\bin\msvcr100.dll
0x000000006b6a0000 - 0x000000006bf33000 	C:\Program Files\Java\jdk1.8.0_91\jre\bin\server\jvm.dll
0x00007ffb09320000 - 0x00007ffb09328000 	C:\Windows\System32\PSAPI.DLL
0x00007ffaf3150000 - 0x00007ffaf315a000 	C:\Windows\SYSTEM32\VERSION.dll
0x00007ffb00940000 - 0x00007ffb00974000 	C:\Windows\SYSTEM32\WINMM.dll
0x00007ffafe210000 - 0x00007ffafe219000 	C:\Windows\SYSTEM32\WSOCK32.dll
0x00007ffb09430000 - 0x00007ffb094a1000 	C:\Windows\System32\WS2_32.dll
0x000000006c640000 - 0x000000006c64f000 	C:\Program Files\Java\jdk1.8.0_91\jre\bin\verify.dll
0x000000006c4d0000 - 0x000000006c4f9000 	C:\Program Files\Java\jdk1.8.0_91\jre\bin\java.dll
0x000000006c490000 - 0x000000006c4c5000 	C:\Program Files\Java\jdk1.8.0_91\jre\bin\jdwp.dll
0x000000006c630000 - 0x000000006c638000 	C:\Program Files\Java\jdk1.8.0_91\jre\bin\npt.dll
0x000000006c460000 - 0x000000006c483000 	C:\Program Files\Java\jdk1.8.0_91\jre\bin\instrument.dll
0x000000006c440000 - 0x000000006c456000 	C:\Program Files\Java\jdk1.8.0_91\jre\bin\zip.dll
0x00007ffb07f70000 - 0x00007ffb087cd000 	C:\Windows\System32\SHELL32.dll
0x00007ffb04d60000 - 0x00007ffb05658000 	C:\Windows\SYSTEM32\windows.storage.dll
0x00007ffb07be0000 - 0x00007ffb07f68000 	C:\Windows\System32\combase.dll
0x00007ffb04c20000 - 0x00007ffb04d5e000 	C:\Windows\SYSTEM32\wintypes.dll
0x00007ffb07ae0000 - 0x00007ffb07bd3000 	C:\Windows\System32\SHCORE.dll
0x00007ffb078a0000 - 0x00007ffb078fe000 	C:\Windows\System32\shlwapi.dll
0x00007ffb06d20000 - 0x00007ffb06d46000 	C:\Windows\SYSTEM32\profapi.dll
0x000000006c430000 - 0x000000006c439000 	C:\Program Files\Java\jdk1.8.0_91\jre\bin\dt_socket.dll
0x00007ffb063a0000 - 0x00007ffb06409000 	C:\Windows\system32\mswsock.dll
0x000000006b690000 - 0x000000006b69d000 	C:\Program Files\Java\jdk1.8.0_91\jre\bin\management.dll
0x000000006b670000 - 0x000000006b68a000 	C:\Program Files\Java\jdk1.8.0_91\jre\bin\net.dll
0x000000006b650000 - 0x000000006b661000 	C:\Program Files\Java\jdk1.8.0_91\jre\bin\nio.dll
0x00007ffad06c0000 - 0x00007ffad06d7000 	C:\Windows\system32\napinsp.dll
0x00007ffacf7e0000 - 0x00007ffacf7fb000 	C:\Windows\system32\pnrpnsp.dll
0x00007ffb05950000 - 0x00007ffb05a49000 	C:\Windows\SYSTEM32\DNSAPI.dll
0x00007ffb05920000 - 0x00007ffb0594d000 	C:\Windows\SYSTEM32\IPHLPAPI.DLL
0x00007ffb07950000 - 0x00007ffb07959000 	C:\Windows\System32\NSI.dll
0x00007ffacf7c0000 - 0x00007ffacf7d1000 	C:\Windows\System32\winrnr.dll
0x00007ffafb6d0000 - 0x00007ffafb6e5000 	C:\Windows\system32\wshbth.dll
0x00007ffacf600000 - 0x00007ffacf621000 	C:\Windows\system32\nlansp_c.dll
0x00007ffafaae0000 - 0x00007ffafab63000 	C:\Windows\System32\fwpuclnt.dll
0x00007ffaf9d90000 - 0x00007ffaf9d9a000 	C:\Windows\System32\rasadhlp.dll
0x0000000180000000 - 0x0000000180053000 	D:\GradeClient-main\jars\versions\1.8.8\1.8.8-natives\lwjgl64.dll
0x00007ffa725e0000 - 0x00007ffa726e0000 	C:\Windows\SYSTEM32\OPENGL32.dll
0x00007ffa725b0000 - 0x00007ffa725dd000 	C:\Windows\SYSTEM32\GLU32.dll
0x00007ffb03a90000 - 0x00007ffb03ac9000 	C:\Windows\SYSTEM32\dxcore.dll
0x00007ffb065f0000 - 0x00007ffb0660b000 	C:\Windows\SYSTEM32\CRYPTSP.dll
0x00007ffb05e80000 - 0x00007ffb05eb5000 	C:\Windows\system32\rsaenh.dll
0x00007ffb06490000 - 0x00007ffb064bc000 	C:\Windows\SYSTEM32\USERENV.dll
0x00007ffb072c0000 - 0x00007ffb0733a000 	C:\Windows\System32\bcryptprimitives.dll
0x00007ffb06610000 - 0x00007ffb0661c000 	C:\Windows\SYSTEM32\CRYPTBASE.dll
0x00007ffafd470000 - 0x00007ffafd489000 	C:\Windows\SYSTEM32\dhcpcsvc6.DLL
0x00007ffafd250000 - 0x00007ffafd26f000 	C:\Windows\SYSTEM32\dhcpcsvc.DLL
0x000000006b4b0000 - 0x000000006b648000 	C:\Program Files\Java\jdk1.8.0_91\jre\bin\awt.dll
0x00007ffb09330000 - 0x00007ffb09407000 	C:\Windows\System32\OLEAUT32.dll
0x00007ffb00090000 - 0x00007ffb00127000 	C:\Windows\SYSTEM32\apphelp.dll
0x00007ffafba20000 - 0x00007ffafbadc000 	C:\Windows\SYSTEM32\mscms.dll
0x00007ffb05f20000 - 0x00007ffb05f38000 	C:\Windows\SYSTEM32\kernel.appcore.dll
0x00007ffb08930000 - 0x00007ffb089e0000 	C:\Windows\System32\clbcatq.dll
0x00007ffaf95f0000 - 0x00007ffaf963e000 	C:\Windows\System32\Windows.Internal.Graphics.Display.DisplayColorManagement.dll
0x00007ffb06b00000 - 0x00007ffb06b4e000 	C:\Windows\SYSTEM32\cfgmgr32.dll
0x00007ffb007a0000 - 0x00007ffb0084b000 	C:\Windows\system32\uxtheme.dll
0x00007ffb087d0000 - 0x00007ffb08924000 	C:\Windows\System32\MSCTF.dll
0x00007ffaf93b0000 - 0x00007ffaf94fa000 	C:\Windows\SYSTEM32\textinputframework.dll
0x00007ffaff760000 - 0x00007ffaff894000 	C:\Windows\SYSTEM32\CoreMessaging.dll
0x00007ffafc930000 - 0x00007ffafcc9c000 	C:\Windows\SYSTEM32\CoreUIComponents.dll
0x00007ffaeb7e0000 - 0x00007ffaeb849000 	C:\Windows\system32\Oleacc.dll
0x00007ffafd1e0000 - 0x00007ffafd22a000 	C:\Windows\SYSTEM32\directxdatabasehelper.dll
0x00007ffafb8c0000 - 0x00007ffafb9f5000 	C:\Windows\System32\AppXDeploymentClient.dll
0x00007ffa71500000 - 0x00007ffa725a9000 	C:\Windows\System32\DriverStore\FileRepository\iigd_dch.inf_amd64_57d6be89ba05925b\igxelpicd64.dll
0x00007ffb098d0000 - 0x00007ffb09a6f000 	C:\Windows\System32\ole32.dll
0x00007ffb03290000 - 0x00007ffb032bb000 	C:\Windows\system32\dwmapi.dll
0x00007ffb04960000 - 0x00007ffb04a58000 	C:\Windows\system32\dxgi.dll
0x00007ffa713d0000 - 0x00007ffa714f4000 	C:\Windows\System32\DriverStore\FileRepository\iigd_dch.inf_amd64_57d6be89ba05925b\igdml64.dll
0x00007ffaf71b0000 - 0x00007ffaf75c2000 	C:\Windows\System32\DriverStore\FileRepository\iigd_dch.inf_amd64_57d6be89ba05925b\igdgmm64.dll
0x00007ffb06ab0000 - 0x00007ffb06adc000 	C:\Windows\SYSTEM32\DEVOBJ.dll
0x00007ffb07560000 - 0x00007ffb075cb000 	C:\Windows\System32\WINTRUST.dll
0x00007ffb07690000 - 0x00007ffb077f6000 	C:\Windows\System32\CRYPT32.dll
0x00007ffb06650000 - 0x00007ffb06662000 	C:\Windows\SYSTEM32\MSASN1.dll
0x00007ffab4210000 - 0x00007ffab4259000 	C:\Windows\SYSTEM32\icm32.dll
0x00007ffaeeae0000 - 0x00007ffaf2f1e000 	C:\Windows\System32\DriverStore\FileRepository\iigd_dch.inf_amd64_57d6be89ba05925b\igc64.dll
0x00007ffb05c80000 - 0x00007ffb05ccd000 	C:\Windows\SYSTEM32\powrprof.dll
0x00007ffb05c60000 - 0x00007ffb05c73000 	C:\Windows\SYSTEM32\UMPDC.dll
0x0000000026330000 - 0x0000000026368000 	C:\Users\43850\AppData\Local\Temp\jna\jna658818992408987926.dll
0x0000000070a40000 - 0x0000000070adc000 	D:\GradeClient-main\jars\versions\1.8.8\1.8.8-natives\avutil-ttv-51.dll
0x0000000065980000 - 0x00000000659d6000 	D:\GradeClient-main\jars\versions\1.8.8\1.8.8-natives\swresample-ttv-0.dll
0x000000006eb80000 - 0x000000006ec50000 	D:\GradeClient-main\jars\versions\1.8.8\1.8.8-natives\libmp3lame-ttv.dll
0x00007ffa22860000 - 0x00007ffa23c04000 	D:\GradeClient-main\jars\versions\1.8.8\1.8.8-natives\libmfxsw64.dll
0x00007ffa9c5a0000 - 0x00007ffa9c70d000 	D:\GradeClient-main\jars\versions\1.8.8\1.8.8-natives\twitchsdk.dll
0x00007ffae5820000 - 0x00007ffae5d14000 	C:\Windows\SYSTEM32\WININET.dll
0x000000002bc70000 - 0x000000002bcd4000 	D:\GradeClient-main\jars\versions\1.8.8\1.8.8-natives\OpenAL64.dll
0x00007ffaf4f20000 - 0x00007ffaf4fbd000 	C:\Windows\System32\MMDevApi.dll
0x00007ffa3edb0000 - 0x00007ffa3ee52000 	C:\Windows\SYSTEM32\dsound.dll
0x00007ffa3cc90000 - 0x00007ffa3cd41000 	C:\Windows\SYSTEM32\ResampleDmo.DLL
0x00007ffacdd80000 - 0x00007ffacdda9000 	C:\Windows\SYSTEM32\winmmbase.dll
0x00007ffaed2f0000 - 0x00007ffaed2fb000 	C:\Windows\SYSTEM32\msdmo.dll
0x00007ffaeb320000 - 0x00007ffaeb50c000 	C:\Windows\SYSTEM32\AUDIOSES.DLL
0x00007ffb03930000 - 0x00007ffb03945000 	C:\Windows\SYSTEM32\resourcepolicyclient.dll
0x00007ffac3980000 - 0x00007ffac3a30000 	C:\Windows\SYSTEM32\TextShaping.dll
0x00007ffb044c0000 - 0x00007ffb046f3000 	C:\Windows\SYSTEM32\dbghelp.dll

VM Arguments:
jvm_args: -agentlib:jdwp=transport=dt_socket,address=127.0.0.1:65170,suspend=y,server=n -javaagent:D:\ideaIU-2023.2.win\plugins\java\lib\rt\debugger-agent.jar -Dfile.encoding=UTF-8 
java_command: Start
java_class_path (initial): C:\Users\43850\AppData\Local\Temp\classpath769311741.jar;D:\ideaIU-2023.2.win\plugins\java\lib\rt\debugger-agent.jar
Launcher Type: SUN_STANDARD

Environment Variables:
JAVA_HOME=D:\graalvm-jdk-17.0.8+9.1
PATH=D:\graalvm-jdk-17.0.8+9.1\bin;D:\Program Files (x86)\VMware\VMware Workstation\bin\;C:\ProgramData\Oracle\Java\javapath;C:\Windows\system32;C:\Windows;C:\Windows\System32\Wbem;C:\Windows\System32\WindowsPowerShell\v1.0\;C:\Windows\System32\OpenSSH\;C:\Program Files (x86)\NVIDIA Corporation\PhysX\Common;C:\Program Files\NVIDIA Corporation\NVIDIA NvDLISR;C:\Program Files\Git\cmd;C:\Program Files\Microsoft SQL Server\150\Tools\Binn\;C:\Program Files\Microsoft SQL Server\Client SDK\ODBC\170\Tools\Binn\;C:\Program Files\dotnet\;D:\Windows Kits\10\Windows Performance Toolkit\;C:\Users\43850\AppData\Roaming\nvm;C:\Program Files\nodejs;C:\Program Files (x86)\Microsoft SQL Server\Client SDK\ODBC\130\Tools\Binn\;C:\Program Files (x86)\Microsoft SQL Server\140\Tools\Binn\;C:\Program Files (x86)\Microsoft SQL Server\140\DTS\Binn\;C:\Program Files (x86)\Microsoft SQL Server\140\Tools\Binn\ManagementStudio\;C:\Program Files (x86)\Microsoft SQL Server\130\Tools\Binn\;C:\Program Files\Microsoft SQL Server\130\Tools\Binn\;C:\Program Files (x86)\Microsoft SQL Server\130\DTS\Binn\;C:\Program Files\Microsoft SQL Server\130\DTS\Binn\;C:\Program Files\Microsoft SQL Server\Client SDK\ODBC\130\Tools\Binn\;D:\Program Files\Redis\;D:\GradeClient-main\jars\versions\1.8.8\1.8.8-natives;C:\Users\43850\AppData\Local\Microsoft\WindowsApps;C:\Users\43850\AppData\Roaming\npm;C:\Users\43850\.dotnet\tools;C:\Users\43850\AppData\Local\Programs\Microsoft VS Code\bin;C:\Users\43850\AppData\Roaming\nvm;C:\Program Files\nodejs;C:\Users\43850\AppData\Local\gitkraken\bin
USERNAME=43850
OS=Windows_NT
PROCESSOR_IDENTIFIER=Intel64 Family 6 Model 154 Stepping 3, GenuineIntel



---------------  S Y S T E M  ---------------

OS: Windows 10.0 , 64 bit Build 22621 (10.0.22621.3235)

CPU:total 16 (8 cores per cpu, 2 threads per core) family 6 model 154 stepping 3, cmov, cx8, fxsr, mmx, sse, sse2, sse3, ssse3, sse4.1, sse4.2, popcnt, avx, avx2, aes, clmul, erms, 3dnowpref, lzcnt, ht, tsc, tscinvbit, bmi1, bmi2, adx

Memory: 4k page, physical 16496120k(1647596k free), swap 32381928k(4777792k free)

vm_info: Java HotSpot(TM) 64-Bit Server VM (25.91-b14) for windows-amd64 JRE (1.8.0_91-b14), built on Apr  1 2016 00:58:32 by "java_re" with MS VC++ 10.0 (VS2010)

time: Sun Mar 31 16:01:12 2024
elapsed time: 504 seconds (0d 0h 8m 24s)

