#
# A fatal error has been detected by the Java Runtime Environment:
#
#  EXCEPTION_ACCESS_VIOLATION (0xc0000005) at pc=0x00007ffa717895aa, pid=26892, tid=20020
#
# JRE version: Java(TM) SE Runtime Environment (8.0_91-b14) (build 1.8.0_91-b14)
# Java VM: Java HotSpot(TM) 64-Bit Server VM (25.91-b14 mixed mode windows-amd64 compressed oops)
# Problematic frame:
# C  [igxelpicd64.dll+0x2895aa]
#
# Failed to write core dump. Minidumps are not enabled by default on client versions of Windows
#
# If you would like to submit a bug report, please visit:
#   http://bugreport.java.com/bugreport/crash.jsp
#

---------------  T H R E A D  ---------------

Current thread (0x000000001e7b1000):  VMThread [stack: 0x000000001fe30000,0x000000001ff30000] [id=20020]

siginfo: ExceptionCode=0xc0000005, reading address 0x0000000000035f88

Registers:
RAX=0x000000004dd71798, RBX=0x0000000000000000, RCX=0x0000000000000000, RDX=0x00000000fffffff0
RSP=0x000000001ff2e640, RBP=0x000000001ff2e6a8, RSI=0x0000000034c59ec0, RDI=0x0000000000000000
R8 =0x0000000000000000, R9 =0x0000000000000000, R10=0x000000004dd71c68, R11=0x0000000000000246
R12=0x00000000382456c8, R13=0x0000000000000000, R14=0x000000004dd71690, R15=0x0000000000000016
RIP=0x00007ffa717895aa, EFLAGS=0x0000000000010202

Top of Stack: (sp=0x000000001ff2e640)
0x000000001ff2e640:   0000000034b6f540 0000000000000000
0x000000001ff2e650:   000000001ff2e7f0 00007ffb090a41a9
0x000000001ff2e660:   00000000585167b0 0000000000000000
0x000000001ff2e670:   0000000034b6f540 000000004dd71c68
0x000000001ff2e680:   00000000000083b0 00007ffb09b533b4
0x000000001ff2e690:   0000000020426308 000000006b78bc8b
0x000000001ff2e6a0:   0000000000000002 0000000000000017
0x000000001ff2e6b0:   0000000000008ebd 000074042dd90000
0x000000001ff2e6c0:   00000000382456c8 0000000000000000
0x000000001ff2e6d0:   0000000000000000 0000000034c59ec0
0x000000001ff2e6e0:   000000001ff2e7f0 00007ffa71581d5f
0x000000001ff2e6f0:   0000000034c59e00 0000000000000016
0x000000001ff2e700:   00000000006a6000 00007ffb09acd800
0x000000001ff2e710:   00000000002a13a0 00007ffb00000000
0x000000001ff2e720:   0000000000000000 00007ffb09acd484
0x000000001ff2e730:   0000000000910bf4 00000000000000c0 

Instructions: (pc=0x00007ffa717895aa)
0x00007ffa7178958a:   48 8d 04 c0 48 8d 40 21 49 8d 04 c6 48 85 c0 74
0x00007ffa7178959a:   0c 48 8b 48 08 eb 09 48 83 c0 08 eb ef 48 8b cb
0x00007ffa717895aa:   49 3b 8d 88 5f 03 00 0f 86 86 01 00 00 41 83 f8
0x00007ffa717895ba:   10 73 0d 4a 8d 04 c5 21 00 00 00 49 03 c0 eb 55 


Register to memory mapping:

RAX=0x000000004dd71798 is an unknown value
RBX=0x0000000000000000 is an unknown value
RCX=0x0000000000000000 is an unknown value
RDX=0x00000000fffffff0 is an unknown value
RSP=0x000000001ff2e640 is an unknown value
RBP=0x000000001ff2e6a8 is an unknown value
RSI=0x0000000034c59ec0 is an unknown value
RDI=0x0000000000000000 is an unknown value
R8 =0x0000000000000000 is an unknown value
R9 =0x0000000000000000 is an unknown value
R10=0x000000004dd71c68 is an unknown value
R11=0x0000000000000246 is an unknown value
R12=0x00000000382456c8 is an unknown value
R13=0x0000000000000000 is an unknown value
R14=0x000000004dd71690 is an unknown value
R15=0x0000000000000016 is an unknown value


Stack: [0x000000001fe30000,0x000000001ff30000],  sp=0x000000001ff2e640,  free space=1017k
Native frames: (J=compiled Java code, j=interpreted, Vv=VM code, C=native code)
C  [igxelpicd64.dll+0x2895aa]
C  [igxelpicd64.dll+0x81d5f]
C  [igxelpicd64.dll+0x28d57f]
C  [igxelpicd64.dll+0x75468]
C  [igxelpicd64.dll+0x243ef4]
C  [igxelpicd64.dll+0x2442b3]
C  [igxelpicd64.dll+0x23e32f]
C  [igxelpicd64.dll+0x23e15d]
C  [igxelpicd64.dll+0x81545b]
C  [ntdll.dll+0x2869f]
C  [ntdll.dll+0x510a6]
C  [ntdll.dll+0x50c9d]
C  [KERNEL32.DLL+0x17fab]
C  [msvcr100.dll+0x20ccd]
V  [jvm.dll+0x211395]
V  [jvm.dll+0x24a0e7]
V  [jvm.dll+0x249386]
V  [jvm.dll+0x249821]
V  [jvm.dll+0x249a3e]
V  [jvm.dll+0x29a99a]
C  [msvcr100.dll+0x21d9f]
C  [msvcr100.dll+0x21e3b]
C  [KERNEL32.DLL+0x1257d]
C  [ntdll.dll+0x5aa58]

VM_Operation (0x00000000405ff010): Exit, mode: safepoint, requested by thread 0x0000000024fcb800


---------------  P R O C E S S  ---------------

Java Threads: ( => current thread )
  0x0000000024fcb800 JavaThread "SIGINT handler" daemon [_thread_blocked, id=6728, stack(0x0000000040500000,0x0000000040600000)]
  0x0000000024fcb000 JavaThread "LWJGL Timer" daemon [_thread_blocked, id=15268, stack(0x0000000054610000,0x0000000054710000)]
  0x0000000024fca000 JavaThread "Chunk Batcher 1" daemon [_thread_blocked, id=26368, stack(0x000000003ebe0000,0x000000003ece0000)]
  0x0000000024fc9800 JavaThread "Chunk Batcher 0" daemon [_thread_blocked, id=3768, stack(0x000000003dc70000,0x000000003dd70000)]
  0x0000000021312000 JavaThread "Thread-7" [_thread_blocked, id=24620, stack(0x0000000037f90000,0x0000000038090000)]
  0x00000000247c3800 JavaThread "Thread-6" [_thread_blocked, id=8884, stack(0x000000003dfd0000,0x000000003e0d0000)]
  0x00000000212f2800 JavaThread "Java2D Disposer" daemon [_thread_blocked, id=19316, stack(0x0000000026e30000,0x0000000026f30000)]
  0x00000000242ee800 JavaThread "Timer hack thread" daemon [_thread_blocked, id=16944, stack(0x0000000026d30000,0x0000000026e30000)]
  0x0000000025d53000 JavaThread "Snooper Timer" daemon [_thread_blocked, id=3492, stack(0x0000000026c30000,0x0000000026d30000)]
  0x0000000022ef1800 JavaThread "Snooper Timer" daemon [_thread_blocked, id=28776, stack(0x0000000026830000,0x0000000026930000)]
  0x0000000021420000 JavaThread "Service Thread" daemon [_thread_blocked, id=2388, stack(0x0000000022980000,0x0000000022a80000)]
  0x0000000021386800 JavaThread "C1 CompilerThread11" daemon [_thread_blocked, id=28580, stack(0x0000000022780000,0x0000000022880000)]
  0x0000000021384000 JavaThread "C1 CompilerThread10" daemon [_thread_blocked, id=25448, stack(0x0000000022680000,0x0000000022780000)]
  0x000000002137f000 JavaThread "C1 CompilerThread9" daemon [_thread_blocked, id=4540, stack(0x0000000022580000,0x0000000022680000)]
  0x000000002137e800 JavaThread "C1 CompilerThread8" daemon [_thread_blocked, id=27200, stack(0x0000000022480000,0x0000000022580000)]
  0x000000002137b800 JavaThread "C2 CompilerThread7" daemon [_thread_blocked, id=26796, stack(0x0000000022380000,0x0000000022480000)]
  0x0000000021377000 JavaThread "C2 CompilerThread6" daemon [_thread_blocked, id=2864, stack(0x0000000022280000,0x0000000022380000)]
  0x0000000021368000 JavaThread "C2 CompilerThread5" daemon [_thread_blocked, id=20932, stack(0x0000000022180000,0x0000000022280000)]
  0x0000000021223000 JavaThread "C2 CompilerThread4" daemon [_thread_blocked, id=28856, stack(0x0000000022080000,0x0000000022180000)]
  0x000000002127f000 JavaThread "C2 CompilerThread3" daemon [_thread_blocked, id=11032, stack(0x0000000021f80000,0x0000000022080000)]
  0x000000002127e000 JavaThread "C2 CompilerThread2" daemon [_thread_blocked, id=25940, stack(0x0000000021e80000,0x0000000021f80000)]
  0x0000000021273800 JavaThread "C2 CompilerThread1" daemon [_thread_blocked, id=17916, stack(0x0000000021d80000,0x0000000021e80000)]
  0x0000000021273000 JavaThread "C2 CompilerThread0" daemon [_thread_blocked, id=29032, stack(0x0000000021c80000,0x0000000021d80000)]
  0x0000000021367800 JavaThread "Monitor Ctrl-Break" daemon [_thread_in_native, id=27068, stack(0x0000000021b80000,0x0000000021c80000)]
  0x000000001e850000 JavaThread "Attach Listener" daemon [_thread_blocked, id=29596, stack(0x00000000202a0000,0x00000000203a0000)]
  0x000000001e84d000 JavaThread "Signal Dispatcher" daemon [_thread_blocked, id=25664, stack(0x00000000201a0000,0x00000000202a0000)]
  0x000000001cd64800 JavaThread "Finalizer" daemon [_thread_blocked, id=4240, stack(0x0000000020030000,0x0000000020130000)]
  0x000000001cd5a000 JavaThread "Reference Handler" daemon [_thread_blocked, id=29012, stack(0x000000001ff30000,0x0000000020030000)]
  0x000000000281e800 JavaThread "Client thread" [_thread_blocked, id=9004, stack(0x0000000002c00000,0x0000000002d00000)]

Other Threads:
=>0x000000001e7b1000 VMThread [stack: 0x000000001fe30000,0x000000001ff30000] [id=20020]

VM state:at safepoint (shutting down)

VM Mutex/Monitor currently owned by a thread:  ([mutex/lock_event])
[0x000000000281d9c0] Threads_lock - owner thread: 0x000000001e7b1000

Heap:
 PSYoungGen      total 476672K, used 252660K [0x000000076c180000, 0x0000000796100000, 0x00000007c0000000)
  eden space 451072K, 53% used [0x000000076c180000,0x000000077ab3d0b0,0x0000000787a00000)
  from space 25600K, 52% used [0x0000000787a00000,0x0000000788700130,0x0000000789300000)
  to   space 24576K, 0% used [0x0000000794900000,0x0000000794900000,0x0000000796100000)
 ParOldGen       total 87040K, used 51387K [0x00000006c4400000, 0x00000006c9900000, 0x000000076c180000)
  object space 87040K, 59% used [0x00000006c4400000,0x00000006c762ed20,0x00000006c9900000)
 Metaspace       used 32478K, capacity 32725K, committed 33200K, reserved 1079296K
  class space    used 4173K, capacity 4241K, committed 4272K, reserved 1048576K

Card table byte_map: [0x0000000012390000,0x0000000012b70000] byte_map_base: 0x000000000ed6e000

Marking Bits: (ParMarkBitMap*) 0x000000006beb2f70
 Begin Bits: [0x0000000013db0000, 0x0000000017ca0000)
 End Bits:   [0x0000000017ca0000, 0x000000001bb90000)

Polling page: 0x0000000000f30000

CodeCache: size=245760Kb used=15256Kb max_used=15256Kb free=230503Kb
 bounds [0x0000000002fd0000, 0x0000000003ed0000, 0x0000000011fd0000]
 total_blobs=4357 nmethods=3671 adapters=595
 compilation: enabled

Compilation events (10 events):
Event: 14.453 Thread 0x0000000021384000 4295       3       net.minecraft.client.stream.ChatController::func_152997_n (48 bytes)
Event: 14.453 Thread 0x0000000021386800 4296       3       net.minecraft.client.stream.TwitchStream::func_152922_k (418 bytes)
Event: 14.454 Thread 0x0000000021384000 nmethod 4295 0x0000000003ea7b10 code [0x0000000003ea7da0, 0x0000000003ea8f08]
Event: 14.454 Thread 0x000000002137f000 nmethod 4293 0x0000000003ea9890 code [0x0000000003ea9ce0, 0x0000000003eac0f8]
Event: 14.455 Thread 0x000000002137e800 nmethod 4294 0x0000000003ead450 code [0x0000000003eadb20, 0x0000000003eb1b08]
Event: 14.457 Thread 0x0000000021386800 nmethod 4296 0x0000000003eb3fd0 code [0x0000000003eb4e00, 0x0000000003ebcfe8]
Event: 14.631 Thread 0x0000000021384000 4297  s    3       java.util.Hashtable::containsKey (65 bytes)
Event: 14.631 Thread 0x0000000021384000 nmethod 4297 0x0000000003ec6690 code [0x0000000003ec6820, 0x0000000003ec6e58]
Event: 14.633 Thread 0x000000002137f000 4298       3       org.apache.logging.log4j.core.helpers.NameUtil::getSubName (32 bytes)
Event: 14.633 Thread 0x000000002137f000 nmethod 4298 0x0000000003ec70d0 code [0x0000000003ec7260, 0x0000000003ec77f8]

GC Heap History (10 events):
Event: 3.742 GC heap before
{Heap before GC invocations=8 (full 1):
 PSYoungGen      total 190976K, used 190944K [0x000000076c180000, 0x000000077ba80000, 0x00000007c0000000)
  eden space 179712K, 100% used [0x000000076c180000,0x0000000777100000,0x0000000777100000)
  from space 11264K, 99% used [0x0000000778300000,0x0000000778df8010,0x0000000778e00000)
  to   space 18432K, 0% used [0x0000000777100000,0x0000000777100000,0x0000000778300000)
 ParOldGen       total 87040K, used 25816K [0x00000006c4400000, 0x00000006c9900000, 0x000000076c180000)
  object space 87040K, 29% used [0x00000006c4400000,0x00000006c5d361b8,0x00000006c9900000)
 Metaspace       used 30230K, capacity 30485K, committed 30768K, reserved 1075200K
  class space    used 4008K, capacity 4067K, committed 4144K, reserved 1048576K
Event: 3.759 GC heap after
Heap after GC invocations=8 (full 1):
 PSYoungGen      total 198144K, used 18414K [0x000000076c180000, 0x0000000782300000, 0x00000007c0000000)
  eden space 179712K, 0% used [0x000000076c180000,0x000000076c180000,0x0000000777100000)
  from space 18432K, 99% used [0x0000000777100000,0x00000007782fb920,0x0000000778300000)
  to   space 23552K, 0% used [0x0000000780c00000,0x0000000780c00000,0x0000000782300000)
 ParOldGen       total 87040K, used 28747K [0x00000006c4400000, 0x00000006c9900000, 0x000000076c180000)
  object space 87040K, 33% used [0x00000006c4400000,0x00000006c6012d28,0x00000006c9900000)
 Metaspace       used 30230K, capacity 30485K, committed 30768K, reserved 1075200K
  class space    used 4008K, capacity 4067K, committed 4144K, reserved 1048576K
}
Event: 3.887 GC heap before
{Heap before GC invocations=9 (full 1):
 PSYoungGen      total 198144K, used 198126K [0x000000076c180000, 0x0000000782300000, 0x00000007c0000000)
  eden space 179712K, 100% used [0x000000076c180000,0x0000000777100000,0x0000000777100000)
  from space 18432K, 99% used [0x0000000777100000,0x00000007782fb920,0x0000000778300000)
  to   space 23552K, 0% used [0x0000000780c00000,0x0000000780c00000,0x0000000782300000)
 ParOldGen       total 87040K, used 28747K [0x00000006c4400000, 0x00000006c9900000, 0x000000076c180000)
  object space 87040K, 33% used [0x00000006c4400000,0x00000006c6012d28,0x00000006c9900000)
 Metaspace       used 30391K, capacity 30645K, committed 31024K, reserved 1077248K
  class space    used 4022K, capacity 4099K, committed 4144K, reserved 1048576K
Event: 3.901 GC heap after
Heap after GC invocations=9 (full 1):
 PSYoungGen      total 335872K, used 19868K [0x000000076c180000, 0x0000000783000000, 0x00000007c0000000)
  eden space 312320K, 0% used [0x000000076c180000,0x000000076c180000,0x000000077f280000)
  from space 23552K, 84% used [0x0000000780c00000,0x0000000781f671f0,0x0000000782300000)
  to   space 26112K, 0% used [0x000000077f280000,0x000000077f280000,0x0000000780c00000)
 ParOldGen       total 87040K, used 30032K [0x00000006c4400000, 0x00000006c9900000, 0x000000076c180000)
  object space 87040K, 34% used [0x00000006c4400000,0x00000006c61540a0,0x00000006c9900000)
 Metaspace       used 30391K, capacity 30645K, committed 31024K, reserved 1077248K
  class space    used 4022K, capacity 4099K, committed 4144K, reserved 1048576K
}
Event: 4.374 GC heap before
{Heap before GC invocations=10 (full 1):
 PSYoungGen      total 335872K, used 332188K [0x000000076c180000, 0x0000000783000000, 0x00000007c0000000)
  eden space 312320K, 100% used [0x000000076c180000,0x000000077f280000,0x000000077f280000)
  from space 23552K, 84% used [0x0000000780c00000,0x0000000781f671f0,0x0000000782300000)
  to   space 26112K, 0% used [0x000000077f280000,0x000000077f280000,0x0000000780c00000)
 ParOldGen       total 87040K, used 30032K [0x00000006c4400000, 0x00000006c9900000, 0x000000076c180000)
  object space 87040K, 34% used [0x00000006c4400000,0x00000006c61540a0,0x00000006c9900000)
 Metaspace       used 30714K, capacity 30965K, committed 31280K, reserved 1077248K
  class space    used 4036K, capacity 4099K, committed 4144K, reserved 1048576K
Event: 4.383 GC heap after
Heap after GC invocations=10 (full 1):
 PSYoungGen      total 338432K, used 15208K [0x000000076c180000, 0x000000078b080000, 0x00000007c0000000)
  eden space 312320K, 0% used [0x000000076c180000,0x000000076c180000,0x000000077f280000)
  from space 26112K, 58% used [0x000000077f280000,0x000000078015a210,0x0000000780c00000)
  to   space 25600K, 0% used [0x0000000789780000,0x0000000789780000,0x000000078b080000)
 ParOldGen       total 87040K, used 39612K [0x00000006c4400000, 0x00000006c9900000, 0x000000076c180000)
  object space 87040K, 45% used [0x00000006c4400000,0x00000006c6aaf0c0,0x00000006c9900000)
 Metaspace       used 30714K, capacity 30965K, committed 31280K, reserved 1077248K
  class space    used 4036K, capacity 4099K, committed 4144K, reserved 1048576K
}
Event: 4.694 GC heap before
{Heap before GC invocations=11 (full 1):
 PSYoungGen      total 338432K, used 327528K [0x000000076c180000, 0x000000078b080000, 0x00000007c0000000)
  eden space 312320K, 100% used [0x000000076c180000,0x000000077f280000,0x000000077f280000)
  from space 26112K, 58% used [0x000000077f280000,0x000000078015a210,0x0000000780c00000)
  to   space 25600K, 0% used [0x0000000789780000,0x0000000789780000,0x000000078b080000)
 ParOldGen       total 87040K, used 39612K [0x00000006c4400000, 0x00000006c9900000, 0x000000076c180000)
  object space 87040K, 45% used [0x00000006c4400000,0x00000006c6aaf0c0,0x00000006c9900000)
 Metaspace       used 30746K, capacity 30965K, committed 31280K, reserved 1077248K
  class space    used 4036K, capacity 4099K, committed 4144K, reserved 1048576K
Event: 4.701 GC heap after
Heap after GC invocations=11 (full 1):
 PSYoungGen      total 472064K, used 6784K [0x000000076c180000, 0x000000078ac00000, 0x00000007c0000000)
  eden space 451072K, 0% used [0x000000076c180000,0x000000076c180000,0x0000000787a00000)
  from space 20992K, 32% used [0x0000000789780000,0x0000000789e20040,0x000000078ac00000)
  to   space 25600K, 0% used [0x0000000787a00000,0x0000000787a00000,0x0000000789300000)
 ParOldGen       total 87040K, used 49515K [0x00000006c4400000, 0x00000006c9900000, 0x000000076c180000)
  object space 87040K, 56% used [0x00000006c4400000,0x00000006c745acb0,0x00000006c9900000)
 Metaspace       used 30746K, capacity 30965K, committed 31280K, reserved 1077248K
  class space    used 4036K, capacity 4099K, committed 4144K, reserved 1048576K
}
Event: 5.578 GC heap before
{Heap before GC invocations=12 (full 1):
 PSYoungGen      total 472064K, used 456737K [0x000000076c180000, 0x000000078ac00000, 0x00000007c0000000)
  eden space 451072K, 99% used [0x000000076c180000,0x00000007878e8490,0x0000000787a00000)
  from space 20992K, 32% used [0x0000000789780000,0x0000000789e20040,0x000000078ac00000)
  to   space 25600K, 0% used [0x0000000787a00000,0x0000000787a00000,0x0000000789300000)
 ParOldGen       total 87040K, used 49515K [0x00000006c4400000, 0x00000006c9900000, 0x000000076c180000)
  object space 87040K, 56% used [0x00000006c4400000,0x00000006c745acb0,0x00000006c9900000)
 Metaspace       used 31352K, capacity 31573K, committed 31792K, reserved 1077248K
  class space    used 4062K, capacity 4131K, committed 4144K, reserved 1048576K
Event: 5.584 GC heap after
Heap after GC invocations=12 (full 1):
 PSYoungGen      total 476672K, used 13312K [0x000000076c180000, 0x0000000796100000, 0x00000007c0000000)
  eden space 451072K, 0% used [0x000000076c180000,0x000000076c180000,0x0000000787a00000)
  from space 25600K, 52% used [0x0000000787a00000,0x0000000788700130,0x0000000789300000)
  to   space 24576K, 0% used [0x0000000794900000,0x0000000794900000,0x0000000796100000)
 ParOldGen       total 87040K, used 51387K [0x00000006c4400000, 0x00000006c9900000, 0x000000076c180000)
  object space 87040K, 59% used [0x00000006c4400000,0x00000006c762ed20,0x00000006c9900000)
 Metaspace       used 31352K, capacity 31573K, committed 31792K, reserved 1077248K
  class space    used 4062K, capacity 4131K, committed 4144K, reserved 1048576K
}

Deoptimization events (10 events):
Event: 11.291 Thread 0x000000000281e800 Uncommon trap: reason=speculate_class_check action=maybe_recompile pc=0x0000000003dfc504 method=java.util.EnumMap.get(Ljava/lang/Object;)Ljava/lang/Object; @ 14
Event: 11.297 Thread 0x0000000024fc8800 Uncommon trap: reason=class_check action=maybe_recompile pc=0x000000000382b918 method=java.util.AbstractList$Itr.next()Ljava/lang/Object; @ 14
Event: 11.297 Thread 0x0000000024fc8800 Uncommon trap: reason=class_check action=maybe_recompile pc=0x00000000032f2200 method=java.util.HashSet.iterator()Ljava/util/Iterator; @ 4
Event: 11.299 Thread 0x000000000281e800 Uncommon trap: reason=unstable_if action=reinterpret pc=0x00000000033709d0 method=java.net.URL.<init>(Ljava/net/URL;Ljava/lang/String;Ljava/net/URLStreamHandler;)V @ 30
Event: 11.299 Thread 0x000000000281e800 Uncommon trap: reason=unstable_if action=reinterpret pc=0x0000000003c412c0 method=java.net.URLStreamHandler.parseURL(Ljava/net/URL;Ljava/lang/String;II)V @ 682
Event: 11.302 Thread 0x00000000247c3800 Uncommon trap: reason=unstable_if action=reinterpret pc=0x0000000003ad0560 method=sun.misc.Resource.getBytes()[B @ 197
Event: 11.302 Thread 0x00000000247c3800 Uncommon trap: reason=unstable_if action=reinterpret pc=0x0000000003b1260c method=sun.misc.Resource.getBytes()[B @ 197
Event: 11.345 Thread 0x00000000247c3800 Uncommon trap: reason=unstable_if action=reinterpret pc=0x000000000391e390 method=com.jcraft.jogg.Buffer.read(I)I @ 23
Event: 11.380 Thread 0x000000000281e800 Uncommon trap: reason=unstable_if action=reinterpret pc=0x0000000003df7ca4 method=net.minecraft.util.ResourceLocation.equals(Ljava/lang/Object;)Z @ 2
Event: 14.640 Thread 0x0000000024fcb800 Uncommon trap: reason=class_check action=maybe_recompile pc=0x00000000032f2200 method=java.util.HashSet.iterator()Ljava/util/Iterator; @ 4

Internal exceptions (10 events):
Event: 4.199 Thread 0x00000000247c3800 Exception <a 'java/lang/InterruptedException': sleep interrupted> (0x0000000775776b38) thrown at [C:\re\workspace\8-2-build-windows-amd64-cygwin\jdk8u91\6644\hotspot\src\share\vm\prims\jvm.cpp, line 3215]
Event: 4.199 Thread 0x00000000247c3800 Exception <a 'java/lang/InterruptedException': sleep interrupted> (0x0000000775776d90) thrown at [C:\re\workspace\8-2-build-windows-amd64-cygwin\jdk8u91\6644\hotspot\src\share\vm\prims\jvm.cpp, line 3215]
Event: 5.695 Thread 0x000000000281e800 Exception <a 'java/lang/NoSuchMethodError': java.lang.Object.lambda$comparingInt$7b0bb60$1(Ljava/util/function/ToIntFunction;Ljava/lang/Object;Ljava/lang/Object;)I> (0x000000076d58b3a0) thrown at [C:\re\workspace\8-2-build-windows-amd64-cygwin\jdk8u91\6644øˆ=YÖj@
Event: 5.854 Thread 0x0000000022ef1800 Exception <a 'java/net/UnknownHostException': snoop.minecraft.net> (0x0000000776b22620) thrown at [C:\re\workspace\8-2-build-windows-amd64-cygwin\jdk8u91\6644\hotspot\src\share\vm\prims\jni.cpp, line 735]
Event: 11.294 Thread 0x000000000281e800 Exception <a 'java/lang/NoClassDefFoundError': org/slf4j/LoggerFactory> (0x00000007777ce928) thrown at [C:\re\workspace\8-2-build-windows-amd64-cygwin\jdk8u91\6644\hotspot\src\share\vm\classfile\systemDictionary.cpp, line 199]
Event: 11.295 Thread 0x000000000281e800 Exception <a 'java/lang/NoClassDefFoundError': org/apache/log4j/Priority> (0x000000077780ecf0) thrown at [C:\re\workspace\8-2-build-windows-amd64-cygwin\jdk8u91\6644\hotspot\src\share\vm\classfile\systemDictionary.cpp, line 199]
Event: 11.299 Thread 0x000000000281e800 Implicit null exception at 0x0000000003c3dfcf to 0x0000000003c4129d
Event: 11.299 Thread 0x00000000247c3800 Exception <a 'java/lang/InterruptedException': sleep interrupted> (0x00000007781334e0) thrown at [C:\re\workspace\8-2-build-windows-amd64-cygwin\jdk8u91\6644\hotspot\src\share\vm\prims\jvm.cpp, line 3215]
Event: 11.373 Thread 0x00000000247c3800 Exception <a 'java/lang/InterruptedException': sleep interrupted> (0x000000077839da90) thrown at [C:\re\workspace\8-2-build-windows-amd64-cygwin\jdk8u91\6644\hotspot\src\share\vm\prims\jvm.cpp, line 3167]
Event: 11.373 Thread 0x0000000021312000 Exception <a 'java/lang/InterruptedException': sleep interrupted> (0x000000077841b480) thrown at [C:\re\workspace\8-2-build-windows-amd64-cygwin\jdk8u91\6644\hotspot\src\share\vm\prims\jvm.cpp, line 3215]

Events (10 events):
Event: 14.631 loading class org/apache/logging/log4j/core/config/NullConfiguration done
Event: 14.632 Thread 0x00000000238dd000 Thread exited: 0x00000000238dd000
Event: 14.632 loading class javax/servlet/ServletContext
Event: 14.632 loading class javax/servlet/ServletContext done
Event: 14.633 Thread 0x00000000238dc000 Thread exited: 0x00000000238dc000
Event: 14.640 Thread 0x00000000238da000 Thread exited: 0x00000000238da000
Event: 14.640 Thread 0x0000000024fcb800 Uncommon trap: trap_request=0xffffffde fr.pc=0x00000000032f2200
Event: 14.640 Thread 0x0000000024fcb800 DEOPT PACKING pc=0x00000000032f2200 sp=0x00000000405fee90
Event: 14.640 Thread 0x0000000024fcb800 DEOPT UNPACKING pc=0x000000000301582a sp=0x00000000405fee48 mode 2
Event: 14.640 Executing VM operation: Exit


Dynamic libraries:
0x00007ff6331d0000 - 0x00007ff633207000 	C:\Program Files\Java\jdk1.8.0_91\bin\java.exe
0x00007ffb09ab0000 - 0x00007ffb09cc6000 	C:\Windows\SYSTEM32\ntdll.dll
0x00007ffb09250000 - 0x00007ffb09314000 	C:\Windows\System32\KERNEL32.DLL
0x00007ffb06df0000 - 0x00007ffb07196000 	C:\Windows\System32\KERNELBASE.dll
0x00007ffb097d0000 - 0x00007ffb09882000 	C:\Windows\System32\ADVAPI32.dll
0x00007ffb096d0000 - 0x00007ffb09777000 	C:\Windows\System32\msvcrt.dll
0x00007ffb08ff0000 - 0x00007ffb09098000 	C:\Windows\System32\sechost.dll
0x00007ffb07340000 - 0x00007ffb07368000 	C:\Windows\System32\bcrypt.dll
0x00007ffb07960000 - 0x00007ffb07a75000 	C:\Windows\System32\RPCRT4.dll
0x00007ffb090a0000 - 0x00007ffb0924d000 	C:\Windows\System32\USER32.dll
0x00007ffb07370000 - 0x00007ffb07396000 	C:\Windows\System32\win32u.dll
0x00007ffb07920000 - 0x00007ffb07949000 	C:\Windows\System32\GDI32.dll
0x00007ffb071a0000 - 0x00007ffb072b8000 	C:\Windows\System32\gdi32full.dll
0x00007ffb074c0000 - 0x00007ffb0755a000 	C:\Windows\System32\msvcp_win.dll
0x00007ffb073a0000 - 0x00007ffb074b1000 	C:\Windows\System32\ucrtbase.dll
0x00007ffaeb850000 - 0x00007ffaebae3000 	C:\Windows\WinSxS\amd64_microsoft.windows.common-controls_6595b64144ccf1df_6.0.22621.3235_none_270f74e173860f98\COMCTL32.dll
0x00007ffb09890000 - 0x00007ffb098c1000 	C:\Windows\System32\IMM32.DLL
0x000000006bf40000 - 0x000000006c012000 	C:\Program Files\Java\jdk1.8.0_91\jre\bin\msvcr100.dll
0x000000006b6a0000 - 0x000000006bf33000 	C:\Program Files\Java\jdk1.8.0_91\jre\bin\server\jvm.dll
0x00007ffb09320000 - 0x00007ffb09328000 	C:\Windows\System32\PSAPI.DLL
0x00007ffafadc0000 - 0x00007ffafadc9000 	C:\Windows\SYSTEM32\WSOCK32.dll
0x00007ffb09430000 - 0x00007ffb094a1000 	C:\Windows\System32\WS2_32.dll
0x00007ffb00940000 - 0x00007ffb00974000 	C:\Windows\SYSTEM32\WINMM.dll
0x00007ffaf3150000 - 0x00007ffaf315a000 	C:\Windows\SYSTEM32\VERSION.dll
0x000000006c4c0000 - 0x000000006c4cf000 	C:\Program Files\Java\jdk1.8.0_91\jre\bin\verify.dll
0x000000006c490000 - 0x000000006c4b9000 	C:\Program Files\Java\jdk1.8.0_91\jre\bin\java.dll
0x000000006b630000 - 0x000000006b653000 	C:\Program Files\Java\jdk1.8.0_91\jre\bin\instrument.dll
0x000000006c470000 - 0x000000006c486000 	C:\Program Files\Java\jdk1.8.0_91\jre\bin\zip.dll
0x00007ffb07f70000 - 0x00007ffb087cd000 	C:\Windows\System32\SHELL32.dll
0x00007ffb04d60000 - 0x00007ffb05658000 	C:\Windows\SYSTEM32\windows.storage.dll
0x00007ffb07be0000 - 0x00007ffb07f68000 	C:\Windows\System32\combase.dll
0x00007ffb04c20000 - 0x00007ffb04d5e000 	C:\Windows\SYSTEM32\wintypes.dll
0x00007ffb07ae0000 - 0x00007ffb07bd3000 	C:\Windows\System32\SHCORE.dll
0x00007ffb078a0000 - 0x00007ffb078fe000 	C:\Windows\System32\shlwapi.dll
0x00007ffb06d20000 - 0x00007ffb06d46000 	C:\Windows\SYSTEM32\profapi.dll
0x00007ffafade0000 - 0x00007ffafadfa000 	D:\ideaIU-2023.2.win\bin\breakgen64.dll
0x000000006c450000 - 0x000000006c46a000 	C:\Program Files\Java\jdk1.8.0_91\jre\bin\net.dll
0x00007ffb063a0000 - 0x00007ffb06409000 	C:\Windows\system32\mswsock.dll
0x000000006b690000 - 0x000000006b69d000 	C:\Program Files\Java\jdk1.8.0_91\jre\bin\management.dll
0x000000006c430000 - 0x000000006c441000 	C:\Program Files\Java\jdk1.8.0_91\jre\bin\nio.dll
0x00007ffad06c0000 - 0x00007ffad06d7000 	C:\Windows\system32\napinsp.dll
0x00007ffacf7e0000 - 0x00007ffacf7fb000 	C:\Windows\system32\pnrpnsp.dll
0x00007ffb05950000 - 0x00007ffb05a49000 	C:\Windows\SYSTEM32\DNSAPI.dll
0x00007ffb05920000 - 0x00007ffb0594d000 	C:\Windows\SYSTEM32\IPHLPAPI.DLL
0x00007ffb07950000 - 0x00007ffb07959000 	C:\Windows\System32\NSI.dll
0x00007ffacf7c0000 - 0x00007ffacf7d1000 	C:\Windows\System32\winrnr.dll
0x00007ffafb6d0000 - 0x00007ffafb6e5000 	C:\Windows\system32\wshbth.dll
0x00007ffacf600000 - 0x00007ffacf621000 	C:\Windows\system32\nlansp_c.dll
0x00007ffaf9d90000 - 0x00007ffaf9d9a000 	C:\Windows\System32\rasadhlp.dll
0x00007ffafaae0000 - 0x00007ffafab63000 	C:\Windows\System32\fwpuclnt.dll
0x0000000180000000 - 0x0000000180053000 	D:\GradeClient-main\jars\versions\1.8.8\1.8.8-natives\lwjgl64.dll
0x00007ffa725e0000 - 0x00007ffa726e0000 	C:\Windows\SYSTEM32\OPENGL32.dll
0x00007ffa725b0000 - 0x00007ffa725dd000 	C:\Windows\SYSTEM32\GLU32.dll
0x00007ffb03a90000 - 0x00007ffb03ac9000 	C:\Windows\SYSTEM32\dxcore.dll
0x00007ffb065f0000 - 0x00007ffb0660b000 	C:\Windows\SYSTEM32\CRYPTSP.dll
0x00007ffb05e80000 - 0x00007ffb05eb5000 	C:\Windows\system32\rsaenh.dll
0x00007ffb06490000 - 0x00007ffb064bc000 	C:\Windows\SYSTEM32\USERENV.dll
0x00007ffb072c0000 - 0x00007ffb0733a000 	C:\Windows\System32\bcryptprimitives.dll
0x00007ffb06610000 - 0x00007ffb0661c000 	C:\Windows\SYSTEM32\CRYPTBASE.dll
0x00007ffafd470000 - 0x00007ffafd489000 	C:\Windows\SYSTEM32\dhcpcsvc6.DLL
0x00007ffafd250000 - 0x00007ffafd26f000 	C:\Windows\SYSTEM32\dhcpcsvc.DLL
0x000000006b490000 - 0x000000006b628000 	C:\Program Files\Java\jdk1.8.0_91\jre\bin\awt.dll
0x00007ffb09330000 - 0x00007ffb09407000 	C:\Windows\System32\OLEAUT32.dll
0x00007ffb00090000 - 0x00007ffb00127000 	C:\Windows\SYSTEM32\apphelp.dll
0x00007ffafba20000 - 0x00007ffafbadc000 	C:\Windows\SYSTEM32\mscms.dll
0x00007ffb05f20000 - 0x00007ffb05f38000 	C:\Windows\SYSTEM32\kernel.appcore.dll
0x00007ffb08930000 - 0x00007ffb089e0000 	C:\Windows\System32\clbcatq.dll
0x00007ffaf95f0000 - 0x00007ffaf963e000 	C:\Windows\System32\Windows.Internal.Graphics.Display.DisplayColorManagement.dll
0x00007ffb06b00000 - 0x00007ffb06b4e000 	C:\Windows\SYSTEM32\cfgmgr32.dll
0x00007ffb007a0000 - 0x00007ffb0084b000 	C:\Windows\system32\uxtheme.dll
0x00007ffb087d0000 - 0x00007ffb08924000 	C:\Windows\System32\MSCTF.dll
0x00007ffaf93b0000 - 0x00007ffaf94fa000 	C:\Windows\SYSTEM32\textinputframework.dll
0x00007ffaff760000 - 0x00007ffaff894000 	C:\Windows\SYSTEM32\CoreMessaging.dll
0x00007ffafc930000 - 0x00007ffafcc9c000 	C:\Windows\SYSTEM32\CoreUIComponents.dll
0x00007ffb098d0000 - 0x00007ffb09a6f000 	C:\Windows\System32\ole32.dll
0x00007ffa85d90000 - 0x00007ffa85e7b000 	C:\Windows\system32\SogouWBTSF.ime
0x00007ffaf3680000 - 0x00007ffaf3687000 	C:\Windows\system32\MSIMG32.dll
0x00007ffb05f40000 - 0x00007ffb05f74000 	C:\Windows\SYSTEM32\ntmarta.dll
0x0000000028db0000 - 0x0000000029682000 	C:\Windows\system32\SogouWb.ime
0x00007ffaeb7e0000 - 0x00007ffaeb849000 	C:\Windows\SYSTEM32\OLEACC.dll
0x00007ffa85d70000 - 0x00007ffa85d89000 	C:\Windows\SYSTEM32\USP10.dll
0x00007ffae5820000 - 0x00007ffae5d14000 	C:\Windows\SYSTEM32\WININET.dll
0x00007ffb05cf0000 - 0x00007ffb05cfc000 	C:\Windows\SYSTEM32\Secur32.dll
0x00007ffaebaf0000 - 0x00007ffaebcaa000 	C:\Windows\WinSxS\amd64_microsoft.windows.gdiplus_6595b64144ccf1df_1.1.22621.3085_none_57ff6980ce140777\gdiplus.dll
0x00007ffb06180000 - 0x00007ffb061cc000 	C:\Windows\SYSTEM32\SSPICLI.DLL
0x00007ffb07560000 - 0x00007ffb075cb000 	C:\Windows\System32\Wintrust.dll
0x00007ffb07690000 - 0x00007ffb077f6000 	C:\Windows\System32\CRYPT32.dll
0x00007ffb06650000 - 0x00007ffb06662000 	C:\Windows\SYSTEM32\MSASN1.dll
0x00007ffb09410000 - 0x00007ffb0942f000 	C:\Windows\System32\imagehlp.dll
0x00007ffb06430000 - 0x00007ffb06456000 	C:\Windows\SYSTEM32\gpapi.dll
0x00007ffaf3110000 - 0x00007ffaf3142000 	C:\Windows\System32\cryptnet.dll
0x0000000035100000 - 0x00000000351c7000 	D:\Program Files (x86)\SogouWBInput\5.5.0.2580\Plugins64\ManualNewWord.dll
0x00007ffad5910000 - 0x00007ffad5942000 	C:\Windows\system32\msctfp.dll
0x00007ffafd1e0000 - 0x00007ffafd22a000 	C:\Windows\SYSTEM32\directxdatabasehelper.dll
0x00007ffafb8c0000 - 0x00007ffafb9f5000 	C:\Windows\System32\AppXDeploymentClient.dll
0x00007ffa71500000 - 0x00007ffa725a9000 	C:\Windows\System32\DriverStore\FileRepository\iigd_dch.inf_amd64_57d6be89ba05925b\igxelpicd64.dll
0x00007ffb03290000 - 0x00007ffb032bb000 	C:\Windows\system32\dwmapi.dll
0x00007ffb04960000 - 0x00007ffb04a58000 	C:\Windows\system32\dxgi.dll
0x00007ffa713d0000 - 0x00007ffa714f4000 	C:\Windows\System32\DriverStore\FileRepository\iigd_dch.inf_amd64_57d6be89ba05925b\igdml64.dll
0x00007ffaf71b0000 - 0x00007ffaf75c2000 	C:\Windows\System32\DriverStore\FileRepository\iigd_dch.inf_amd64_57d6be89ba05925b\igdgmm64.dll
0x00007ffb06ab0000 - 0x00007ffb06adc000 	C:\Windows\SYSTEM32\DEVOBJ.dll
0x00007ffad3560000 - 0x00007ffad35a9000 	C:\Windows\SYSTEM32\icm32.dll
0x00007ffaeeae0000 - 0x00007ffaf2f1e000 	C:\Windows\System32\DriverStore\FileRepository\iigd_dch.inf_amd64_57d6be89ba05925b\igc64.dll
0x00007ffb05c80000 - 0x00007ffb05ccd000 	C:\Windows\SYSTEM32\powrprof.dll
0x00007ffb05c60000 - 0x00007ffb05c73000 	C:\Windows\SYSTEM32\UMPDC.dll
0x0000000037eb0000 - 0x0000000037ee8000 	C:\Users\43850\AppData\Local\Temp\jna\jna367039168490816886.dll
0x0000000070a40000 - 0x0000000070adc000 	D:\GradeClient-main\jars\versions\1.8.8\1.8.8-natives\avutil-ttv-51.dll
0x0000000065980000 - 0x00000000659d6000 	D:\GradeClient-main\jars\versions\1.8.8\1.8.8-natives\swresample-ttv-0.dll
0x000000006eb80000 - 0x000000006ec50000 	D:\GradeClient-main\jars\versions\1.8.8\1.8.8-natives\libmp3lame-ttv.dll
0x00007ffa23440000 - 0x00007ffa247e4000 	D:\GradeClient-main\jars\versions\1.8.8\1.8.8-natives\libmfxsw64.dll
0x00007ffa96500000 - 0x00007ffa9666d000 	D:\GradeClient-main\jars\versions\1.8.8\1.8.8-natives\twitchsdk.dll
0x0000000038090000 - 0x00000000380f4000 	D:\GradeClient-main\jars\versions\1.8.8\1.8.8-natives\OpenAL64.dll
0x00007ffaf4f20000 - 0x00007ffaf4fbd000 	C:\Windows\System32\MMDevApi.dll
0x00007ffa3edb0000 - 0x00007ffa3ee52000 	C:\Windows\SYSTEM32\dsound.dll
0x00007ffacdd80000 - 0x00007ffacdda9000 	C:\Windows\SYSTEM32\winmmbase.dll
0x00007ffa3cc90000 - 0x00007ffa3cd41000 	C:\Windows\SYSTEM32\ResampleDmo.DLL
0x00007ffaed2f0000 - 0x00007ffaed2fb000 	C:\Windows\SYSTEM32\msdmo.dll
0x00007ffaeb320000 - 0x00007ffaeb50c000 	C:\Windows\SYSTEM32\AUDIOSES.DLL
0x00007ffb03930000 - 0x00007ffb03945000 	C:\Windows\SYSTEM32\resourcepolicyclient.dll
0x00007ffac3980000 - 0x00007ffac3a30000 	C:\Windows\SYSTEM32\TextShaping.dll
0x00007ffb044c0000 - 0x00007ffb046f3000 	C:\Windows\SYSTEM32\dbghelp.dll

VM Arguments:
jvm_args: -javaagent:D:\ideaIU-2023.2.win\lib\idea_rt.jar=51823:D:\ideaIU-2023.2.win\bin -Dfile.encoding=UTF-8 
java_command: Start
java_class_path (initial): C:\Users\43850\AppData\Local\Temp\classpath1559613431.jar;D:\ideaIU-2023.2.win\lib\idea_rt.jar
Launcher Type: SUN_STANDARD

Environment Variables:
JAVA_HOME=D:\graalvm-jdk-17.0.8+9.1
PATH=D:\graalvm-jdk-17.0.8+9.1\bin;D:\Program Files (x86)\VMware\VMware Workstation\bin\;C:\ProgramData\Oracle\Java\javapath;C:\Windows\system32;C:\Windows;C:\Windows\System32\Wbem;C:\Windows\System32\WindowsPowerShell\v1.0\;C:\Windows\System32\OpenSSH\;C:\Program Files (x86)\NVIDIA Corporation\PhysX\Common;C:\Program Files\NVIDIA Corporation\NVIDIA NvDLISR;C:\Program Files\Git\cmd;C:\Program Files\Microsoft SQL Server\150\Tools\Binn\;C:\Program Files\Microsoft SQL Server\Client SDK\ODBC\170\Tools\Binn\;C:\Program Files\dotnet\;D:\Windows Kits\10\Windows Performance Toolkit\;C:\Users\43850\AppData\Roaming\nvm;C:\Program Files\nodejs;C:\Program Files (x86)\Microsoft SQL Server\Client SDK\ODBC\130\Tools\Binn\;C:\Program Files (x86)\Microsoft SQL Server\140\Tools\Binn\;C:\Program Files (x86)\Microsoft SQL Server\140\DTS\Binn\;C:\Program Files (x86)\Microsoft SQL Server\140\Tools\Binn\ManagementStudio\;C:\Program Files (x86)\Microsoft SQL Server\130\Tools\Binn\;C:\Program Files\Microsoft SQL Server\130\Tools\Binn\;C:\Program Files (x86)\Microsoft SQL Server\130\DTS\Binn\;C:\Program Files\Microsoft SQL Server\130\DTS\Binn\;C:\Program Files\Microsoft SQL Server\Client SDK\ODBC\130\Tools\Binn\;D:\Program Files\Redis\;D:\GradeClient-main\jars\versions\1.8.8\1.8.8-natives;C:\Users\43850\AppData\Local\Microsoft\WindowsApps;C:\Users\43850\AppData\Roaming\npm;C:\Users\43850\.dotnet\tools;C:\Users\43850\AppData\Local\Programs\Microsoft VS Code\bin;C:\Users\43850\AppData\Roaming\nvm;C:\Program Files\nodejs;C:\Users\43850\AppData\Local\gitkraken\bin
USERNAME=43850
OS=Windows_NT
PROCESSOR_IDENTIFIER=Intel64 Family 6 Model 154 Stepping 3, GenuineIntel



---------------  S Y S T E M  ---------------

OS: Windows 10.0 , 64 bit Build 22621 (10.0.22621.3235)

CPU:total 16 (8 cores per cpu, 2 threads per core) family 6 model 154 stepping 3, cmov, cx8, fxsr, mmx, sse, sse2, sse3, ssse3, sse4.1, sse4.2, popcnt, avx, avx2, aes, clmul, erms, 3dnowpref, lzcnt, ht, tsc, tscinvbit, bmi1, bmi2, adx

Memory: 4k page, physical 16496120k(1401552k free), swap 33081668k(4115852k free)

vm_info: Java HotSpot(TM) 64-Bit Server VM (25.91-b14) for windows-amd64 JRE (1.8.0_91-b14), built on Apr  1 2016 00:58:32 by "java_re" with MS VC++ 10.0 (VS2010)

time: Sun Mar 31 11:41:00 2024
elapsed time: 15 seconds (0d 0h 0m 15s)

