#
# A fatal error has been detected by the Java Runtime Environment:
#
#  EXCEPTION_ACCESS_VIOLATION (0xc0000005) at pc=0x00007ffa717895aa, pid=16584, tid=10332
#
# JRE version: Java(TM) SE Runtime Environment (8.0_91-b14) (build 1.8.0_91-b14)
# Java VM: Java HotSpot(TM) 64-Bit Server VM (25.91-b14 mixed mode windows-amd64 compressed oops)
# Problematic frame:
# C  [igxelpicd64.dll+0x2895aa]
#
# Failed to write core dump. Minidumps are not enabled by default on client versions of Windows
#
# If you would like to submit a bug report, please visit:
#   http://bugreport.java.com/bugreport/crash.jsp
#

---------------  T H R E A D  ---------------

Current thread (0x000000001e574800):  VMThread [stack: 0x000000001fc20000,0x000000001fd20000] [id=10332]

siginfo: ExceptionCode=0xc0000005, reading address 0x0000000000035f88

Registers:
RAX=0x0000000044737d58, RBX=0x0000000000000000, RCX=0x00000000000023d6, RDX=0x00000000fffffff0
RSP=0x000000001fd1e8a0, RBP=0x000000001fd1e908, RSI=0x0000000029bf1dd0, RDI=0x0000000000000000
R8 =0x0000000000000000, R9 =0x0000000000000000, R10=0x0000000044738228, R11=0x0000000000000246
R12=0x00000000350bb9c8, R13=0x0000000000000000, R14=0x0000000044737c50, R15=0x0000000000000016
RIP=0x00007ffa717895aa, EFLAGS=0x0000000000010202

Top of Stack: (sp=0x000000001fd1e8a0)
0x000000001fd1e8a0:   0000000029bf5a20 0000000000000000
0x000000001fd1e8b0:   000000001fd1ea50 00007ffb090a41a9
0x000000001fd1e8c0:   00000000447382e0 0000000000000000
0x000000001fd1e8d0:   0000000029bf5a20 0000000044738228
0x000000001fd1e8e0:   02832f8902dc0289 00007ffb09b533b4
0x000000001fd1e8f0:   02933d8a02c8dd89 0093808a02864b8a
0x000000001fd1e900:   02489c8a02a2888a 0000000000000017
0x000000001fd1e910:   00000000000023ea 0000740400000000
0x000000001fd1e920:   00000000350bb9c8 0000000000000000
0x000000001fd1e930:   0000000000000000 0000000029bf1dd0
0x000000001fd1e940:   000000001fd1ea50 00007ffa71581d5f
0x000000001fd1e950:   0000000029bf1d00 0000000000000016
0x000000001fd1e960:   0292e3910235c300 0233609200165900
0x000000001fd1e970:   0000000000000d48 02be9f9200000000
0x000000001fd1e980:   0000000000000000 023dca9300c76993
0x000000001fd1e990:   0274e693018cce93 01e05a9401f73994 

Instructions: (pc=0x00007ffa717895aa)
0x00007ffa7178958a:   48 8d 04 c0 48 8d 40 21 49 8d 04 c6 48 85 c0 74
0x00007ffa7178959a:   0c 48 8b 48 08 eb 09 48 83 c0 08 eb ef 48 8b cb
0x00007ffa717895aa:   49 3b 8d 88 5f 03 00 0f 86 86 01 00 00 41 83 f8
0x00007ffa717895ba:   10 73 0d 4a 8d 04 c5 21 00 00 00 49 03 c0 eb 55 


Register to memory mapping:

RAX=0x0000000044737d58 is an unknown value
RBX=0x0000000000000000 is an unknown value
RCX=0x00000000000023d6 is an unknown value
RDX=0x00000000fffffff0 is an unknown value
RSP=0x000000001fd1e8a0 is an unknown value
RBP=0x000000001fd1e908 is an unknown value
RSI=0x0000000029bf1dd0 is an unknown value
RDI=0x0000000000000000 is an unknown value
R8 =0x0000000000000000 is an unknown value
R9 =0x0000000000000000 is an unknown value
R10=0x0000000044738228 is an unknown value
R11=0x0000000000000246 is an unknown value
R12=0x00000000350bb9c8 is an unknown value
R13=0x0000000000000000 is an unknown value
R14=0x0000000044737c50 is an unknown value
R15=0x0000000000000016 is an unknown value


Stack: [0x000000001fc20000,0x000000001fd20000],  sp=0x000000001fd1e8a0,  free space=1018k
Native frames: (J=compiled Java code, j=interpreted, Vv=VM code, C=native code)
C  [igxelpicd64.dll+0x2895aa]
C  [igxelpicd64.dll+0x81d5f]
C  [igxelpicd64.dll+0x28d57f]
C  [igxelpicd64.dll+0x75468]
C  [igxelpicd64.dll+0x243ef4]
C  [igxelpicd64.dll+0x2442b3]
C  [igxelpicd64.dll+0x23e32f]
C  [igxelpicd64.dll+0x23e15d]
C  [igxelpicd64.dll+0x81545b]
C  [ntdll.dll+0x2869f]
C  [ntdll.dll+0x510a6]
C  [ntdll.dll+0x50c9d]
C  [KERNEL32.DLL+0x17fab]
C  [msvcr100.dll+0x20ccd]
V  [jvm.dll+0x211395]
V  [jvm.dll+0x24a0e7]
V  [jvm.dll+0x249386]
V  [jvm.dll+0x249821]
V  [jvm.dll+0x249a3e]
V  [jvm.dll+0x29a99a]
C  [msvcr100.dll+0x21d9f]
C  [msvcr100.dll+0x21e3b]
C  [KERNEL32.DLL+0x1257d]
C  [ntdll.dll+0x5aa58]

VM_Operation (0x00000000204af380): Exit, mode: safepoint, requested by thread 0x000000002208d000


---------------  P R O C E S S  ---------------

Java Threads: ( => current thread )
  0x000000002208d000 JavaThread "SIGINT handler" daemon [_thread_blocked, id=26804, stack(0x00000000203b0000,0x00000000204b0000)]
  0x0000000022086800 JavaThread "Chunk Batcher 1" daemon [_thread_blocked, id=26340, stack(0x00000000381d0000,0x00000000382d0000)]
  0x0000000022089800 JavaThread "Chunk Batcher 0" daemon [_thread_blocked, id=12432, stack(0x00000000380d0000,0x00000000381d0000)]
  0x000000002208b800 JavaThread "Thread-7" [_thread_blocked, id=11624, stack(0x0000000040d90000,0x0000000040e90000)]
  0x000000002208a000 JavaThread "Thread-6" [_thread_blocked, id=10448, stack(0x0000000040a90000,0x0000000040b90000)]
  0x000000002275e000 JavaThread "Java2D Disposer" daemon [_thread_blocked, id=26144, stack(0x0000000025e90000,0x0000000025f90000)]
  0x000000002275d000 JavaThread "Timer hack thread" daemon [_thread_blocked, id=1520, stack(0x0000000025d90000,0x0000000025e90000)]
  0x0000000024fe9800 JavaThread "Snooper Timer" daemon [_thread_blocked, id=26416, stack(0x0000000024c70000,0x0000000024d70000)]
  0x00000000244d2800 JavaThread "Snooper Timer" daemon [_thread_blocked, id=10004, stack(0x0000000024870000,0x0000000024970000)]
  0x000000001e746000 JavaThread "Service Thread" daemon [_thread_blocked, id=13324, stack(0x00000000211b0000,0x00000000212b0000)]
  0x000000001e70a000 JavaThread "C1 CompilerThread11" daemon [_thread_blocked, id=19040, stack(0x00000000210b0000,0x00000000211b0000)]
  0x000000001e6dd000 JavaThread "C1 CompilerThread10" daemon [_thread_blocked, id=2416, stack(0x0000000020fb0000,0x00000000210b0000)]
  0x000000001e6d2000 JavaThread "C1 CompilerThread9" daemon [_thread_blocked, id=1332, stack(0x0000000020eb0000,0x0000000020fb0000)]
  0x000000001e6c9800 JavaThread "C1 CompilerThread8" daemon [_thread_blocked, id=7192, stack(0x0000000020db0000,0x0000000020eb0000)]
  0x000000001e6a4800 JavaThread "C2 CompilerThread7" daemon [_thread_blocked, id=16600, stack(0x0000000020cb0000,0x0000000020db0000)]
  0x000000001e692000 JavaThread "C2 CompilerThread6" daemon [_thread_blocked, id=17992, stack(0x0000000020bb0000,0x0000000020cb0000)]
  0x000000001e669000 JavaThread "C2 CompilerThread5" daemon [_thread_blocked, id=2320, stack(0x00000000209b0000,0x0000000020ab0000)]
  0x000000001e65c800 JavaThread "C2 CompilerThread4" daemon [_thread_blocked, id=16756, stack(0x00000000208b0000,0x00000000209b0000)]
  0x000000001e649800 JavaThread "C2 CompilerThread3" daemon [_thread_blocked, id=14772, stack(0x00000000207b0000,0x00000000208b0000)]
  0x000000001e649000 JavaThread "C2 CompilerThread2" daemon [_thread_blocked, id=23668, stack(0x00000000206b0000,0x00000000207b0000)]
  0x000000001e648000 JavaThread "C2 CompilerThread1" daemon [_thread_blocked, id=2956, stack(0x00000000205b0000,0x00000000206b0000)]
  0x000000001e640800 JavaThread "C2 CompilerThread0" daemon [_thread_blocked, id=1676, stack(0x00000000204b0000,0x00000000205b0000)]
  0x000000001e622800 JavaThread "JDWP Event Helper Thread" daemon [_thread_blocked, id=10604, stack(0x00000000202b0000,0x00000000203b0000)]
  0x000000001e60f800 JavaThread "Attach Listener" daemon [_thread_blocked, id=4440, stack(0x00000000200b0000,0x00000000201b0000)]
  0x000000001e5bf800 JavaThread "Signal Dispatcher" daemon [_thread_blocked, id=25740, stack(0x000000001ffb0000,0x00000000200b0000)]
  0x000000001e596800 JavaThread "Finalizer" daemon [_thread_blocked, id=11112, stack(0x000000001fe20000,0x000000001ff20000)]
  0x000000001cb2d000 JavaThread "Reference Handler" daemon [_thread_blocked, id=1968, stack(0x000000001fd20000,0x000000001fe20000)]
  0x0000000002ca3800 JavaThread "Client thread" [_thread_blocked, id=7048, stack(0x0000000002a90000,0x0000000002b90000)]

Other Threads:
=>0x000000001e574800 VMThread [stack: 0x000000001fc20000,0x000000001fd20000] [id=10332]

VM state:at safepoint (shutting down)

VM Mutex/Monitor currently owned by a thread:  ([mutex/lock_event])
[0x0000000002ca13d0] Threads_lock - owner thread: 0x000000001e574800

Heap:
 PSYoungGen      total 259584K, used 101177K [0x000000076c180000, 0x0000000783a00000, 0x00000007c0000000)
  eden space 231424K, 34% used [0x000000076c180000,0x0000000770ee4f20,0x000000077a380000)
  from space 28160K, 77% used [0x000000077a380000,0x000000077b8e96c0,0x000000077bf00000)
  to   space 30208K, 0% used [0x0000000781c80000,0x0000000781c80000,0x0000000783a00000)
 ParOldGen       total 107520K, used 40585K [0x00000006c4400000, 0x00000006cad00000, 0x000000076c180000)
  object space 107520K, 37% used [0x00000006c4400000,0x00000006c6ba2610,0x00000006cad00000)
 Metaspace       used 31772K, capacity 31993K, committed 32384K, reserved 1077248K
  class space    used 4092K, capacity 4145K, committed 4224K, reserved 1048576K

Card table byte_map: [0x0000000012160000,0x0000000012940000] byte_map_base: 0x000000000eb3e000

Marking Bits: (ParMarkBitMap*) 0x000000006beb2f70
 Begin Bits: [0x0000000013b80000, 0x0000000017a70000)
 End Bits:   [0x0000000017a70000, 0x000000001b960000)

Polling page: 0x0000000000850000

CodeCache: size=245760Kb used=15582Kb max_used=16417Kb free=230177Kb
 bounds [0x0000000002da0000, 0x0000000003dc0000, 0x0000000011da0000]
 total_blobs=4213 nmethods=3555 adapters=575
 compilation: enabled

Compilation events (10 events):
Event: 34.448 Thread 0x000000001e6c9800 nmethod 3816 0x0000000003109dd0 code [0x0000000003109f80, 0x000000000310a478]
Event: 34.448 Thread 0x000000001e6dd000 nmethod 3814 0x00000000030afd50 code [0x00000000030b0020, 0x00000000030b1368]
Event: 34.448 Thread 0x000000001e6dd000 3819       3       jdk.internal.org.objectweb.asm.Type::getArgumentTypes (131 bytes)
Event: 34.448 Thread 0x000000001e6d2000 3818       3       java.lang.invoke.LambdaForm$Name::<init> (54 bytes)
Event: 34.448 Thread 0x000000001e70a000 3820       3       java.lang.ref.WeakReference::<init> (7 bytes)
Event: 34.448 Thread 0x000000001e6d2000 nmethod 3818 0x000000000322dc10 code [0x000000000322dd80, 0x000000000322dfb0]
Event: 34.448 Thread 0x000000001e70a000 nmethod 3820 0x000000000322d650 code [0x000000000322d7c0, 0x000000000322da90]
Event: 34.449 Thread 0x000000001e6dd000 nmethod 3819 0x00000000032e0990 code [0x00000000032e0b60, 0x00000000032e1458]
Event: 34.449 Thread 0x000000001e6c9800 3821       3       java.lang.invoke.MemberName::getName (25 bytes)
Event: 34.449 Thread 0x000000001e6c9800 nmethod 3821 0x000000000325db50 code [0x000000000325dce0, 0x000000000325e128]

GC Heap History (10 events):
Event: 2.448 GC heap before
{Heap before GC invocations=6 (full 1):
 PSYoungGen      total 98304K, used 95652K [0x000000076c180000, 0x0000000772f00000, 0x00000007c0000000)
  eden space 87552K, 100% used [0x000000076c180000,0x0000000771700000,0x0000000771700000)
  from space 10752K, 75% used [0x0000000772180000,0x0000000772969148,0x0000000772c00000)
  to   space 10752K, 0% used [0x0000000771700000,0x0000000771700000,0x0000000772180000)
 ParOldGen       total 107520K, used 14206K [0x00000006c4400000, 0x00000006cad00000, 0x000000076c180000)
  object space 107520K, 13% used [0x00000006c4400000,0x00000006c51dfb00,0x00000006cad00000)
 Metaspace       used 26657K, capacity 26924K, committed 27136K, reserved 1073152K
  class space    used 3719K, capacity 3808K, committed 3840K, reserved 1048576K
Event: 2.454 GC heap after
Heap after GC invocations=6 (full 1):
 PSYoungGen      total 98304K, used 10720K [0x000000076c180000, 0x0000000776600000, 0x00000007c0000000)
  eden space 87552K, 0% used [0x000000076c180000,0x000000076c180000,0x0000000771700000)
  from space 10752K, 99% used [0x0000000771700000,0x0000000772178140,0x0000000772180000)
  to   space 13312K, 0% used [0x0000000775900000,0x0000000775900000,0x0000000776600000)
 ParOldGen       total 107520K, used 16990K [0x00000006c4400000, 0x00000006cad00000, 0x000000076c180000)
  object space 107520K, 15% used [0x00000006c4400000,0x00000006c5497b00,0x00000006cad00000)
 Metaspace       used 26657K, capacity 26924K, committed 27136K, reserved 1073152K
  class space    used 3719K, capacity 3808K, committed 3840K, reserved 1048576K
}
Event: 2.521 GC heap before
{Heap before GC invocations=7 (full 1):
 PSYoungGen      total 98304K, used 98272K [0x000000076c180000, 0x0000000776600000, 0x00000007c0000000)
  eden space 87552K, 100% used [0x000000076c180000,0x0000000771700000,0x0000000771700000)
  from space 10752K, 99% used [0x0000000771700000,0x0000000772178140,0x0000000772180000)
  to   space 13312K, 0% used [0x0000000775900000,0x0000000775900000,0x0000000776600000)
 ParOldGen       total 107520K, used 16990K [0x00000006c4400000, 0x00000006cad00000, 0x000000076c180000)
  object space 107520K, 15% used [0x00000006c4400000,0x00000006c5497b00,0x00000006cad00000)
 Metaspace       used 26787K, capacity 27052K, committed 27392K, reserved 1073152K
  class space    used 3727K, capacity 3808K, committed 3840K, reserved 1048576K
Event: 2.531 GC heap after
Heap after GC invocations=7 (full 1):
 PSYoungGen      total 148480K, used 13280K [0x000000076c180000, 0x0000000778000000, 0x00000007c0000000)
  eden space 135168K, 0% used [0x000000076c180000,0x000000076c180000,0x0000000774580000)
  from space 13312K, 99% used [0x0000000775900000,0x00000007765f8010,0x0000000776600000)
  to   space 19968K, 0% used [0x0000000774580000,0x0000000774580000,0x0000000775900000)
 ParOldGen       total 107520K, used 24411K [0x00000006c4400000, 0x00000006cad00000, 0x000000076c180000)
  object space 107520K, 22% used [0x00000006c4400000,0x00000006c5bd6f50,0x00000006cad00000)
 Metaspace       used 26787K, capacity 27052K, committed 27392K, reserved 1073152K
  class space    used 3727K, capacity 3808K, committed 3840K, reserved 1048576K
}
Event: 3.338 GC heap before
{Heap before GC invocations=8 (full 1):
 PSYoungGen      total 148480K, used 148448K [0x000000076c180000, 0x0000000778000000, 0x00000007c0000000)
  eden space 135168K, 100% used [0x000000076c180000,0x0000000774580000,0x0000000774580000)
  from space 13312K, 99% used [0x0000000775900000,0x00000007765f8010,0x0000000776600000)
  to   space 19968K, 0% used [0x0000000774580000,0x0000000774580000,0x0000000775900000)
 ParOldGen       total 107520K, used 24411K [0x00000006c4400000, 0x00000006cad00000, 0x000000076c180000)
  object space 107520K, 22% used [0x00000006c4400000,0x00000006c5bd6f50,0x00000006cad00000)
 Metaspace       used 30450K, capacity 30681K, committed 30976K, reserved 1077248K
  class space    used 4003K, capacity 4067K, committed 4096K, reserved 1048576K
Event: 3.346 GC heap after
Heap after GC invocations=8 (full 1):
 PSYoungGen      total 155136K, used 19950K [0x000000076c180000, 0x000000077d900000, 0x00000007c0000000)
  eden space 135168K, 0% used [0x000000076c180000,0x000000076c180000,0x0000000774580000)
  from space 19968K, 99% used [0x0000000774580000,0x00000007758fb950,0x0000000775900000)
  to   space 26112K, 0% used [0x000000077bf80000,0x000000077bf80000,0x000000077d900000)
 ParOldGen       total 107520K, used 27869K [0x00000006c4400000, 0x00000006cad00000, 0x000000076c180000)
  object space 107520K, 25% used [0x00000006c4400000,0x00000006c5f375d0,0x00000006cad00000)
 Metaspace       used 30450K, capacity 30681K, committed 30976K, reserved 1077248K
  class space    used 4003K, capacity 4067K, committed 4096K, reserved 1048576K
}
Event: 3.686 GC heap before
{Heap before GC invocations=9 (full 1):
 PSYoungGen      total 155136K, used 155118K [0x000000076c180000, 0x000000077d900000, 0x00000007c0000000)
  eden space 135168K, 100% used [0x000000076c180000,0x0000000774580000,0x0000000774580000)
  from space 19968K, 99% used [0x0000000774580000,0x00000007758fb950,0x0000000775900000)
  to   space 26112K, 0% used [0x000000077bf80000,0x000000077bf80000,0x000000077d900000)
 ParOldGen       total 107520K, used 27869K [0x00000006c4400000, 0x00000006cad00000, 0x000000076c180000)
  object space 107520K, 25% used [0x00000006c4400000,0x00000006c5f375d0,0x00000006cad00000)
 Metaspace       used 30804K, capacity 31033K, committed 31360K, reserved 1077248K
  class space    used 4021K, capacity 4099K, committed 4224K, reserved 1048576K
Event: 3.695 GC heap after
Heap after GC invocations=9 (full 1):
 PSYoungGen      total 257536K, used 20090K [0x000000076c180000, 0x000000077da80000, 0x00000007c0000000)
  eden space 231424K, 0% used [0x000000076c180000,0x000000076c180000,0x000000077a380000)
  from space 26112K, 76% used [0x000000077bf80000,0x000000077d31e8e0,0x000000077d900000)
  to   space 28160K, 0% used [0x000000077a380000,0x000000077a380000,0x000000077bf00000)
 ParOldGen       total 107520K, used 33421K [0x00000006c4400000, 0x00000006cad00000, 0x000000076c180000)
  object space 107520K, 31% used [0x00000006c4400000,0x00000006c64a3600,0x00000006cad00000)
 Metaspace       used 30804K, capacity 31033K, committed 31360K, reserved 1077248K
  class space    used 4021K, capacity 4099K, committed 4224K, reserved 1048576K
}
Event: 4.522 GC heap before
{Heap before GC invocations=10 (full 1):
 PSYoungGen      total 257536K, used 251514K [0x000000076c180000, 0x000000077da80000, 0x00000007c0000000)
  eden space 231424K, 100% used [0x000000076c180000,0x000000077a380000,0x000000077a380000)
  from space 26112K, 76% used [0x000000077bf80000,0x000000077d31e8e0,0x000000077d900000)
  to   space 28160K, 0% used [0x000000077a380000,0x000000077a380000,0x000000077bf00000)
 ParOldGen       total 107520K, used 33421K [0x00000006c4400000, 0x00000006cad00000, 0x000000076c180000)
  object space 107520K, 31% used [0x00000006c4400000,0x00000006c64a3600,0x00000006cad00000)
 Metaspace       used 31170K, capacity 31417K, committed 31872K, reserved 1077248K
  class space    used 4034K, capacity 4099K, committed 4224K, reserved 1048576K
Event: 4.533 GC heap after
Heap after GC invocations=10 (full 1):
 PSYoungGen      total 259584K, used 21925K [0x000000076c180000, 0x0000000783a00000, 0x00000007c0000000)
  eden space 231424K, 0% used [0x000000076c180000,0x000000076c180000,0x000000077a380000)
  from space 28160K, 77% used [0x000000077a380000,0x000000077b8e96c0,0x000000077bf00000)
  to   space 30208K, 0% used [0x0000000781c80000,0x0000000781c80000,0x0000000783a00000)
 ParOldGen       total 107520K, used 40585K [0x00000006c4400000, 0x00000006cad00000, 0x000000076c180000)
  object space 107520K, 37% used [0x00000006c4400000,0x00000006c6ba2610,0x00000006cad00000)
 Metaspace       used 31170K, capacity 31417K, committed 31872K, reserved 1077248K
  class space    used 4034K, capacity 4099K, committed 4224K, reserved 1048576K
}

Deoptimization events (10 events):
Event: 34.409 Thread 0x0000000002ca3800 Uncommon trap: reason=unstable_if action=reinterpret pc=0x0000000003aceaa8 method=java.util.Formatter.parse(Ljava/lang/String;)[Ljava/util/Formatter$FormatString; @ 38
Event: 34.415 Thread 0x0000000002ca3800 Uncommon trap: reason=class_check action=maybe_recompile pc=0x00000000038556fc method=java.util.regex.Matcher.search(I)Z @ 86
Event: 34.415 Thread 0x0000000002ca3800 Uncommon trap: reason=class_check action=maybe_recompile pc=0x00000000038556fc method=java.util.regex.Matcher.search(I)Z @ 86
Event: 34.415 Thread 0x0000000002ca3800 Uncommon trap: reason=class_check action=maybe_recompile pc=0x00000000038556fc method=java.util.regex.Matcher.search(I)Z @ 86
Event: 34.415 Thread 0x0000000002ca3800 Uncommon trap: reason=class_check action=maybe_recompile pc=0x00000000038556fc method=java.util.regex.Matcher.search(I)Z @ 86
Event: 34.424 Thread 0x0000000002ca3800 Uncommon trap: reason=class_check action=maybe_recompile pc=0x0000000003849780 method=java.util.regex.Matcher.search(I)Z @ 86
Event: 34.429 Thread 0x0000000002ca3800 Uncommon trap: reason=class_check action=maybe_recompile pc=0x0000000003760bd8 method=java.util.regex.Matcher.search(I)Z @ 86
Event: 34.445 Thread 0x0000000002ca3800 Uncommon trap: reason=unstable_if action=reinterpret pc=0x00000000036451b0 method=java.util.HashMap.tableSizeFor(I)I @ 37
Event: 34.449 Thread 0x0000000002ca3800 Uncommon trap: reason=class_check action=maybe_recompile pc=0x0000000003c3ed24 method=java.util.HashSet.iterator()Ljava/util/Iterator; @ 4
Event: 34.449 Thread 0x000000002208d000 Uncommon trap: reason=class_check action=maybe_recompile pc=0x0000000003c3ed24 method=java.util.HashSet.iterator()Ljava/util/Iterator; @ 4

Internal exceptions (10 events):
Event: 3.401 Thread 0x000000002208a000 Exception <a 'org/lwjgl/LWJGLException'> (0x000000076dbc4a90) thrown at [C:\re\workspace\8-2-build-windows-amd64-cygwin\jdk8u91\6644\hotspot\src\share\vm\prims\jni.cpp, line 709]
Event: 3.401 Thread 0x000000002208a000 Exception <a 'org/lwjgl/LWJGLException'> (0x000000076dbc51d0) thrown at [C:\re\workspace\8-2-build-windows-amd64-cygwin\jdk8u91\6644\hotspot\src\share\vm\prims\jni.cpp, line 709]
Event: 3.401 Thread 0x000000002208a000 Exception <a 'org/lwjgl/LWJGLException'> (0x000000076dbc58f8) thrown at [C:\re\workspace\8-2-build-windows-amd64-cygwin\jdk8u91\6644\hotspot\src\share\vm\prims\jni.cpp, line 709]
Event: 3.401 Thread 0x000000002208a000 Exception <a 'org/lwjgl/LWJGLException'> (0x000000076dbc6020) thrown at [C:\re\workspace\8-2-build-windows-amd64-cygwin\jdk8u91\6644\hotspot\src\share\vm\prims\jni.cpp, line 709]
Event: 3.401 Thread 0x000000002208a000 Exception <a 'org/lwjgl/LWJGLException'> (0x000000076dbc6760) thrown at [C:\re\workspace\8-2-build-windows-amd64-cygwin\jdk8u91\6644\hotspot\src\share\vm\prims\jni.cpp, line 709]
Event: 3.401 Thread 0x000000002208a000 Exception <a 'org/lwjgl/LWJGLException'> (0x000000076dbc6e80) thrown at [C:\re\workspace\8-2-build-windows-amd64-cygwin\jdk8u91\6644\hotspot\src\share\vm\prims\jni.cpp, line 709]
Event: 3.791 Thread 0x000000002208a000 Exception <a 'java/lang/InterruptedException': sleep interrupted> (0x000000076dd6a2b0) thrown at [C:\re\workspace\8-2-build-windows-amd64-cygwin\jdk8u91\6644\hotspot\src\share\vm\prims\jvm.cpp, line 3215]
Event: 3.792 Thread 0x000000002208a000 Exception <a 'java/lang/InterruptedException': sleep interrupted> (0x000000076dd6a508) thrown at [C:\re\workspace\8-2-build-windows-amd64-cygwin\jdk8u91\6644\hotspot\src\share\vm\prims\jvm.cpp, line 3215]
Event: 4.594 Thread 0x0000000002ca3800 Implicit null exception at 0x000000000322274e to 0x000000000322334d
Event: 34.448 Thread 0x0000000002ca3800 Exception <a 'java/lang/NoSuchMethodError': java.lang.Object.lambda$comparingInt$7b0bb60$1(Ljava/util/function/ToIntFunction;Ljava/lang/Object;Ljava/lang/Object;)I> (0x0000000770340850) thrown at [C:\re\workspace\8-2-build-windows-amd64-cygwin\jdk8u91\6644Ud‡Ÿ4@

Events (10 events):
Event: 34.449 Thread 0x0000000002ca3800 DEOPT UNPACKING pc=0x0000000002de582a sp=0x0000000002b8e220 mode 2
Event: 34.449 loading class Client/module/modules/world/Scaffold
Event: 34.449 loading class Client/module/modules/world/Scaffold done
Event: 34.449 Thread 0x0000000022088000 Thread exited: 0x0000000022088000
Event: 34.449 Thread 0x000000002208d000 Uncommon trap: trap_request=0xffffffde fr.pc=0x0000000003c3ed24
Event: 34.449 Thread 0x000000002208d000 DEOPT PACKING pc=0x0000000003c3ed24 sp=0x00000000204af1e0
Event: 34.449 Thread 0x000000002208d000 DEOPT UNPACKING pc=0x0000000002de582a sp=0x00000000204af1b8 mode 2
Event: 34.450 loading class de/Hero/clickgui/util/FontUtil
Event: 34.450 loading class de/Hero/clickgui/util/FontUtil done
Event: 34.450 Executing VM operation: Exit


Dynamic libraries:
0x00007ff6331d0000 - 0x00007ff633207000 	C:\Program Files\Java\jdk1.8.0_91\bin\java.exe
0x00007ffb09ab0000 - 0x00007ffb09cc6000 	C:\Windows\SYSTEM32\ntdll.dll
0x00007ffb09250000 - 0x00007ffb09314000 	C:\Windows\System32\KERNEL32.DLL
0x00007ffb06df0000 - 0x00007ffb07196000 	C:\Windows\System32\KERNELBASE.dll
0x00007ffb097d0000 - 0x00007ffb09882000 	C:\Windows\System32\ADVAPI32.dll
0x00007ffb096d0000 - 0x00007ffb09777000 	C:\Windows\System32\msvcrt.dll
0x00007ffb08ff0000 - 0x00007ffb09098000 	C:\Windows\System32\sechost.dll
0x00007ffb07340000 - 0x00007ffb07368000 	C:\Windows\System32\bcrypt.dll
0x00007ffb07960000 - 0x00007ffb07a75000 	C:\Windows\System32\RPCRT4.dll
0x00007ffb090a0000 - 0x00007ffb0924d000 	C:\Windows\System32\USER32.dll
0x00007ffb07370000 - 0x00007ffb07396000 	C:\Windows\System32\win32u.dll
0x00007ffb07920000 - 0x00007ffb07949000 	C:\Windows\System32\GDI32.dll
0x00007ffb071a0000 - 0x00007ffb072b8000 	C:\Windows\System32\gdi32full.dll
0x00007ffb074c0000 - 0x00007ffb0755a000 	C:\Windows\System32\msvcp_win.dll
0x00007ffb073a0000 - 0x00007ffb074b1000 	C:\Windows\System32\ucrtbase.dll
0x00007ffaeb850000 - 0x00007ffaebae3000 	C:\Windows\WinSxS\amd64_microsoft.windows.common-controls_6595b64144ccf1df_6.0.22621.3235_none_270f74e173860f98\COMCTL32.dll
0x00007ffb09890000 - 0x00007ffb098c1000 	C:\Windows\System32\IMM32.DLL
0x000000006bf40000 - 0x000000006c012000 	C:\Program Files\Java\jdk1.8.0_91\jre\bin\msvcr100.dll
0x000000006b6a0000 - 0x000000006bf33000 	C:\Program Files\Java\jdk1.8.0_91\jre\bin\server\jvm.dll
0x00007ffb09320000 - 0x00007ffb09328000 	C:\Windows\System32\PSAPI.DLL
0x00007ffafe210000 - 0x00007ffafe219000 	C:\Windows\SYSTEM32\WSOCK32.dll
0x00007ffb00940000 - 0x00007ffb00974000 	C:\Windows\SYSTEM32\WINMM.dll
0x00007ffb09430000 - 0x00007ffb094a1000 	C:\Windows\System32\WS2_32.dll
0x00007ffaf3150000 - 0x00007ffaf315a000 	C:\Windows\SYSTEM32\VERSION.dll
0x000000006c640000 - 0x000000006c64f000 	C:\Program Files\Java\jdk1.8.0_91\jre\bin\verify.dll
0x000000006c4a0000 - 0x000000006c4c9000 	C:\Program Files\Java\jdk1.8.0_91\jre\bin\java.dll
0x000000006c460000 - 0x000000006c495000 	C:\Program Files\Java\jdk1.8.0_91\jre\bin\jdwp.dll
0x000000006c630000 - 0x000000006c638000 	C:\Program Files\Java\jdk1.8.0_91\jre\bin\npt.dll
0x000000006c430000 - 0x000000006c453000 	C:\Program Files\Java\jdk1.8.0_91\jre\bin\instrument.dll
0x000000006b680000 - 0x000000006b696000 	C:\Program Files\Java\jdk1.8.0_91\jre\bin\zip.dll
0x00007ffb07f70000 - 0x00007ffb087cd000 	C:\Windows\System32\SHELL32.dll
0x00007ffb04d60000 - 0x00007ffb05658000 	C:\Windows\SYSTEM32\windows.storage.dll
0x00007ffb07be0000 - 0x00007ffb07f68000 	C:\Windows\System32\combase.dll
0x00007ffb04c20000 - 0x00007ffb04d5e000 	C:\Windows\SYSTEM32\wintypes.dll
0x00007ffb07ae0000 - 0x00007ffb07bd3000 	C:\Windows\System32\SHCORE.dll
0x00007ffb078a0000 - 0x00007ffb078fe000 	C:\Windows\System32\shlwapi.dll
0x00007ffb06d20000 - 0x00007ffb06d46000 	C:\Windows\SYSTEM32\profapi.dll
0x000000006b670000 - 0x000000006b679000 	C:\Program Files\Java\jdk1.8.0_91\jre\bin\dt_socket.dll
0x00007ffb063a0000 - 0x00007ffb06409000 	C:\Windows\system32\mswsock.dll
0x000000006b660000 - 0x000000006b66d000 	C:\Program Files\Java\jdk1.8.0_91\jre\bin\management.dll
0x000000006b640000 - 0x000000006b65a000 	C:\Program Files\Java\jdk1.8.0_91\jre\bin\net.dll
0x000000006b620000 - 0x000000006b631000 	C:\Program Files\Java\jdk1.8.0_91\jre\bin\nio.dll
0x00007ffad06c0000 - 0x00007ffad06d7000 	C:\Windows\system32\napinsp.dll
0x00007ffacf7e0000 - 0x00007ffacf7fb000 	C:\Windows\system32\pnrpnsp.dll
0x00007ffb05950000 - 0x00007ffb05a49000 	C:\Windows\SYSTEM32\DNSAPI.dll
0x00007ffb05920000 - 0x00007ffb0594d000 	C:\Windows\SYSTEM32\IPHLPAPI.DLL
0x00007ffb07950000 - 0x00007ffb07959000 	C:\Windows\System32\NSI.dll
0x00007ffacf7c0000 - 0x00007ffacf7d1000 	C:\Windows\System32\winrnr.dll
0x00007ffafb6d0000 - 0x00007ffafb6e5000 	C:\Windows\system32\wshbth.dll
0x00007ffacf600000 - 0x00007ffacf621000 	C:\Windows\system32\nlansp_c.dll
0x00007ffafaae0000 - 0x00007ffafab63000 	C:\Windows\System32\fwpuclnt.dll
0x00007ffaf9d90000 - 0x00007ffaf9d9a000 	C:\Windows\System32\rasadhlp.dll
0x0000000180000000 - 0x0000000180053000 	D:\GradeClient-main\jars\versions\1.8.8\1.8.8-natives\lwjgl64.dll
0x00007ffa725e0000 - 0x00007ffa726e0000 	C:\Windows\SYSTEM32\OPENGL32.dll
0x00007ffa725b0000 - 0x00007ffa725dd000 	C:\Windows\SYSTEM32\GLU32.dll
0x00007ffb03a90000 - 0x00007ffb03ac9000 	C:\Windows\SYSTEM32\dxcore.dll
0x00007ffb065f0000 - 0x00007ffb0660b000 	C:\Windows\SYSTEM32\CRYPTSP.dll
0x00007ffb05e80000 - 0x00007ffb05eb5000 	C:\Windows\system32\rsaenh.dll
0x00007ffb06490000 - 0x00007ffb064bc000 	C:\Windows\SYSTEM32\USERENV.dll
0x00007ffb072c0000 - 0x00007ffb0733a000 	C:\Windows\System32\bcryptprimitives.dll
0x00007ffb06610000 - 0x00007ffb0661c000 	C:\Windows\SYSTEM32\CRYPTBASE.dll
0x00007ffafd470000 - 0x00007ffafd489000 	C:\Windows\SYSTEM32\dhcpcsvc6.DLL
0x00007ffafd250000 - 0x00007ffafd26f000 	C:\Windows\SYSTEM32\dhcpcsvc.DLL
0x000000006b480000 - 0x000000006b618000 	C:\Program Files\Java\jdk1.8.0_91\jre\bin\awt.dll
0x00007ffb09330000 - 0x00007ffb09407000 	C:\Windows\System32\OLEAUT32.dll
0x00007ffb00090000 - 0x00007ffb00127000 	C:\Windows\SYSTEM32\apphelp.dll
0x00007ffafba20000 - 0x00007ffafbadc000 	C:\Windows\SYSTEM32\mscms.dll
0x00007ffb05f20000 - 0x00007ffb05f38000 	C:\Windows\SYSTEM32\kernel.appcore.dll
0x00007ffb08930000 - 0x00007ffb089e0000 	C:\Windows\System32\clbcatq.dll
0x00007ffaf95f0000 - 0x00007ffaf963e000 	C:\Windows\System32\Windows.Internal.Graphics.Display.DisplayColorManagement.dll
0x00007ffb06b00000 - 0x00007ffb06b4e000 	C:\Windows\SYSTEM32\cfgmgr32.dll
0x00007ffb007a0000 - 0x00007ffb0084b000 	C:\Windows\system32\uxtheme.dll
0x00007ffb087d0000 - 0x00007ffb08924000 	C:\Windows\System32\MSCTF.dll
0x00007ffaf93b0000 - 0x00007ffaf94fa000 	C:\Windows\SYSTEM32\textinputframework.dll
0x00007ffaff760000 - 0x00007ffaff894000 	C:\Windows\SYSTEM32\CoreMessaging.dll
0x00007ffafc930000 - 0x00007ffafcc9c000 	C:\Windows\SYSTEM32\CoreUIComponents.dll
0x00007ffb098d0000 - 0x00007ffb09a6f000 	C:\Windows\System32\ole32.dll
0x00007ffa85d90000 - 0x00007ffa85e7b000 	C:\Windows\system32\SogouWBTSF.ime
0x00007ffaf3680000 - 0x00007ffaf3687000 	C:\Windows\system32\MSIMG32.dll
0x00007ffb05f40000 - 0x00007ffb05f74000 	C:\Windows\SYSTEM32\ntmarta.dll
0x0000000029060000 - 0x0000000029932000 	C:\Windows\system32\SogouWb.ime
0x00007ffb05cf0000 - 0x00007ffb05cfc000 	C:\Windows\SYSTEM32\Secur32.dll
0x00007ffae5820000 - 0x00007ffae5d14000 	C:\Windows\SYSTEM32\WININET.dll
0x00007ffaeb7e0000 - 0x00007ffaeb849000 	C:\Windows\SYSTEM32\OLEACC.dll
0x00007ffa85d70000 - 0x00007ffa85d89000 	C:\Windows\SYSTEM32\USP10.dll
0x00007ffaebaf0000 - 0x00007ffaebcaa000 	C:\Windows\WinSxS\amd64_microsoft.windows.gdiplus_6595b64144ccf1df_1.1.22621.3085_none_57ff6980ce140777\gdiplus.dll
0x00007ffb06180000 - 0x00007ffb061cc000 	C:\Windows\SYSTEM32\SSPICLI.DLL
0x00007ffafd1e0000 - 0x00007ffafd22a000 	C:\Windows\SYSTEM32\directxdatabasehelper.dll
0x00007ffb07560000 - 0x00007ffb075cb000 	C:\Windows\System32\Wintrust.dll
0x00007ffb07690000 - 0x00007ffb077f6000 	C:\Windows\System32\CRYPT32.dll
0x00007ffb06650000 - 0x00007ffb06662000 	C:\Windows\SYSTEM32\MSASN1.dll
0x00007ffb09410000 - 0x00007ffb0942f000 	C:\Windows\System32\imagehlp.dll
0x00007ffb06430000 - 0x00007ffb06456000 	C:\Windows\SYSTEM32\gpapi.dll
0x00007ffaf3110000 - 0x00007ffaf3142000 	C:\Windows\System32\cryptnet.dll
0x00000000352f0000 - 0x00000000353b7000 	D:\Program Files (x86)\SogouWBInput\5.5.0.2580\Plugins64\ManualNewWord.dll
0x00007ffad5910000 - 0x00007ffad5942000 	C:\Windows\system32\msctfp.dll
0x00007ffafb8c0000 - 0x00007ffafb9f5000 	C:\Windows\System32\AppXDeploymentClient.dll
0x00007ffa71500000 - 0x00007ffa725a9000 	C:\Windows\System32\DriverStore\FileRepository\iigd_dch.inf_amd64_57d6be89ba05925b\igxelpicd64.dll
0x00007ffb03290000 - 0x00007ffb032bb000 	C:\Windows\system32\dwmapi.dll
0x00007ffb04960000 - 0x00007ffb04a58000 	C:\Windows\system32\dxgi.dll
0x00007ffa713d0000 - 0x00007ffa714f4000 	C:\Windows\System32\DriverStore\FileRepository\iigd_dch.inf_amd64_57d6be89ba05925b\igdml64.dll
0x00007ffaf71b0000 - 0x00007ffaf75c2000 	C:\Windows\System32\DriverStore\FileRepository\iigd_dch.inf_amd64_57d6be89ba05925b\igdgmm64.dll
0x00007ffb06ab0000 - 0x00007ffb06adc000 	C:\Windows\SYSTEM32\DEVOBJ.dll
0x00007ffacfce0000 - 0x00007ffacfd29000 	C:\Windows\SYSTEM32\icm32.dll
0x00007ffaeeae0000 - 0x00007ffaf2f1e000 	C:\Windows\System32\DriverStore\FileRepository\iigd_dch.inf_amd64_57d6be89ba05925b\igc64.dll
0x00007ffb05c80000 - 0x00007ffb05ccd000 	C:\Windows\SYSTEM32\powrprof.dll
0x00007ffb05c60000 - 0x00007ffb05c73000 	C:\Windows\SYSTEM32\UMPDC.dll
0x000000003e9b0000 - 0x000000003e9e8000 	C:\Users\43850\AppData\Local\Temp\jna\jna8149036464718162359.dll
0x0000000070a40000 - 0x0000000070adc000 	D:\GradeClient-main\jars\versions\1.8.8\1.8.8-natives\avutil-ttv-51.dll
0x0000000065980000 - 0x00000000659d6000 	D:\GradeClient-main\jars\versions\1.8.8\1.8.8-natives\swresample-ttv-0.dll
0x000000006eb80000 - 0x000000006ec50000 	D:\GradeClient-main\jars\versions\1.8.8\1.8.8-natives\libmp3lame-ttv.dll
0x00007ffa0d960000 - 0x00007ffa0ed04000 	D:\GradeClient-main\jars\versions\1.8.8\1.8.8-natives\libmfxsw64.dll
0x00007ffa12190000 - 0x00007ffa122fd000 	D:\GradeClient-main\jars\versions\1.8.8\1.8.8-natives\twitchsdk.dll
0x0000000040e90000 - 0x0000000040ef4000 	D:\GradeClient-main\jars\versions\1.8.8\1.8.8-natives\OpenAL64.dll
0x00007ffaf4f20000 - 0x00007ffaf4fbd000 	C:\Windows\System32\MMDevApi.dll
0x00007ffa3edb0000 - 0x00007ffa3ee52000 	C:\Windows\SYSTEM32\dsound.dll
0x00007ffacdd80000 - 0x00007ffacdda9000 	C:\Windows\SYSTEM32\winmmbase.dll
0x00007ffa3cc90000 - 0x00007ffa3cd41000 	C:\Windows\SYSTEM32\ResampleDmo.DLL
0x00007ffaed2f0000 - 0x00007ffaed2fb000 	C:\Windows\SYSTEM32\msdmo.dll
0x00007ffaeb320000 - 0x00007ffaeb50c000 	C:\Windows\SYSTEM32\AUDIOSES.DLL
0x00007ffb03930000 - 0x00007ffb03945000 	C:\Windows\SYSTEM32\resourcepolicyclient.dll
0x00007ffb044c0000 - 0x00007ffb046f3000 	C:\Windows\SYSTEM32\dbghelp.dll

VM Arguments:
jvm_args: -agentlib:jdwp=transport=dt_socket,address=127.0.0.1:50208,suspend=y,server=n -javaagent:D:\ideaIU-2023.2.win\plugins\java\lib\rt\debugger-agent.jar -Dfile.encoding=UTF-8 
java_command: Start
java_class_path (initial): C:\Program Files\Java\jdk1.8.0_91\jre\lib\charsets.jar;C:\Program Files\Java\jdk1.8.0_91\jre\lib\deploy.jar;C:\Program Files\Java\jdk1.8.0_91\jre\lib\ext\access-bridge-64.jar;C:\Program Files\Java\jdk1.8.0_91\jre\lib\ext\cldrdata.jar;C:\Program Files\Java\jdk1.8.0_91\jre\lib\ext\dnsns.jar;C:\Program Files\Java\jdk1.8.0_91\jre\lib\ext\jaccess.jar;C:\Program Files\Java\jdk1.8.0_91\jre\lib\ext\jfxrt.jar;C:\Program Files\Java\jdk1.8.0_91\jre\lib\ext\localedata.jar;C:\Program Files\Java\jdk1.8.0_91\jre\lib\ext\nashorn.jar;C:\Program Files\Java\jdk1.8.0_91\jre\lib\ext\sunec.jar;C:\Program Files\Java\jdk1.8.0_91\jre\lib\ext\sunjce_provider.jar;C:\Program Files\Java\jdk1.8.0_91\jre\lib\ext\sunmscapi.jar;C:\Program Files\Java\jdk1.8.0_91\jre\lib\ext\sunpkcs11.jar;C:\Program Files\Java\jdk1.8.0_91\jre\lib\ext\zipfs.jar;C:\Program Files\Java\jdk1.8.0_91\jre\lib\javaws.jar;C:\Program Files\Java\jdk1.8.0_91\jre\lib\jce.jar;C:\Program Files\Java\jdk1.8.0_91\jre\lib\jfr.jar;C:\Program Files\Java\jdk1.8.0_91\jre\lib\jfxswt.jar;C:\Program Files\Java\jdk1.8.0_91\jre\lib\jsse.jar;C:\Program Files\Java\jdk1.8.0_91\jre\lib\management-agent.jar;C:\Program Files\Java\jdk1.8.0_91\jre\lib\plugin.jar;C:\Program Files\Java\jdk1.8.0_91\jre\lib\resources.jar;C:\Program Files\Java\jdk1.8.0_91\jre\lib\rt.jar;D:\GradeClient-main\out\production\GradeClient;D:\GradeClient-main\lib\1.8.8.jar;D:\GradeClient-main\lib\jna-3.4.0.jar;D:\GradeClient-main\lib\fernflower.jar;D:\GradeClient-main\lib\gson-2.2.4.jar;D:\GradeClient-main\lib\guava-17.0.jar;D:\GradeClient-main\lib\mcinjector.jar;D:\GradeClient-main\lib\retroguard.jar;D:\GradeClient-main\lib\twitch-6.5.jar;D:\GradeClient-main\lib\netty-1.8.8.jar;D:\GradeClient-main\lib\jinput-2.0.5.jar;D:\GradeClient-main\lib\jutils-1.0.0.jar;D:\GradeClient-main\lib\minecraft_rg.jar;D:\GradeClient-main\lib\minecraft_exc.jar;D:\GradeClient-main\lib\oshi-core-1.1.jar;D:\GradeClient-main\lib\realms-1.7.39.jar;D:\GradeClient-main\lib\specia
Launcher Type: SUN_STANDARD

Environment Variables:
JAVA_HOME=D:\graalvm-jdk-17.0.8+9.1
PATH=D:\graalvm-jdk-17.0.8+9.1\bin;D:\Program Files (x86)\VMware\VMware Workstation\bin\;C:\ProgramData\Oracle\Java\javapath;C:\Windows\system32;C:\Windows;C:\Windows\System32\Wbem;C:\Windows\System32\WindowsPowerShell\v1.0\;C:\Windows\System32\OpenSSH\;C:\Program Files (x86)\NVIDIA Corporation\PhysX\Common;C:\Program Files\NVIDIA Corporation\NVIDIA NvDLISR;C:\Program Files\Git\cmd;C:\Program Files\Microsoft SQL Server\150\Tools\Binn\;C:\Program Files\Microsoft SQL Server\Client SDK\ODBC\170\Tools\Binn\;C:\Program Files\dotnet\;D:\Windows Kits\10\Windows Performance Toolkit\;C:\Users\43850\AppData\Roaming\nvm;C:\Program Files\nodejs;C:\Program Files (x86)\Microsoft SQL Server\Client SDK\ODBC\130\Tools\Binn\;C:\Program Files (x86)\Microsoft SQL Server\140\Tools\Binn\;C:\Program Files (x86)\Microsoft SQL Server\140\DTS\Binn\;C:\Program Files (x86)\Microsoft SQL Server\140\Tools\Binn\ManagementStudio\;C:\Program Files (x86)\Microsoft SQL Server\130\Tools\Binn\;C:\Program Files\Microsoft SQL Server\130\Tools\Binn\;C:\Program Files (x86)\Microsoft SQL Server\130\DTS\Binn\;C:\Program Files\Microsoft SQL Server\130\DTS\Binn\;C:\Program Files\Microsoft SQL Server\Client SDK\ODBC\130\Tools\Binn\;D:\Program Files\Redis\;D:\GradeClient-main\jars\versions\1.8.8\1.8.8-natives;C:\Users\43850\AppData\Local\Microsoft\WindowsApps;C:\Users\43850\AppData\Roaming\npm;C:\Users\43850\.dotnet\tools;C:\Users\43850\AppData\Local\Programs\Microsoft VS Code\bin;C:\Users\43850\AppData\Roaming\nvm;C:\Program Files\nodejs;C:\Users\43850\AppData\Local\gitkraken\bin
USERNAME=43850
OS=Windows_NT
PROCESSOR_IDENTIFIER=Intel64 Family 6 Model 154 Stepping 3, GenuineIntel



---------------  S Y S T E M  ---------------

OS: Windows 10.0 , 64 bit Build 22621 (10.0.22621.3235)

CPU:total 16 (8 cores per cpu, 2 threads per core) family 6 model 154 stepping 3, cmov, cx8, fxsr, mmx, sse, sse2, sse3, ssse3, sse4.1, sse4.2, popcnt, avx, avx2, aes, clmul, erms, 3dnowpref, lzcnt, ht, tsc, tscinvbit, bmi1, bmi2, adx

Memory: 4k page, physical 16496120k(1947600k free), swap 28153228k(3316256k free)

vm_info: Java HotSpot(TM) 64-Bit Server VM (25.91-b14) for windows-amd64 JRE (1.8.0_91-b14), built on Apr  1 2016 00:58:32 by "java_re" with MS VC++ 10.0 (VS2010)

time: Sun Mar 31 00:47:31 2024
elapsed time: 34 seconds (0d 0h 0m 34s)

