#
# A fatal error has been detected by the Java Runtime Environment:
#
#  EXCEPTION_ACCESS_VIOLATION (0xc0000005) at pc=0x00007ffa717895aa, pid=18856, tid=4980
#
# JRE version: Java(TM) SE Runtime Environment (8.0_91-b14) (build 1.8.0_91-b14)
# Java VM: Java HotSpot(TM) 64-Bit Server VM (25.91-b14 mixed mode windows-amd64 compressed oops)
# Problematic frame:
# C  [igxelpicd64.dll+0x2895aa]
#
# Failed to write core dump. Minidumps are not enabled by default on client versions of Windows
#
# If you would like to submit a bug report, please visit:
#   http://bugreport.java.com/bugreport/crash.jsp
#

---------------  T H R E A D  ---------------

Current thread (0x000000001ed61000):  VMThread [stack: 0x00000000203f0000,0x00000000204f0000] [id=4980]

siginfo: ExceptionCode=0xc0000005, reading address 0x0000000000035f88

Registers:
RAX=0x0000000072692018, RBX=0x0000000000000000, RCX=0x0000000000000000, RDX=0x00000000fffffff0
RSP=0x00000000204ee920, RBP=0x00000000204ee988, RSI=0x00000000010933f0, RDI=0x0000000000000000
R8 =0x0000000000000000, R9 =0x0000000000000000, R10=0x00000000726924e8, R11=0x0000000000000246
R12=0x00000000365c51c8, R13=0x0000000000000000, R14=0x0000000072691f10, R15=0x0000000000000016
RIP=0x00007ffa717895aa, EFLAGS=0x0000000000010206

Top of Stack: (sp=0x00000000204ee920)
0x00000000204ee920:   0000000029e7d3c0 0000000000000000
0x00000000204ee930:   00000000204eead0 00007ffb090a41a9
0x00000000204ee940:   000000007268bca0 0000000000000000
0x00000000204ee950:   0000000029e7d3c0 00000000726924e8
0x00000000204ee960:   00000000000083b0 00007ffb09b533b4
0x00000000204ee970:   00000000218f9ce8 000000006b78bc8b
0x00000000204ee980:   0000000002db0000 0000000000000017
0x00000000204ee990:   0000000000029d0c 0000740430260000
0x00000000204ee9a0:   00000000365c51c8 0000000000000000
0x00000000204ee9b0:   0000000000000000 00000000010933f0
0x00000000204ee9c0:   00000000204eead0 00007ffa71581d5f
0x00000000204ee9d0:   0000000001093300 0000000000000016
0x00000000204ee9e0:   0000000000d46000 00007ffb09acd800
0x00000000204ee9f0:   00000000004357ac 00007ffb00000000
0x00000000204eea00:   0000000000000000 00007ffb09acd484
0x00000000204eea10:   0000000000b40bf4 00000000000000c0 

Instructions: (pc=0x00007ffa717895aa)
0x00007ffa7178958a:   48 8d 04 c0 48 8d 40 21 49 8d 04 c6 48 85 c0 74
0x00007ffa7178959a:   0c 48 8b 48 08 eb 09 48 83 c0 08 eb ef 48 8b cb
0x00007ffa717895aa:   49 3b 8d 88 5f 03 00 0f 86 86 01 00 00 41 83 f8
0x00007ffa717895ba:   10 73 0d 4a 8d 04 c5 21 00 00 00 49 03 c0 eb 55 


Register to memory mapping:

RAX=0x0000000072692018 is an unknown value
RBX=0x0000000000000000 is an unknown value
RCX=0x0000000000000000 is an unknown value
RDX=0x00000000fffffff0 is an unknown value
RSP=0x00000000204ee920 is an unknown value
RBP=0x00000000204ee988 is an unknown value
RSI=0x00000000010933f0 is an unknown value
RDI=0x0000000000000000 is an unknown value
R8 =0x0000000000000000 is an unknown value
R9 =0x0000000000000000 is an unknown value
R10=0x00000000726924e8 is an unknown value
R11=0x0000000000000246 is an unknown value
R12=0x00000000365c51c8 is an unknown value
R13=0x0000000000000000 is an unknown value
R14=0x0000000072691f10 is an unknown value
R15=0x0000000000000016 is an unknown value


Stack: [0x00000000203f0000,0x00000000204f0000],  sp=0x00000000204ee920,  free space=1018k
Native frames: (J=compiled Java code, j=interpreted, Vv=VM code, C=native code)
C  [igxelpicd64.dll+0x2895aa]
C  [igxelpicd64.dll+0x81d5f]
C  [igxelpicd64.dll+0x28d57f]
C  [igxelpicd64.dll+0x75468]
C  [igxelpicd64.dll+0x243ef4]
C  [igxelpicd64.dll+0x2442b3]
C  [igxelpicd64.dll+0x23e32f]
C  [igxelpicd64.dll+0x23e15d]
C  [igxelpicd64.dll+0x81545b]
C  [ntdll.dll+0x2869f]
C  [ntdll.dll+0x510a6]
C  [ntdll.dll+0x50c9d]
C  [KERNEL32.DLL+0x17fab]
C  [msvcr100.dll+0x20ccd]
V  [jvm.dll+0x211395]
V  [jvm.dll+0x24a0e7]
V  [jvm.dll+0x249386]
V  [jvm.dll+0x249821]
V  [jvm.dll+0x249a3e]
V  [jvm.dll+0x29a99a]
C  [msvcr100.dll+0x21d9f]
C  [msvcr100.dll+0x21e3b]
C  [KERNEL32.DLL+0x1257d]
C  [ntdll.dll+0x5aa58]

VM_Operation (0x0000000044e6ec50): Exit, mode: safepoint, requested by thread 0x0000000023535800


---------------  P R O C E S S  ---------------

Java Threads: ( => current thread )
  0x0000000023535800 JavaThread "SIGINT handler" daemon [_thread_blocked, id=8884, stack(0x0000000044d70000,0x0000000044e70000)]
  0x000000002353b800 JavaThread "LWJGL Timer" daemon [_thread_blocked, id=28640, stack(0x0000000050610000,0x0000000050710000)]
  0x000000002353c800 JavaThread "Chunk Batcher 1" daemon [_thread_blocked, id=26288, stack(0x0000000041550000,0x0000000041650000)]
  0x0000000023537000 JavaThread "Chunk Batcher 0" daemon [_thread_blocked, id=29684, stack(0x0000000038f30000,0x0000000039030000)]
  0x0000000026b88800 JavaThread "Thread-7" [_thread_blocked, id=10528, stack(0x0000000041120000,0x0000000041220000)]
  0x0000000023cf0000 JavaThread "Thread-6" [_thread_blocked, id=15160, stack(0x0000000040e20000,0x0000000040f20000)]
  0x0000000027472800 JavaThread "Java2D Disposer" daemon [_thread_blocked, id=25868, stack(0x0000000028550000,0x0000000028650000)]
  0x000000002513c800 JavaThread "Timer hack thread" daemon [_thread_blocked, id=27472, stack(0x0000000025f00000,0x0000000026000000)]
  0x0000000025185000 JavaThread "Snooper Timer" daemon [_thread_blocked, id=28328, stack(0x00000000262b0000,0x00000000263b0000)]
  0x0000000024c5b000 JavaThread "Snooper Timer" daemon [_thread_blocked, id=14064, stack(0x00000000249e0000,0x0000000024ae0000)]
  0x0000000021764000 JavaThread "Service Thread" daemon [_thread_blocked, id=13472, stack(0x0000000022ed0000,0x0000000022fd0000)]
  0x000000002191e000 JavaThread "C1 CompilerThread11" daemon [_thread_blocked, id=27892, stack(0x0000000022cd0000,0x0000000022dd0000)]
  0x0000000021902000 JavaThread "C1 CompilerThread10" daemon [_thread_blocked, id=25864, stack(0x0000000022bd0000,0x0000000022cd0000)]
  0x00000000218e9800 JavaThread "C1 CompilerThread9" daemon [_thread_blocked, id=29260, stack(0x0000000022ad0000,0x0000000022bd0000)]
  0x00000000218e8800 JavaThread "C1 CompilerThread8" daemon [_thread_blocked, id=19996, stack(0x00000000229d0000,0x0000000022ad0000)]
  0x00000000218e6000 JavaThread "C2 CompilerThread7" daemon [_thread_blocked, id=27716, stack(0x00000000228d0000,0x00000000229d0000)]
  0x00000000218e5000 JavaThread "C2 CompilerThread6" daemon [_thread_blocked, id=9036, stack(0x00000000227d0000,0x00000000228d0000)]
  0x0000000021772000 JavaThread "C2 CompilerThread5" daemon [_thread_blocked, id=8060, stack(0x00000000226d0000,0x00000000227d0000)]
  0x0000000021771800 JavaThread "C2 CompilerThread4" daemon [_thread_blocked, id=14320, stack(0x00000000225d0000,0x00000000226d0000)]
  0x0000000021770800 JavaThread "C2 CompilerThread3" daemon [_thread_blocked, id=27188, stack(0x00000000224d0000,0x00000000225d0000)]
  0x0000000021770000 JavaThread "C2 CompilerThread2" daemon [_thread_blocked, id=22772, stack(0x00000000223d0000,0x00000000224d0000)]
  0x000000002176f000 JavaThread "C2 CompilerThread1" daemon [_thread_blocked, id=21336, stack(0x00000000222d0000,0x00000000223d0000)]
  0x00000000218b8800 JavaThread "C2 CompilerThread0" daemon [_thread_blocked, id=12552, stack(0x00000000221d0000,0x00000000222d0000)]
  0x00000000217c3000 JavaThread "Monitor Ctrl-Break" daemon [_thread_in_native, id=21460, stack(0x00000000220d0000,0x00000000221d0000)]
  0x000000001eda7000 JavaThread "Attach Listener" daemon [_thread_blocked, id=27064, stack(0x00000000207f0000,0x00000000208f0000)]
  0x000000001ed86000 JavaThread "Finalizer" daemon [_thread_blocked, id=29392, stack(0x00000000205f0000,0x00000000206f0000)]
  0x000000001d2fa000 JavaThread "Reference Handler" daemon [_thread_blocked, id=24700, stack(0x00000000204f0000,0x00000000205f0000)]
  0x0000000002dbe800 JavaThread "Client thread" [_thread_blocked, id=7984, stack(0x0000000003160000,0x0000000003260000)]

Other Threads:
=>0x000000001ed61000 VMThread [stack: 0x00000000203f0000,0x00000000204f0000] [id=4980]

VM state:at safepoint (shutting down)

VM Mutex/Monitor currently owned by a thread:  ([mutex/lock_event])
[0x0000000002dbe0c0] Threads_lock - owner thread: 0x000000001ed61000

Heap:
 PSYoungGen      total 451584K, used 445971K [0x000000076c180000, 0x0000000789a00000, 0x00000007c0000000)
  eden space 433664K, 99% used [0x000000076c180000,0x000000078658cc90,0x0000000786900000)
  from space 17920K, 88% used [0x0000000788880000,0x00000007897f8130,0x0000000789a00000)
  to   space 25088K, 0% used [0x0000000786900000,0x0000000786900000,0x0000000788180000)
 ParOldGen       total 93184K, used 55463K [0x00000006c4400000, 0x00000006c9f00000, 0x000000076c180000)
  object space 93184K, 59% used [0x00000006c4400000,0x00000006c7a29ff0,0x00000006c9f00000)
 Metaspace       used 32634K, capacity 32891K, committed 33328K, reserved 1079296K
  class space    used 4175K, capacity 4274K, committed 4400K, reserved 1048576K

Card table byte_map: [0x0000000012930000,0x0000000013110000] byte_map_base: 0x000000000f30e000

Marking Bits: (ParMarkBitMap*) 0x000000006beb2f70
 Begin Bits: [0x0000000014350000, 0x0000000018240000)
 End Bits:   [0x0000000018240000, 0x000000001c130000)

Polling page: 0x0000000002d60000

CodeCache: size=245760Kb used=15730Kb max_used=16795Kb free=230029Kb
 bounds [0x0000000003570000, 0x0000000004600000, 0x0000000012570000]
 total_blobs=4452 nmethods=3766 adapters=595
 compilation: enabled

Compilation events (10 events):
Event: 55.559 Thread 0x00000000218e9800 nmethod 4442 0x0000000003b1f550 code [0x0000000003b1f6e0, 0x0000000003b1f9f8]
Event: 55.559 Thread 0x0000000021902000 nmethod 4443 0x000000000401de10 code [0x000000000401e020, 0x000000000401e8f8]
Event: 56.132 Thread 0x000000002176f000 4444       4       paulscode.sound.Source::paused (7 bytes)
Event: 56.132 Thread 0x000000002176f000 nmethod 4444 0x0000000003895ad0 code [0x0000000003895c00, 0x0000000003895df8]
Event: 56.152 Thread 0x0000000021770000 4445       4       paulscode.sound.Source::stopped (7 bytes)
Event: 56.153 Thread 0x0000000021770000 nmethod 4445 0x00000000038a29d0 code [0x00000000038a2b00, 0x00000000038a2cf8]
Event: 56.645 Thread 0x00000000218e9800 4446  s    3       java.util.Hashtable::containsKey (65 bytes)
Event: 56.646 Thread 0x00000000218e9800 nmethod 4446 0x0000000003ffc810 code [0x0000000003ffc9a0, 0x0000000003ffcfd8]
Event: 56.647 Thread 0x0000000021902000 4447       3       org.apache.logging.log4j.core.helpers.NameUtil::getSubName (32 bytes)
Event: 56.647 Thread 0x0000000021902000 nmethod 4447 0x0000000003a21110 code [0x0000000003a212a0, 0x0000000003a21838]

GC Heap History (10 events):
Event: 3.273 GC heap before
{Heap before GC invocations=9 (full 1):
 PSYoungGen      total 171008K, used 170977K [0x000000076c180000, 0x000000077dd80000, 0x00000007c0000000)
  eden space 153088K, 100% used [0x000000076c180000,0x0000000775700000,0x0000000775700000)
  from space 17920K, 99% used [0x0000000775700000,0x0000000776878500,0x0000000776880000)
  to   space 23040K, 0% used [0x000000077c700000,0x000000077c700000,0x000000077dd80000)
 ParOldGen       total 93184K, used 28950K [0x00000006c4400000, 0x00000006c9f00000, 0x000000076c180000)
  object space 93184K, 31% used [0x00000006c4400000,0x00000006c6045ac8,0x00000006c9f00000)
 Metaspace       used 30240K, capacity 30421K, committed 30768K, reserved 1075200K
  class space    used 4008K, capacity 4067K, committed 4144K, reserved 1048576K
Event: 3.279 GC heap after
Heap after GC invocations=9 (full 1):
 PSYoungGen      total 266240K, used 16817K [0x000000076c180000, 0x000000077e580000, 0x00000007c0000000)
  eden space 243200K, 0% used [0x000000076c180000,0x000000076c180000,0x000000077af00000)
  from space 23040K, 72% used [0x000000077c700000,0x000000077d76c4e0,0x000000077dd80000)
  to   space 24576K, 0% used [0x000000077af00000,0x000000077af00000,0x000000077c700000)
 ParOldGen       total 93184K, used 30210K [0x00000006c4400000, 0x00000006c9f00000, 0x000000076c180000)
  object space 93184K, 32% used [0x00000006c4400000,0x00000006c6180af8,0x00000006c9f00000)
 Metaspace       used 30240K, capacity 30421K, committed 30768K, reserved 1075200K
  class space    used 4008K, capacity 4067K, committed 4144K, reserved 1048576K
}
Event: 3.523 GC heap before
{Heap before GC invocations=10 (full 1):
 PSYoungGen      total 266240K, used 260017K [0x000000076c180000, 0x000000077e580000, 0x00000007c0000000)
  eden space 243200K, 100% used [0x000000076c180000,0x000000077af00000,0x000000077af00000)
  from space 23040K, 72% used [0x000000077c700000,0x000000077d76c4e0,0x000000077dd80000)
  to   space 24576K, 0% used [0x000000077af00000,0x000000077af00000,0x000000077c700000)
 ParOldGen       total 93184K, used 30210K [0x00000006c4400000, 0x00000006c9f00000, 0x000000076c180000)
  object space 93184K, 32% used [0x00000006c4400000,0x00000006c6180af8,0x00000006c9f00000)
 Metaspace       used 30650K, capacity 30837K, committed 31280K, reserved 1077248K
  class space    used 4035K, capacity 4099K, committed 4144K, reserved 1048576K
Event: 3.532 GC heap after
Heap after GC invocations=10 (full 1):
 PSYoungGen      total 267776K, used 14395K [0x000000076c180000, 0x0000000783700000, 0x00000007c0000000)
  eden space 243200K, 0% used [0x000000076c180000,0x000000076c180000,0x000000077af00000)
  from space 24576K, 58% used [0x000000077af00000,0x000000077bd0ede0,0x000000077c700000)
  to   space 24064K, 0% used [0x0000000781f80000,0x0000000781f80000,0x0000000783700000)
 ParOldGen       total 93184K, used 39358K [0x00000006c4400000, 0x00000006c9f00000, 0x000000076c180000)
  object space 93184K, 42% used [0x00000006c4400000,0x00000006c6a6fb08,0x00000006c9f00000)
 Metaspace       used 30650K, capacity 30837K, committed 31280K, reserved 1077248K
  class space    used 4035K, capacity 4099K, committed 4144K, reserved 1048576K
}
Event: 3.763 GC heap before
{Heap before GC invocations=11 (full 1):
 PSYoungGen      total 267776K, used 257595K [0x000000076c180000, 0x0000000783700000, 0x00000007c0000000)
  eden space 243200K, 100% used [0x000000076c180000,0x000000077af00000,0x000000077af00000)
  from space 24576K, 58% used [0x000000077af00000,0x000000077bd0ede0,0x000000077c700000)
  to   space 24064K, 0% used [0x0000000781f80000,0x0000000781f80000,0x0000000783700000)
 ParOldGen       total 93184K, used 39358K [0x00000006c4400000, 0x00000006c9f00000, 0x000000076c180000)
  object space 93184K, 42% used [0x00000006c4400000,0x00000006c6a6fb08,0x00000006c9f00000)
 Metaspace       used 30738K, capacity 30965K, committed 31280K, reserved 1077248K
  class space    used 4036K, capacity 4099K, committed 4144K, reserved 1048576K
Event: 3.769 GC heap after
Heap after GC invocations=11 (full 1):
 PSYoungGen      total 351232K, used 6048K [0x000000076c180000, 0x0000000783380000, 0x00000007c0000000)
  eden space 330752K, 0% used [0x000000076c180000,0x000000076c180000,0x0000000780480000)
  from space 20480K, 29% used [0x0000000781f80000,0x0000000782568040,0x0000000783380000)
  to   space 24064K, 0% used [0x0000000780480000,0x0000000780480000,0x0000000781c00000)
 ParOldGen       total 93184K, used 49147K [0x00000006c4400000, 0x00000006c9f00000, 0x000000076c180000)
  object space 93184K, 52% used [0x00000006c4400000,0x00000006c73fef50,0x00000006c9f00000)
 Metaspace       used 30738K, capacity 30965K, committed 31280K, reserved 1077248K
  class space    used 4036K, capacity 4099K, committed 4144K, reserved 1048576K
}
Event: 4.095 GC heap before
{Heap before GC invocations=12 (full 1):
 PSYoungGen      total 351232K, used 336800K [0x000000076c180000, 0x0000000783380000, 0x00000007c0000000)
  eden space 330752K, 100% used [0x000000076c180000,0x0000000780480000,0x0000000780480000)
  from space 20480K, 29% used [0x0000000781f80000,0x0000000782568040,0x0000000783380000)
  to   space 24064K, 0% used [0x0000000780480000,0x0000000780480000,0x0000000781c00000)
 ParOldGen       total 93184K, used 49147K [0x00000006c4400000, 0x00000006c9f00000, 0x000000076c180000)
  object space 93184K, 52% used [0x00000006c4400000,0x00000006c73fef50,0x00000006c9f00000)
 Metaspace       used 30749K, capacity 30965K, committed 31280K, reserved 1077248K
  class space    used 4036K, capacity 4099K, committed 4144K, reserved 1048576K
Event: 4.100 GC heap after
Heap after GC invocations=12 (full 1):
 PSYoungGen      total 354816K, used 2272K [0x000000076c180000, 0x000000078a000000, 0x00000007c0000000)
  eden space 330752K, 0% used [0x000000076c180000,0x000000076c180000,0x0000000780480000)
  from space 24064K, 9% used [0x0000000780480000,0x00000007806b8020,0x0000000781c00000)
  to   space 24064K, 0% used [0x0000000788880000,0x0000000788880000,0x000000078a000000)
 ParOldGen       total 93184K, used 54355K [0x00000006c4400000, 0x00000006c9f00000, 0x000000076c180000)
  object space 93184K, 58% used [0x00000006c4400000,0x00000006c7914fc0,0x00000006c9f00000)
 Metaspace       used 30749K, capacity 30965K, committed 31280K, reserved 1077248K
  class space    used 4036K, capacity 4099K, committed 4144K, reserved 1048576K
}
Event: 4.709 GC heap before
{Heap before GC invocations=13 (full 1):
 PSYoungGen      total 354816K, used 319766K [0x000000076c180000, 0x000000078a000000, 0x00000007c0000000)
  eden space 330752K, 95% used [0x000000076c180000,0x000000077f78db18,0x0000000780480000)
  from space 24064K, 9% used [0x0000000780480000,0x00000007806b8020,0x0000000781c00000)
  to   space 24064K, 0% used [0x0000000788880000,0x0000000788880000,0x000000078a000000)
 ParOldGen       total 93184K, used 54355K [0x00000006c4400000, 0x00000006c9f00000, 0x000000076c180000)
  object space 93184K, 58% used [0x00000006c4400000,0x00000006c7914fc0,0x00000006c9f00000)
 Metaspace       used 31348K, capacity 31573K, committed 31792K, reserved 1077248K
  class space    used 4061K, capacity 4131K, committed 4144K, reserved 1048576K
Event: 4.715 GC heap after
Heap after GC invocations=13 (full 1):
 PSYoungGen      total 451584K, used 15840K [0x000000076c180000, 0x0000000789a00000, 0x00000007c0000000)
  eden space 433664K, 0% used [0x000000076c180000,0x000000076c180000,0x0000000786900000)
  from space 17920K, 88% used [0x0000000788880000,0x00000007897f8130,0x0000000789a00000)
  to   space 25088K, 0% used [0x0000000786900000,0x0000000786900000,0x0000000788180000)
 ParOldGen       total 93184K, used 55463K [0x00000006c4400000, 0x00000006c9f00000, 0x000000076c180000)
  object space 93184K, 59% used [0x00000006c4400000,0x00000006c7a29ff0,0x00000006c9f00000)
 Metaspace       used 31348K, capacity 31573K, committed 31792K, reserved 1077248K
  class space    used 4061K, capacity 4131K, committed 4144K, reserved 1048576K
}

Deoptimization events (10 events):
Event: 10.366 Thread 0x0000000002dbe800 Uncommon trap: reason=unstable_if action=reinterpret pc=0x000000000416bb2c method=java.net.URLStreamHandler.parseURL(Ljava/net/URL;Ljava/lang/String;II)V @ 682
Event: 10.379 Thread 0x0000000023cf0000 Uncommon trap: reason=unstable_if action=reinterpret pc=0x0000000003853d90 method=com.jcraft.jogg.Buffer.read(I)I @ 23
Event: 10.394 Thread 0x0000000002dbe800 Uncommon trap: reason=unstable_if action=reinterpret pc=0x00000000044a8724 method=net.minecraft.util.ResourceLocation.equals(Ljava/lang/Object;)Z @ 2
Event: 11.619 Thread 0x0000000026b88800 Uncommon trap: reason=unstable_if action=reinterpret pc=0x00000000045320f8 method=com.jcraft.jorbis.Mapping0.inverse(Lcom/jcraft/jorbis/Block;Ljava/lang/Object;)I @ 557
Event: 26.997 Thread 0x0000000002dbe800 Uncommon trap: reason=unstable_if action=reinterpret pc=0x0000000003ccbdf0 method=java.lang.StrictMath.floorOrCeil(DDDD)D @ 14
Event: 45.596 Thread 0x0000000002dbe800 Uncommon trap: reason=unstable_if action=reinterpret pc=0x000000000422708c method=net.minecraft.client.renderer.GlStateManager.color(FFFF)V @ 30
Event: 48.131 Thread 0x0000000002dbe800 Uncommon trap: reason=unstable_if action=reinterpret pc=0x0000000003ac4648 method=net.minecraft.client.renderer.GlStateManager.bindTexture(I)V @ 11
Event: 49.144 Thread 0x0000000002dbe800 Uncommon trap: reason=unstable_if action=reinterpret pc=0x0000000003850138 method=net.minecraft.client.renderer.GlStateManager.color(FFFF)V @ 30
Event: 53.580 Thread 0x0000000026b88800 Uncommon trap: reason=unstable_if action=reinterpret pc=0x00000000045e4258 method=com.jcraft.jorbis.Floor1.inverse1(Lcom/jcraft/jorbis/Block;Ljava/lang/Object;Ljava/lang/Object;)Ljava/lang/Object; @ 461
Event: 56.650 Thread 0x0000000023535800 Uncommon trap: reason=class_check action=maybe_recompile pc=0x000000000437af80 method=java.util.HashSet.iterator()Ljava/util/Iterator; @ 4

Internal exceptions (10 events):
Event: 3.413 Thread 0x0000000002dbe800 Implicit null exception at 0x000000000407a639 to 0x000000000407a7a1
Event: 3.686 Thread 0x0000000023cf0000 Exception <a 'java/lang/InterruptedException': sleep interrupted> (0x0000000775841b18) thrown at [C:\re\workspace\8-2-build-windows-amd64-cygwin\jdk8u91\6644\hotspot\src\share\vm\prims\jvm.cpp, line 3215]
Event: 3.687 Thread 0x0000000023cf0000 Exception <a 'java/lang/InterruptedException': sleep interrupted> (0x0000000775841d70) thrown at [C:\re\workspace\8-2-build-windows-amd64-cygwin\jdk8u91\6644\hotspot\src\share\vm\prims\jvm.cpp, line 3167]
Event: 4.770 Thread 0x0000000002dbe800 Exception <a 'java/lang/NoSuchMethodError': java.lang.Object.lambda$comparingInt$7b0bb60$1(Ljava/util/function/ToIntFunction;Ljava/lang/Object;Ljava/lang/Object;)I> (0x000000076d58b3a0) thrown at [C:\re\workspace\8-2-build-windows-amd64-cygwin\jdk8u91\6644Y™—h…@
Event: 4.880 Thread 0x0000000024c5b000 Exception <a 'java/net/UnknownHostException': snoop.minecraft.net> (0x0000000776ac6fd0) thrown at [C:\re\workspace\8-2-build-windows-amd64-cygwin\jdk8u91\6644\hotspot\src\share\vm\prims\jni.cpp, line 735]
Event: 10.362 Thread 0x0000000002dbe800 Exception <a 'java/lang/NoClassDefFoundError': org/slf4j/LoggerFactory> (0x00000007777174b8) thrown at [C:\re\workspace\8-2-build-windows-amd64-cygwin\jdk8u91\6644\hotspot\src\share\vm\classfile\systemDictionary.cpp, line 199]
Event: 10.363 Thread 0x0000000002dbe800 Exception <a 'java/lang/NoClassDefFoundError': org/apache/log4j/Priority> (0x0000000777757880) thrown at [C:\re\workspace\8-2-build-windows-amd64-cygwin\jdk8u91\6644\hotspot\src\share\vm\classfile\systemDictionary.cpp, line 199]
Event: 10.366 Thread 0x0000000002dbe800 Implicit null exception at 0x0000000004168809 to 0x000000000416bb09
Event: 10.366 Thread 0x0000000023cf0000 Exception <a 'java/lang/InterruptedException': sleep interrupted> (0x0000000777f2ae20) thrown at [C:\re\workspace\8-2-build-windows-amd64-cygwin\jdk8u91\6644\hotspot\src\share\vm\prims\jvm.cpp, line 3215]
Event: 10.387 Thread 0x0000000026b88800 Exception <a 'java/lang/InterruptedException': sleep interrupted> (0x000000077820d2c0) thrown at [C:\re\workspace\8-2-build-windows-amd64-cygwin\jdk8u91\6644\hotspot\src\share\vm\prims\jvm.cpp, line 3215]

Events (10 events):
Event: 56.646 loading class javax/servlet/ServletContext
Event: 56.646 loading class javax/servlet/ServletContext done
Event: 56.648 Thread 0x0000000023539800 Thread exited: 0x0000000023539800
Event: 56.648 Thread 0x0000000022017000 Thread exited: 0x0000000022017000
Event: 56.650 Thread 0x000000002353b000 Thread exited: 0x000000002353b000
Event: 56.650 Thread 0x0000000023535800 Uncommon trap: trap_request=0xffffffde fr.pc=0x000000000437af80
Event: 56.650 Thread 0x0000000023535800 DEOPT PACKING pc=0x000000000437af80 sp=0x0000000044e6ead0
Event: 56.650 Thread 0x0000000023535800 DEOPT UNPACKING pc=0x00000000035b582a sp=0x0000000044e6ea88 mode 2
Event: 56.650 Thread 0x000000001eda6800 Thread exited: 0x000000001eda6800
Event: 56.650 Executing VM operation: Exit


Dynamic libraries:
0x00007ff6331d0000 - 0x00007ff633207000 	C:\Program Files\Java\jdk1.8.0_91\bin\java.exe
0x00007ffb09ab0000 - 0x00007ffb09cc6000 	C:\Windows\SYSTEM32\ntdll.dll
0x00007ffb09250000 - 0x00007ffb09314000 	C:\Windows\System32\KERNEL32.DLL
0x00007ffb06df0000 - 0x00007ffb07196000 	C:\Windows\System32\KERNELBASE.dll
0x00007ffb097d0000 - 0x00007ffb09882000 	C:\Windows\System32\ADVAPI32.dll
0x00007ffb096d0000 - 0x00007ffb09777000 	C:\Windows\System32\msvcrt.dll
0x00007ffb08ff0000 - 0x00007ffb09098000 	C:\Windows\System32\sechost.dll
0x00007ffb07340000 - 0x00007ffb07368000 	C:\Windows\System32\bcrypt.dll
0x00007ffb07960000 - 0x00007ffb07a75000 	C:\Windows\System32\RPCRT4.dll
0x00007ffb090a0000 - 0x00007ffb0924d000 	C:\Windows\System32\USER32.dll
0x00007ffb07370000 - 0x00007ffb07396000 	C:\Windows\System32\win32u.dll
0x00007ffb07920000 - 0x00007ffb07949000 	C:\Windows\System32\GDI32.dll
0x00007ffb071a0000 - 0x00007ffb072b8000 	C:\Windows\System32\gdi32full.dll
0x00007ffb074c0000 - 0x00007ffb0755a000 	C:\Windows\System32\msvcp_win.dll
0x00007ffb073a0000 - 0x00007ffb074b1000 	C:\Windows\System32\ucrtbase.dll
0x00007ffaeb850000 - 0x00007ffaebae3000 	C:\Windows\WinSxS\amd64_microsoft.windows.common-controls_6595b64144ccf1df_6.0.22621.3235_none_270f74e173860f98\COMCTL32.dll
0x00007ffb09890000 - 0x00007ffb098c1000 	C:\Windows\System32\IMM32.DLL
0x000000006bf40000 - 0x000000006c012000 	C:\Program Files\Java\jdk1.8.0_91\jre\bin\msvcr100.dll
0x000000006b6a0000 - 0x000000006bf33000 	C:\Program Files\Java\jdk1.8.0_91\jre\bin\server\jvm.dll
0x00007ffb09320000 - 0x00007ffb09328000 	C:\Windows\System32\PSAPI.DLL
0x00007ffafe210000 - 0x00007ffafe219000 	C:\Windows\SYSTEM32\WSOCK32.dll
0x00007ffb09430000 - 0x00007ffb094a1000 	C:\Windows\System32\WS2_32.dll
0x00007ffb00940000 - 0x00007ffb00974000 	C:\Windows\SYSTEM32\WINMM.dll
0x00007ffaf3150000 - 0x00007ffaf315a000 	C:\Windows\SYSTEM32\VERSION.dll
0x000000006c640000 - 0x000000006c64f000 	C:\Program Files\Java\jdk1.8.0_91\jre\bin\verify.dll
0x000000006c4d0000 - 0x000000006c4f9000 	C:\Program Files\Java\jdk1.8.0_91\jre\bin\java.dll
0x000000006c4a0000 - 0x000000006c4c3000 	C:\Program Files\Java\jdk1.8.0_91\jre\bin\instrument.dll
0x000000006c480000 - 0x000000006c496000 	C:\Program Files\Java\jdk1.8.0_91\jre\bin\zip.dll
0x00007ffb07f70000 - 0x00007ffb087cd000 	C:\Windows\System32\SHELL32.dll
0x00007ffb04d60000 - 0x00007ffb05658000 	C:\Windows\SYSTEM32\windows.storage.dll
0x00007ffb07be0000 - 0x00007ffb07f68000 	C:\Windows\System32\combase.dll
0x00007ffb04c20000 - 0x00007ffb04d5e000 	C:\Windows\SYSTEM32\wintypes.dll
0x00007ffb07ae0000 - 0x00007ffb07bd3000 	C:\Windows\System32\SHCORE.dll
0x00007ffb078a0000 - 0x00007ffb078fe000 	C:\Windows\System32\shlwapi.dll
0x00007ffb06d20000 - 0x00007ffb06d46000 	C:\Windows\SYSTEM32\profapi.dll
0x00007ffae9460000 - 0x00007ffae947a000 	D:\ideaIU-2023.2.win\bin\breakgen64.dll
0x000000006c460000 - 0x000000006c47a000 	C:\Program Files\Java\jdk1.8.0_91\jre\bin\net.dll
0x00007ffb063a0000 - 0x00007ffb06409000 	C:\Windows\system32\mswsock.dll
0x000000006c630000 - 0x000000006c63d000 	C:\Program Files\Java\jdk1.8.0_91\jre\bin\management.dll
0x000000006c440000 - 0x000000006c451000 	C:\Program Files\Java\jdk1.8.0_91\jre\bin\nio.dll
0x00007ffad06c0000 - 0x00007ffad06d7000 	C:\Windows\system32\napinsp.dll
0x00007ffacf7e0000 - 0x00007ffacf7fb000 	C:\Windows\system32\pnrpnsp.dll
0x00007ffb05950000 - 0x00007ffb05a49000 	C:\Windows\SYSTEM32\DNSAPI.dll
0x00007ffb05920000 - 0x00007ffb0594d000 	C:\Windows\SYSTEM32\IPHLPAPI.DLL
0x00007ffb07950000 - 0x00007ffb07959000 	C:\Windows\System32\NSI.dll
0x00007ffacf7c0000 - 0x00007ffacf7d1000 	C:\Windows\System32\winrnr.dll
0x00007ffafb6d0000 - 0x00007ffafb6e5000 	C:\Windows\system32\wshbth.dll
0x00007ffacf600000 - 0x00007ffacf621000 	C:\Windows\system32\nlansp_c.dll
0x00007ffaf9d90000 - 0x00007ffaf9d9a000 	C:\Windows\System32\rasadhlp.dll
0x00007ffafaae0000 - 0x00007ffafab63000 	C:\Windows\System32\fwpuclnt.dll
0x0000000180000000 - 0x0000000180053000 	D:\GradeClient-main\jars\versions\1.8.8\1.8.8-natives\lwjgl64.dll
0x00007ffa725e0000 - 0x00007ffa726e0000 	C:\Windows\SYSTEM32\OPENGL32.dll
0x00007ffa725b0000 - 0x00007ffa725dd000 	C:\Windows\SYSTEM32\GLU32.dll
0x00007ffb03a90000 - 0x00007ffb03ac9000 	C:\Windows\SYSTEM32\dxcore.dll
0x00007ffb065f0000 - 0x00007ffb0660b000 	C:\Windows\SYSTEM32\CRYPTSP.dll
0x00007ffb05e80000 - 0x00007ffb05eb5000 	C:\Windows\system32\rsaenh.dll
0x00007ffb06490000 - 0x00007ffb064bc000 	C:\Windows\SYSTEM32\USERENV.dll
0x00007ffb072c0000 - 0x00007ffb0733a000 	C:\Windows\System32\bcryptprimitives.dll
0x00007ffb06610000 - 0x00007ffb0661c000 	C:\Windows\SYSTEM32\CRYPTBASE.dll
0x00007ffafd470000 - 0x00007ffafd489000 	C:\Windows\SYSTEM32\dhcpcsvc6.DLL
0x00007ffafd250000 - 0x00007ffafd26f000 	C:\Windows\SYSTEM32\dhcpcsvc.DLL
0x000000006b500000 - 0x000000006b698000 	C:\Program Files\Java\jdk1.8.0_91\jre\bin\awt.dll
0x00007ffb09330000 - 0x00007ffb09407000 	C:\Windows\System32\OLEAUT32.dll
0x00007ffb00090000 - 0x00007ffb00127000 	C:\Windows\SYSTEM32\apphelp.dll
0x00007ffafba20000 - 0x00007ffafbadc000 	C:\Windows\SYSTEM32\mscms.dll
0x00007ffb05f20000 - 0x00007ffb05f38000 	C:\Windows\SYSTEM32\kernel.appcore.dll
0x00007ffb08930000 - 0x00007ffb089e0000 	C:\Windows\System32\clbcatq.dll
0x00007ffaf95f0000 - 0x00007ffaf963e000 	C:\Windows\System32\Windows.Internal.Graphics.Display.DisplayColorManagement.dll
0x00007ffb06b00000 - 0x00007ffb06b4e000 	C:\Windows\SYSTEM32\cfgmgr32.dll
0x00007ffb007a0000 - 0x00007ffb0084b000 	C:\Windows\system32\uxtheme.dll
0x00007ffb087d0000 - 0x00007ffb08924000 	C:\Windows\System32\MSCTF.dll
0x00007ffaf93b0000 - 0x00007ffaf94fa000 	C:\Windows\SYSTEM32\textinputframework.dll
0x00007ffaff760000 - 0x00007ffaff894000 	C:\Windows\SYSTEM32\CoreMessaging.dll
0x00007ffafc930000 - 0x00007ffafcc9c000 	C:\Windows\SYSTEM32\CoreUIComponents.dll
0x00007ffb098d0000 - 0x00007ffb09a6f000 	C:\Windows\System32\ole32.dll
0x00007ffa85d90000 - 0x00007ffa85e7b000 	C:\Windows\system32\SogouWBTSF.ime
0x00007ffaf3680000 - 0x00007ffaf3687000 	C:\Windows\system32\MSIMG32.dll
0x00007ffb05f40000 - 0x00007ffb05f74000 	C:\Windows\SYSTEM32\ntmarta.dll
0x0000000029320000 - 0x0000000029bf2000 	C:\Windows\system32\SogouWb.ime
0x00007ffb05cf0000 - 0x00007ffb05cfc000 	C:\Windows\SYSTEM32\Secur32.dll
0x00007ffa85d70000 - 0x00007ffa85d89000 	C:\Windows\SYSTEM32\USP10.dll
0x00007ffaeb7e0000 - 0x00007ffaeb849000 	C:\Windows\SYSTEM32\OLEACC.dll
0x00007ffaebaf0000 - 0x00007ffaebcaa000 	C:\Windows\WinSxS\amd64_microsoft.windows.gdiplus_6595b64144ccf1df_1.1.22621.3085_none_57ff6980ce140777\gdiplus.dll
0x00007ffae5820000 - 0x00007ffae5d14000 	C:\Windows\SYSTEM32\WININET.dll
0x00007ffb06180000 - 0x00007ffb061cc000 	C:\Windows\SYSTEM32\SSPICLI.DLL
0x00007ffb07560000 - 0x00007ffb075cb000 	C:\Windows\System32\Wintrust.dll
0x00007ffb07690000 - 0x00007ffb077f6000 	C:\Windows\System32\CRYPT32.dll
0x00007ffb06650000 - 0x00007ffb06662000 	C:\Windows\SYSTEM32\MSASN1.dll
0x00007ffb09410000 - 0x00007ffb0942f000 	C:\Windows\System32\imagehlp.dll
0x00007ffb06430000 - 0x00007ffb06456000 	C:\Windows\SYSTEM32\gpapi.dll
0x00007ffaf3110000 - 0x00007ffaf3142000 	C:\Windows\System32\cryptnet.dll
0x00000000355d0000 - 0x0000000035697000 	D:\Program Files (x86)\SogouWBInput\5.5.0.2580\Plugins64\ManualNewWord.dll
0x00007ffad5910000 - 0x00007ffad5942000 	C:\Windows\system32\msctfp.dll
0x00007ffafd1e0000 - 0x00007ffafd22a000 	C:\Windows\SYSTEM32\directxdatabasehelper.dll
0x00007ffafb8c0000 - 0x00007ffafb9f5000 	C:\Windows\System32\AppXDeploymentClient.dll
0x00007ffa71500000 - 0x00007ffa725a9000 	C:\Windows\System32\DriverStore\FileRepository\iigd_dch.inf_amd64_57d6be89ba05925b\igxelpicd64.dll
0x00007ffb03290000 - 0x00007ffb032bb000 	C:\Windows\system32\dwmapi.dll
0x00007ffb04960000 - 0x00007ffb04a58000 	C:\Windows\system32\dxgi.dll
0x00007ffa713d0000 - 0x00007ffa714f4000 	C:\Windows\System32\DriverStore\FileRepository\iigd_dch.inf_amd64_57d6be89ba05925b\igdml64.dll
0x00007ffaf71b0000 - 0x00007ffaf75c2000 	C:\Windows\System32\DriverStore\FileRepository\iigd_dch.inf_amd64_57d6be89ba05925b\igdgmm64.dll
0x00007ffb06ab0000 - 0x00007ffb06adc000 	C:\Windows\SYSTEM32\DEVOBJ.dll
0x00007ffad3560000 - 0x00007ffad35a9000 	C:\Windows\SYSTEM32\icm32.dll
0x00007ffaeeae0000 - 0x00007ffaf2f1e000 	C:\Windows\System32\DriverStore\FileRepository\iigd_dch.inf_amd64_57d6be89ba05925b\igc64.dll
0x00007ffb05c80000 - 0x00007ffb05ccd000 	C:\Windows\SYSTEM32\powrprof.dll
0x00007ffb05c60000 - 0x00007ffb05c73000 	C:\Windows\SYSTEM32\UMPDC.dll
0x0000000035b90000 - 0x0000000035bc8000 	C:\Users\43850\AppData\Local\Temp\jna\jna3705814567294136255.dll
0x0000000070a40000 - 0x0000000070adc000 	D:\GradeClient-main\jars\versions\1.8.8\1.8.8-natives\avutil-ttv-51.dll
0x0000000065980000 - 0x00000000659d6000 	D:\GradeClient-main\jars\versions\1.8.8\1.8.8-natives\swresample-ttv-0.dll
0x000000006eb80000 - 0x000000006ec50000 	D:\GradeClient-main\jars\versions\1.8.8\1.8.8-natives\libmp3lame-ttv.dll
0x00007ffa22860000 - 0x00007ffa23c04000 	D:\GradeClient-main\jars\versions\1.8.8\1.8.8-natives\libmfxsw64.dll
0x00007ffa9c5a0000 - 0x00007ffa9c70d000 	D:\GradeClient-main\jars\versions\1.8.8\1.8.8-natives\twitchsdk.dll
0x0000000037dc0000 - 0x0000000037e24000 	D:\GradeClient-main\jars\versions\1.8.8\1.8.8-natives\OpenAL64.dll
0x00007ffaf4f20000 - 0x00007ffaf4fbd000 	C:\Windows\System32\MMDevApi.dll
0x00007ffa3edb0000 - 0x00007ffa3ee52000 	C:\Windows\SYSTEM32\dsound.dll
0x00007ffacdd80000 - 0x00007ffacdda9000 	C:\Windows\SYSTEM32\winmmbase.dll
0x00007ffa3cc90000 - 0x00007ffa3cd41000 	C:\Windows\SYSTEM32\ResampleDmo.DLL
0x00007ffaed2f0000 - 0x00007ffaed2fb000 	C:\Windows\SYSTEM32\msdmo.dll
0x00007ffaeb320000 - 0x00007ffaeb50c000 	C:\Windows\SYSTEM32\AUDIOSES.DLL
0x00007ffb03930000 - 0x00007ffb03945000 	C:\Windows\SYSTEM32\resourcepolicyclient.dll
0x00007ffac3980000 - 0x00007ffac3a30000 	C:\Windows\SYSTEM32\TextShaping.dll
0x00007ffb044c0000 - 0x00007ffb046f3000 	C:\Windows\SYSTEM32\dbghelp.dll

VM Arguments:
jvm_args: -javaagent:D:\ideaIU-2023.2.win\lib\idea_rt.jar=60181:D:\ideaIU-2023.2.win\bin -Dfile.encoding=UTF-8 
java_command: Start
java_class_path (initial): C:\Users\43850\AppData\Local\Temp\classpath1007284084.jar;D:\ideaIU-2023.2.win\lib\idea_rt.jar
Launcher Type: SUN_STANDARD

Environment Variables:
JAVA_HOME=D:\graalvm-jdk-17.0.8+9.1
PATH=D:\graalvm-jdk-17.0.8+9.1\bin;D:\Program Files (x86)\VMware\VMware Workstation\bin\;C:\ProgramData\Oracle\Java\javapath;C:\Windows\system32;C:\Windows;C:\Windows\System32\Wbem;C:\Windows\System32\WindowsPowerShell\v1.0\;C:\Windows\System32\OpenSSH\;C:\Program Files (x86)\NVIDIA Corporation\PhysX\Common;C:\Program Files\NVIDIA Corporation\NVIDIA NvDLISR;C:\Program Files\Git\cmd;C:\Program Files\Microsoft SQL Server\150\Tools\Binn\;C:\Program Files\Microsoft SQL Server\Client SDK\ODBC\170\Tools\Binn\;C:\Program Files\dotnet\;D:\Windows Kits\10\Windows Performance Toolkit\;C:\Users\43850\AppData\Roaming\nvm;C:\Program Files\nodejs;C:\Program Files (x86)\Microsoft SQL Server\Client SDK\ODBC\130\Tools\Binn\;C:\Program Files (x86)\Microsoft SQL Server\140\Tools\Binn\;C:\Program Files (x86)\Microsoft SQL Server\140\DTS\Binn\;C:\Program Files (x86)\Microsoft SQL Server\140\Tools\Binn\ManagementStudio\;C:\Program Files (x86)\Microsoft SQL Server\130\Tools\Binn\;C:\Program Files\Microsoft SQL Server\130\Tools\Binn\;C:\Program Files (x86)\Microsoft SQL Server\130\DTS\Binn\;C:\Program Files\Microsoft SQL Server\130\DTS\Binn\;C:\Program Files\Microsoft SQL Server\Client SDK\ODBC\130\Tools\Binn\;D:\Program Files\Redis\;D:\GradeClient-main\jars\versions\1.8.8\1.8.8-natives;C:\Users\43850\AppData\Local\Microsoft\WindowsApps;C:\Users\43850\AppData\Roaming\npm;C:\Users\43850\.dotnet\tools;C:\Users\43850\AppData\Local\Programs\Microsoft VS Code\bin;C:\Users\43850\AppData\Roaming\nvm;C:\Program Files\nodejs;C:\Users\43850\AppData\Local\gitkraken\bin
USERNAME=43850
OS=Windows_NT
PROCESSOR_IDENTIFIER=Intel64 Family 6 Model 154 Stepping 3, GenuineIntel



---------------  S Y S T E M  ---------------

OS: Windows 10.0 , 64 bit Build 22621 (10.0.22621.3235)

CPU:total 16 (8 cores per cpu, 2 threads per core) family 6 model 154 stepping 3, cmov, cx8, fxsr, mmx, sse, sse2, sse3, ssse3, sse4.1, sse4.2, popcnt, avx, avx2, aes, clmul, erms, 3dnowpref, lzcnt, ht, tsc, tscinvbit, bmi1, bmi2, adx

Memory: 4k page, physical 16496120k(2099080k free), swap 32509460k(4691656k free)

vm_info: Java HotSpot(TM) 64-Bit Server VM (25.91-b14) for windows-amd64 JRE (1.8.0_91-b14), built on Apr  1 2016 00:58:32 by "java_re" with MS VC++ 10.0 (VS2010)

time: Sun Mar 31 17:20:57 2024
elapsed time: 57 seconds (0d 0h 0m 57s)

