#
# A fatal error has been detected by the Java Runtime Environment:
#
#  EXCEPTION_ACCESS_VIOLATION (0xc0000005) at pc=0x00007ffa717895aa, pid=15064, tid=11772
#
# JRE version: Java(TM) SE Runtime Environment (8.0_91-b14) (build 1.8.0_91-b14)
# Java VM: Java HotSpot(TM) 64-Bit Server VM (25.91-b14 mixed mode windows-amd64 compressed oops)
# Problematic frame:
# C  [igxelpicd64.dll+0x2895aa]
#
# Failed to write core dump. Minidumps are not enabled by default on client versions of Windows
#
# If you would like to submit a bug report, please visit:
#   http://bugreport.java.com/bugreport/crash.jsp
#

---------------  T H R E A D  ---------------

Current thread (0x000000001d615800):  VMThread [stack: 0x0000000020710000,0x0000000020810000] [id=11772]

siginfo: ExceptionCode=0xc0000005, reading address 0x0000000000035f88

Registers:
RAX=0x00000000417c9828, RBX=0x0000000000000000, RCX=0x0000000000000000, RDX=0x00000000fffffff0
RSP=0x000000002080e430, RBP=0x000000002080e498, RSI=0x0000000033816b40, RDI=0x0000000000000000
R8 =0x0000000000000000, R9 =0x0000000000000000, R10=0x00000000417c9cf8, R11=0x0000000000000246
R12=0x0000000033a81608, R13=0x0000000000000000, R14=0x00000000417c9720, R15=0x0000000000000016
RIP=0x00007ffa717895aa, EFLAGS=0x0000000000010206

Top of Stack: (sp=0x000000002080e430)
0x000000002080e430:   00000000282a02a0 0000000000000000
0x000000002080e440:   000000002080e5e0 00007ffb090a41a9
0x000000002080e450:   00000000417cd8c0 0000000000000000
0x000000002080e460:   00000000282a02a0 00000000417c9cf8
0x000000002080e470:   02832f8902dc0289 00007ffb09b533b4
0x000000002080e480:   02933d8a02c8dd89 0093808a02864b8a
0x000000002080e490:   02489c8a02a2888a 0000000000000017
0x000000002080e4a0:   0000000000002497 0000740400000000
0x000000002080e4b0:   0000000033a81608 0000000000000000
0x000000002080e4c0:   0000000000000000 0000000033816b40
0x000000002080e4d0:   000000002080e5e0 00007ffa71581d5f
0x000000002080e4e0:   0000000033816b00 0000000000000016
0x000000002080e4f0:   0292e3910235c300 0233609200165900
0x000000002080e500:   00000000000059d0 02be9f9200000000
0x000000002080e510:   0000000000000000 023dca9300c76993
0x000000002080e520:   0274e693018cce93 01e05a9401f73994 

Instructions: (pc=0x00007ffa717895aa)
0x00007ffa7178958a:   48 8d 04 c0 48 8d 40 21 49 8d 04 c6 48 85 c0 74
0x00007ffa7178959a:   0c 48 8b 48 08 eb 09 48 83 c0 08 eb ef 48 8b cb
0x00007ffa717895aa:   49 3b 8d 88 5f 03 00 0f 86 86 01 00 00 41 83 f8
0x00007ffa717895ba:   10 73 0d 4a 8d 04 c5 21 00 00 00 49 03 c0 eb 55 


Register to memory mapping:

RAX=0x00000000417c9828 is an unknown value
RBX=0x0000000000000000 is an unknown value
RCX=0x0000000000000000 is an unknown value
RDX=0x00000000fffffff0 is an unknown value
RSP=0x000000002080e430 is an unknown value
RBP=0x000000002080e498 is an unknown value
RSI=0x0000000033816b40 is an unknown value
RDI=0x0000000000000000 is an unknown value
R8 =0x0000000000000000 is an unknown value
R9 =0x0000000000000000 is an unknown value
R10=0x00000000417c9cf8 is an unknown value
R11=0x0000000000000246 is an unknown value
R12=0x0000000033a81608 is an unknown value
R13=0x0000000000000000 is an unknown value
R14=0x00000000417c9720 is an unknown value
R15=0x0000000000000016 is an unknown value


Stack: [0x0000000020710000,0x0000000020810000],  sp=0x000000002080e430,  free space=1017k
Native frames: (J=compiled Java code, j=interpreted, Vv=VM code, C=native code)
C  [igxelpicd64.dll+0x2895aa]
C  [igxelpicd64.dll+0x81d5f]
C  [igxelpicd64.dll+0x28d57f]
C  [igxelpicd64.dll+0x75468]
C  [igxelpicd64.dll+0x243ef4]
C  [igxelpicd64.dll+0x2442b3]
C  [igxelpicd64.dll+0x23e32f]
C  [igxelpicd64.dll+0x23e15d]
C  [igxelpicd64.dll+0x81545b]
C  [ntdll.dll+0x2869f]
C  [ntdll.dll+0x510a6]
C  [ntdll.dll+0x50c9d]
C  [KERNEL32.DLL+0x17fab]
C  [msvcr100.dll+0x20ccd]
V  [jvm.dll+0x211395]
V  [jvm.dll+0x24a0e7]
V  [jvm.dll+0x249386]
V  [jvm.dll+0x249821]
V  [jvm.dll+0x249a3e]
V  [jvm.dll+0x29a99a]
C  [msvcr100.dll+0x21d9f]
C  [msvcr100.dll+0x21e3b]
C  [KERNEL32.DLL+0x1257d]
C  [ntdll.dll+0x5aa58]

VM_Operation (0x0000000020f0ec90): Exit, mode: safepoint, requested by thread 0x00000000262b2000


---------------  P R O C E S S  ---------------

Java Threads: ( => current thread )
  0x00000000262b2000 JavaThread "SIGINT handler" daemon [_thread_blocked, id=13148, stack(0x0000000020e10000,0x0000000020f10000)]
  0x00000000262b2800 JavaThread "Chunk Batcher 1" daemon [_thread_blocked, id=10688, stack(0x0000000036bb0000,0x0000000036cb0000)]
  0x00000000262b0800 JavaThread "Chunk Batcher 0" daemon [_thread_blocked, id=2800, stack(0x0000000036ab0000,0x0000000036bb0000)]
  0x0000000024528800 JavaThread "Thread-7" [_thread_blocked, id=26428, stack(0x0000000040790000,0x0000000040890000)]
  0x000000002415d800 JavaThread "Thread-6" [_thread_blocked, id=16460, stack(0x000000003f4c0000,0x000000003f5c0000)]
  0x00000000243cc000 JavaThread "Java2D Disposer" daemon [_thread_blocked, id=15604, stack(0x0000000025670000,0x0000000025770000)]
  0x00000000243cb800 JavaThread "Timer hack thread" daemon [_thread_blocked, id=16772, stack(0x0000000023210000,0x0000000023310000)]
  0x0000000024a93000 JavaThread "Snooper Timer" daemon [_thread_blocked, id=11956, stack(0x0000000025570000,0x0000000025670000)]
  0x0000000023ad2000 JavaThread "Snooper Timer" daemon [_thread_blocked, id=3972, stack(0x00000000014f0000,0x00000000015f0000)]
  0x000000001f25c800 JavaThread "Service Thread" daemon [_thread_blocked, id=25596, stack(0x0000000021c10000,0x0000000021d10000)]
  0x000000001f21f800 JavaThread "C1 CompilerThread11" daemon [_thread_blocked, id=13660, stack(0x0000000021b10000,0x0000000021c10000)]
  0x000000001f1fc800 JavaThread "C1 CompilerThread10" daemon [_thread_blocked, id=15768, stack(0x0000000021a10000,0x0000000021b10000)]
  0x000000001f1ef000 JavaThread "C1 CompilerThread9" daemon [_thread_blocked, id=26508, stack(0x0000000021910000,0x0000000021a10000)]
  0x000000001f1e6800 JavaThread "C1 CompilerThread8" daemon [_thread_blocked, id=27336, stack(0x0000000021810000,0x0000000021910000)]
  0x000000001f1c1800 JavaThread "C2 CompilerThread7" daemon [_thread_blocked, id=1424, stack(0x0000000021710000,0x0000000021810000)]
  0x000000001f1af000 JavaThread "C2 CompilerThread6" daemon [_thread_blocked, id=26888, stack(0x0000000021610000,0x0000000021710000)]
  0x000000001f17d000 JavaThread "C2 CompilerThread5" daemon [_thread_blocked, id=7024, stack(0x0000000021510000,0x0000000021610000)]
  0x000000001f170800 JavaThread "C2 CompilerThread4" daemon [_thread_blocked, id=10436, stack(0x0000000021310000,0x0000000021410000)]
  0x000000001f161800 JavaThread "C2 CompilerThread3" daemon [_thread_blocked, id=26452, stack(0x0000000021210000,0x0000000021310000)]
  0x000000001f161000 JavaThread "C2 CompilerThread2" daemon [_thread_blocked, id=19248, stack(0x0000000021110000,0x0000000021210000)]
  0x000000001f160000 JavaThread "C2 CompilerThread1" daemon [_thread_blocked, id=14540, stack(0x0000000021010000,0x0000000021110000)]
  0x000000001f140000 JavaThread "C2 CompilerThread0" daemon [_thread_blocked, id=23524, stack(0x0000000020f10000,0x0000000021010000)]
  0x000000001f123000 JavaThread "JDWP Event Helper Thread" daemon [_thread_blocked, id=18672, stack(0x0000000020d10000,0x0000000020e10000)]
  0x000000001f110800 JavaThread "Attach Listener" daemon [_thread_blocked, id=25168, stack(0x0000000020b10000,0x0000000020c10000)]
  0x000000001f0b9000 JavaThread "Signal Dispatcher" daemon [_thread_blocked, id=26444, stack(0x0000000020a10000,0x0000000020b10000)]
  0x000000001f096800 JavaThread "Finalizer" daemon [_thread_blocked, id=27348, stack(0x0000000020910000,0x0000000020a10000)]
  0x000000001d61e000 JavaThread "Reference Handler" daemon [_thread_blocked, id=25840, stack(0x0000000020810000,0x0000000020910000)]
  0x0000000003793800 JavaThread "Client thread" [_thread_blocked, id=4724, stack(0x00000000034d0000,0x00000000035d0000)]

Other Threads:
=>0x000000001d615800 VMThread [stack: 0x0000000020710000,0x0000000020810000] [id=11772]

VM state:at safepoint (shutting down)

VM Mutex/Monitor currently owned by a thread:  ([mutex/lock_event])
[0x00000000037910d0] Threads_lock - owner thread: 0x000000001d615800

Heap:
 PSYoungGen      total 398848K, used 38736K [0x000000076c180000, 0x0000000786300000, 0x00000007c0000000)
  eden space 375296K, 6% used [0x000000076c180000,0x000000076dab81c0,0x0000000783000000)
  from space 23552K, 54% used [0x0000000784c00000,0x000000078589c218,0x0000000786300000)
  to   space 26112K, 0% used [0x0000000783000000,0x0000000783000000,0x0000000784980000)
 ParOldGen       total 69120K, used 48073K [0x00000006c4400000, 0x00000006c8780000, 0x000000076c180000)
  object space 69120K, 69% used [0x00000006c4400000,0x00000006c72f26e0,0x00000006c8780000)
 Metaspace       used 31815K, capacity 32057K, committed 32432K, reserved 1077248K
  class space    used 4105K, capacity 4209K, committed 4272K, reserved 1048576K

Card table byte_map: [0x0000000012c50000,0x0000000013430000] byte_map_base: 0x000000000f62e000

Marking Bits: (ParMarkBitMap*) 0x000000006beb2f70
 Begin Bits: [0x0000000014670000, 0x0000000018560000)
 End Bits:   [0x0000000018560000, 0x000000001c450000)

Polling page: 0x0000000001830000

CodeCache: size=245760Kb used=13117Kb max_used=13890Kb free=232642Kb
 bounds [0x0000000003890000, 0x0000000004660000, 0x0000000012890000]
 total_blobs=3745 nmethods=3081 adapters=581
 compilation: enabled

Compilation events (10 events):
Event: 312.217 Thread 0x000000001f21f800 3615       3       java.util.logging.LogManager$LoggerContext::requiresDefaultLoggers (29 bytes)
Event: 312.218 Thread 0x000000001f1fc800 nmethod 3614 0x0000000004296550 code [0x00000000042966a0, 0x00000000042967d0]
Event: 312.218 Thread 0x000000001f21f800 nmethod 3615 0x0000000003d791d0 code [0x0000000003d79340, 0x0000000003d79788]
Event: 312.218 Thread 0x000000001f161000 nmethod 3613 0x0000000003b9d6d0 code [0x0000000003b9d800, 0x0000000003b9d858]
Event: 312.218 Thread 0x000000001f1af000 3616       4       java.nio.Buffer::flip (20 bytes)
Event: 312.218 Thread 0x000000001f1af000 nmethod 3616 0x0000000003ccd810 code [0x0000000003ccd940, 0x0000000003ccd9b8]
Event: 312.219 Thread 0x000000001f1e6800 3617       3       org.apache.logging.log4j.core.helpers.NameUtil::getSubName (32 bytes)
Event: 312.219 Thread 0x000000001f1e6800 nmethod 3617 0x000000000403c950 code [0x000000000403cae0, 0x000000000403d078]
Event: 312.234 Thread 0x000000001f161800 nmethod 3611 0x00000000041e8a10 code [0x00000000041e8be0, 0x00000000041ea6f8]
Event: 312.234 Thread 0x000000001f1c1800 nmethod 3612 0x00000000041fd210 code [0x00000000041fd3e0, 0x00000000041fe3d8]

GC Heap History (10 events):
Event: 301.809 GC heap before
{Heap before GC invocations=7 (full 1):
 PSYoungGen      total 75264K, used 75232K [0x000000076c180000, 0x0000000775480000, 0x00000007c0000000)
  eden space 64512K, 100% used [0x000000076c180000,0x0000000770080000,0x0000000770080000)
  from space 10752K, 99% used [0x0000000770080000,0x0000000770af8010,0x0000000770b00000)
  to   space 12288K, 0% used [0x0000000774880000,0x0000000774880000,0x0000000775480000)
 ParOldGen       total 69120K, used 15846K [0x00000006c4400000, 0x00000006c8780000, 0x000000076c180000)
  object space 69120K, 22% used [0x00000006c4400000,0x00000006c5379a20,0x00000006c8780000)
 Metaspace       used 26539K, capacity 26796K, committed 27184K, reserved 1073152K
  class space    used 3723K, capacity 3808K, committed 3888K, reserved 1048576K
Event: 301.816 GC heap after
Heap after GC invocations=7 (full 1):
 PSYoungGen      total 134144K, used 12256K [0x000000076c180000, 0x0000000775e00000, 0x00000007c0000000)
  eden space 121856K, 0% used [0x000000076c180000,0x000000076c180000,0x0000000773880000)
  from space 12288K, 99% used [0x0000000774880000,0x0000000775478010,0x0000000775480000)
  to   space 16384K, 0% used [0x0000000773880000,0x0000000773880000,0x0000000774880000)
 ParOldGen       total 69120K, used 18934K [0x00000006c4400000, 0x00000006c8780000, 0x000000076c180000)
  object space 69120K, 27% used [0x00000006c4400000,0x00000006c567da30,0x00000006c8780000)
 Metaspace       used 26539K, capacity 26796K, committed 27184K, reserved 1073152K
  class space    used 3723K, capacity 3808K, committed 3888K, reserved 1048576K
}
Event: 302.914 GC heap before
{Heap before GC invocations=8 (full 1):
 PSYoungGen      total 134144K, used 134112K [0x000000076c180000, 0x0000000775e00000, 0x00000007c0000000)
  eden space 121856K, 100% used [0x000000076c180000,0x0000000773880000,0x0000000773880000)
  from space 12288K, 99% used [0x0000000774880000,0x0000000775478010,0x0000000775480000)
  to   space 16384K, 0% used [0x0000000773880000,0x0000000773880000,0x0000000774880000)
 ParOldGen       total 69120K, used 18934K [0x00000006c4400000, 0x00000006c8780000, 0x000000076c180000)
  object space 69120K, 27% used [0x00000006c4400000,0x00000006c567da30,0x00000006c8780000)
 Metaspace       used 30261K, capacity 30489K, committed 30768K, reserved 1075200K
  class space    used 4000K, capacity 4067K, committed 4144K, reserved 1048576K
Event: 302.925 GC heap after
Heap after GC invocations=8 (full 1):
 PSYoungGen      total 138240K, used 16359K [0x000000076c180000, 0x000000077dd00000, 0x00000007c0000000)
  eden space 121856K, 0% used [0x000000076c180000,0x000000076c180000,0x0000000773880000)
  from space 16384K, 99% used [0x0000000773880000,0x0000000774879ce0,0x0000000774880000)
  to   space 25088K, 0% used [0x000000077c480000,0x000000077c480000,0x000000077dd00000)
 ParOldGen       total 69120K, used 29854K [0x00000006c4400000, 0x00000006c8780000, 0x000000076c180000)
  object space 69120K, 43% used [0x00000006c4400000,0x00000006c6127980,0x00000006c8780000)
 Metaspace       used 30261K, capacity 30489K, committed 30768K, reserved 1075200K
  class space    used 4000K, capacity 4067K, committed 4144K, reserved 1048576K
}
Event: 303.192 GC heap before
{Heap before GC invocations=9 (full 1):
 PSYoungGen      total 138240K, used 138215K [0x000000076c180000, 0x000000077dd00000, 0x00000007c0000000)
  eden space 121856K, 100% used [0x000000076c180000,0x0000000773880000,0x0000000773880000)
  from space 16384K, 99% used [0x0000000773880000,0x0000000774879ce0,0x0000000774880000)
  to   space 25088K, 0% used [0x000000077c480000,0x000000077c480000,0x000000077dd00000)
 ParOldGen       total 69120K, used 29854K [0x00000006c4400000, 0x00000006c8780000, 0x000000076c180000)
  object space 69120K, 43% used [0x00000006c4400000,0x00000006c6127980,0x00000006c8780000)
 Metaspace       used 30637K, capacity 30841K, committed 31280K, reserved 1077248K
  class space    used 4024K, capacity 4099K, committed 4144K, reserved 1048576K
Event: 303.200 GC heap after
Heap after GC invocations=9 (full 1):
 PSYoungGen      total 263680K, used 17927K [0x000000076c180000, 0x000000077e000000, 0x00000007c0000000)
  eden space 238592K, 0% used [0x000000076c180000,0x000000076c180000,0x000000077aa80000)
  from space 25088K, 71% used [0x000000077c480000,0x000000077d601d10,0x000000077dd00000)
  to   space 26624K, 0% used [0x000000077aa80000,0x000000077aa80000,0x000000077c480000)
 ParOldGen       total 69120K, used 33526K [0x00000006c4400000, 0x00000006c8780000, 0x000000076c180000)
  object space 69120K, 48% used [0x00000006c4400000,0x00000006c64bd990,0x00000006c8780000)
 Metaspace       used 30637K, capacity 30841K, committed 31280K, reserved 1077248K
  class space    used 4024K, capacity 4099K, committed 4144K, reserved 1048576K
}
Event: 303.854 GC heap before
{Heap before GC invocations=10 (full 1):
 PSYoungGen      total 263680K, used 256519K [0x000000076c180000, 0x000000077e000000, 0x00000007c0000000)
  eden space 238592K, 100% used [0x000000076c180000,0x000000077aa80000,0x000000077aa80000)
  from space 25088K, 71% used [0x000000077c480000,0x000000077d601d10,0x000000077dd00000)
  to   space 26624K, 0% used [0x000000077aa80000,0x000000077aa80000,0x000000077c480000)
 ParOldGen       total 69120K, used 33526K [0x00000006c4400000, 0x00000006c8780000, 0x000000076c180000)
  object space 69120K, 48% used [0x00000006c4400000,0x00000006c64bd990,0x00000006c8780000)
 Metaspace       used 30896K, capacity 31161K, committed 31536K, reserved 1077248K
  class space    used 4031K, capacity 4099K, committed 4144K, reserved 1048576K
Event: 303.865 GC heap after
Heap after GC invocations=10 (full 1):
 PSYoungGen      total 265216K, used 17777K [0x000000076c180000, 0x0000000786680000, 0x00000007c0000000)
  eden space 238592K, 0% used [0x000000076c180000,0x000000076c180000,0x000000077aa80000)
  from space 26624K, 66% used [0x000000077aa80000,0x000000077bbdc5d0,0x000000077c480000)
  to   space 27136K, 0% used [0x0000000784c00000,0x0000000784c00000,0x0000000786680000)
 ParOldGen       total 69120K, used 39898K [0x00000006c4400000, 0x00000006c8780000, 0x000000076c180000)
  object space 69120K, 57% used [0x00000006c4400000,0x00000006c6af69a0,0x00000006c8780000)
 Metaspace       used 30896K, capacity 31161K, committed 31536K, reserved 1077248K
  class space    used 4031K, capacity 4099K, committed 4144K, reserved 1048576K
}
Event: 312.221 GC heap before
{Heap before GC invocations=11 (full 1):
 PSYoungGen      total 265216K, used 243115K [0x000000076c180000, 0x0000000786680000, 0x00000007c0000000)
  eden space 238592K, 94% used [0x000000076c180000,0x0000000779d8e8c8,0x000000077aa80000)
  from space 26624K, 66% used [0x000000077aa80000,0x000000077bbdc5d0,0x000000077c480000)
  to   space 27136K, 0% used [0x0000000784c00000,0x0000000784c00000,0x0000000786680000)
 ParOldGen       total 69120K, used 39898K [0x00000006c4400000, 0x00000006c8780000, 0x000000076c180000)
  object space 69120K, 57% used [0x00000006c4400000,0x00000006c6af69a0,0x00000006c8780000)
 Metaspace       used 31815K, capacity 32057K, committed 32432K, reserved 1077248K
  class space    used 4105K, capacity 4209K, committed 4272K, reserved 1048576K
Event: 312.231 GC heap after
Heap after GC invocations=11 (full 1):
 PSYoungGen      total 398848K, used 12912K [0x000000076c180000, 0x0000000786300000, 0x00000007c0000000)
  eden space 375296K, 0% used [0x000000076c180000,0x000000076c180000,0x0000000783000000)
  from space 23552K, 54% used [0x0000000784c00000,0x000000078589c218,0x0000000786300000)
  to   space 26112K, 0% used [0x0000000783000000,0x0000000783000000,0x0000000784980000)
 ParOldGen       total 69120K, used 48073K [0x00000006c4400000, 0x00000006c8780000, 0x000000076c180000)
  object space 69120K, 69% used [0x00000006c4400000,0x00000006c72f26e0,0x00000006c8780000)
 Metaspace       used 31815K, capacity 32057K, committed 32432K, reserved 1077248K
  class space    used 4105K, capacity 4209K, committed 4272K, reserved 1048576K
}

Deoptimization events (10 events):
Event: 312.181 Thread 0x0000000003793800 Uncommon trap: reason=unstable_if action=reinterpret pc=0x0000000004459e24 method=java.util.Formatter.parse(Ljava/lang/String;)[Ljava/util/Formatter$FormatString; @ 38
Event: 312.186 Thread 0x0000000003793800 Uncommon trap: reason=class_check action=maybe_recompile pc=0x00000000044f100c method=java.awt.image.BufferedImage.getRGB(IIII[III)[I @ 202
Event: 312.187 Thread 0x0000000003793800 Uncommon trap: reason=class_check action=maybe_recompile pc=0x00000000042b5d24 method=java.awt.image.BufferedImage.getRGB(IIII[III)[I @ 202
Event: 312.187 Thread 0x0000000003793800 Uncommon trap: reason=class_check action=maybe_recompile pc=0x00000000042b5d24 method=java.awt.image.BufferedImage.getRGB(IIII[III)[I @ 202
Event: 312.188 Thread 0x0000000003793800 Uncommon trap: reason=class_check action=maybe_recompile pc=0x00000000042b5d24 method=java.awt.image.BufferedImage.getRGB(IIII[III)[I @ 202
Event: 312.195 Thread 0x0000000003793800 Uncommon trap: reason=bimorphic action=maybe_recompile pc=0x0000000004280a14 method=java.util.regex.Pattern$Curly.match0(Ljava/util/regex/Matcher;IILjava/lang/CharSequence;)Z @ 77
Event: 312.195 Thread 0x0000000003793800 Uncommon trap: reason=bimorphic action=maybe_recompile pc=0x0000000004280a14 method=java.util.regex.Pattern$Curly.match0(Ljava/util/regex/Matcher;IILjava/lang/CharSequence;)Z @ 77
Event: 312.195 Thread 0x0000000003793800 Uncommon trap: reason=unstable_if action=reinterpret pc=0x0000000004058e3c method=java.awt.image.MultiPixelPackedSampleModel.getPixel(II[ILjava/awt/image/DataBuffer;)[I @ 35
Event: 312.200 Thread 0x0000000003793800 Uncommon trap: reason=class_check action=maybe_recompile pc=0x00000000044f100c method=java.awt.image.BufferedImage.getRGB(IIII[III)[I @ 202
Event: 312.235 Thread 0x00000000262b2000 Uncommon trap: reason=class_check action=maybe_recompile pc=0x0000000003d65934 method=java.util.HashSet.iterator()Ljava/util/Iterator; @ 4

Internal exceptions (10 events):
Event: 303.068 Thread 0x000000002415d800 Exception <a 'org/lwjgl/LWJGLException'> (0x0000000771e147a8) thrown at [C:\re\workspace\8-2-build-windows-amd64-cygwin\jdk8u91\6644\hotspot\src\share\vm\prims\jni.cpp, line 709]
Event: 303.068 Thread 0x000000002415d800 Exception <a 'org/lwjgl/LWJGLException'> (0x0000000771e14ed0) thrown at [C:\re\workspace\8-2-build-windows-amd64-cygwin\jdk8u91\6644\hotspot\src\share\vm\prims\jni.cpp, line 709]
Event: 303.068 Thread 0x000000002415d800 Exception <a 'org/lwjgl/LWJGLException'> (0x0000000771e155f8) thrown at [C:\re\workspace\8-2-build-windows-amd64-cygwin\jdk8u91\6644\hotspot\src\share\vm\prims\jni.cpp, line 709]
Event: 303.068 Thread 0x000000002415d800 Exception <a 'org/lwjgl/LWJGLException'> (0x0000000771e15d38) thrown at [C:\re\workspace\8-2-build-windows-amd64-cygwin\jdk8u91\6644\hotspot\src\share\vm\prims\jni.cpp, line 709]
Event: 303.068 Thread 0x000000002415d800 Exception <a 'org/lwjgl/LWJGLException'> (0x0000000771e16458) thrown at [C:\re\workspace\8-2-build-windows-amd64-cygwin\jdk8u91\6644\hotspot\src\share\vm\prims\jni.cpp, line 709]
Event: 303.453 Thread 0x000000002415d800 Exception <a 'java/lang/InterruptedException': sleep interrupted> (0x0000000771c1c9d8) thrown at [C:\re\workspace\8-2-build-windows-amd64-cygwin\jdk8u91\6644\hotspot\src\share\vm\prims\jvm.cpp, line 3215]
Event: 303.453 Thread 0x000000002415d800 Exception <a 'java/lang/InterruptedException': sleep interrupted> (0x0000000771c1cc30) thrown at [C:\re\workspace\8-2-build-windows-amd64-cygwin\jdk8u91\6644\hotspot\src\share\vm\prims\jvm.cpp, line 3215]
Event: 304.284 Thread 0x0000000003793800 Implicit null exception at 0x0000000003eebf0e to 0x0000000003eecb0d
Event: 304.361 Thread 0x0000000003793800 Exception <a 'java/lang/NoSuchMethodError': java.lang.Object.lambda$comparingInt$7b0bb60$1(Ljava/util/function/ToIntFunction;Ljava/lang/Object;Ljava/lang/Object;)I> (0x000000077306e1d8) thrown at [C:\re\workspace\8-2-build-windows-amd64-cygwin\jdk8u91\6644ø€ ƒs@
Event: 312.195 Thread 0x0000000003793800 Implicit null exception at 0x0000000004058b47 to 0x0000000004058e19

Events (10 events):
Event: 312.234 Thread 0x000000001f161800 flushing nmethod 0x0000000003b9f410
Event: 312.234 Thread 0x000000001f161800 flushing nmethod 0x0000000003ba2f90
Event: 312.234 Thread 0x000000001f161800 flushing nmethod 0x0000000003ba3650
Event: 312.234 Thread 0x000000001f161800 flushing nmethod 0x0000000003ba5850
Event: 312.234 Thread 0x000000001f161800 flushing nmethod 0x0000000003ba65d0
Event: 312.235 Thread 0x00000000262b1000 Thread exited: 0x00000000262b1000
Event: 312.235 Thread 0x00000000262b2000 Uncommon trap: trap_request=0xffffffde fr.pc=0x0000000003d65934
Event: 312.235 Thread 0x00000000262b2000 DEOPT PACKING pc=0x0000000003d65934 sp=0x0000000020f0eaf0
Event: 312.235 Thread 0x00000000262b2000 DEOPT UNPACKING pc=0x00000000038d582a sp=0x0000000020f0eac8 mode 2
Event: 312.236 Executing VM operation: Exit


Dynamic libraries:
0x00007ff6331d0000 - 0x00007ff633207000 	C:\Program Files\Java\jdk1.8.0_91\bin\java.exe
0x00007ffb09ab0000 - 0x00007ffb09cc6000 	C:\Windows\SYSTEM32\ntdll.dll
0x00007ffb09250000 - 0x00007ffb09314000 	C:\Windows\System32\KERNEL32.DLL
0x00007ffb06df0000 - 0x00007ffb07196000 	C:\Windows\System32\KERNELBASE.dll
0x00007ffb097d0000 - 0x00007ffb09882000 	C:\Windows\System32\ADVAPI32.dll
0x00007ffb096d0000 - 0x00007ffb09777000 	C:\Windows\System32\msvcrt.dll
0x00007ffb08ff0000 - 0x00007ffb09098000 	C:\Windows\System32\sechost.dll
0x00007ffb07340000 - 0x00007ffb07368000 	C:\Windows\System32\bcrypt.dll
0x00007ffb07960000 - 0x00007ffb07a75000 	C:\Windows\System32\RPCRT4.dll
0x00007ffb090a0000 - 0x00007ffb0924d000 	C:\Windows\System32\USER32.dll
0x00007ffb07370000 - 0x00007ffb07396000 	C:\Windows\System32\win32u.dll
0x00007ffb07920000 - 0x00007ffb07949000 	C:\Windows\System32\GDI32.dll
0x00007ffb071a0000 - 0x00007ffb072b8000 	C:\Windows\System32\gdi32full.dll
0x00007ffb074c0000 - 0x00007ffb0755a000 	C:\Windows\System32\msvcp_win.dll
0x00007ffb073a0000 - 0x00007ffb074b1000 	C:\Windows\System32\ucrtbase.dll
0x00007ffaeb850000 - 0x00007ffaebae3000 	C:\Windows\WinSxS\amd64_microsoft.windows.common-controls_6595b64144ccf1df_6.0.22621.3235_none_270f74e173860f98\COMCTL32.dll
0x00007ffb09890000 - 0x00007ffb098c1000 	C:\Windows\System32\IMM32.DLL
0x000000006bf40000 - 0x000000006c012000 	C:\Program Files\Java\jdk1.8.0_91\jre\bin\msvcr100.dll
0x000000006b6a0000 - 0x000000006bf33000 	C:\Program Files\Java\jdk1.8.0_91\jre\bin\server\jvm.dll
0x00007ffb09320000 - 0x00007ffb09328000 	C:\Windows\System32\PSAPI.DLL
0x00007ffafe210000 - 0x00007ffafe219000 	C:\Windows\SYSTEM32\WSOCK32.dll
0x00007ffb09430000 - 0x00007ffb094a1000 	C:\Windows\System32\WS2_32.dll
0x00007ffaf3150000 - 0x00007ffaf315a000 	C:\Windows\SYSTEM32\VERSION.dll
0x00007ffb00940000 - 0x00007ffb00974000 	C:\Windows\SYSTEM32\WINMM.dll
0x000000006c640000 - 0x000000006c64f000 	C:\Program Files\Java\jdk1.8.0_91\jre\bin\verify.dll
0x000000006c4a0000 - 0x000000006c4c9000 	C:\Program Files\Java\jdk1.8.0_91\jre\bin\java.dll
0x000000006c460000 - 0x000000006c495000 	C:\Program Files\Java\jdk1.8.0_91\jre\bin\jdwp.dll
0x000000006c630000 - 0x000000006c638000 	C:\Program Files\Java\jdk1.8.0_91\jre\bin\npt.dll
0x000000006c430000 - 0x000000006c453000 	C:\Program Files\Java\jdk1.8.0_91\jre\bin\instrument.dll
0x000000006b680000 - 0x000000006b696000 	C:\Program Files\Java\jdk1.8.0_91\jre\bin\zip.dll
0x00007ffb07f70000 - 0x00007ffb087cd000 	C:\Windows\System32\SHELL32.dll
0x00007ffb04d60000 - 0x00007ffb05658000 	C:\Windows\SYSTEM32\windows.storage.dll
0x00007ffb07be0000 - 0x00007ffb07f68000 	C:\Windows\System32\combase.dll
0x00007ffb04c20000 - 0x00007ffb04d5e000 	C:\Windows\SYSTEM32\wintypes.dll
0x00007ffb07ae0000 - 0x00007ffb07bd3000 	C:\Windows\System32\SHCORE.dll
0x00007ffb078a0000 - 0x00007ffb078fe000 	C:\Windows\System32\shlwapi.dll
0x00007ffb06d20000 - 0x00007ffb06d46000 	C:\Windows\SYSTEM32\profapi.dll
0x000000006b670000 - 0x000000006b679000 	C:\Program Files\Java\jdk1.8.0_91\jre\bin\dt_socket.dll
0x00007ffb063a0000 - 0x00007ffb06409000 	C:\Windows\system32\mswsock.dll
0x000000006b660000 - 0x000000006b66d000 	C:\Program Files\Java\jdk1.8.0_91\jre\bin\management.dll
0x000000006b640000 - 0x000000006b65a000 	C:\Program Files\Java\jdk1.8.0_91\jre\bin\net.dll
0x000000006b620000 - 0x000000006b631000 	C:\Program Files\Java\jdk1.8.0_91\jre\bin\nio.dll
0x00007ffad06c0000 - 0x00007ffad06d7000 	C:\Windows\system32\napinsp.dll
0x00007ffacf7e0000 - 0x00007ffacf7fb000 	C:\Windows\system32\pnrpnsp.dll
0x00007ffb05950000 - 0x00007ffb05a49000 	C:\Windows\SYSTEM32\DNSAPI.dll
0x00007ffb05920000 - 0x00007ffb0594d000 	C:\Windows\SYSTEM32\IPHLPAPI.DLL
0x00007ffb07950000 - 0x00007ffb07959000 	C:\Windows\System32\NSI.dll
0x00007ffacf7c0000 - 0x00007ffacf7d1000 	C:\Windows\System32\winrnr.dll
0x00007ffafb6d0000 - 0x00007ffafb6e5000 	C:\Windows\system32\wshbth.dll
0x00007ffacf600000 - 0x00007ffacf621000 	C:\Windows\system32\nlansp_c.dll
0x00007ffafaae0000 - 0x00007ffafab63000 	C:\Windows\System32\fwpuclnt.dll
0x00007ffaf9d90000 - 0x00007ffaf9d9a000 	C:\Windows\System32\rasadhlp.dll
0x0000000180000000 - 0x0000000180053000 	D:\GradeClient-main\jars\versions\1.8.8\1.8.8-natives\lwjgl64.dll
0x00007ffa725e0000 - 0x00007ffa726e0000 	C:\Windows\SYSTEM32\OPENGL32.dll
0x00007ffa725b0000 - 0x00007ffa725dd000 	C:\Windows\SYSTEM32\GLU32.dll
0x00007ffb03a90000 - 0x00007ffb03ac9000 	C:\Windows\SYSTEM32\dxcore.dll
0x00007ffb065f0000 - 0x00007ffb0660b000 	C:\Windows\SYSTEM32\CRYPTSP.dll
0x00007ffb05e80000 - 0x00007ffb05eb5000 	C:\Windows\system32\rsaenh.dll
0x00007ffb06490000 - 0x00007ffb064bc000 	C:\Windows\SYSTEM32\USERENV.dll
0x00007ffb072c0000 - 0x00007ffb0733a000 	C:\Windows\System32\bcryptprimitives.dll
0x00007ffb06610000 - 0x00007ffb0661c000 	C:\Windows\SYSTEM32\CRYPTBASE.dll
0x00007ffafd470000 - 0x00007ffafd489000 	C:\Windows\SYSTEM32\dhcpcsvc6.DLL
0x00007ffafd250000 - 0x00007ffafd26f000 	C:\Windows\SYSTEM32\dhcpcsvc.DLL
0x000000006b480000 - 0x000000006b618000 	C:\Program Files\Java\jdk1.8.0_91\jre\bin\awt.dll
0x00007ffb09330000 - 0x00007ffb09407000 	C:\Windows\System32\OLEAUT32.dll
0x00007ffb00090000 - 0x00007ffb00127000 	C:\Windows\SYSTEM32\apphelp.dll
0x00007ffafba20000 - 0x00007ffafbadc000 	C:\Windows\SYSTEM32\mscms.dll
0x00007ffb05f20000 - 0x00007ffb05f38000 	C:\Windows\SYSTEM32\kernel.appcore.dll
0x00007ffb08930000 - 0x00007ffb089e0000 	C:\Windows\System32\clbcatq.dll
0x00007ffaf95f0000 - 0x00007ffaf963e000 	C:\Windows\System32\Windows.Internal.Graphics.Display.DisplayColorManagement.dll
0x00007ffb06b00000 - 0x00007ffb06b4e000 	C:\Windows\SYSTEM32\cfgmgr32.dll
0x00007ffb007a0000 - 0x00007ffb0084b000 	C:\Windows\system32\uxtheme.dll
0x00007ffb087d0000 - 0x00007ffb08924000 	C:\Windows\System32\MSCTF.dll
0x00007ffaf93b0000 - 0x00007ffaf94fa000 	C:\Windows\SYSTEM32\textinputframework.dll
0x00007ffaeb7e0000 - 0x00007ffaeb849000 	C:\Windows\system32\Oleacc.dll
0x00007ffaff760000 - 0x00007ffaff894000 	C:\Windows\SYSTEM32\CoreMessaging.dll
0x00007ffafc930000 - 0x00007ffafcc9c000 	C:\Windows\SYSTEM32\CoreUIComponents.dll
0x00007ffb098d0000 - 0x00007ffb09a6f000 	C:\Windows\System32\ole32.dll
0x00007ffa85d90000 - 0x00007ffa85e7b000 	C:\Windows\system32\SogouWBTSF.ime
0x00007ffaf3680000 - 0x00007ffaf3687000 	C:\Windows\system32\MSIMG32.dll
0x00007ffb05f40000 - 0x00007ffb05f74000 	C:\Windows\SYSTEM32\ntmarta.dll
0x0000000027780000 - 0x0000000028052000 	C:\Windows\system32\SogouWb.ime
0x00007ffa85d70000 - 0x00007ffa85d89000 	C:\Windows\SYSTEM32\USP10.dll
0x00007ffaebaf0000 - 0x00007ffaebcaa000 	C:\Windows\WinSxS\amd64_microsoft.windows.gdiplus_6595b64144ccf1df_1.1.22621.3085_none_57ff6980ce140777\gdiplus.dll
0x00007ffae5820000 - 0x00007ffae5d14000 	C:\Windows\SYSTEM32\WININET.dll
0x00007ffb05cf0000 - 0x00007ffb05cfc000 	C:\Windows\SYSTEM32\Secur32.dll
0x00007ffb06180000 - 0x00007ffb061cc000 	C:\Windows\SYSTEM32\SSPICLI.DLL
0x00007ffafd1e0000 - 0x00007ffafd22a000 	C:\Windows\SYSTEM32\directxdatabasehelper.dll
0x00007ffb07560000 - 0x00007ffb075cb000 	C:\Windows\System32\Wintrust.dll
0x00007ffb07690000 - 0x00007ffb077f6000 	C:\Windows\System32\CRYPT32.dll
0x00007ffb06650000 - 0x00007ffb06662000 	C:\Windows\SYSTEM32\MSASN1.dll
0x00007ffb09410000 - 0x00007ffb0942f000 	C:\Windows\System32\imagehlp.dll
0x00007ffb06430000 - 0x00007ffb06456000 	C:\Windows\SYSTEM32\gpapi.dll
0x00007ffaf3110000 - 0x00007ffaf3142000 	C:\Windows\System32\cryptnet.dll
0x0000000033ad0000 - 0x0000000033b97000 	D:\Program Files (x86)\SogouWBInput\5.5.0.2580\Plugins64\ManualNewWord.dll
0x00007ffad5910000 - 0x00007ffad5942000 	C:\Windows\system32\msctfp.dll
0x00007ffafb8c0000 - 0x00007ffafb9f5000 	C:\Windows\System32\AppXDeploymentClient.dll
0x00007ffa71500000 - 0x00007ffa725a9000 	C:\Windows\System32\DriverStore\FileRepository\iigd_dch.inf_amd64_57d6be89ba05925b\igxelpicd64.dll
0x00007ffb03290000 - 0x00007ffb032bb000 	C:\Windows\system32\dwmapi.dll
0x00007ffb04960000 - 0x00007ffb04a58000 	C:\Windows\system32\dxgi.dll
0x00007ffa713d0000 - 0x00007ffa714f4000 	C:\Windows\System32\DriverStore\FileRepository\iigd_dch.inf_amd64_57d6be89ba05925b\igdml64.dll
0x00007ffaf71b0000 - 0x00007ffaf75c2000 	C:\Windows\System32\DriverStore\FileRepository\iigd_dch.inf_amd64_57d6be89ba05925b\igdgmm64.dll
0x00007ffb06ab0000 - 0x00007ffb06adc000 	C:\Windows\SYSTEM32\DEVOBJ.dll
0x00007ffacfce0000 - 0x00007ffacfd29000 	C:\Windows\SYSTEM32\icm32.dll
0x00007ffaeeae0000 - 0x00007ffaf2f1e000 	C:\Windows\System32\DriverStore\FileRepository\iigd_dch.inf_amd64_57d6be89ba05925b\igc64.dll
0x00007ffb05c80000 - 0x00007ffb05ccd000 	C:\Windows\SYSTEM32\powrprof.dll
0x00007ffb05c60000 - 0x00007ffb05c73000 	C:\Windows\SYSTEM32\UMPDC.dll
0x000000003d3f0000 - 0x000000003d428000 	C:\Users\43850\AppData\Local\Temp\jna\jna9199044537777109884.dll
0x0000000070a40000 - 0x0000000070adc000 	D:\GradeClient-main\jars\versions\1.8.8\1.8.8-natives\avutil-ttv-51.dll
0x0000000065980000 - 0x00000000659d6000 	D:\GradeClient-main\jars\versions\1.8.8\1.8.8-natives\swresample-ttv-0.dll
0x000000006eb80000 - 0x000000006ec50000 	D:\GradeClient-main\jars\versions\1.8.8\1.8.8-natives\libmp3lame-ttv.dll
0x00007ffa0e530000 - 0x00007ffa0f8d4000 	D:\GradeClient-main\jars\versions\1.8.8\1.8.8-natives\libmfxsw64.dll
0x00007ffa0fc00000 - 0x00007ffa0fd6d000 	D:\GradeClient-main\jars\versions\1.8.8\1.8.8-natives\twitchsdk.dll
0x0000000040890000 - 0x00000000408f4000 	D:\GradeClient-main\jars\versions\1.8.8\1.8.8-natives\OpenAL64.dll
0x00007ffaf4f20000 - 0x00007ffaf4fbd000 	C:\Windows\System32\MMDevApi.dll
0x00007ffa3edb0000 - 0x00007ffa3ee52000 	C:\Windows\SYSTEM32\dsound.dll
0x00007ffa3cc90000 - 0x00007ffa3cd41000 	C:\Windows\SYSTEM32\ResampleDmo.DLL
0x00007ffacdd80000 - 0x00007ffacdda9000 	C:\Windows\SYSTEM32\winmmbase.dll
0x00007ffaed2f0000 - 0x00007ffaed2fb000 	C:\Windows\SYSTEM32\msdmo.dll
0x00007ffaeb320000 - 0x00007ffaeb50c000 	C:\Windows\SYSTEM32\AUDIOSES.DLL
0x00007ffb03930000 - 0x00007ffb03945000 	C:\Windows\SYSTEM32\resourcepolicyclient.dll
0x00007ffb044c0000 - 0x00007ffb046f3000 	C:\Windows\SYSTEM32\dbghelp.dll

VM Arguments:
jvm_args: -agentlib:jdwp=transport=dt_socket,address=127.0.0.1:50941,suspend=y,server=n -javaagent:D:\ideaIU-2023.2.win\plugins\java\lib\rt\debugger-agent.jar -Dfile.encoding=UTF-8 
java_command: Start
java_class_path (initial): C:\Program Files\Java\jdk1.8.0_91\jre\lib\charsets.jar;C:\Program Files\Java\jdk1.8.0_91\jre\lib\deploy.jar;C:\Program Files\Java\jdk1.8.0_91\jre\lib\ext\access-bridge-64.jar;C:\Program Files\Java\jdk1.8.0_91\jre\lib\ext\cldrdata.jar;C:\Program Files\Java\jdk1.8.0_91\jre\lib\ext\dnsns.jar;C:\Program Files\Java\jdk1.8.0_91\jre\lib\ext\jaccess.jar;C:\Program Files\Java\jdk1.8.0_91\jre\lib\ext\jfxrt.jar;C:\Program Files\Java\jdk1.8.0_91\jre\lib\ext\localedata.jar;C:\Program Files\Java\jdk1.8.0_91\jre\lib\ext\nashorn.jar;C:\Program Files\Java\jdk1.8.0_91\jre\lib\ext\sunec.jar;C:\Program Files\Java\jdk1.8.0_91\jre\lib\ext\sunjce_provider.jar;C:\Program Files\Java\jdk1.8.0_91\jre\lib\ext\sunmscapi.jar;C:\Program Files\Java\jdk1.8.0_91\jre\lib\ext\sunpkcs11.jar;C:\Program Files\Java\jdk1.8.0_91\jre\lib\ext\zipfs.jar;C:\Program Files\Java\jdk1.8.0_91\jre\lib\javaws.jar;C:\Program Files\Java\jdk1.8.0_91\jre\lib\jce.jar;C:\Program Files\Java\jdk1.8.0_91\jre\lib\jfr.jar;C:\Program Files\Java\jdk1.8.0_91\jre\lib\jfxswt.jar;C:\Program Files\Java\jdk1.8.0_91\jre\lib\jsse.jar;C:\Program Files\Java\jdk1.8.0_91\jre\lib\management-agent.jar;C:\Program Files\Java\jdk1.8.0_91\jre\lib\plugin.jar;C:\Program Files\Java\jdk1.8.0_91\jre\lib\resources.jar;C:\Program Files\Java\jdk1.8.0_91\jre\lib\rt.jar;D:\GradeClient-main\out\production\GradeClient;D:\GradeClient-main\lib\1.8.8.jar;D:\GradeClient-main\lib\jna-3.4.0.jar;D:\GradeClient-main\lib\fernflower.jar;D:\GradeClient-main\lib\gson-2.2.4.jar;D:\GradeClient-main\lib\guava-17.0.jar;D:\GradeClient-main\lib\mcinjector.jar;D:\GradeClient-main\lib\retroguard.jar;D:\GradeClient-main\lib\twitch-6.5.jar;D:\GradeClient-main\lib\netty-1.8.8.jar;D:\GradeClient-main\lib\jinput-2.0.5.jar;D:\GradeClient-main\lib\jutils-1.0.0.jar;D:\GradeClient-main\lib\minecraft_rg.jar;D:\GradeClient-main\lib\minecraft_exc.jar;D:\GradeClient-main\lib\oshi-core-1.1.jar;D:\GradeClient-main\lib\realms-1.7.39.jar;D:\GradeClient-main\lib\specia
Launcher Type: SUN_STANDARD

Environment Variables:
JAVA_HOME=D:\graalvm-jdk-17.0.8+9.1
PATH=D:\graalvm-jdk-17.0.8+9.1\bin;D:\Program Files (x86)\VMware\VMware Workstation\bin\;C:\ProgramData\Oracle\Java\javapath;C:\Windows\system32;C:\Windows;C:\Windows\System32\Wbem;C:\Windows\System32\WindowsPowerShell\v1.0\;C:\Windows\System32\OpenSSH\;C:\Program Files (x86)\NVIDIA Corporation\PhysX\Common;C:\Program Files\NVIDIA Corporation\NVIDIA NvDLISR;C:\Program Files\Git\cmd;C:\Program Files\Microsoft SQL Server\150\Tools\Binn\;C:\Program Files\Microsoft SQL Server\Client SDK\ODBC\170\Tools\Binn\;C:\Program Files\dotnet\;D:\Windows Kits\10\Windows Performance Toolkit\;C:\Users\43850\AppData\Roaming\nvm;C:\Program Files\nodejs;C:\Program Files (x86)\Microsoft SQL Server\Client SDK\ODBC\130\Tools\Binn\;C:\Program Files (x86)\Microsoft SQL Server\140\Tools\Binn\;C:\Program Files (x86)\Microsoft SQL Server\140\DTS\Binn\;C:\Program Files (x86)\Microsoft SQL Server\140\Tools\Binn\ManagementStudio\;C:\Program Files (x86)\Microsoft SQL Server\130\Tools\Binn\;C:\Program Files\Microsoft SQL Server\130\Tools\Binn\;C:\Program Files (x86)\Microsoft SQL Server\130\DTS\Binn\;C:\Program Files\Microsoft SQL Server\130\DTS\Binn\;C:\Program Files\Microsoft SQL Server\Client SDK\ODBC\130\Tools\Binn\;D:\Program Files\Redis\;D:\GradeClient-main\jars\versions\1.8.8\1.8.8-natives;C:\Users\43850\AppData\Local\Microsoft\WindowsApps;C:\Users\43850\AppData\Roaming\npm;C:\Users\43850\.dotnet\tools;C:\Users\43850\AppData\Local\Programs\Microsoft VS Code\bin;C:\Users\43850\AppData\Roaming\nvm;C:\Program Files\nodejs;C:\Users\43850\AppData\Local\gitkraken\bin
USERNAME=43850
OS=Windows_NT
PROCESSOR_IDENTIFIER=Intel64 Family 6 Model 154 Stepping 3, GenuineIntel



---------------  S Y S T E M  ---------------

OS: Windows 10.0 , 64 bit Build 22621 (10.0.22621.3235)

CPU:total 16 (8 cores per cpu, 2 threads per core) family 6 model 154 stepping 3, cmov, cx8, fxsr, mmx, sse, sse2, sse3, ssse3, sse4.1, sse4.2, popcnt, avx, avx2, aes, clmul, erms, 3dnowpref, lzcnt, ht, tsc, tscinvbit, bmi1, bmi2, adx

Memory: 4k page, physical 16496120k(1965572k free), swap 28153228k(3546500k free)

vm_info: Java HotSpot(TM) 64-Bit Server VM (25.91-b14) for windows-amd64 JRE (1.8.0_91-b14), built on Apr  1 2016 00:58:32 by "java_re" with MS VC++ 10.0 (VS2010)

time: Sun Mar 31 00:58:33 2024
elapsed time: 312 seconds (0d 0h 5m 12s)

