#
# A fatal error has been detected by the Java Runtime Environment:
#
#  EXCEPTION_ACCESS_VIOLATION (0xc0000005) at pc=0x00007ffa717895aa, pid=25156, tid=1376
#
# JRE version: Java(TM) SE Runtime Environment (8.0_91-b14) (build 1.8.0_91-b14)
# Java VM: Java HotSpot(TM) 64-Bit Server VM (25.91-b14 mixed mode windows-amd64 compressed oops)
# Problematic frame:
# C  [igxelpicd64.dll+0x2895aa]
#
# Failed to write core dump. Minidumps are not enabled by default on client versions of Windows
#
# If you would like to submit a bug report, please visit:
#   http://bugreport.java.com/bugreport/crash.jsp
#

---------------  T H R E A D  ---------------

Current thread (0x000000001ced8000):  VMThread [stack: 0x000000001ffb0000,0x00000000200b0000] [id=1376]

siginfo: ExceptionCode=0xc0000005, reading address 0x0000000000035f88

Registers:
RAX=0x00000000352290b8, RBX=0x0000000000000000, RCX=0x0000000000000000, RDX=0x00000000fffffff0
RSP=0x00000000200ae900, RBP=0x00000000200ae968, RSI=0x00000000352a1c20, RDI=0x0000000000000000
R8 =0x0000000000000000, R9 =0x0000000000000000, R10=0x0000000035229588, R11=0x0000000000000246
R12=0x0000000035441288, R13=0x0000000000000000, R14=0x0000000035228fb0, R15=0x0000000000000016
RIP=0x00007ffa717895aa, EFLAGS=0x0000000000010206

Top of Stack: (sp=0x00000000200ae900)
0x00000000200ae900:   0000000029d2ab50 0000000000000000
0x00000000200ae910:   00000000200aeab0 00007ffb090a41a9
0x00000000200ae920:   00000000369d6b10 0000000000000000
0x00000000200ae930:   0000000029d2ab50 0000000035229588
0x00000000200ae940:   02832f8902dc0289 00007ffb09b533b4
0x00000000200ae950:   02933d8a02c8dd89 0093808a02864b8a
0x00000000200ae960:   02489c8a02a2888a 0000000000000017
0x00000000200ae970:   00000000000023cc 0000740400000000
0x00000000200ae980:   0000000035441288 0000000000000000
0x00000000200ae990:   0000000000000000 00000000352a1c20
0x00000000200ae9a0:   00000000200aeab0 00007ffa71581d5f
0x00000000200ae9b0:   00000000352a1c00 0000000000000016
0x00000000200ae9c0:   0292e3910235c300 0233609200165900
0x00000000200ae9d0:   00000000000007c0 02be9f9200000000
0x00000000200ae9e0:   0000000000000000 023dca9300c76993
0x00000000200ae9f0:   0274e693018cce93 01e05a9401f73994 

Instructions: (pc=0x00007ffa717895aa)
0x00007ffa7178958a:   48 8d 04 c0 48 8d 40 21 49 8d 04 c6 48 85 c0 74
0x00007ffa7178959a:   0c 48 8b 48 08 eb 09 48 83 c0 08 eb ef 48 8b cb
0x00007ffa717895aa:   49 3b 8d 88 5f 03 00 0f 86 86 01 00 00 41 83 f8
0x00007ffa717895ba:   10 73 0d 4a 8d 04 c5 21 00 00 00 49 03 c0 eb 55 


Register to memory mapping:

RAX=0x00000000352290b8 is an unknown value
RBX=0x0000000000000000 is an unknown value
RCX=0x0000000000000000 is an unknown value
RDX=0x00000000fffffff0 is an unknown value
RSP=0x00000000200ae900 is an unknown value
RBP=0x00000000200ae968 is an unknown value
RSI=0x00000000352a1c20 is an unknown value
RDI=0x0000000000000000 is an unknown value
R8 =0x0000000000000000 is an unknown value
R9 =0x0000000000000000 is an unknown value
R10=0x0000000035229588 is an unknown value
R11=0x0000000000000246 is an unknown value
R12=0x0000000035441288 is an unknown value
R13=0x0000000000000000 is an unknown value
R14=0x0000000035228fb0 is an unknown value
R15=0x0000000000000016 is an unknown value


Stack: [0x000000001ffb0000,0x00000000200b0000],  sp=0x00000000200ae900,  free space=1018k
Native frames: (J=compiled Java code, j=interpreted, Vv=VM code, C=native code)
C  [igxelpicd64.dll+0x2895aa]
C  [igxelpicd64.dll+0x81d5f]
C  [igxelpicd64.dll+0x28d57f]
C  [igxelpicd64.dll+0x75468]
C  [igxelpicd64.dll+0x243ef4]
C  [igxelpicd64.dll+0x2442b3]
C  [igxelpicd64.dll+0x23e32f]
C  [igxelpicd64.dll+0x23e15d]
C  [igxelpicd64.dll+0x81545b]
C  [ntdll.dll+0x2869f]
C  [ntdll.dll+0x510a6]
C  [ntdll.dll+0x50c9d]
C  [KERNEL32.DLL+0x17fab]
C  [msvcr100.dll+0x20ccd]
V  [jvm.dll+0x211395]
V  [jvm.dll+0x24a0e7]
V  [jvm.dll+0x249386]
V  [jvm.dll+0x249821]
V  [jvm.dll+0x249a3e]
V  [jvm.dll+0x29a99a]
C  [msvcr100.dll+0x21d9f]
C  [msvcr100.dll+0x21e3b]
C  [KERNEL32.DLL+0x1257d]
C  [ntdll.dll+0x5aa58]

VM_Operation (0x000000004c87f1b0): Exit, mode: safepoint, requested by thread 0x000000002645f800


---------------  P R O C E S S  ---------------

Java Threads: ( => current thread )
  0x000000002645f800 JavaThread "SIGINT handler" daemon [_thread_blocked, id=12100, stack(0x000000004c780000,0x000000004c880000)]
  0x000000004f304800 JavaThread "Chunk Batcher 1" daemon [_thread_blocked, id=824, stack(0x00000000206b0000,0x00000000207b0000)]
  0x000000001e9ec000 JavaThread "Chunk Batcher 0" daemon [_thread_blocked, id=25916, stack(0x00000000204b0000,0x00000000205b0000)]
  0x0000000027c3f000 JavaThread "Thread-7" [_thread_blocked, id=20560, stack(0x000000004cfd0000,0x000000004d0d0000)]
  0x000000002484e800 JavaThread "Thread-6" [_thread_blocked, id=6204, stack(0x000000004c880000,0x000000004c980000)]
  0x0000000026775800 JavaThread "Java2D Disposer" daemon [_thread_blocked, id=25812, stack(0x0000000027210000,0x0000000027310000)]
  0x0000000026775000 JavaThread "Timer hack thread" daemon [_thread_blocked, id=8532, stack(0x0000000025f70000,0x0000000026070000)]
  0x0000000026ede000 JavaThread "Snooper Timer" daemon [_thread_blocked, id=26720, stack(0x0000000026070000,0x0000000026170000)]
  0x0000000026ccb800 JavaThread "Snooper Timer" daemon [_thread_blocked, id=16428, stack(0x0000000024a50000,0x0000000024b50000)]
  0x000000001eb0c000 JavaThread "Service Thread" daemon [_thread_blocked, id=27552, stack(0x00000000214b0000,0x00000000215b0000)]
  0x000000001ea38000 JavaThread "C1 CompilerThread11" daemon [_thread_blocked, id=25832, stack(0x00000000212b0000,0x00000000213b0000)]
  0x000000001ea2b000 JavaThread "C1 CompilerThread10" daemon [_thread_blocked, id=18700, stack(0x00000000211b0000,0x00000000212b0000)]
  0x000000001ea1f800 JavaThread "C1 CompilerThread9" daemon [_thread_blocked, id=1432, stack(0x00000000210b0000,0x00000000211b0000)]
  0x000000001ea1e800 JavaThread "C1 CompilerThread8" daemon [_thread_blocked, id=8904, stack(0x0000000020fb0000,0x00000000210b0000)]
  0x000000001ea1e000 JavaThread "C2 CompilerThread7" daemon [_thread_blocked, id=22428, stack(0x0000000020eb0000,0x0000000020fb0000)]
  0x000000001ea1c000 JavaThread "C2 CompilerThread6" daemon [_thread_blocked, id=27016, stack(0x0000000020db0000,0x0000000020eb0000)]
  0x000000001ea19800 JavaThread "C2 CompilerThread5" daemon [_thread_blocked, id=27372, stack(0x0000000020cb0000,0x0000000020db0000)]
  0x000000001ea16800 JavaThread "C2 CompilerThread4" daemon [_thread_blocked, id=4512, stack(0x0000000020bb0000,0x0000000020cb0000)]
  0x000000001ea12000 JavaThread "C2 CompilerThread3" daemon [_thread_blocked, id=11640, stack(0x0000000020ab0000,0x0000000020bb0000)]
  0x000000001ea11000 JavaThread "C2 CompilerThread2" daemon [_thread_blocked, id=11476, stack(0x00000000209b0000,0x0000000020ab0000)]
  0x000000001ea10800 JavaThread "C2 CompilerThread1" daemon [_thread_blocked, id=16212, stack(0x00000000208b0000,0x00000000209b0000)]
  0x000000001ea0f000 JavaThread "C2 CompilerThread0" daemon [_thread_blocked, id=25972, stack(0x00000000207b0000,0x00000000208b0000)]
  0x000000001e9ea800 JavaThread "JDWP Event Helper Thread" daemon [_thread_blocked, id=13732, stack(0x00000000205b0000,0x00000000206b0000)]
  0x000000001e9d3800 JavaThread "Attach Listener" daemon [_thread_blocked, id=1628, stack(0x00000000203b0000,0x00000000204b0000)]
  0x000000001e97a800 JavaThread "Signal Dispatcher" daemon [_thread_blocked, id=25032, stack(0x00000000202b0000,0x00000000203b0000)]
  0x000000001e956800 JavaThread "Finalizer" daemon [_thread_blocked, id=15628, stack(0x00000000201b0000,0x00000000202b0000)]
  0x000000001cee1000 JavaThread "Reference Handler" daemon [_thread_blocked, id=8800, stack(0x00000000200b0000,0x00000000201b0000)]
  0x0000000003053800 JavaThread "Client thread" [_thread_blocked, id=18816, stack(0x0000000002950000,0x0000000002a50000)]

Other Threads:
=>0x000000001ced8000 VMThread [stack: 0x000000001ffb0000,0x00000000200b0000] [id=1376]

VM state:at safepoint (shutting down)

VM Mutex/Monitor currently owned by a thread:  ([mutex/lock_event])
[0x00000000030506d0] Threads_lock - owner thread: 0x000000001ced8000

Heap:
 PSYoungGen      total 239104K, used 107642K [0x000000076c180000, 0x0000000780f80000, 0x00000007c0000000)
  eden space 209920K, 43% used [0x000000076c180000,0x0000000771a92ad0,0x0000000778e80000)
  from space 29184K, 56% used [0x0000000778e80000,0x0000000779e8c090,0x000000077ab00000)
  to   space 28672K, 0% used [0x000000077f380000,0x000000077f380000,0x0000000780f80000)
 ParOldGen       total 109568K, used 45383K [0x00000006c4400000, 0x00000006caf00000, 0x000000076c180000)
  object space 109568K, 41% used [0x00000006c4400000,0x00000006c7051c58,0x00000006caf00000)
 Metaspace       used 31682K, capacity 31897K, committed 32384K, reserved 1077248K
  class space    used 4067K, capacity 4131K, committed 4224K, reserved 1048576K

Card table byte_map: [0x0000000012510000,0x0000000012cf0000] byte_map_base: 0x000000000eeee000

Marking Bits: (ParMarkBitMap*) 0x000000006beb2f70
 Begin Bits: [0x0000000013f30000, 0x0000000017e20000)
 End Bits:   [0x0000000017e20000, 0x000000001bd10000)

Polling page: 0x0000000001170000

CodeCache: size=245760Kb used=15976Kb max_used=16856Kb free=229783Kb
 bounds [0x0000000003150000, 0x00000000041e0000, 0x0000000012150000]
 total_blobs=4244 nmethods=3584 adapters=577
 compilation: enabled

Compilation events (10 events):
Event: 6.589 Thread 0x000000001ea1f800 3840   !   3       org.apache.logging.log4j.core.impl.ReflectiveCallerClassUtility::getCaller (63 bytes)
Event: 6.590 Thread 0x000000001ea1f800 nmethod 3840 0x00000000037bbe10 code [0x00000000037bc0a0, 0x00000000037bd2c8]
Event: 6.591 Thread 0x000000001ea1e800 3841       3       java.util.logging.LogManager::access$100 (4 bytes)
Event: 6.591 Thread 0x000000001ea2b000 3842       3       java.util.logging.LogManager$LoggerContext::requiresDefaultLoggers (29 bytes)
Event: 6.591 Thread 0x000000001ea1e800 nmethod 3841 0x000000000340a0d0 code [0x000000000340a220, 0x000000000340a350]
Event: 6.591 Thread 0x000000001ea2b000 nmethod 3842 0x00000000037bfb10 code [0x00000000037bfc80, 0x00000000037c00c8]
Event: 6.591 Thread 0x000000001ea38000 3843       3       org.apache.logging.log4j.core.helpers.NameUtil::getSubName (32 bytes)
Event: 6.592 Thread 0x000000001ea38000 nmethod 3843 0x000000000381b450 code [0x000000000381b5e0, 0x000000000381bb78]
Event: 6.592 Thread 0x000000001ea1f800 3844       3       com.google.gson.JsonObject::get (12 bytes)
Event: 6.592 Thread 0x000000001ea1f800 nmethod 3844 0x000000000340d7d0 code [0x000000000340d960, 0x000000000340df48]

GC Heap History (10 events):
Event: 2.533 GC heap before
{Heap before GC invocations=6 (full 1):
 PSYoungGen      total 99840K, used 97301K [0x000000076c180000, 0x0000000773000000, 0x00000007c0000000)
  eden space 89088K, 100% used [0x000000076c180000,0x0000000771880000,0x0000000771880000)
  from space 10752K, 76% used [0x0000000772300000,0x0000000772b05520,0x0000000772d80000)
  to   space 10752K, 0% used [0x0000000771880000,0x0000000771880000,0x0000000772300000)
 ParOldGen       total 109568K, used 14207K [0x00000006c4400000, 0x00000006caf00000, 0x000000076c180000)
  object space 109568K, 12% used [0x00000006c4400000,0x00000006c51dfc38,0x00000006caf00000)
 Metaspace       used 26656K, capacity 26924K, committed 27136K, reserved 1073152K
  class space    used 3718K, capacity 3808K, committed 3840K, reserved 1048576K
Event: 2.537 GC heap after
Heap after GC invocations=6 (full 1):
 PSYoungGen      total 99840K, used 10736K [0x000000076c180000, 0x0000000776180000, 0x00000007c0000000)
  eden space 89088K, 0% used [0x000000076c180000,0x000000076c180000,0x0000000771880000)
  from space 10752K, 99% used [0x0000000771880000,0x00000007722fc020,0x0000000772300000)
  to   space 13312K, 0% used [0x0000000775480000,0x0000000775480000,0x0000000776180000)
 ParOldGen       total 109568K, used 17119K [0x00000006c4400000, 0x00000006caf00000, 0x000000076c180000)
  object space 109568K, 15% used [0x00000006c4400000,0x00000006c54b7c38,0x00000006caf00000)
 Metaspace       used 26656K, capacity 26924K, committed 27136K, reserved 1073152K
  class space    used 3718K, capacity 3808K, committed 3840K, reserved 1048576K
}
Event: 2.627 GC heap before
{Heap before GC invocations=7 (full 1):
 PSYoungGen      total 99840K, used 99824K [0x000000076c180000, 0x0000000776180000, 0x00000007c0000000)
  eden space 89088K, 100% used [0x000000076c180000,0x0000000771880000,0x0000000771880000)
  from space 10752K, 99% used [0x0000000771880000,0x00000007722fc020,0x0000000772300000)
  to   space 13312K, 0% used [0x0000000775480000,0x0000000775480000,0x0000000776180000)
 ParOldGen       total 109568K, used 17119K [0x00000006c4400000, 0x00000006caf00000, 0x000000076c180000)
  object space 109568K, 15% used [0x00000006c4400000,0x00000006c54b7c38,0x00000006caf00000)
 Metaspace       used 26805K, capacity 27052K, committed 27392K, reserved 1073152K
  class space    used 3728K, capacity 3808K, committed 3840K, reserved 1048576K
Event: 2.635 GC heap after
Heap after GC invocations=7 (full 1):
 PSYoungGen      total 143360K, used 13280K [0x000000076c180000, 0x0000000777a80000, 0x00000007c0000000)
  eden space 130048K, 0% used [0x000000076c180000,0x000000076c180000,0x0000000774080000)
  from space 13312K, 99% used [0x0000000775480000,0x0000000776178010,0x0000000776180000)
  to   space 20480K, 0% used [0x0000000774080000,0x0000000774080000,0x0000000775480000)
 ParOldGen       total 109568K, used 24951K [0x00000006c4400000, 0x00000006caf00000, 0x000000076c180000)
  object space 109568K, 22% used [0x00000006c4400000,0x00000006c5c5dc38,0x00000006caf00000)
 Metaspace       used 26805K, capacity 27052K, committed 27392K, reserved 1073152K
  class space    used 3728K, capacity 3808K, committed 3840K, reserved 1048576K
}
Event: 3.566 GC heap before
{Heap before GC invocations=8 (full 1):
 PSYoungGen      total 143360K, used 143328K [0x000000076c180000, 0x0000000777a80000, 0x00000007c0000000)
  eden space 130048K, 100% used [0x000000076c180000,0x0000000774080000,0x0000000774080000)
  from space 13312K, 99% used [0x0000000775480000,0x0000000776178010,0x0000000776180000)
  to   space 20480K, 0% used [0x0000000774080000,0x0000000774080000,0x0000000775480000)
 ParOldGen       total 109568K, used 24951K [0x00000006c4400000, 0x00000006caf00000, 0x000000076c180000)
  object space 109568K, 22% used [0x00000006c4400000,0x00000006c5c5dc38,0x00000006caf00000)
 Metaspace       used 30508K, capacity 30745K, committed 30976K, reserved 1077248K
  class space    used 4005K, capacity 4067K, committed 4096K, reserved 1048576K
Event: 3.576 GC heap after
Heap after GC invocations=8 (full 1):
 PSYoungGen      total 150528K, used 20448K [0x000000076c180000, 0x000000077c680000, 0x00000007c0000000)
  eden space 130048K, 0% used [0x000000076c180000,0x000000076c180000,0x0000000774080000)
  from space 20480K, 99% used [0x0000000774080000,0x0000000775478080,0x0000000775480000)
  to   space 28160K, 0% used [0x000000077ab00000,0x000000077ab00000,0x000000077c680000)
 ParOldGen       total 109568K, used 32211K [0x00000006c4400000, 0x00000006caf00000, 0x000000076c180000)
  object space 109568K, 29% used [0x00000006c4400000,0x00000006c6374c18,0x00000006caf00000)
 Metaspace       used 30508K, capacity 30745K, committed 30976K, reserved 1077248K
  class space    used 4005K, capacity 4067K, committed 4096K, reserved 1048576K
}
Event: 3.890 GC heap before
{Heap before GC invocations=9 (full 1):
 PSYoungGen      total 150528K, used 150496K [0x000000076c180000, 0x000000077c680000, 0x00000007c0000000)
  eden space 130048K, 100% used [0x000000076c180000,0x0000000774080000,0x0000000774080000)
  from space 20480K, 99% used [0x0000000774080000,0x0000000775478080,0x0000000775480000)
  to   space 28160K, 0% used [0x000000077ab00000,0x000000077ab00000,0x000000077c680000)
 ParOldGen       total 109568K, used 32211K [0x00000006c4400000, 0x00000006caf00000, 0x000000076c180000)
  object space 109568K, 29% used [0x00000006c4400000,0x00000006c6374c18,0x00000006caf00000)
 Metaspace       used 30862K, capacity 31097K, committed 31616K, reserved 1077248K
  class space    used 4024K, capacity 4099K, committed 4224K, reserved 1048576K
Event: 3.901 GC heap after
Heap after GC invocations=9 (full 1):
 PSYoungGen      total 238080K, used 18300K [0x000000076c180000, 0x000000077c980000, 0x00000007c0000000)
  eden space 209920K, 0% used [0x000000076c180000,0x000000076c180000,0x0000000778e80000)
  from space 28160K, 64% used [0x000000077ab00000,0x000000077bcdf030,0x000000077c680000)
  to   space 29184K, 0% used [0x0000000778e80000,0x0000000778e80000,0x000000077ab00000)
 ParOldGen       total 109568K, used 37683K [0x00000006c4400000, 0x00000006caf00000, 0x000000076c180000)
  object space 109568K, 34% used [0x00000006c4400000,0x00000006c68ccc48,0x00000006caf00000)
 Metaspace       used 30862K, capacity 31097K, committed 31616K, reserved 1077248K
  class space    used 4024K, capacity 4099K, committed 4224K, reserved 1048576K
}
Event: 4.598 GC heap before
{Heap before GC invocations=10 (full 1):
 PSYoungGen      total 238080K, used 228220K [0x000000076c180000, 0x000000077c980000, 0x00000007c0000000)
  eden space 209920K, 100% used [0x000000076c180000,0x0000000778e80000,0x0000000778e80000)
  from space 28160K, 64% used [0x000000077ab00000,0x000000077bcdf030,0x000000077c680000)
  to   space 29184K, 0% used [0x0000000778e80000,0x0000000778e80000,0x000000077ab00000)
 ParOldGen       total 109568K, used 37683K [0x00000006c4400000, 0x00000006caf00000, 0x000000076c180000)
  object space 109568K, 34% used [0x00000006c4400000,0x00000006c68ccc48,0x00000006caf00000)
 Metaspace       used 31219K, capacity 31417K, committed 31872K, reserved 1077248K
  class space    used 4036K, capacity 4099K, committed 4224K, reserved 1048576K
Event: 4.608 GC heap after
Heap after GC invocations=10 (full 1):
 PSYoungGen      total 239104K, used 16432K [0x000000076c180000, 0x0000000780f80000, 0x00000007c0000000)
  eden space 209920K, 0% used [0x000000076c180000,0x000000076c180000,0x0000000778e80000)
  from space 29184K, 56% used [0x0000000778e80000,0x0000000779e8c090,0x000000077ab00000)
  to   space 28672K, 0% used [0x000000077f380000,0x000000077f380000,0x0000000780f80000)
 ParOldGen       total 109568K, used 45383K [0x00000006c4400000, 0x00000006caf00000, 0x000000076c180000)
  object space 109568K, 41% used [0x00000006c4400000,0x00000006c7051c58,0x00000006caf00000)
 Metaspace       used 31219K, capacity 31417K, committed 31872K, reserved 1077248K
  class space    used 4036K, capacity 4099K, committed 4224K, reserved 1048576K
}

Deoptimization events (10 events):
Event: 6.553 Thread 0x0000000003053800 Uncommon trap: reason=unstable_if action=reinterpret pc=0x0000000003e0205c method=java.util.Formatter$Conversion.isValid(C)Z @ 4
Event: 6.591 Thread 0x0000000003053800 Uncommon trap: reason=unstable_if action=reinterpret pc=0x0000000003e72f1c method=com.google.gson.internal.LinkedTreeMap.get(Ljava/lang/Object;)Ljava/lang/Object; @ 7
Event: 6.592 Thread 0x0000000003053800 Uncommon trap: reason=class_check action=maybe_recompile pc=0x0000000003c1a4a0 method=java.util.regex.Matcher.search(I)Z @ 86
Event: 6.592 Thread 0x0000000003053800 Uncommon trap: reason=class_check action=maybe_recompile pc=0x0000000003c1a4a0 method=java.util.regex.Matcher.search(I)Z @ 86
Event: 6.592 Thread 0x0000000003053800 Uncommon trap: reason=class_check action=maybe_recompile pc=0x0000000003c1a4a0 method=java.util.regex.Matcher.search(I)Z @ 86
Event: 6.592 Thread 0x0000000003053800 Uncommon trap: reason=class_check action=maybe_recompile pc=0x0000000003c1a4a0 method=java.util.regex.Matcher.search(I)Z @ 86
Event: 6.604 Thread 0x0000000003053800 Uncommon trap: reason=unstable_if action=reinterpret pc=0x0000000003aeeb38 method=java.util.regex.Pattern$Slice.match(Ljava/util/regex/Matcher;ILjava/lang/CharSequence;)Z @ 54
Event: 6.605 Thread 0x0000000003053800 Uncommon trap: reason=class_check action=maybe_recompile pc=0x0000000003bf1dc8 method=java.util.regex.Matcher.search(I)Z @ 86
Event: 6.605 Thread 0x0000000003053800 Uncommon trap: reason=class_check action=maybe_recompile pc=0x0000000003bef8d8 method=java.util.regex.Matcher.search(I)Z @ 86
Event: 6.616 Thread 0x000000002645f800 Uncommon trap: reason=class_check action=maybe_recompile pc=0x0000000004057358 method=java.util.HashSet.iterator()Ljava/util/Iterator; @ 4

Internal exceptions (10 events):
Event: 3.624 Thread 0x000000002484e800 Exception <a 'org/lwjgl/LWJGLException'> (0x000000076ced1260) thrown at [C:\re\workspace\8-2-build-windows-amd64-cygwin\jdk8u91\6644\hotspot\src\share\vm\prims\jni.cpp, line 709]
Event: 3.624 Thread 0x000000002484e800 Exception <a 'org/lwjgl/LWJGLException'> (0x000000076ced19f8) thrown at [C:\re\workspace\8-2-build-windows-amd64-cygwin\jdk8u91\6644\hotspot\src\share\vm\prims\jni.cpp, line 709]
Event: 3.624 Thread 0x000000002484e800 Exception <a 'org/lwjgl/LWJGLException'> (0x000000076ced21d8) thrown at [C:\re\workspace\8-2-build-windows-amd64-cygwin\jdk8u91\6644\hotspot\src\share\vm\prims\jni.cpp, line 709]
Event: 3.624 Thread 0x000000002484e800 Exception <a 'org/lwjgl/LWJGLException'> (0x000000076ced2918) thrown at [C:\re\workspace\8-2-build-windows-amd64-cygwin\jdk8u91\6644\hotspot\src\share\vm\prims\jni.cpp, line 709]
Event: 3.624 Thread 0x000000002484e800 Exception <a 'org/lwjgl/LWJGLException'> (0x000000076ced3040) thrown at [C:\re\workspace\8-2-build-windows-amd64-cygwin\jdk8u91\6644\hotspot\src\share\vm\prims\jni.cpp, line 709]
Event: 3.624 Thread 0x000000002484e800 Exception <a 'org/lwjgl/LWJGLException'> (0x000000076ced3768) thrown at [C:\re\workspace\8-2-build-windows-amd64-cygwin\jdk8u91\6644\hotspot\src\share\vm\prims\jni.cpp, line 709]
Event: 3.624 Thread 0x000000002484e800 Exception <a 'org/lwjgl/LWJGLException'> (0x000000076ced3ea8) thrown at [C:\re\workspace\8-2-build-windows-amd64-cygwin\jdk8u91\6644\hotspot\src\share\vm\prims\jni.cpp, line 709]
Event: 3.624 Thread 0x000000002484e800 Exception <a 'org/lwjgl/LWJGLException'> (0x000000076ced45c8) thrown at [C:\re\workspace\8-2-build-windows-amd64-cygwin\jdk8u91\6644\hotspot\src\share\vm\prims\jni.cpp, line 709]
Event: 4.018 Thread 0x000000002484e800 Exception <a 'java/lang/InterruptedException': sleep interrupted> (0x000000076eeeacf8) thrown at [C:\re\workspace\8-2-build-windows-amd64-cygwin\jdk8u91\6644\hotspot\src\share\vm\prims\jvm.cpp, line 3215]
Event: 4.018 Thread 0x000000002484e800 Exception <a 'java/lang/InterruptedException': sleep interrupted> (0x000000076eeeaf50) thrown at [C:\re\workspace\8-2-build-windows-amd64-cygwin\jdk8u91\6644\hotspot\src\share\vm\prims\jvm.cpp, line 3167]

Events (10 events):
Event: 6.605 Thread 0x0000000003053800 DEOPT PACKING pc=0x0000000003bf1dc8 sp=0x0000000002a4ede0
Event: 6.605 Thread 0x0000000003053800 DEOPT UNPACKING pc=0x000000000319582a sp=0x0000000002a4ed48 mode 2
Event: 6.605 Thread 0x0000000003053800 Uncommon trap: trap_request=0xffffffde fr.pc=0x0000000003bef8d8
Event: 6.605 Thread 0x0000000003053800 DEOPT PACKING pc=0x0000000003bef8d8 sp=0x0000000002a4ed80
Event: 6.605 Thread 0x0000000003053800 DEOPT UNPACKING pc=0x000000000319582a sp=0x0000000002a4ed48 mode 2
Event: 6.616 Thread 0x00000000219c9800 Thread exited: 0x00000000219c9800
Event: 6.616 Thread 0x000000002645f800 Uncommon trap: trap_request=0xffffffde fr.pc=0x0000000004057358
Event: 6.616 Thread 0x000000002645f800 DEOPT PACKING pc=0x0000000004057358 sp=0x000000004c87f010
Event: 6.617 Thread 0x000000002645f800 DEOPT UNPACKING pc=0x000000000319582a sp=0x000000004c87efe8 mode 2
Event: 6.617 Executing VM operation: Exit


Dynamic libraries:
0x00007ff6331d0000 - 0x00007ff633207000 	C:\Program Files\Java\jdk1.8.0_91\bin\java.exe
0x00007ffb09ab0000 - 0x00007ffb09cc6000 	C:\Windows\SYSTEM32\ntdll.dll
0x00007ffb09250000 - 0x00007ffb09314000 	C:\Windows\System32\KERNEL32.DLL
0x00007ffb06df0000 - 0x00007ffb07196000 	C:\Windows\System32\KERNELBASE.dll
0x00007ffb097d0000 - 0x00007ffb09882000 	C:\Windows\System32\ADVAPI32.dll
0x00007ffb096d0000 - 0x00007ffb09777000 	C:\Windows\System32\msvcrt.dll
0x00007ffb08ff0000 - 0x00007ffb09098000 	C:\Windows\System32\sechost.dll
0x00007ffb07340000 - 0x00007ffb07368000 	C:\Windows\System32\bcrypt.dll
0x00007ffb07960000 - 0x00007ffb07a75000 	C:\Windows\System32\RPCRT4.dll
0x00007ffb090a0000 - 0x00007ffb0924d000 	C:\Windows\System32\USER32.dll
0x00007ffb07370000 - 0x00007ffb07396000 	C:\Windows\System32\win32u.dll
0x00007ffb07920000 - 0x00007ffb07949000 	C:\Windows\System32\GDI32.dll
0x00007ffb071a0000 - 0x00007ffb072b8000 	C:\Windows\System32\gdi32full.dll
0x00007ffb074c0000 - 0x00007ffb0755a000 	C:\Windows\System32\msvcp_win.dll
0x00007ffb073a0000 - 0x00007ffb074b1000 	C:\Windows\System32\ucrtbase.dll
0x00007ffaeb850000 - 0x00007ffaebae3000 	C:\Windows\WinSxS\amd64_microsoft.windows.common-controls_6595b64144ccf1df_6.0.22621.3235_none_270f74e173860f98\COMCTL32.dll
0x00007ffb09890000 - 0x00007ffb098c1000 	C:\Windows\System32\IMM32.DLL
0x000000006bf40000 - 0x000000006c012000 	C:\Program Files\Java\jdk1.8.0_91\jre\bin\msvcr100.dll
0x000000006b6a0000 - 0x000000006bf33000 	C:\Program Files\Java\jdk1.8.0_91\jre\bin\server\jvm.dll
0x00007ffb09320000 - 0x00007ffb09328000 	C:\Windows\System32\PSAPI.DLL
0x00007ffafe210000 - 0x00007ffafe219000 	C:\Windows\SYSTEM32\WSOCK32.dll
0x00007ffb09430000 - 0x00007ffb094a1000 	C:\Windows\System32\WS2_32.dll
0x00007ffb00940000 - 0x00007ffb00974000 	C:\Windows\SYSTEM32\WINMM.dll
0x00007ffaf3150000 - 0x00007ffaf315a000 	C:\Windows\SYSTEM32\VERSION.dll
0x000000006c640000 - 0x000000006c64f000 	C:\Program Files\Java\jdk1.8.0_91\jre\bin\verify.dll
0x000000006c4a0000 - 0x000000006c4c9000 	C:\Program Files\Java\jdk1.8.0_91\jre\bin\java.dll
0x000000006c460000 - 0x000000006c495000 	C:\Program Files\Java\jdk1.8.0_91\jre\bin\jdwp.dll
0x000000006c630000 - 0x000000006c638000 	C:\Program Files\Java\jdk1.8.0_91\jre\bin\npt.dll
0x000000006c430000 - 0x000000006c453000 	C:\Program Files\Java\jdk1.8.0_91\jre\bin\instrument.dll
0x000000006b680000 - 0x000000006b696000 	C:\Program Files\Java\jdk1.8.0_91\jre\bin\zip.dll
0x00007ffb07f70000 - 0x00007ffb087cd000 	C:\Windows\System32\SHELL32.dll
0x00007ffb04d60000 - 0x00007ffb05658000 	C:\Windows\SYSTEM32\windows.storage.dll
0x00007ffb07be0000 - 0x00007ffb07f68000 	C:\Windows\System32\combase.dll
0x00007ffb04c20000 - 0x00007ffb04d5e000 	C:\Windows\SYSTEM32\wintypes.dll
0x00007ffb07ae0000 - 0x00007ffb07bd3000 	C:\Windows\System32\SHCORE.dll
0x00007ffb078a0000 - 0x00007ffb078fe000 	C:\Windows\System32\shlwapi.dll
0x00007ffb06d20000 - 0x00007ffb06d46000 	C:\Windows\SYSTEM32\profapi.dll
0x000000006b670000 - 0x000000006b679000 	C:\Program Files\Java\jdk1.8.0_91\jre\bin\dt_socket.dll
0x00007ffb063a0000 - 0x00007ffb06409000 	C:\Windows\system32\mswsock.dll
0x000000006b660000 - 0x000000006b66d000 	C:\Program Files\Java\jdk1.8.0_91\jre\bin\management.dll
0x000000006b640000 - 0x000000006b65a000 	C:\Program Files\Java\jdk1.8.0_91\jre\bin\net.dll
0x000000006b620000 - 0x000000006b631000 	C:\Program Files\Java\jdk1.8.0_91\jre\bin\nio.dll
0x00007ffad06c0000 - 0x00007ffad06d7000 	C:\Windows\system32\napinsp.dll
0x00007ffacf7e0000 - 0x00007ffacf7fb000 	C:\Windows\system32\pnrpnsp.dll
0x00007ffb05950000 - 0x00007ffb05a49000 	C:\Windows\SYSTEM32\DNSAPI.dll
0x00007ffb05920000 - 0x00007ffb0594d000 	C:\Windows\SYSTEM32\IPHLPAPI.DLL
0x00007ffb07950000 - 0x00007ffb07959000 	C:\Windows\System32\NSI.dll
0x00007ffacf7c0000 - 0x00007ffacf7d1000 	C:\Windows\System32\winrnr.dll
0x00007ffafb6d0000 - 0x00007ffafb6e5000 	C:\Windows\system32\wshbth.dll
0x00007ffacf600000 - 0x00007ffacf621000 	C:\Windows\system32\nlansp_c.dll
0x00007ffafaae0000 - 0x00007ffafab63000 	C:\Windows\System32\fwpuclnt.dll
0x00007ffaf9d90000 - 0x00007ffaf9d9a000 	C:\Windows\System32\rasadhlp.dll
0x0000000180000000 - 0x0000000180053000 	D:\GradeClient-main\jars\versions\1.8.8\1.8.8-natives\lwjgl64.dll
0x00007ffa725e0000 - 0x00007ffa726e0000 	C:\Windows\SYSTEM32\OPENGL32.dll
0x00007ffa725b0000 - 0x00007ffa725dd000 	C:\Windows\SYSTEM32\GLU32.dll
0x00007ffb03a90000 - 0x00007ffb03ac9000 	C:\Windows\SYSTEM32\dxcore.dll
0x00007ffb065f0000 - 0x00007ffb0660b000 	C:\Windows\SYSTEM32\CRYPTSP.dll
0x00007ffb05e80000 - 0x00007ffb05eb5000 	C:\Windows\system32\rsaenh.dll
0x00007ffb06490000 - 0x00007ffb064bc000 	C:\Windows\SYSTEM32\USERENV.dll
0x00007ffb072c0000 - 0x00007ffb0733a000 	C:\Windows\System32\bcryptprimitives.dll
0x00007ffb06610000 - 0x00007ffb0661c000 	C:\Windows\SYSTEM32\CRYPTBASE.dll
0x00007ffafd470000 - 0x00007ffafd489000 	C:\Windows\SYSTEM32\dhcpcsvc6.DLL
0x00007ffafd250000 - 0x00007ffafd26f000 	C:\Windows\SYSTEM32\dhcpcsvc.DLL
0x000000006b480000 - 0x000000006b618000 	C:\Program Files\Java\jdk1.8.0_91\jre\bin\awt.dll
0x00007ffb09330000 - 0x00007ffb09407000 	C:\Windows\System32\OLEAUT32.dll
0x00007ffb00090000 - 0x00007ffb00127000 	C:\Windows\SYSTEM32\apphelp.dll
0x00007ffafba20000 - 0x00007ffafbadc000 	C:\Windows\SYSTEM32\mscms.dll
0x00007ffb05f20000 - 0x00007ffb05f38000 	C:\Windows\SYSTEM32\kernel.appcore.dll
0x00007ffb08930000 - 0x00007ffb089e0000 	C:\Windows\System32\clbcatq.dll
0x00007ffaf95f0000 - 0x00007ffaf963e000 	C:\Windows\System32\Windows.Internal.Graphics.Display.DisplayColorManagement.dll
0x00007ffb06b00000 - 0x00007ffb06b4e000 	C:\Windows\SYSTEM32\cfgmgr32.dll
0x00007ffb007a0000 - 0x00007ffb0084b000 	C:\Windows\system32\uxtheme.dll
0x00007ffb087d0000 - 0x00007ffb08924000 	C:\Windows\System32\MSCTF.dll
0x00007ffaf93b0000 - 0x00007ffaf94fa000 	C:\Windows\SYSTEM32\textinputframework.dll
0x00007ffaff760000 - 0x00007ffaff894000 	C:\Windows\SYSTEM32\CoreMessaging.dll
0x00007ffafc930000 - 0x00007ffafcc9c000 	C:\Windows\SYSTEM32\CoreUIComponents.dll
0x00007ffb098d0000 - 0x00007ffb09a6f000 	C:\Windows\System32\ole32.dll
0x00007ffa85d90000 - 0x00007ffa85e7b000 	C:\Windows\system32\SogouWBTSF.ime
0x00007ffaf3680000 - 0x00007ffaf3687000 	C:\Windows\system32\MSIMG32.dll
0x00007ffb05f40000 - 0x00007ffb05f74000 	C:\Windows\SYSTEM32\ntmarta.dll
0x0000000029300000 - 0x0000000029bd2000 	C:\Windows\system32\SogouWb.ime
0x00007ffa85d70000 - 0x00007ffa85d89000 	C:\Windows\SYSTEM32\USP10.dll
0x00007ffb05cf0000 - 0x00007ffb05cfc000 	C:\Windows\SYSTEM32\Secur32.dll
0x00007ffaebaf0000 - 0x00007ffaebcaa000 	C:\Windows\WinSxS\amd64_microsoft.windows.gdiplus_6595b64144ccf1df_1.1.22621.3085_none_57ff6980ce140777\gdiplus.dll
0x00007ffaeb7e0000 - 0x00007ffaeb849000 	C:\Windows\SYSTEM32\OLEACC.dll
0x00007ffae5820000 - 0x00007ffae5d14000 	C:\Windows\SYSTEM32\WININET.dll
0x00007ffb06180000 - 0x00007ffb061cc000 	C:\Windows\SYSTEM32\SSPICLI.DLL
0x00007ffb07560000 - 0x00007ffb075cb000 	C:\Windows\System32\Wintrust.dll
0x00007ffb07690000 - 0x00007ffb077f6000 	C:\Windows\System32\CRYPT32.dll
0x00007ffb06650000 - 0x00007ffb06662000 	C:\Windows\SYSTEM32\MSASN1.dll
0x00007ffb09410000 - 0x00007ffb0942f000 	C:\Windows\System32\imagehlp.dll
0x00007ffb06430000 - 0x00007ffb06456000 	C:\Windows\SYSTEM32\gpapi.dll
0x00007ffaf3110000 - 0x00007ffaf3142000 	C:\Windows\System32\cryptnet.dll
0x0000000035490000 - 0x0000000035557000 	D:\Program Files (x86)\SogouWBInput\5.5.0.2580\Plugins64\ManualNewWord.dll
0x00007ffad5910000 - 0x00007ffad5942000 	C:\Windows\system32\msctfp.dll
0x00007ffafd1e0000 - 0x00007ffafd22a000 	C:\Windows\SYSTEM32\directxdatabasehelper.dll
0x00007ffafb8c0000 - 0x00007ffafb9f5000 	C:\Windows\System32\AppXDeploymentClient.dll
0x00007ffa71500000 - 0x00007ffa725a9000 	C:\Windows\System32\DriverStore\FileRepository\iigd_dch.inf_amd64_57d6be89ba05925b\igxelpicd64.dll
0x00007ffb03290000 - 0x00007ffb032bb000 	C:\Windows\system32\dwmapi.dll
0x00007ffb04960000 - 0x00007ffb04a58000 	C:\Windows\system32\dxgi.dll
0x00007ffa713d0000 - 0x00007ffa714f4000 	C:\Windows\System32\DriverStore\FileRepository\iigd_dch.inf_amd64_57d6be89ba05925b\igdml64.dll
0x00007ffaf71b0000 - 0x00007ffaf75c2000 	C:\Windows\System32\DriverStore\FileRepository\iigd_dch.inf_amd64_57d6be89ba05925b\igdgmm64.dll
0x00007ffb06ab0000 - 0x00007ffb06adc000 	C:\Windows\SYSTEM32\DEVOBJ.dll
0x00007ffacfce0000 - 0x00007ffacfd29000 	C:\Windows\SYSTEM32\icm32.dll
0x00007ffaeeae0000 - 0x00007ffaf2f1e000 	C:\Windows\System32\DriverStore\FileRepository\iigd_dch.inf_amd64_57d6be89ba05925b\igc64.dll
0x00007ffb05c80000 - 0x00007ffb05ccd000 	C:\Windows\SYSTEM32\powrprof.dll
0x00007ffb05c60000 - 0x00007ffb05c73000 	C:\Windows\SYSTEM32\UMPDC.dll
0x00000000289b0000 - 0x00000000289e8000 	C:\Users\43850\AppData\Local\Temp\jna\jna8239438218223487878.dll
0x0000000070a40000 - 0x0000000070adc000 	D:\GradeClient-main\jars\versions\1.8.8\1.8.8-natives\avutil-ttv-51.dll
0x0000000065980000 - 0x00000000659d6000 	D:\GradeClient-main\jars\versions\1.8.8\1.8.8-natives\swresample-ttv-0.dll
0x000000006eb80000 - 0x000000006ec50000 	D:\GradeClient-main\jars\versions\1.8.8\1.8.8-natives\libmp3lame-ttv.dll
0x00007ffa0e530000 - 0x00007ffa0f8d4000 	D:\GradeClient-main\jars\versions\1.8.8\1.8.8-natives\libmfxsw64.dll
0x00007ffa12190000 - 0x00007ffa122fd000 	D:\GradeClient-main\jars\versions\1.8.8\1.8.8-natives\twitchsdk.dll
0x000000004c6b0000 - 0x000000004c714000 	D:\GradeClient-main\jars\versions\1.8.8\1.8.8-natives\OpenAL64.dll
0x00007ffaf4f20000 - 0x00007ffaf4fbd000 	C:\Windows\System32\MMDevApi.dll
0x00007ffa3edb0000 - 0x00007ffa3ee52000 	C:\Windows\SYSTEM32\dsound.dll
0x00007ffacdd80000 - 0x00007ffacdda9000 	C:\Windows\SYSTEM32\winmmbase.dll
0x00007ffa3cc90000 - 0x00007ffa3cd41000 	C:\Windows\SYSTEM32\ResampleDmo.DLL
0x00007ffaed2f0000 - 0x00007ffaed2fb000 	C:\Windows\SYSTEM32\msdmo.dll
0x00007ffaeb320000 - 0x00007ffaeb50c000 	C:\Windows\SYSTEM32\AUDIOSES.DLL
0x00007ffb03930000 - 0x00007ffb03945000 	C:\Windows\SYSTEM32\resourcepolicyclient.dll
0x00007ffb044c0000 - 0x00007ffb046f3000 	C:\Windows\SYSTEM32\dbghelp.dll

VM Arguments:
jvm_args: -agentlib:jdwp=transport=dt_socket,address=127.0.0.1:62894,suspend=y,server=n -javaagent:D:\ideaIU-2023.2.win\plugins\java\lib\rt\debugger-agent.jar -Dfile.encoding=UTF-8 
java_command: Start
java_class_path (initial): C:\Program Files\Java\jdk1.8.0_91\jre\lib\charsets.jar;C:\Program Files\Java\jdk1.8.0_91\jre\lib\deploy.jar;C:\Program Files\Java\jdk1.8.0_91\jre\lib\ext\access-bridge-64.jar;C:\Program Files\Java\jdk1.8.0_91\jre\lib\ext\cldrdata.jar;C:\Program Files\Java\jdk1.8.0_91\jre\lib\ext\dnsns.jar;C:\Program Files\Java\jdk1.8.0_91\jre\lib\ext\jaccess.jar;C:\Program Files\Java\jdk1.8.0_91\jre\lib\ext\jfxrt.jar;C:\Program Files\Java\jdk1.8.0_91\jre\lib\ext\localedata.jar;C:\Program Files\Java\jdk1.8.0_91\jre\lib\ext\nashorn.jar;C:\Program Files\Java\jdk1.8.0_91\jre\lib\ext\sunec.jar;C:\Program Files\Java\jdk1.8.0_91\jre\lib\ext\sunjce_provider.jar;C:\Program Files\Java\jdk1.8.0_91\jre\lib\ext\sunmscapi.jar;C:\Program Files\Java\jdk1.8.0_91\jre\lib\ext\sunpkcs11.jar;C:\Program Files\Java\jdk1.8.0_91\jre\lib\ext\zipfs.jar;C:\Program Files\Java\jdk1.8.0_91\jre\lib\javaws.jar;C:\Program Files\Java\jdk1.8.0_91\jre\lib\jce.jar;C:\Program Files\Java\jdk1.8.0_91\jre\lib\jfr.jar;C:\Program Files\Java\jdk1.8.0_91\jre\lib\jfxswt.jar;C:\Program Files\Java\jdk1.8.0_91\jre\lib\jsse.jar;C:\Program Files\Java\jdk1.8.0_91\jre\lib\management-agent.jar;C:\Program Files\Java\jdk1.8.0_91\jre\lib\plugin.jar;C:\Program Files\Java\jdk1.8.0_91\jre\lib\resources.jar;C:\Program Files\Java\jdk1.8.0_91\jre\lib\rt.jar;D:\GradeClient-main\out\production\GradeClient;D:\GradeClient-main\lib\1.8.8.jar;D:\GradeClient-main\lib\jna-3.4.0.jar;D:\GradeClient-main\lib\fernflower.jar;D:\GradeClient-main\lib\gson-2.2.4.jar;D:\GradeClient-main\lib\guava-17.0.jar;D:\GradeClient-main\lib\mcinjector.jar;D:\GradeClient-main\lib\retroguard.jar;D:\GradeClient-main\lib\twitch-6.5.jar;D:\GradeClient-main\lib\netty-1.8.8.jar;D:\GradeClient-main\lib\jinput-2.0.5.jar;D:\GradeClient-main\lib\jutils-1.0.0.jar;D:\GradeClient-main\lib\minecraft_rg.jar;D:\GradeClient-main\lib\minecraft_exc.jar;D:\GradeClient-main\lib\oshi-core-1.1.jar;D:\GradeClient-main\lib\realms-1.7.39.jar;D:\GradeClient-main\lib\specia
Launcher Type: SUN_STANDARD

Environment Variables:
JAVA_HOME=D:\graalvm-jdk-17.0.8+9.1
PATH=D:\graalvm-jdk-17.0.8+9.1\bin;D:\Program Files (x86)\VMware\VMware Workstation\bin\;C:\ProgramData\Oracle\Java\javapath;C:\Windows\system32;C:\Windows;C:\Windows\System32\Wbem;C:\Windows\System32\WindowsPowerShell\v1.0\;C:\Windows\System32\OpenSSH\;C:\Program Files (x86)\NVIDIA Corporation\PhysX\Common;C:\Program Files\NVIDIA Corporation\NVIDIA NvDLISR;C:\Program Files\Git\cmd;C:\Program Files\Microsoft SQL Server\150\Tools\Binn\;C:\Program Files\Microsoft SQL Server\Client SDK\ODBC\170\Tools\Binn\;C:\Program Files\dotnet\;D:\Windows Kits\10\Windows Performance Toolkit\;C:\Users\43850\AppData\Roaming\nvm;C:\Program Files\nodejs;C:\Program Files (x86)\Microsoft SQL Server\Client SDK\ODBC\130\Tools\Binn\;C:\Program Files (x86)\Microsoft SQL Server\140\Tools\Binn\;C:\Program Files (x86)\Microsoft SQL Server\140\DTS\Binn\;C:\Program Files (x86)\Microsoft SQL Server\140\Tools\Binn\ManagementStudio\;C:\Program Files (x86)\Microsoft SQL Server\130\Tools\Binn\;C:\Program Files\Microsoft SQL Server\130\Tools\Binn\;C:\Program Files (x86)\Microsoft SQL Server\130\DTS\Binn\;C:\Program Files\Microsoft SQL Server\130\DTS\Binn\;C:\Program Files\Microsoft SQL Server\Client SDK\ODBC\130\Tools\Binn\;D:\Program Files\Redis\;D:\GradeClient-main\jars\versions\1.8.8\1.8.8-natives;C:\Users\43850\AppData\Local\Microsoft\WindowsApps;C:\Users\43850\AppData\Roaming\npm;C:\Users\43850\.dotnet\tools;C:\Users\43850\AppData\Local\Programs\Microsoft VS Code\bin;C:\Users\43850\AppData\Roaming\nvm;C:\Program Files\nodejs;C:\Users\43850\AppData\Local\gitkraken\bin
USERNAME=43850
OS=Windows_NT
PROCESSOR_IDENTIFIER=Intel64 Family 6 Model 154 Stepping 3, GenuineIntel



---------------  S Y S T E M  ---------------

OS: Windows 10.0 , 64 bit Build 22621 (10.0.22621.3235)

CPU:total 16 (8 cores per cpu, 2 threads per core) family 6 model 154 stepping 3, cmov, cx8, fxsr, mmx, sse, sse2, sse3, ssse3, sse4.1, sse4.2, popcnt, avx, avx2, aes, clmul, erms, 3dnowpref, lzcnt, ht, tsc, tscinvbit, bmi1, bmi2, adx

Memory: 4k page, physical 16496120k(1466404k free), swap 29683860k(4110000k free)

vm_info: Java HotSpot(TM) 64-Bit Server VM (25.91-b14) for windows-amd64 JRE (1.8.0_91-b14), built on Apr  1 2016 00:58:32 by "java_re" with MS VC++ 10.0 (VS2010)

time: Sun Mar 31 02:09:45 2024
elapsed time: 6 seconds (0d 0h 0m 6s)

