#
# A fatal error has been detected by the Java Runtime Environment:
#
#  EXCEPTION_ACCESS_VIOLATION (0xc0000005) at pc=0x00007ffa717895aa, pid=28884, tid=15996
#
# JRE version: Java(TM) SE Runtime Environment (8.0_91-b14) (build 1.8.0_91-b14)
# Java VM: Java HotSpot(TM) 64-Bit Server VM (25.91-b14 mixed mode windows-amd64 compressed oops)
# Problematic frame:
# C  [igxelpicd64.dll+0x2895aa]
#
# Failed to write core dump. Minidumps are not enabled by default on client versions of Windows
#
# If you would like to submit a bug report, please visit:
#   http://bugreport.java.com/bugreport/crash.jsp
#

---------------  T H R E A D  ---------------

Current thread (0x000000001e4c2800):  VMThread [stack: 0x000000001fb60000,0x000000001fc60000] [id=15996]

siginfo: ExceptionCode=0xc0000005, reading address 0x0000000000035f88

Registers:
RAX=0x0000000057642728, RBX=0x0000000000000000, RCX=0x0000000000000000, RDX=0x00000000fffffff0
RSP=0x000000001fc5ebc0, RBP=0x000000001fc5ec28, RSI=0x000000002be36b40, RDI=0x0000000000000000
R8 =0x0000000000000000, R9 =0x0000000000000000, R10=0x0000000057642bf8, R11=0x0000000000000246
R12=0x000000002bfd6308, R13=0x0000000000000000, R14=0x0000000057642620, R15=0x0000000000000016
RIP=0x00007ffa717895aa, EFLAGS=0x0000000000010206

Top of Stack: (sp=0x000000001fc5ebc0)
0x000000001fc5ebc0:   000000002a6a0390 0000000000000000
0x000000001fc5ebd0:   000000001fc5ed70 00007ffb090a41a9
0x000000001fc5ebe0:   00000000576446f0 0000000000000000
0x000000001fc5ebf0:   000000002a6a0390 0000000057642bf8
0x000000001fc5ec00:   0000000000018360 00007ffb09b533b4
0x000000001fc5ec10:   000000002469abe8 000000006b78bc8b
0x000000001fc5ec20:   0000000000000000 0000000000000017
0x000000001fc5ec30:   00000000000023d5 0000740419600000
0x000000001fc5ec40:   000000002bfd6308 0000000000000000
0x000000001fc5ec50:   0000000000000000 000000002be36b40
0x000000001fc5ec60:   000000001fc5ed70 00007ffa71581d5f
0x000000001fc5ec70:   000000002be36b00 0000000000000016
0x000000001fc5ec80:   0000000000550000 00007ffb09acd800
0x000000001fc5ec90:   0000000000185678 00007ffb00000000
0x000000001fc5eca0:   0000000000000000 00007ffb09acd484
0x000000001fc5ecb0:   0000000000370bf4 00000000000000c0 

Instructions: (pc=0x00007ffa717895aa)
0x00007ffa7178958a:   48 8d 04 c0 48 8d 40 21 49 8d 04 c6 48 85 c0 74
0x00007ffa7178959a:   0c 48 8b 48 08 eb 09 48 83 c0 08 eb ef 48 8b cb
0x00007ffa717895aa:   49 3b 8d 88 5f 03 00 0f 86 86 01 00 00 41 83 f8
0x00007ffa717895ba:   10 73 0d 4a 8d 04 c5 21 00 00 00 49 03 c0 eb 55 


Register to memory mapping:

RAX=0x0000000057642728 is an unknown value
RBX=0x0000000000000000 is an unknown value
RCX=0x0000000000000000 is an unknown value
RDX=0x00000000fffffff0 is an unknown value
RSP=0x000000001fc5ebc0 is an unknown value
RBP=0x000000001fc5ec28 is an unknown value
RSI=0x000000002be36b40 is an unknown value
RDI=0x0000000000000000 is an unknown value
R8 =0x0000000000000000 is an unknown value
R9 =0x0000000000000000 is an unknown value
R10=0x0000000057642bf8 is an unknown value
R11=0x0000000000000246 is an unknown value
R12=0x000000002bfd6308 is an unknown value
R13=0x0000000000000000 is an unknown value
R14=0x0000000057642620 is an unknown value
R15=0x0000000000000016 is an unknown value


Stack: [0x000000001fb60000,0x000000001fc60000],  sp=0x000000001fc5ebc0,  free space=1018k
Native frames: (J=compiled Java code, j=interpreted, Vv=VM code, C=native code)
C  [igxelpicd64.dll+0x2895aa]
C  [igxelpicd64.dll+0x81d5f]
C  [igxelpicd64.dll+0x28d57f]
C  [igxelpicd64.dll+0x75468]
C  [igxelpicd64.dll+0x243ef4]
C  [igxelpicd64.dll+0x2442b3]
C  [igxelpicd64.dll+0x23e32f]
C  [igxelpicd64.dll+0x23e15d]
C  [igxelpicd64.dll+0x81545b]
C  [ntdll.dll+0x2869f]
C  [ntdll.dll+0x510a6]
C  [ntdll.dll+0x50c9d]
C  [KERNEL32.DLL+0x17fab]
C  [msvcr100.dll+0x20ccd]
V  [jvm.dll+0x211395]
V  [jvm.dll+0x24a0e7]
V  [jvm.dll+0x249386]
V  [jvm.dll+0x249821]
V  [jvm.dll+0x249a3e]
V  [jvm.dll+0x29a99a]
C  [msvcr100.dll+0x21d9f]
C  [msvcr100.dll+0x21e3b]
C  [KERNEL32.DLL+0x1257d]
C  [ntdll.dll+0x5aa58]

VM_Operation (0x000000002a83f440): Exit, mode: safepoint, requested by thread 0x00000000242cd800


---------------  P R O C E S S  ---------------

Java Threads: ( => current thread )
  0x00000000242cd800 JavaThread "SIGINT handler" daemon [_thread_blocked, id=26380, stack(0x000000002a740000,0x000000002a840000)]
  0x00000000242d4800 JavaThread "Chunk Batcher 1" daemon [_thread_blocked, id=16188, stack(0x0000000020260000,0x0000000020360000)]
  0x00000000242d3800 JavaThread "Chunk Batcher 0" daemon [_thread_blocked, id=7348, stack(0x0000000020060000,0x0000000020160000)]
  0x00000000242d2800 JavaThread "Thread-7" [_thread_blocked, id=2276, stack(0x0000000040160000,0x0000000040260000)]
  0x00000000242d0800 JavaThread "Thread-6" [_thread_blocked, id=6348, stack(0x0000000040060000,0x0000000040160000)]
  0x000000001e605000 JavaThread "Java2D Disposer" daemon [_thread_blocked, id=21628, stack(0x0000000025b80000,0x0000000025c80000)]
  0x000000001e606800 JavaThread "Timer hack thread" daemon [_thread_blocked, id=8404, stack(0x0000000025a80000,0x0000000025b80000)]
  0x000000001e605800 JavaThread "Snooper Timer" daemon [_thread_blocked, id=11356, stack(0x0000000026c90000,0x0000000026d90000)]
  0x000000001e604000 JavaThread "Snooper Timer" daemon [_thread_blocked, id=15908, stack(0x00000000256d0000,0x00000000257d0000)]
  0x000000001e69c000 JavaThread "Service Thread" daemon [_thread_blocked, id=23668, stack(0x0000000021060000,0x0000000021160000)]
  0x000000001e602000 JavaThread "C1 CompilerThread11" daemon [_thread_blocked, id=19892, stack(0x0000000020f60000,0x0000000021060000)]
  0x000000001e603800 JavaThread "C1 CompilerThread10" daemon [_thread_blocked, id=3768, stack(0x0000000020e60000,0x0000000020f60000)]
  0x000000001e602800 JavaThread "C1 CompilerThread9" daemon [_thread_blocked, id=14348, stack(0x0000000020d60000,0x0000000020e60000)]
  0x000000001e601000 JavaThread "C1 CompilerThread8" daemon [_thread_blocked, id=21336, stack(0x0000000020c60000,0x0000000020d60000)]
  0x000000001e5e4800 JavaThread "C2 CompilerThread7" daemon [_thread_blocked, id=25704, stack(0x0000000020b60000,0x0000000020c60000)]
  0x000000001e5ca800 JavaThread "C2 CompilerThread6" daemon [_thread_blocked, id=26868, stack(0x0000000020a60000,0x0000000020b60000)]
  0x000000001e5c1000 JavaThread "C2 CompilerThread5" daemon [_thread_blocked, id=16988, stack(0x0000000020860000,0x0000000020960000)]
  0x000000001e5b2000 JavaThread "C2 CompilerThread4" daemon [_thread_blocked, id=27976, stack(0x0000000020760000,0x0000000020860000)]
  0x000000001e5a9800 JavaThread "C2 CompilerThread3" daemon [_thread_blocked, id=8752, stack(0x0000000020660000,0x0000000020760000)]
  0x000000001e5a8800 JavaThread "C2 CompilerThread2" daemon [_thread_blocked, id=26616, stack(0x0000000020560000,0x0000000020660000)]
  0x000000001e5a8000 JavaThread "C2 CompilerThread1" daemon [_thread_blocked, id=14052, stack(0x0000000020460000,0x0000000020560000)]
  0x000000001e5a6800 JavaThread "C2 CompilerThread0" daemon [_thread_blocked, id=28392, stack(0x0000000020360000,0x0000000020460000)]
  0x000000001e56f800 JavaThread "JDWP Event Helper Thread" daemon [_thread_blocked, id=17904, stack(0x0000000020160000,0x0000000020260000)]
  0x000000001e506800 JavaThread "Attach Listener" daemon [_thread_blocked, id=24628, stack(0x000000001ff60000,0x0000000020060000)]
  0x000000001e4e6800 JavaThread "Finalizer" daemon [_thread_blocked, id=24968, stack(0x000000001fd60000,0x000000001fe60000)]
  0x000000001ca8b800 JavaThread "Reference Handler" daemon [_thread_blocked, id=24544, stack(0x000000001fc60000,0x000000001fd60000)]
  0x0000000002c02800 JavaThread "Client thread" [_thread_blocked, id=21300, stack(0x0000000002540000,0x0000000002640000)]

Other Threads:
=>0x000000001e4c2800 VMThread [stack: 0x000000001fb60000,0x000000001fc60000] [id=15996]

VM state:at safepoint (shutting down)

VM Mutex/Monitor currently owned by a thread:  ([mutex/lock_event])
[0x000000000253e4b0] Threads_lock - owner thread: 0x000000001e4c2800

Heap:
 PSYoungGen      total 345088K, used 50251K [0x000000076c180000, 0x0000000783400000, 0x00000007c0000000)
  eden space 330240K, 10% used [0x000000076c180000,0x000000076e44aae8,0x0000000780400000)
  from space 14848K, 98% used [0x0000000782580000,0x00000007833c8170,0x0000000783400000)
  to   space 23552K, 0% used [0x0000000780600000,0x0000000780600000,0x0000000781d00000)
 ParOldGen       total 113152K, used 48602K [0x00000006c4400000, 0x00000006cb280000, 0x000000076c180000)
  object space 113152K, 42% used [0x00000006c4400000,0x00000006c7376818,0x00000006cb280000)
 Metaspace       used 31651K, capacity 31897K, committed 32384K, reserved 1077248K
  class space    used 4067K, capacity 4131K, committed 4224K, reserved 1048576K

Card table byte_map: [0x00000000120c0000,0x00000000128a0000] byte_map_base: 0x000000000ea9e000

Marking Bits: (ParMarkBitMap*) 0x000000006beb2f70
 Begin Bits: [0x0000000013ae0000, 0x00000000179d0000)
 End Bits:   [0x00000000179d0000, 0x000000001b8c0000)

Polling page: 0x0000000000c70000

CodeCache: size=245760Kb used=15156Kb max_used=17301Kb free=230603Kb
 bounds [0x0000000002d00000, 0x0000000003e00000, 0x0000000011d00000]
 total_blobs=4083 nmethods=3426 adapters=574
 compilation: enabled

Compilation events (10 events):
Event: 13.707 Thread 0x000000001e5a9800 nmethod 3997 0x00000000034b41d0 code [0x00000000034b4300, 0x00000000034b4398]
Event: 13.707 Thread 0x000000001e5a8000 nmethod 3996 0x0000000003165c10 code [0x0000000003165d40, 0x0000000003165e38]
Event: 13.707 Thread 0x000000001e5c1000 nmethod 3998 0x00000000036bdc50 code [0x00000000036bdd80, 0x00000000036bde98]
Event: 13.708 Thread 0x000000001e5a8800 nmethod 3999 0x0000000003133c10 code [0x0000000003133d80, 0x0000000003133eb8]
Event: 13.710 Thread 0x000000001e603800 4000       3       java.util.logging.LogManager::access$100 (4 bytes)
Event: 13.710 Thread 0x000000001e602000 4001       3       java.util.logging.LogManager$LoggerContext::requiresDefaultLoggers (29 bytes)
Event: 13.710 Thread 0x000000001e603800 nmethod 4000 0x000000000316c710 code [0x000000000316c860, 0x000000000316c990]
Event: 13.710 Thread 0x000000001e602000 nmethod 4001 0x00000000033a3450 code [0x00000000033a35c0, 0x00000000033a3a08]
Event: 13.711 Thread 0x000000001e602800 4002       3       org.apache.logging.log4j.core.helpers.NameUtil::getSubName (32 bytes)
Event: 13.711 Thread 0x000000001e602800 nmethod 4002 0x00000000034884d0 code [0x0000000003488660, 0x0000000003488bf8]

GC Heap History (10 events):
Event: 3.624 GC heap before
{Heap before GC invocations=11 (full 1):
 PSYoungGen      total 182272K, used 175454K [0x000000076c180000, 0x000000077bd00000, 0x00000007c0000000)
  eden space 159744K, 100% used [0x000000076c180000,0x0000000775d80000,0x0000000775d80000)
  from space 22528K, 69% used [0x0000000775d80000,0x0000000776cd7950,0x0000000777380000)
  to   space 23552K, 0% used [0x000000077a600000,0x000000077a600000,0x000000077bd00000)
 ParOldGen       total 113152K, used 31965K [0x00000006c4400000, 0x00000006cb280000, 0x000000076c180000)
  object space 113152K, 28% used [0x00000006c4400000,0x00000006c6337728,0x00000006cb280000)
 Metaspace       used 30755K, capacity 30969K, committed 31360K, reserved 1077248K
  class space    used 4022K, capacity 4099K, committed 4224K, reserved 1048576K
Event: 3.631 GC heap after
Heap after GC invocations=11 (full 1):
 PSYoungGen      total 232960K, used 17804K [0x000000076c180000, 0x000000077bf80000, 0x00000007c0000000)
  eden space 209408K, 0% used [0x000000076c180000,0x000000076c180000,0x0000000778e00000)
  from space 23552K, 75% used [0x000000077a600000,0x000000077b763360,0x000000077bd00000)
  to   space 24576K, 0% used [0x0000000778e00000,0x0000000778e00000,0x000000077a600000)
 ParOldGen       total 113152K, used 35661K [0x00000006c4400000, 0x00000006cb280000, 0x000000076c180000)
  object space 113152K, 31% used [0x00000006c4400000,0x00000006c66d3778,0x00000006cb280000)
 Metaspace       used 30755K, capacity 30969K, committed 31360K, reserved 1077248K
  class space    used 4022K, capacity 4099K, committed 4224K, reserved 1048576K
}
Event: 3.877 GC heap before
{Heap before GC invocations=12 (full 1):
 PSYoungGen      total 232960K, used 227212K [0x000000076c180000, 0x000000077bf80000, 0x00000007c0000000)
  eden space 209408K, 100% used [0x000000076c180000,0x0000000778e00000,0x0000000778e00000)
  from space 23552K, 75% used [0x000000077a600000,0x000000077b763360,0x000000077bd00000)
  to   space 24576K, 0% used [0x0000000778e00000,0x0000000778e00000,0x000000077a600000)
 ParOldGen       total 113152K, used 35661K [0x00000006c4400000, 0x00000006cb280000, 0x000000076c180000)
  object space 113152K, 31% used [0x00000006c4400000,0x00000006c66d3778,0x00000006cb280000)
 Metaspace       used 30901K, capacity 31097K, committed 31616K, reserved 1077248K
  class space    used 4024K, capacity 4099K, committed 4224K, reserved 1048576K
Event: 3.885 GC heap after
Heap after GC invocations=12 (full 1):
 PSYoungGen      total 233984K, used 5772K [0x000000076c180000, 0x000000077fd00000, 0x00000007c0000000)
  eden space 209408K, 0% used [0x000000076c180000,0x000000076c180000,0x0000000778e00000)
  from space 24576K, 23% used [0x0000000778e00000,0x00000007793a3000,0x000000077a600000)
  to   space 24576K, 0% used [0x000000077e500000,0x000000077e500000,0x000000077fd00000)
 ParOldGen       total 113152K, used 48354K [0x00000006c4400000, 0x00000006cb280000, 0x000000076c180000)
  object space 113152K, 42% used [0x00000006c4400000,0x00000006c7338818,0x00000006cb280000)
 Metaspace       used 30901K, capacity 31097K, committed 31616K, reserved 1077248K
  class space    used 4024K, capacity 4099K, committed 4224K, reserved 1048576K
}
Event: 4.073 GC heap before
{Heap before GC invocations=13 (full 1):
 PSYoungGen      total 233984K, used 215180K [0x000000076c180000, 0x000000077fd00000, 0x00000007c0000000)
  eden space 209408K, 100% used [0x000000076c180000,0x0000000778e00000,0x0000000778e00000)
  from space 24576K, 23% used [0x0000000778e00000,0x00000007793a3000,0x000000077a600000)
  to   space 24576K, 0% used [0x000000077e500000,0x000000077e500000,0x000000077fd00000)
 ParOldGen       total 113152K, used 48354K [0x00000006c4400000, 0x00000006cb280000, 0x000000076c180000)
  object space 113152K, 42% used [0x00000006c4400000,0x00000006c7338818,0x00000006cb280000)
 Metaspace       used 30907K, capacity 31097K, committed 31616K, reserved 1077248K
  class space    used 4024K, capacity 4099K, committed 4224K, reserved 1048576K
Event: 4.076 GC heap after
Heap after GC invocations=13 (full 1):
 PSYoungGen      total 289280K, used 6496K [0x000000076c180000, 0x000000077f800000, 0x00000007c0000000)
  eden space 269824K, 0% used [0x000000076c180000,0x000000076c180000,0x000000077c900000)
  from space 19456K, 33% used [0x000000077e500000,0x000000077eb58040,0x000000077f800000)
  to   space 24064K, 0% used [0x000000077c900000,0x000000077c900000,0x000000077e080000)
 ParOldGen       total 113152K, used 48450K [0x00000006c4400000, 0x00000006cb280000, 0x000000076c180000)
  object space 113152K, 42% used [0x00000006c4400000,0x00000006c7350818,0x00000006cb280000)
 Metaspace       used 30907K, capacity 31097K, committed 31616K, reserved 1077248K
  class space    used 4024K, capacity 4099K, committed 4224K, reserved 1048576K
}
Event: 4.322 GC heap before
{Heap before GC invocations=14 (full 1):
 PSYoungGen      total 289280K, used 276320K [0x000000076c180000, 0x000000077f800000, 0x00000007c0000000)
  eden space 269824K, 100% used [0x000000076c180000,0x000000077c900000,0x000000077c900000)
  from space 19456K, 33% used [0x000000077e500000,0x000000077eb58040,0x000000077f800000)
  to   space 24064K, 0% used [0x000000077c900000,0x000000077c900000,0x000000077e080000)
 ParOldGen       total 113152K, used 48450K [0x00000006c4400000, 0x00000006cb280000, 0x000000076c180000)
  object space 113152K, 42% used [0x00000006c4400000,0x00000006c7350818,0x00000006cb280000)
 Metaspace       used 30995K, capacity 31225K, committed 31616K, reserved 1077248K
  class space    used 4028K, capacity 4099K, committed 4224K, reserved 1048576K
Event: 4.326 GC heap after
Heap after GC invocations=14 (full 1):
 PSYoungGen      total 293888K, used 7664K [0x000000076c180000, 0x0000000783c00000, 0x00000007c0000000)
  eden space 269824K, 0% used [0x000000076c180000,0x000000076c180000,0x000000077c900000)
  from space 24064K, 31% used [0x000000077c900000,0x000000077d07c050,0x000000077e080000)
  to   space 23040K, 0% used [0x0000000782580000,0x0000000782580000,0x0000000783c00000)
 ParOldGen       total 113152K, used 48594K [0x00000006c4400000, 0x00000006cb280000, 0x000000076c180000)
  object space 113152K, 42% used [0x00000006c4400000,0x00000006c7374818,0x00000006cb280000)
 Metaspace       used 30995K, capacity 31225K, committed 31616K, reserved 1077248K
  class space    used 4028K, capacity 4099K, committed 4224K, reserved 1048576K
}
Event: 13.691 GC heap before
{Heap before GC invocations=15 (full 1):
 PSYoungGen      total 293888K, used 264359K [0x000000076c180000, 0x0000000783c00000, 0x00000007c0000000)
  eden space 269824K, 95% used [0x000000076c180000,0x000000077bc2ded0,0x000000077c900000)
  from space 24064K, 31% used [0x000000077c900000,0x000000077d07c050,0x000000077e080000)
  to   space 23040K, 0% used [0x0000000782580000,0x0000000782580000,0x0000000783c00000)
 ParOldGen       total 113152K, used 48594K [0x00000006c4400000, 0x00000006cb280000, 0x000000076c180000)
  object space 113152K, 42% used [0x00000006c4400000,0x00000006c7374818,0x00000006cb280000)
 Metaspace       used 31522K, capacity 31737K, committed 32128K, reserved 1077248K
  class space    used 4050K, capacity 4099K, committed 4224K, reserved 1048576K
Event: 13.697 GC heap after
Heap after GC invocations=15 (full 1):
 PSYoungGen      total 345088K, used 14624K [0x000000076c180000, 0x0000000783400000, 0x00000007c0000000)
  eden space 330240K, 0% used [0x000000076c180000,0x000000076c180000,0x0000000780400000)
  from space 14848K, 98% used [0x0000000782580000,0x00000007833c8170,0x0000000783400000)
  to   space 23552K, 0% used [0x0000000780600000,0x0000000780600000,0x0000000781d00000)
 ParOldGen       total 113152K, used 48602K [0x00000006c4400000, 0x00000006cb280000, 0x000000076c180000)
  object space 113152K, 42% used [0x00000006c4400000,0x00000006c7376818,0x00000006cb280000)
 Metaspace       used 31522K, capacity 31737K, committed 32128K, reserved 1077248K
  class space    used 4050K, capacity 4099K, committed 4224K, reserved 1048576K
}

Deoptimization events (10 events):
Event: 4.811 Thread 0x0000000002c02800 Uncommon trap: reason=speculate_class_check action=maybe_recompile pc=0x0000000003a66a08 method=java.util.HashMap.putVal(ILjava/lang/Object;Ljava/lang/Object;ZZ)Ljava/lang/Object; @ 56
Event: 4.812 Thread 0x0000000002c02800 Uncommon trap: reason=speculate_class_check action=maybe_recompile pc=0x0000000003a66a08 method=java.util.HashMap.putVal(ILjava/lang/Object;Ljava/lang/Object;ZZ)Ljava/lang/Object; @ 56
Event: 4.812 Thread 0x0000000002c02800 Uncommon trap: reason=speculate_class_check action=maybe_recompile pc=0x0000000003a66a08 method=java.util.HashMap.putVal(ILjava/lang/Object;Ljava/lang/Object;ZZ)Ljava/lang/Object; @ 56
Event: 4.812 Thread 0x0000000002c02800 Uncommon trap: reason=speculate_class_check action=maybe_recompile pc=0x0000000003a66a08 method=java.util.HashMap.putVal(ILjava/lang/Object;Ljava/lang/Object;ZZ)Ljava/lang/Object; @ 56
Event: 4.812 Thread 0x0000000002c02800 Uncommon trap: reason=unstable_if action=reinterpret pc=0x0000000003a3a170 method=java.util.HashMap$TreeNode.find(ILjava/lang/Object;Ljava/lang/Class;)Ljava/util/HashMap$TreeNode; @ 58
Event: 4.812 Thread 0x0000000002c02800 Uncommon trap: reason=unstable_if action=reinterpret pc=0x0000000003a01c1c method=java.util.HashMap$TreeNode.find(ILjava/lang/Object;Ljava/lang/Class;)Ljava/util/HashMap$TreeNode; @ 58
Event: 4.846 Thread 0x0000000002c02800 Uncommon trap: reason=null_check action=make_not_entrant pc=0x000000000301b7d4 method=net.minecraft.client.resources.model.ModelManager.getModel(Lnet/minecraft/client/resources/model/ModelResourceLocation;)Lnet/minecraft/client/resources/model/IBakedModel;+¡‚pÊW+@
Event: 13.672 Thread 0x0000000002c02800 Uncommon trap: reason=unstable_if action=reinterpret pc=0x0000000003affe2c method=java.util.Formatter$Conversion.isValid(C)Z @ 4
Event: 13.674 Thread 0x0000000002c02800 Uncommon trap: reason=unstable_if action=reinterpret pc=0x0000000003afb99c method=java.util.Formatter$Conversion.isValid(C)Z @ 4
Event: 13.730 Thread 0x00000000242cd800 Uncommon trap: reason=class_check action=maybe_recompile pc=0x0000000003d20c14 method=java.util.HashSet.iterator()Ljava/util/Iterator; @ 4

Internal exceptions (10 events):
Event: 3.438 Thread 0x00000000242d0800 Exception <a 'org/lwjgl/LWJGLException'> (0x0000000774904d60) thrown at [C:\re\workspace\8-2-build-windows-amd64-cygwin\jdk8u91\6644\hotspot\src\share\vm\prims\jni.cpp, line 709]
Event: 3.438 Thread 0x00000000242d0800 Exception <a 'org/lwjgl/LWJGLException'> (0x00000007749054a0) thrown at [C:\re\workspace\8-2-build-windows-amd64-cygwin\jdk8u91\6644\hotspot\src\share\vm\prims\jni.cpp, line 709]
Event: 3.438 Thread 0x00000000242d0800 Exception <a 'org/lwjgl/LWJGLException'> (0x0000000774905bc8) thrown at [C:\re\workspace\8-2-build-windows-amd64-cygwin\jdk8u91\6644\hotspot\src\share\vm\prims\jni.cpp, line 709]
Event: 3.438 Thread 0x00000000242d0800 Exception <a 'org/lwjgl/LWJGLException'> (0x00000007749062f0) thrown at [C:\re\workspace\8-2-build-windows-amd64-cygwin\jdk8u91\6644\hotspot\src\share\vm\prims\jni.cpp, line 709]
Event: 3.438 Thread 0x00000000242d0800 Exception <a 'org/lwjgl/LWJGLException'> (0x0000000774906a30) thrown at [C:\re\workspace\8-2-build-windows-amd64-cygwin\jdk8u91\6644\hotspot\src\share\vm\prims\jni.cpp, line 709]
Event: 3.438 Thread 0x00000000242d0800 Exception <a 'org/lwjgl/LWJGLException'> (0x0000000774907150) thrown at [C:\re\workspace\8-2-build-windows-amd64-cygwin\jdk8u91\6644\hotspot\src\share\vm\prims\jni.cpp, line 709]
Event: 3.552 Thread 0x0000000002c02800 Implicit null exception at 0x00000000039a8702 to 0x00000000039a8b95
Event: 3.555 Thread 0x0000000002c02800 Implicit null exception at 0x00000000039a71c7 to 0x00000000039a7499
Event: 3.833 Thread 0x00000000242d0800 Exception <a 'java/lang/InterruptedException': sleep interrupted> (0x000000076e81e740) thrown at [C:\re\workspace\8-2-build-windows-amd64-cygwin\jdk8u91\6644\hotspot\src\share\vm\prims\jvm.cpp, line 3215]
Event: 4.846 Thread 0x0000000002c02800 Implicit null exception at 0x000000000301ad27 to 0x000000000301b7c5

Events (10 events):
Event: 13.714 Thread 0x0000000002c02800 DEOPT PACKING pc=0x00000000032cc1e4 sp=0x000000000263dbd0
Event: 13.714 Thread 0x0000000002c02800 DEOPT UNPACKING pc=0x0000000002d4787f sp=0x000000000263d8c8 mode 1
Event: 13.714 Thread 0x0000000002c02800 DEOPT PACKING pc=0x0000000003222e1c sp=0x000000000263e530
Event: 13.714 Thread 0x0000000002c02800 DEOPT UNPACKING pc=0x0000000002d4787f sp=0x000000000263e288 mode 1
Event: 13.729 Thread 0x00000000242cf800 Thread exited: 0x00000000242cf800
Event: 13.730 Thread 0x00000000242cd800 Uncommon trap: trap_request=0xffffffde fr.pc=0x0000000003d20c14
Event: 13.730 Thread 0x00000000242cd800 DEOPT PACKING pc=0x0000000003d20c14 sp=0x000000002a83f2a0
Event: 13.730 Thread 0x00000000242cd800 DEOPT UNPACKING pc=0x0000000002d4582a sp=0x000000002a83f278 mode 2
Event: 13.731 Thread 0x000000001e55c800 Thread exited: 0x000000001e55c800
Event: 13.731 Executing VM operation: Exit


Dynamic libraries:
0x00007ff6331d0000 - 0x00007ff633207000 	C:\Program Files\Java\jdk1.8.0_91\bin\java.exe
0x00007ffb09ab0000 - 0x00007ffb09cc6000 	C:\Windows\SYSTEM32\ntdll.dll
0x00007ffb09250000 - 0x00007ffb09314000 	C:\Windows\System32\KERNEL32.DLL
0x00007ffb06df0000 - 0x00007ffb07196000 	C:\Windows\System32\KERNELBASE.dll
0x00007ffb097d0000 - 0x00007ffb09882000 	C:\Windows\System32\ADVAPI32.dll
0x00007ffb096d0000 - 0x00007ffb09777000 	C:\Windows\System32\msvcrt.dll
0x00007ffb08ff0000 - 0x00007ffb09098000 	C:\Windows\System32\sechost.dll
0x00007ffb07340000 - 0x00007ffb07368000 	C:\Windows\System32\bcrypt.dll
0x00007ffb07960000 - 0x00007ffb07a75000 	C:\Windows\System32\RPCRT4.dll
0x00007ffb090a0000 - 0x00007ffb0924d000 	C:\Windows\System32\USER32.dll
0x00007ffb07370000 - 0x00007ffb07396000 	C:\Windows\System32\win32u.dll
0x00007ffb07920000 - 0x00007ffb07949000 	C:\Windows\System32\GDI32.dll
0x00007ffb071a0000 - 0x00007ffb072b8000 	C:\Windows\System32\gdi32full.dll
0x00007ffb074c0000 - 0x00007ffb0755a000 	C:\Windows\System32\msvcp_win.dll
0x00007ffb073a0000 - 0x00007ffb074b1000 	C:\Windows\System32\ucrtbase.dll
0x00007ffaeb850000 - 0x00007ffaebae3000 	C:\Windows\WinSxS\amd64_microsoft.windows.common-controls_6595b64144ccf1df_6.0.22621.3235_none_270f74e173860f98\COMCTL32.dll
0x00007ffb09890000 - 0x00007ffb098c1000 	C:\Windows\System32\IMM32.DLL
0x000000006bf40000 - 0x000000006c012000 	C:\Program Files\Java\jdk1.8.0_91\jre\bin\msvcr100.dll
0x000000006b6a0000 - 0x000000006bf33000 	C:\Program Files\Java\jdk1.8.0_91\jre\bin\server\jvm.dll
0x00007ffb09320000 - 0x00007ffb09328000 	C:\Windows\System32\PSAPI.DLL
0x00007ffafadc0000 - 0x00007ffafadc9000 	C:\Windows\SYSTEM32\WSOCK32.dll
0x00007ffb00940000 - 0x00007ffb00974000 	C:\Windows\SYSTEM32\WINMM.dll
0x00007ffaf3150000 - 0x00007ffaf315a000 	C:\Windows\SYSTEM32\VERSION.dll
0x00007ffb09430000 - 0x00007ffb094a1000 	C:\Windows\System32\WS2_32.dll
0x000000006c4c0000 - 0x000000006c4cf000 	C:\Program Files\Java\jdk1.8.0_91\jre\bin\verify.dll
0x000000006c490000 - 0x000000006c4b9000 	C:\Program Files\Java\jdk1.8.0_91\jre\bin\java.dll
0x000000006b620000 - 0x000000006b655000 	C:\Program Files\Java\jdk1.8.0_91\jre\bin\jdwp.dll
0x000000006b610000 - 0x000000006b618000 	C:\Program Files\Java\jdk1.8.0_91\jre\bin\npt.dll
0x000000006b5e0000 - 0x000000006b603000 	C:\Program Files\Java\jdk1.8.0_91\jre\bin\instrument.dll
0x000000006c470000 - 0x000000006c486000 	C:\Program Files\Java\jdk1.8.0_91\jre\bin\zip.dll
0x00007ffb07f70000 - 0x00007ffb087cd000 	C:\Windows\System32\SHELL32.dll
0x00007ffb04d60000 - 0x00007ffb05658000 	C:\Windows\SYSTEM32\windows.storage.dll
0x00007ffb07be0000 - 0x00007ffb07f68000 	C:\Windows\System32\combase.dll
0x00007ffb04c20000 - 0x00007ffb04d5e000 	C:\Windows\SYSTEM32\wintypes.dll
0x00007ffb07ae0000 - 0x00007ffb07bd3000 	C:\Windows\System32\SHCORE.dll
0x00007ffb078a0000 - 0x00007ffb078fe000 	C:\Windows\System32\shlwapi.dll
0x00007ffb06d20000 - 0x00007ffb06d46000 	C:\Windows\SYSTEM32\profapi.dll
0x000000006b5d0000 - 0x000000006b5d9000 	C:\Program Files\Java\jdk1.8.0_91\jre\bin\dt_socket.dll
0x00007ffb063a0000 - 0x00007ffb06409000 	C:\Windows\system32\mswsock.dll
0x000000006b690000 - 0x000000006b69d000 	C:\Program Files\Java\jdk1.8.0_91\jre\bin\management.dll
0x000000006c450000 - 0x000000006c46a000 	C:\Program Files\Java\jdk1.8.0_91\jre\bin\net.dll
0x000000006c430000 - 0x000000006c441000 	C:\Program Files\Java\jdk1.8.0_91\jre\bin\nio.dll
0x00007ffad06c0000 - 0x00007ffad06d7000 	C:\Windows\system32\napinsp.dll
0x00007ffacf7e0000 - 0x00007ffacf7fb000 	C:\Windows\system32\pnrpnsp.dll
0x00007ffb05950000 - 0x00007ffb05a49000 	C:\Windows\SYSTEM32\DNSAPI.dll
0x00007ffb05920000 - 0x00007ffb0594d000 	C:\Windows\SYSTEM32\IPHLPAPI.DLL
0x00007ffb07950000 - 0x00007ffb07959000 	C:\Windows\System32\NSI.dll
0x00007ffacf7c0000 - 0x00007ffacf7d1000 	C:\Windows\System32\winrnr.dll
0x00007ffafb6d0000 - 0x00007ffafb6e5000 	C:\Windows\system32\wshbth.dll
0x00007ffacf600000 - 0x00007ffacf621000 	C:\Windows\system32\nlansp_c.dll
0x00007ffafaae0000 - 0x00007ffafab63000 	C:\Windows\System32\fwpuclnt.dll
0x00007ffaf9d90000 - 0x00007ffaf9d9a000 	C:\Windows\System32\rasadhlp.dll
0x0000000180000000 - 0x0000000180053000 	D:\GradeClient-main\jars\versions\1.8.8\1.8.8-natives\lwjgl64.dll
0x00007ffa725e0000 - 0x00007ffa726e0000 	C:\Windows\SYSTEM32\OPENGL32.dll
0x00007ffa725b0000 - 0x00007ffa725dd000 	C:\Windows\SYSTEM32\GLU32.dll
0x00007ffb03a90000 - 0x00007ffb03ac9000 	C:\Windows\SYSTEM32\dxcore.dll
0x00007ffb065f0000 - 0x00007ffb0660b000 	C:\Windows\SYSTEM32\CRYPTSP.dll
0x00007ffb05e80000 - 0x00007ffb05eb5000 	C:\Windows\system32\rsaenh.dll
0x00007ffb06490000 - 0x00007ffb064bc000 	C:\Windows\SYSTEM32\USERENV.dll
0x00007ffb072c0000 - 0x00007ffb0733a000 	C:\Windows\System32\bcryptprimitives.dll
0x00007ffb06610000 - 0x00007ffb0661c000 	C:\Windows\SYSTEM32\CRYPTBASE.dll
0x00007ffafd470000 - 0x00007ffafd489000 	C:\Windows\SYSTEM32\dhcpcsvc6.DLL
0x00007ffafd250000 - 0x00007ffafd26f000 	C:\Windows\SYSTEM32\dhcpcsvc.DLL
0x000000006b430000 - 0x000000006b5c8000 	C:\Program Files\Java\jdk1.8.0_91\jre\bin\awt.dll
0x00007ffb09330000 - 0x00007ffb09407000 	C:\Windows\System32\OLEAUT32.dll
0x00007ffb00090000 - 0x00007ffb00127000 	C:\Windows\SYSTEM32\apphelp.dll
0x00007ffafba20000 - 0x00007ffafbadc000 	C:\Windows\SYSTEM32\mscms.dll
0x00007ffb05f20000 - 0x00007ffb05f38000 	C:\Windows\SYSTEM32\kernel.appcore.dll
0x00007ffb08930000 - 0x00007ffb089e0000 	C:\Windows\System32\clbcatq.dll
0x00007ffaf95f0000 - 0x00007ffaf963e000 	C:\Windows\System32\Windows.Internal.Graphics.Display.DisplayColorManagement.dll
0x00007ffb06b00000 - 0x00007ffb06b4e000 	C:\Windows\SYSTEM32\cfgmgr32.dll
0x00007ffb007a0000 - 0x00007ffb0084b000 	C:\Windows\system32\uxtheme.dll
0x00007ffb087d0000 - 0x00007ffb08924000 	C:\Windows\System32\MSCTF.dll
0x00007ffaf93b0000 - 0x00007ffaf94fa000 	C:\Windows\SYSTEM32\textinputframework.dll
0x00007ffaff760000 - 0x00007ffaff894000 	C:\Windows\SYSTEM32\CoreMessaging.dll
0x00007ffafc930000 - 0x00007ffafcc9c000 	C:\Windows\SYSTEM32\CoreUIComponents.dll
0x00007ffb098d0000 - 0x00007ffb09a6f000 	C:\Windows\System32\ole32.dll
0x00007ffa85d90000 - 0x00007ffa85e7b000 	C:\Windows\system32\SogouWBTSF.ime
0x00007ffaf3680000 - 0x00007ffaf3687000 	C:\Windows\system32\MSIMG32.dll
0x00007ffb05f40000 - 0x00007ffb05f74000 	C:\Windows\SYSTEM32\ntmarta.dll
0x0000000032390000 - 0x0000000032c62000 	C:\Windows\system32\SogouWb.ime
0x00007ffa85d70000 - 0x00007ffa85d89000 	C:\Windows\SYSTEM32\USP10.dll
0x00007ffb05cf0000 - 0x00007ffb05cfc000 	C:\Windows\SYSTEM32\Secur32.dll
0x00007ffaeb7e0000 - 0x00007ffaeb849000 	C:\Windows\SYSTEM32\OLEACC.dll
0x00007ffae5820000 - 0x00007ffae5d14000 	C:\Windows\SYSTEM32\WININET.dll
0x00007ffaebaf0000 - 0x00007ffaebcaa000 	C:\Windows\WinSxS\amd64_microsoft.windows.gdiplus_6595b64144ccf1df_1.1.22621.3085_none_57ff6980ce140777\gdiplus.dll
0x00007ffb06180000 - 0x00007ffb061cc000 	C:\Windows\SYSTEM32\SSPICLI.DLL
0x00007ffb07560000 - 0x00007ffb075cb000 	C:\Windows\System32\Wintrust.dll
0x00007ffb07690000 - 0x00007ffb077f6000 	C:\Windows\System32\CRYPT32.dll
0x00007ffb06650000 - 0x00007ffb06662000 	C:\Windows\SYSTEM32\MSASN1.dll
0x00007ffb09410000 - 0x00007ffb0942f000 	C:\Windows\System32\imagehlp.dll
0x00007ffb06430000 - 0x00007ffb06456000 	C:\Windows\SYSTEM32\gpapi.dll
0x00007ffaf3110000 - 0x00007ffaf3142000 	C:\Windows\System32\cryptnet.dll
0x000000002d010000 - 0x000000002d0d7000 	D:\Program Files (x86)\SogouWBInput\5.5.0.2580\Plugins64\ManualNewWord.dll
0x00007ffad5910000 - 0x00007ffad5942000 	C:\Windows\system32\msctfp.dll
0x00007ffafd1e0000 - 0x00007ffafd22a000 	C:\Windows\SYSTEM32\directxdatabasehelper.dll
0x00007ffafb8c0000 - 0x00007ffafb9f5000 	C:\Windows\System32\AppXDeploymentClient.dll
0x00007ffa71500000 - 0x00007ffa725a9000 	C:\Windows\System32\DriverStore\FileRepository\iigd_dch.inf_amd64_57d6be89ba05925b\igxelpicd64.dll
0x00007ffb03290000 - 0x00007ffb032bb000 	C:\Windows\system32\dwmapi.dll
0x00007ffb04960000 - 0x00007ffb04a58000 	C:\Windows\system32\dxgi.dll
0x00007ffa713d0000 - 0x00007ffa714f4000 	C:\Windows\System32\DriverStore\FileRepository\iigd_dch.inf_amd64_57d6be89ba05925b\igdml64.dll
0x00007ffaf71b0000 - 0x00007ffaf75c2000 	C:\Windows\System32\DriverStore\FileRepository\iigd_dch.inf_amd64_57d6be89ba05925b\igdgmm64.dll
0x00007ffb06ab0000 - 0x00007ffb06adc000 	C:\Windows\SYSTEM32\DEVOBJ.dll
0x00007ffad3560000 - 0x00007ffad35a9000 	C:\Windows\SYSTEM32\icm32.dll
0x00007ffaeeae0000 - 0x00007ffaf2f1e000 	C:\Windows\System32\DriverStore\FileRepository\iigd_dch.inf_amd64_57d6be89ba05925b\igc64.dll
0x00007ffb05c80000 - 0x00007ffb05ccd000 	C:\Windows\SYSTEM32\powrprof.dll
0x00007ffb05c60000 - 0x00007ffb05c73000 	C:\Windows\SYSTEM32\UMPDC.dll
0x000000002d730000 - 0x000000002d768000 	C:\Users\43850\AppData\Local\Temp\jna\jna6868995368089223584.dll
0x0000000070a40000 - 0x0000000070adc000 	D:\GradeClient-main\jars\versions\1.8.8\1.8.8-natives\avutil-ttv-51.dll
0x0000000065980000 - 0x00000000659d6000 	D:\GradeClient-main\jars\versions\1.8.8\1.8.8-natives\swresample-ttv-0.dll
0x000000006eb80000 - 0x000000006ec50000 	D:\GradeClient-main\jars\versions\1.8.8\1.8.8-natives\libmp3lame-ttv.dll
0x00007ffa23440000 - 0x00007ffa247e4000 	D:\GradeClient-main\jars\versions\1.8.8\1.8.8-natives\libmfxsw64.dll
0x00007ffab3ec0000 - 0x00007ffab402d000 	D:\GradeClient-main\jars\versions\1.8.8\1.8.8-natives\twitchsdk.dll
0x0000000040260000 - 0x00000000402c4000 	D:\GradeClient-main\jars\versions\1.8.8\1.8.8-natives\OpenAL64.dll
0x00007ffaf4f20000 - 0x00007ffaf4fbd000 	C:\Windows\System32\MMDevApi.dll
0x00007ffa3edb0000 - 0x00007ffa3ee52000 	C:\Windows\SYSTEM32\dsound.dll
0x00007ffa3cc90000 - 0x00007ffa3cd41000 	C:\Windows\SYSTEM32\ResampleDmo.DLL
0x00007ffacdd80000 - 0x00007ffacdda9000 	C:\Windows\SYSTEM32\winmmbase.dll
0x00007ffaed2f0000 - 0x00007ffaed2fb000 	C:\Windows\SYSTEM32\msdmo.dll
0x00007ffaeb320000 - 0x00007ffaeb50c000 	C:\Windows\SYSTEM32\AUDIOSES.DLL
0x00007ffb03930000 - 0x00007ffb03945000 	C:\Windows\SYSTEM32\resourcepolicyclient.dll
0x00007ffb044c0000 - 0x00007ffb046f3000 	C:\Windows\SYSTEM32\dbghelp.dll

VM Arguments:
jvm_args: -agentlib:jdwp=transport=dt_socket,address=127.0.0.1:64998,suspend=y,server=n -javaagent:D:\ideaIU-2023.2.win\plugins\java\lib\rt\debugger-agent.jar -Dfile.encoding=UTF-8 
java_command: Start
java_class_path (initial): C:\Users\43850\AppData\Local\Temp\classpath2069099618.jar;D:\ideaIU-2023.2.win\plugins\java\lib\rt\debugger-agent.jar
Launcher Type: SUN_STANDARD

Environment Variables:
JAVA_HOME=D:\graalvm-jdk-17.0.8+9.1
PATH=D:\graalvm-jdk-17.0.8+9.1\bin;D:\Program Files (x86)\VMware\VMware Workstation\bin\;C:\ProgramData\Oracle\Java\javapath;C:\Windows\system32;C:\Windows;C:\Windows\System32\Wbem;C:\Windows\System32\WindowsPowerShell\v1.0\;C:\Windows\System32\OpenSSH\;C:\Program Files (x86)\NVIDIA Corporation\PhysX\Common;C:\Program Files\NVIDIA Corporation\NVIDIA NvDLISR;C:\Program Files\Git\cmd;C:\Program Files\Microsoft SQL Server\150\Tools\Binn\;C:\Program Files\Microsoft SQL Server\Client SDK\ODBC\170\Tools\Binn\;C:\Program Files\dotnet\;D:\Windows Kits\10\Windows Performance Toolkit\;C:\Users\43850\AppData\Roaming\nvm;C:\Program Files\nodejs;C:\Program Files (x86)\Microsoft SQL Server\Client SDK\ODBC\130\Tools\Binn\;C:\Program Files (x86)\Microsoft SQL Server\140\Tools\Binn\;C:\Program Files (x86)\Microsoft SQL Server\140\DTS\Binn\;C:\Program Files (x86)\Microsoft SQL Server\140\Tools\Binn\ManagementStudio\;C:\Program Files (x86)\Microsoft SQL Server\130\Tools\Binn\;C:\Program Files\Microsoft SQL Server\130\Tools\Binn\;C:\Program Files (x86)\Microsoft SQL Server\130\DTS\Binn\;C:\Program Files\Microsoft SQL Server\130\DTS\Binn\;C:\Program Files\Microsoft SQL Server\Client SDK\ODBC\130\Tools\Binn\;D:\Program Files\Redis\;D:\GradeClient-main\jars\versions\1.8.8\1.8.8-natives;C:\Users\43850\AppData\Local\Microsoft\WindowsApps;C:\Users\43850\AppData\Roaming\npm;C:\Users\43850\.dotnet\tools;C:\Users\43850\AppData\Local\Programs\Microsoft VS Code\bin;C:\Users\43850\AppData\Roaming\nvm;C:\Program Files\nodejs;C:\Users\43850\AppData\Local\gitkraken\bin
USERNAME=43850
OS=Windows_NT
PROCESSOR_IDENTIFIER=Intel64 Family 6 Model 154 Stepping 3, GenuineIntel



---------------  S Y S T E M  ---------------

OS: Windows 10.0 , 64 bit Build 22621 (10.0.22621.3235)

CPU:total 16 (16 cores per cpu, 1 threads per core) family 6 model 154 stepping 3, cmov, cx8, fxsr, mmx, sse, sse2, sse3, ssse3, sse4.1, sse4.2, popcnt, avx, avx2, aes, clmul, erms, 3dnowpref, lzcnt, tsc, tscinvbit, bmi1, bmi2, adx

Memory: 4k page, physical 16496120k(3069300k free), swap 33081668k(5149072k free)

vm_info: Java HotSpot(TM) 64-Bit Server VM (25.91-b14) for windows-amd64 JRE (1.8.0_91-b14), built on Apr  1 2016 00:58:32 by "java_re" with MS VC++ 10.0 (VS2010)

time: Sun Mar 31 11:19:47 2024
elapsed time: 13 seconds (0d 0h 0m 13s)

