#
# A fatal error has been detected by the Java Runtime Environment:
#
#  EXCEPTION_ACCESS_VIOLATION (0xc0000005) at pc=0x00007ffa717895aa, pid=14596, tid=16412
#
# JRE version: Java(TM) SE Runtime Environment (8.0_91-b14) (build 1.8.0_91-b14)
# Java VM: Java HotSpot(TM) 64-Bit Server VM (25.91-b14 mixed mode windows-amd64 compressed oops)
# Problematic frame:
# C  [igxelpicd64.dll+0x2895aa]
#
# Failed to write core dump. Minidumps are not enabled by default on client versions of Windows
#
# If you would like to submit a bug report, please visit:
#   http://bugreport.java.com/bugreport/crash.jsp
#

---------------  T H R E A D  ---------------

Current thread (0x000000001ed93000):  VMThread [stack: 0x0000000020420000,0x0000000020520000] [id=16412]

siginfo: ExceptionCode=0xc0000005, reading address 0x0000000000035f88

Registers:
RAX=0x00000000523e3048, RBX=0x0000000000000000, RCX=0x0000000000000000, RDX=0x00000000fffffff0
RSP=0x000000002051eb80, RBP=0x000000002051ebe8, RSI=0x000000003428b650, RDI=0x0000000000000000
R8 =0x0000000000000000, R9 =0x0000000000000000, R10=0x00000000523e3518, R11=0x0000000000000246
R12=0x0000000034427188, R13=0x0000000000000000, R14=0x00000000523e2f40, R15=0x0000000000000016
RIP=0x00007ffa717895aa, EFLAGS=0x0000000000010206

Top of Stack: (sp=0x000000002051eb80)
0x000000002051eb80:   0000000028e61c70 0000000000000000
0x000000002051eb90:   000000002051ed30 00007ffb090a41a9
0x000000002051eba0:   0000000051f2b810 0000000000000000
0x000000002051ebb0:   0000000028e61c70 00000000523e3518
0x000000002051ebc0:   02832f8902dc0289 00007ffb09b533b4
0x000000002051ebd0:   02933d8a02c8dd89 0093808a02864b8a
0x000000002051ebe0:   02489c8a02a2888a 0000000000000017
0x000000002051ebf0:   000000000001c80a 000074042dc00000
0x000000002051ec00:   0000000034427188 0000000000000000
0x000000002051ec10:   0000000000000000 000000003428b650
0x000000002051ec20:   000000002051ed30 00007ffa71581d5f
0x000000002051ec30:   000000003428b600 0000000000000016
0x000000002051ec40:   0292e3910235c300 0233609200165900
0x000000002051ec50:   00000000001975ac 02be9f9200000000
0x000000002051ec60:   0000000000000000 023dca9300c76993
0x000000002051ec70:   0274e693018cce93 01e05a9401f73994 

Instructions: (pc=0x00007ffa717895aa)
0x00007ffa7178958a:   48 8d 04 c0 48 8d 40 21 49 8d 04 c6 48 85 c0 74
0x00007ffa7178959a:   0c 48 8b 48 08 eb 09 48 83 c0 08 eb ef 48 8b cb
0x00007ffa717895aa:   49 3b 8d 88 5f 03 00 0f 86 86 01 00 00 41 83 f8
0x00007ffa717895ba:   10 73 0d 4a 8d 04 c5 21 00 00 00 49 03 c0 eb 55 


Register to memory mapping:

RAX=0x00000000523e3048 is an unknown value
RBX=0x0000000000000000 is an unknown value
RCX=0x0000000000000000 is an unknown value
RDX=0x00000000fffffff0 is an unknown value
RSP=0x000000002051eb80 is an unknown value
RBP=0x000000002051ebe8 is an unknown value
RSI=0x000000003428b650 is an unknown value
RDI=0x0000000000000000 is an unknown value
R8 =0x0000000000000000 is an unknown value
R9 =0x0000000000000000 is an unknown value
R10=0x00000000523e3518 is an unknown value
R11=0x0000000000000246 is an unknown value
R12=0x0000000034427188 is an unknown value
R13=0x0000000000000000 is an unknown value
R14=0x00000000523e2f40 is an unknown value
R15=0x0000000000000016 is an unknown value


Stack: [0x0000000020420000,0x0000000020520000],  sp=0x000000002051eb80,  free space=1018k
Native frames: (J=compiled Java code, j=interpreted, Vv=VM code, C=native code)
C  [igxelpicd64.dll+0x2895aa]
C  [igxelpicd64.dll+0x81d5f]
C  [igxelpicd64.dll+0x28d57f]
C  [igxelpicd64.dll+0x75468]
C  [igxelpicd64.dll+0x243ef4]
C  [igxelpicd64.dll+0x2442b3]
C  [igxelpicd64.dll+0x23e32f]
C  [igxelpicd64.dll+0x23e15d]
C  [igxelpicd64.dll+0x81545b]
C  [ntdll.dll+0x2869f]
C  [ntdll.dll+0x510a6]
C  [ntdll.dll+0x50c9d]
C  [KERNEL32.DLL+0x17fab]
C  [msvcr100.dll+0x20ccd]
V  [jvm.dll+0x211395]
V  [jvm.dll+0x24a0e7]
V  [jvm.dll+0x249386]
V  [jvm.dll+0x249821]
V  [jvm.dll+0x249a3e]
V  [jvm.dll+0x29a99a]
C  [msvcr100.dll+0x21d9f]
C  [msvcr100.dll+0x21e3b]
C  [KERNEL32.DLL+0x1257d]
C  [ntdll.dll+0x5aa58]

VM_Operation (0x000000003fa2eec0): Exit, mode: safepoint, requested by thread 0x0000000024ef8000


---------------  P R O C E S S  ---------------

Java Threads: ( => current thread )
  0x0000000024ef8000 JavaThread "SIGINT handler" daemon [_thread_blocked, id=26876, stack(0x000000003f930000,0x000000003fa30000)]
  0x0000000024efc000 JavaThread "Netty Client IO #1" daemon [_thread_blocked, id=27104, stack(0x0000000060010000,0x0000000060110000)]
  0x0000000024efa800 JavaThread "Netty Client IO #0" daemon [_thread_blocked, id=23776, stack(0x000000005ff10000,0x0000000060010000)]
  0x0000000024ef9800 JavaThread "Server Pinger #3" daemon [_thread_blocked, id=12608, stack(0x000000005f910000,0x000000005fa10000)]
  0x0000000024efb000 JavaThread "Server Pinger #2" daemon [_thread_blocked, id=16844, stack(0x000000005f610000,0x000000005f710000)]
  0x0000000024ef9000 JavaThread "Server Pinger #1" daemon [_thread_blocked, id=20864, stack(0x000000005f510000,0x000000005f610000)]
  0x000000001f0d0800 JavaThread "Thread-9" daemon [_thread_in_native, id=23820, stack(0x000000005f410000,0x000000005f510000)]
  0x000000001f0d6800 JavaThread "Server Pinger #0" daemon [_thread_blocked, id=13028, stack(0x000000005cc20000,0x000000005cd20000)]
  0x000000001f0d6000 JavaThread "LanServerDetector #1" daemon [_thread_in_native, id=6552, stack(0x000000005cb20000,0x000000005cc20000)]
  0x000000001f0d5000 JavaThread "LWJGL Timer" daemon [_thread_blocked, id=4016, stack(0x000000005f310000,0x000000005f410000)]
  0x000000001f0d3800 JavaThread "Chunk Batcher 1" daemon [_thread_blocked, id=27276, stack(0x0000000037580000,0x0000000037680000)]
  0x000000001f0d1800 JavaThread "Chunk Batcher 0" daemon [_thread_blocked, id=1224, stack(0x0000000037480000,0x0000000037580000)]
  0x00000000262a2000 JavaThread "Thread-7" [_thread_blocked, id=18608, stack(0x0000000050790000,0x0000000050890000)]
  0x0000000023e25000 JavaThread "Thread-6" [_thread_blocked, id=27112, stack(0x00000000509a0000,0x0000000050aa0000)]
  0x0000000024c18800 JavaThread "Java2D Disposer" daemon [_thread_blocked, id=4804, stack(0x0000000027500000,0x0000000027600000)]
  0x00000000226e4000 JavaThread "Timer hack thread" daemon [_thread_blocked, id=784, stack(0x00000000271e0000,0x00000000272e0000)]
  0x00000000255bb000 JavaThread "Snooper Timer" daemon [_thread_blocked, id=26428, stack(0x0000000026110000,0x0000000026210000)]
  0x000000001ee3f000 JavaThread "Snooper Timer" daemon [_thread_blocked, id=20000, stack(0x0000000025e10000,0x0000000025f10000)]
  0x00000000216e7000 JavaThread "Service Thread" daemon [_thread_blocked, id=6208, stack(0x0000000021f40000,0x0000000022040000)]
  0x000000001f0d2000 JavaThread "C1 CompilerThread11" daemon [_thread_blocked, id=8180, stack(0x0000000021540000,0x0000000021640000)]
  0x000000001f0c8000 JavaThread "C1 CompilerThread10" daemon [_thread_blocked, id=2304, stack(0x0000000021440000,0x0000000021540000)]
  0x000000001f0c6000 JavaThread "C1 CompilerThread9" daemon [_thread_blocked, id=27144, stack(0x0000000021340000,0x0000000021440000)]
  0x000000001f0bb800 JavaThread "C1 CompilerThread8" daemon [_thread_blocked, id=26444, stack(0x0000000021240000,0x0000000021340000)]
  0x000000001f0b8800 JavaThread "C2 CompilerThread7" daemon [_thread_blocked, id=26156, stack(0x0000000021140000,0x0000000021240000)]
  0x000000001f0b5000 JavaThread "C2 CompilerThread6" daemon [_thread_blocked, id=10960, stack(0x0000000021040000,0x0000000021140000)]
  0x000000001f0ac000 JavaThread "C2 CompilerThread5" daemon [_thread_blocked, id=16276, stack(0x0000000020f40000,0x0000000021040000)]
  0x000000001f0a9000 JavaThread "C2 CompilerThread4" daemon [_thread_blocked, id=26316, stack(0x0000000020e40000,0x0000000020f40000)]
  0x000000001f0a8800 JavaThread "C2 CompilerThread3" daemon [_thread_blocked, id=14216, stack(0x0000000020d40000,0x0000000020e40000)]
  0x000000001f0a7800 JavaThread "C2 CompilerThread2" daemon [_thread_blocked, id=24744, stack(0x0000000020c40000,0x0000000020d40000)]
  0x000000001f080000 JavaThread "C2 CompilerThread1" daemon [_thread_blocked, id=3484, stack(0x0000000020b40000,0x0000000020c40000)]
  0x000000001f01b000 JavaThread "C2 CompilerThread0" daemon [_thread_blocked, id=19016, stack(0x0000000020a40000,0x0000000020b40000)]
  0x000000001f09b800 JavaThread "Monitor Ctrl-Break" daemon [_thread_in_native, id=26476, stack(0x0000000020940000,0x0000000020a40000)]
  0x000000001ee30800 JavaThread "Attach Listener" daemon [_thread_blocked, id=25168, stack(0x0000000020830000,0x0000000020930000)]
  0x000000001edb6800 JavaThread "Finalizer" daemon [_thread_blocked, id=9036, stack(0x0000000020620000,0x0000000020720000)]
  0x000000001d34b800 JavaThread "Reference Handler" daemon [_thread_blocked, id=26520, stack(0x0000000020520000,0x0000000020620000)]
  0x00000000034c3800 JavaThread "Client thread" [_thread_blocked, id=27252, stack(0x0000000003150000,0x0000000003250000)]

Other Threads:
=>0x000000001ed93000 VMThread [stack: 0x0000000020420000,0x0000000020520000] [id=16412]

VM state:at safepoint (shutting down)

VM Mutex/Monitor currently owned by a thread:  ([mutex/lock_event])
[0x00000000034c04d0] Threads_lock - owner thread: 0x000000001ed93000

Heap:
 PSYoungGen      total 266752K, used 63561K [0x000000076c180000, 0x000000077f200000, 0x00000007c0000000)
  eden space 231936K, 27% used [0x000000076c180000,0x000000076ff926e0,0x000000077a400000)
  from space 34816K, 0% used [0x000000077c800000,0x000000077c800000,0x000000077ea00000)
  to   space 36864K, 0% used [0x000000077a400000,0x000000077a400000,0x000000077c800000)
 ParOldGen       total 241152K, used 59240K [0x00000006c4400000, 0x00000006d2f80000, 0x000000076c180000)
  object space 241152K, 24% used [0x00000006c4400000,0x00000006c7dda1b0,0x00000006d2f80000)
 Metaspace       used 37589K, capacity 37859K, committed 38400K, reserved 1083392K
  class space    used 4765K, capacity 4834K, committed 4864K, reserved 1048576K

Card table byte_map: [0x0000000012980000,0x0000000013160000] byte_map_base: 0x000000000f35e000

Marking Bits: (ParMarkBitMap*) 0x000000006beb2f70
 Begin Bits: [0x00000000143a0000, 0x0000000018290000)
 End Bits:   [0x0000000018290000, 0x000000001c180000)

Polling page: 0x00000000015a0000

CodeCache: size=245760Kb used=16197Kb max_used=16463Kb free=229563Kb
 bounds [0x00000000035c0000, 0x0000000004690000, 0x00000000125c0000]
 total_blobs=4601 nmethods=3862 adapters=648
 compilation: enabled

Compilation events (10 events):
Event: 14.999 Thread 0x000000001f0c8000 4796  s    3       paulscode.sound.Source::active (15 bytes)
Event: 14.999 Thread 0x000000001f0c8000 nmethod 4796 0x000000000456c5d0 code [0x000000000456c720, 0x000000000456ca30]
Event: 15.040 Thread 0x000000001f0bb800 4797       3       paulscode.sound.Source::active (7 bytes)
Event: 15.040 Thread 0x000000001f0bb800 nmethod 4797 0x000000000456bf90 code [0x000000000456c100, 0x000000000456c450]
Event: 15.093 Thread 0x000000001f0d2000 4798       3       java.util.logging.LogManager$LoggerContext::ensureDefaultLogger (70 bytes)
Event: 15.093 Thread 0x000000001f0d2000 nmethod 4798 0x0000000004128890 code [0x0000000004128a40, 0x00000000041292e8]
Event: 15.094 Thread 0x000000001f0c8000 4799       3       java.util.Collections$UnmodifiableCollection::iterator (9 bytes)
Event: 15.094 Thread 0x000000001f0c6000 4800       3       java.util.Collections$UnmodifiableCollection$1::<init> (26 bytes)
Event: 15.095 Thread 0x000000001f0c6000 nmethod 4800 0x000000000406b790 code [0x000000000406b900, 0x000000000406bbc8]
Event: 15.095 Thread 0x000000001f0c8000 nmethod 4799 0x000000000406b150 code [0x000000000406b2c0, 0x000000000406b628]

GC Heap History (10 events):
Event: 3.608 GC heap before
{Heap before GC invocations=10 (full 1):
 PSYoungGen      total 177664K, used 172613K [0x000000076c180000, 0x0000000778e80000, 0x00000007c0000000)
  eden space 152064K, 100% used [0x000000076c180000,0x0000000775600000,0x0000000775600000)
  from space 25600K, 80% used [0x0000000777100000,0x0000000778511620,0x0000000778a00000)
  to   space 27648K, 0% used [0x0000000775600000,0x0000000775600000,0x0000000777100000)
 ParOldGen       total 116224K, used 34098K [0x00000006c4400000, 0x00000006cb580000, 0x000000076c180000)
  object space 116224K, 29% used [0x00000006c4400000,0x00000006c654cae8,0x00000006cb580000)
 Metaspace       used 30735K, capacity 30965K, committed 31360K, reserved 1077248K
  class space    used 4036K, capacity 4099K, committed 4224K, reserved 1048576K
Event: 3.616 GC heap after
Heap after GC invocations=10 (full 1):
 PSYoungGen      total 179712K, used 20387K [0x000000076c180000, 0x000000077ba80000, 0x00000007c0000000)
  eden space 152064K, 0% used [0x000000076c180000,0x000000076c180000,0x0000000775600000)
  from space 27648K, 73% used [0x0000000775600000,0x00000007769e8cc0,0x0000000777100000)
  to   space 29696K, 0% used [0x0000000779d80000,0x0000000779d80000,0x000000077ba80000)
 ParOldGen       total 116224K, used 34106K [0x00000006c4400000, 0x00000006cb580000, 0x000000076c180000)
  object space 116224K, 29% used [0x00000006c4400000,0x00000006c654eae8,0x00000006cb580000)
 Metaspace       used 30735K, capacity 30965K, committed 31360K, reserved 1077248K
  class space    used 4036K, capacity 4099K, committed 4224K, reserved 1048576K
}
Event: 4.101 GC heap before
{Heap before GC invocations=11 (full 1):
 PSYoungGen      total 179712K, used 172308K [0x000000076c180000, 0x000000077ba80000, 0x00000007c0000000)
  eden space 152064K, 99% used [0x000000076c180000,0x00000007755dc358,0x0000000775600000)
  from space 27648K, 73% used [0x0000000775600000,0x00000007769e8cc0,0x0000000777100000)
  to   space 29696K, 0% used [0x0000000779d80000,0x0000000779d80000,0x000000077ba80000)
 ParOldGen       total 116224K, used 34106K [0x00000006c4400000, 0x00000006cb580000, 0x000000076c180000)
  object space 116224K, 29% used [0x00000006c4400000,0x00000006c654eae8,0x00000006cb580000)
 Metaspace       used 31334K, capacity 31573K, committed 31872K, reserved 1077248K
  class space    used 4062K, capacity 4131K, committed 4224K, reserved 1048576K
Event: 4.110 GC heap after
Heap after GC invocations=11 (full 1):
 PSYoungGen      total 220672K, used 29669K [0x000000076c180000, 0x000000077c080000, 0x00000007c0000000)
  eden space 190976K, 0% used [0x000000076c180000,0x000000076c180000,0x0000000777c00000)
  from space 29696K, 99% used [0x0000000779d80000,0x000000077ba79750,0x000000077ba80000)
  to   space 34304K, 0% used [0x0000000777c00000,0x0000000777c00000,0x0000000779d80000)
 ParOldGen       total 116224K, used 34242K [0x00000006c4400000, 0x00000006cb580000, 0x000000076c180000)
  object space 116224K, 29% used [0x00000006c4400000,0x00000006c6570ae8,0x00000006cb580000)
 Metaspace       used 31334K, capacity 31573K, committed 31872K, reserved 1077248K
  class space    used 4062K, capacity 4131K, committed 4224K, reserved 1048576K
}
Event: 8.054 GC heap before
{Heap before GC invocations=12 (full 1):
 PSYoungGen      total 220672K, used 213957K [0x000000076c180000, 0x000000077c080000, 0x00000007c0000000)
  eden space 190976K, 96% used [0x000000076c180000,0x0000000777577fe8,0x0000000777c00000)
  from space 29696K, 99% used [0x0000000779d80000,0x000000077ba79750,0x000000077ba80000)
  to   space 34304K, 0% used [0x0000000777c00000,0x0000000777c00000,0x0000000779d80000)
 ParOldGen       total 116224K, used 34242K [0x00000006c4400000, 0x00000006cb580000, 0x000000076c180000)
  object space 116224K, 29% used [0x00000006c4400000,0x00000006c6570ae8,0x00000006cb580000)
 Metaspace       used 32466K, capacity 32693K, committed 33024K, reserved 1077248K
  class space    used 4190K, capacity 4273K, committed 4352K, reserved 1048576K
Event: 8.062 GC heap after
Heap after GC invocations=12 (full 1):
 PSYoungGen      total 225280K, used 21697K [0x000000076c180000, 0x000000077ea00000, 0x00000007c0000000)
  eden space 190976K, 0% used [0x000000076c180000,0x000000076c180000,0x0000000777c00000)
  from space 34304K, 63% used [0x0000000777c00000,0x00000007791304c0,0x0000000779d80000)
  to   space 34816K, 0% used [0x000000077c800000,0x000000077c800000,0x000000077ea00000)
 ParOldGen       total 116224K, used 40278K [0x00000006c4400000, 0x00000006cb580000, 0x000000076c180000)
  object space 116224K, 34% used [0x00000006c4400000,0x00000006c6b55af8,0x00000006cb580000)
 Metaspace       used 32466K, capacity 32693K, committed 33024K, reserved 1077248K
  class space    used 4190K, capacity 4273K, committed 4352K, reserved 1048576K
}
Event: 8.255 GC heap before
{Heap before GC invocations=13 (full 1):
 PSYoungGen      total 225280K, used 102671K [0x000000076c180000, 0x000000077ea00000, 0x00000007c0000000)
  eden space 190976K, 42% used [0x000000076c180000,0x00000007710937d8,0x0000000777c00000)
  from space 34304K, 63% used [0x0000000777c00000,0x00000007791304c0,0x0000000779d80000)
  to   space 34816K, 0% used [0x000000077c800000,0x000000077c800000,0x000000077ea00000)
 ParOldGen       total 116224K, used 40278K [0x00000006c4400000, 0x00000006cb580000, 0x000000076c180000)
  object space 116224K, 34% used [0x00000006c4400000,0x00000006c6b55af8,0x00000006cb580000)
 Metaspace       used 34871K, capacity 35095K, committed 35496K, reserved 1081344K
  class space    used 4475K, capacity 4562K, committed 4608K, reserved 1048576K
Event: 8.262 GC heap after
Heap after GC invocations=13 (full 1):
 PSYoungGen      total 266752K, used 25650K [0x000000076c180000, 0x000000077f200000, 0x00000007c0000000)
  eden space 231936K, 0% used [0x000000076c180000,0x000000076c180000,0x000000077a400000)
  from space 34816K, 73% used [0x000000077c800000,0x000000077e10ca58,0x000000077ea00000)
  to   space 36864K, 0% used [0x000000077a400000,0x000000077a400000,0x000000077c800000)
 ParOldGen       total 116224K, used 40286K [0x00000006c4400000, 0x00000006cb580000, 0x000000076c180000)
  object space 116224K, 34% used [0x00000006c4400000,0x00000006c6b57af8,0x00000006cb580000)
 Metaspace       used 34871K, capacity 35095K, committed 35496K, reserved 1081344K
  class space    used 4475K, capacity 4562K, committed 4608K, reserved 1048576K
}
Event: 8.262 GC heap before
{Heap before GC invocations=14 (full 2):
 PSYoungGen      total 266752K, used 25650K [0x000000076c180000, 0x000000077f200000, 0x00000007c0000000)
  eden space 231936K, 0% used [0x000000076c180000,0x000000076c180000,0x000000077a400000)
  from space 34816K, 73% used [0x000000077c800000,0x000000077e10ca58,0x000000077ea00000)
  to   space 36864K, 0% used [0x000000077a400000,0x000000077a400000,0x000000077c800000)
 ParOldGen       total 116224K, used 40286K [0x00000006c4400000, 0x00000006cb580000, 0x000000076c180000)
  object space 116224K, 34% used [0x00000006c4400000,0x00000006c6b57af8,0x00000006cb580000)
 Metaspace       used 34871K, capacity 35095K, committed 35496K, reserved 1081344K
  class space    used 4475K, capacity 4562K, committed 4608K, reserved 1048576K
Event: 8.420 GC heap after
Heap after GC invocations=14 (full 2):
 PSYoungGen      total 266752K, used 0K [0x000000076c180000, 0x000000077f200000, 0x00000007c0000000)
  eden space 231936K, 0% used [0x000000076c180000,0x000000076c180000,0x000000077a400000)
  from space 34816K, 0% used [0x000000077c800000,0x000000077c800000,0x000000077ea00000)
  to   space 36864K, 0% used [0x000000077a400000,0x000000077a400000,0x000000077c800000)
 ParOldGen       total 241152K, used 59240K [0x00000006c4400000, 0x00000006d2f80000, 0x000000076c180000)
  object space 241152K, 24% used [0x00000006c4400000,0x00000006c7dda1b0,0x00000006d2f80000)
 Metaspace       used 34871K, capacity 35095K, committed 35496K, reserved 1081344K
  class space    used 4475K, capacity 4562K, committed 4608K, reserved 1048576K
}

Deoptimization events (10 events):
Event: 9.346 Thread 0x0000000024ef9800 Uncommon trap: reason=speculate_class_check action=maybe_recompile pc=0x000000000450f984 method=java.util.EnumMap.get(Ljava/lang/Object;)Ljava/lang/Object; @ 14
Event: 9.403 Thread 0x0000000024efc000 Uncommon trap: reason=unstable_if action=reinterpret pc=0x000000000426bc70 method=com.google.gson.internal.LinkedTreeMap.entrySet()Ljava/util/Set; @ 6
Event: 9.403 Thread 0x0000000024efc000 Uncommon trap: reason=unstable_if action=reinterpret pc=0x000000000413223c method=com.google.gson.internal.LinkedTreeMap.entrySet()Ljava/util/Set; @ 6
Event: 9.403 Thread 0x0000000024efc000 Uncommon trap: reason=unstable_if action=reinterpret pc=0x00000000041325b0 method=com.google.gson.internal.LinkedTreeMap.entrySet()Ljava/util/Set; @ 6
Event: 9.404 Thread 0x0000000024efc000 Uncommon trap: reason=bimorphic action=maybe_recompile pc=0x0000000003e360e4 method=com.google.common.collect.TransformedIterator.hasNext()Z @ 4
Event: 9.404 Thread 0x0000000024efc000 Uncommon trap: reason=class_check action=maybe_recompile pc=0x0000000003e2b304 method=com.google.common.collect.Iterators$8.transform(Ljava/lang/Object;)Ljava/lang/Object; @ 5
Event: 9.404 Thread 0x0000000024efc000 Uncommon trap: reason=class_check action=maybe_recompile pc=0x0000000003e2b304 method=com.google.common.collect.Iterators$8.transform(Ljava/lang/Object;)Ljava/lang/Object; @ 5
Event: 9.420 Thread 0x00000000034c3800 Uncommon trap: reason=unstable_if action=reinterpret pc=0x0000000003d3647c method=net.minecraft.client.gui.FontRenderer.getCharWidth(C)I @ 4
Event: 9.754 Thread 0x00000000034c3800 Uncommon trap: reason=unstable_if action=reinterpret pc=0x000000000450c9e4 method=net.minecraft.util.ResourceLocation.equals(Ljava/lang/Object;)Z @ 2
Event: 9.760 Thread 0x00000000262a2000 Uncommon trap: reason=unstable_if action=reinterpret pc=0x0000000004141e10 method=com.jcraft.jorbis.DspState.synthesis_blockin(Lcom/jcraft/jorbis/Block;)I @ 592

Internal exceptions (10 events):
Event: 8.093 Thread 0x00000000034c3800 Exception <a 'java/lang/NoClassDefFoundError': javassist/ClassPath> (0x000000076d4238d8) thrown at [C:\re\workspace\8-2-build-windows-amd64-cygwin\jdk8u91\6644\hotspot\src\share\vm\classfile\systemDictionary.cpp, line 199]
Event: 8.149 Thread 0x000000001f0d6800 Exception <a 'java/lang/ExceptionInInitializerError'> (0x000000076d59ee20) thrown at [C:\re\workspace\8-2-build-windows-amd64-cygwin\jdk8u91\6644\hotspot\src\share\vm\oops\instanceKlass.cpp, line 953]
Event: 8.420 Thread 0x0000000024ef9000 Exception <a 'java/net/UnknownHostException': kazer.cc> (0x000000076c180038) thrown at [C:\re\workspace\8-2-build-windows-amd64-cygwin\jdk8u91\6644\hotspot\src\share\vm\prims\jni.cpp, line 735]
Event: 8.420 Thread 0x0000000024ef9800 Implicit null exception at 0x00000000038d0a40 to 0x00000000038d104d
Event: 9.020 Thread 0x0000000023e25000 Exception <a 'java/lang/InterruptedException': sleep interrupted> (0x000000076d7e4b28) thrown at [C:\re\workspace\8-2-build-windows-amd64-cygwin\jdk8u91\6644\hotspot\src\share\vm\prims\jvm.cpp, line 3215]
Event: 9.720 Thread 0x0000000023e25000 Exception <a 'java/lang/InterruptedException': sleep interrupted> (0x000000076d7e4d80) thrown at [C:\re\workspace\8-2-build-windows-amd64-cygwin\jdk8u91\6644\hotspot\src\share\vm\prims\jvm.cpp, line 3215]
Event: 9.725 Thread 0x00000000262a2000 Exception <a 'java/lang/InterruptedException': sleep interrupted> (0x000000076ddce1b8) thrown at [C:\re\workspace\8-2-build-windows-amd64-cygwin\jdk8u91\6644\hotspot\src\share\vm\prims\jvm.cpp, line 3215]
Event: 11.350 Thread 0x0000000024efa800 Exception <a 'java/net/ConnectException': Connection refused: no further information> (0x000000076dc24178) thrown at [C:\re\workspace\8-2-build-windows-amd64-cygwin\jdk8u91\6644\hotspot\src\share\vm\prims\jni.cpp, line 735]
Event: 11.350 Thread 0x000000001f0d6800 Exception <a 'java/net/ConnectException'> (0x000000076dc243f0) thrown at [C:\re\workspace\8-2-build-windows-amd64-cygwin\jdk8u91\6644\hotspot\src\share\vm\prims\jni.cpp, line 709]
Event: 13.025 Thread 0x000000001f0d6000 Exception <a 'java/net/SocketTimeoutException': Receive timed out> (0x000000076f31b200) thrown at [C:\re\workspace\8-2-build-windows-amd64-cygwin\jdk8u91\6644\hotspot\src\share\vm\prims\jni.cpp, line 735]

Events (10 events):
Event: 15.093 Thread 0x0000000024efd800 Thread exited: 0x0000000024efd800
Event: 15.093 loading class org/apache/logging/log4j/core/config/NullConfiguration
Event: 15.093 loading class org/apache/logging/log4j/core/config/NullConfiguration done
Event: 15.093 loading class javax/servlet/ServletContext
Event: 15.093 loading class javax/servlet/ServletContext done
Event: 15.093 Thread 0x0000000024ef6800 Thread exited: 0x0000000024ef6800
Event: 15.094 Thread 0x0000000024efe000 Thread exited: 0x0000000024efe000
Event: 15.107 Thread 0x0000000024efc800 Thread exited: 0x0000000024efc800
Event: 15.108 Thread 0x000000001edd8000 Thread exited: 0x000000001edd8000
Event: 15.108 Executing VM operation: Exit


Dynamic libraries:
0x00007ff6331d0000 - 0x00007ff633207000 	C:\Program Files\Java\jdk1.8.0_91\bin\java.exe
0x00007ffb09ab0000 - 0x00007ffb09cc6000 	C:\Windows\SYSTEM32\ntdll.dll
0x00007ffb09250000 - 0x00007ffb09314000 	C:\Windows\System32\KERNEL32.DLL
0x00007ffb06df0000 - 0x00007ffb07196000 	C:\Windows\System32\KERNELBASE.dll
0x00007ffb097d0000 - 0x00007ffb09882000 	C:\Windows\System32\ADVAPI32.dll
0x00007ffb096d0000 - 0x00007ffb09777000 	C:\Windows\System32\msvcrt.dll
0x00007ffb08ff0000 - 0x00007ffb09098000 	C:\Windows\System32\sechost.dll
0x00007ffb07340000 - 0x00007ffb07368000 	C:\Windows\System32\bcrypt.dll
0x00007ffb07960000 - 0x00007ffb07a75000 	C:\Windows\System32\RPCRT4.dll
0x00007ffb090a0000 - 0x00007ffb0924d000 	C:\Windows\System32\USER32.dll
0x00007ffb07370000 - 0x00007ffb07396000 	C:\Windows\System32\win32u.dll
0x00007ffb07920000 - 0x00007ffb07949000 	C:\Windows\System32\GDI32.dll
0x00007ffb071a0000 - 0x00007ffb072b8000 	C:\Windows\System32\gdi32full.dll
0x00007ffb074c0000 - 0x00007ffb0755a000 	C:\Windows\System32\msvcp_win.dll
0x00007ffb073a0000 - 0x00007ffb074b1000 	C:\Windows\System32\ucrtbase.dll
0x00007ffaeb850000 - 0x00007ffaebae3000 	C:\Windows\WinSxS\amd64_microsoft.windows.common-controls_6595b64144ccf1df_6.0.22621.3235_none_270f74e173860f98\COMCTL32.dll
0x00007ffb09890000 - 0x00007ffb098c1000 	C:\Windows\System32\IMM32.DLL
0x000000006bf40000 - 0x000000006c012000 	C:\Program Files\Java\jdk1.8.0_91\jre\bin\msvcr100.dll
0x000000006b6a0000 - 0x000000006bf33000 	C:\Program Files\Java\jdk1.8.0_91\jre\bin\server\jvm.dll
0x00007ffb09320000 - 0x00007ffb09328000 	C:\Windows\System32\PSAPI.DLL
0x00007ffafe210000 - 0x00007ffafe219000 	C:\Windows\SYSTEM32\WSOCK32.dll
0x00007ffb00940000 - 0x00007ffb00974000 	C:\Windows\SYSTEM32\WINMM.dll
0x00007ffaf3150000 - 0x00007ffaf315a000 	C:\Windows\SYSTEM32\VERSION.dll
0x00007ffb09430000 - 0x00007ffb094a1000 	C:\Windows\System32\WS2_32.dll
0x000000006c640000 - 0x000000006c64f000 	C:\Program Files\Java\jdk1.8.0_91\jre\bin\verify.dll
0x000000006c4a0000 - 0x000000006c4c9000 	C:\Program Files\Java\jdk1.8.0_91\jre\bin\java.dll
0x000000006c470000 - 0x000000006c493000 	C:\Program Files\Java\jdk1.8.0_91\jre\bin\instrument.dll
0x000000006c450000 - 0x000000006c466000 	C:\Program Files\Java\jdk1.8.0_91\jre\bin\zip.dll
0x00007ffb07f70000 - 0x00007ffb087cd000 	C:\Windows\System32\SHELL32.dll
0x00007ffb04d60000 - 0x00007ffb05658000 	C:\Windows\SYSTEM32\windows.storage.dll
0x00007ffb07be0000 - 0x00007ffb07f68000 	C:\Windows\System32\combase.dll
0x00007ffb04c20000 - 0x00007ffb04d5e000 	C:\Windows\SYSTEM32\wintypes.dll
0x00007ffb07ae0000 - 0x00007ffb07bd3000 	C:\Windows\System32\SHCORE.dll
0x00007ffb078a0000 - 0x00007ffb078fe000 	C:\Windows\System32\shlwapi.dll
0x00007ffb06d20000 - 0x00007ffb06d46000 	C:\Windows\SYSTEM32\profapi.dll
0x00007ffaeca10000 - 0x00007ffaeca2a000 	D:\ideaIU-2023.2.win\bin\breakgen64.dll
0x000000006c430000 - 0x000000006c44a000 	C:\Program Files\Java\jdk1.8.0_91\jre\bin\net.dll
0x00007ffb063a0000 - 0x00007ffb06409000 	C:\Windows\system32\mswsock.dll
0x000000006c630000 - 0x000000006c63d000 	C:\Program Files\Java\jdk1.8.0_91\jre\bin\management.dll
0x000000006b680000 - 0x000000006b691000 	C:\Program Files\Java\jdk1.8.0_91\jre\bin\nio.dll
0x00007ffad06c0000 - 0x00007ffad06d7000 	C:\Windows\system32\napinsp.dll
0x00007ffacf7e0000 - 0x00007ffacf7fb000 	C:\Windows\system32\pnrpnsp.dll
0x00007ffb05950000 - 0x00007ffb05a49000 	C:\Windows\SYSTEM32\DNSAPI.dll
0x00007ffb05920000 - 0x00007ffb0594d000 	C:\Windows\SYSTEM32\IPHLPAPI.DLL
0x00007ffb07950000 - 0x00007ffb07959000 	C:\Windows\System32\NSI.dll
0x00007ffacf7c0000 - 0x00007ffacf7d1000 	C:\Windows\System32\winrnr.dll
0x00007ffafb6d0000 - 0x00007ffafb6e5000 	C:\Windows\system32\wshbth.dll
0x00007ffacf600000 - 0x00007ffacf621000 	C:\Windows\system32\nlansp_c.dll
0x00007ffaf9d90000 - 0x00007ffaf9d9a000 	C:\Windows\System32\rasadhlp.dll
0x00007ffafaae0000 - 0x00007ffafab63000 	C:\Windows\System32\fwpuclnt.dll
0x0000000180000000 - 0x0000000180053000 	D:\GradeClient-main\jars\versions\1.8.8\1.8.8-natives\lwjgl64.dll
0x00007ffa725e0000 - 0x00007ffa726e0000 	C:\Windows\SYSTEM32\OPENGL32.dll
0x00007ffa725b0000 - 0x00007ffa725dd000 	C:\Windows\SYSTEM32\GLU32.dll
0x00007ffb03a90000 - 0x00007ffb03ac9000 	C:\Windows\SYSTEM32\dxcore.dll
0x00007ffb065f0000 - 0x00007ffb0660b000 	C:\Windows\SYSTEM32\CRYPTSP.dll
0x00007ffb05e80000 - 0x00007ffb05eb5000 	C:\Windows\system32\rsaenh.dll
0x00007ffb06490000 - 0x00007ffb064bc000 	C:\Windows\SYSTEM32\USERENV.dll
0x00007ffb072c0000 - 0x00007ffb0733a000 	C:\Windows\System32\bcryptprimitives.dll
0x00007ffb06610000 - 0x00007ffb0661c000 	C:\Windows\SYSTEM32\CRYPTBASE.dll
0x00007ffafd470000 - 0x00007ffafd489000 	C:\Windows\SYSTEM32\dhcpcsvc6.DLL
0x00007ffafd250000 - 0x00007ffafd26f000 	C:\Windows\SYSTEM32\dhcpcsvc.DLL
0x000000006b4e0000 - 0x000000006b678000 	C:\Program Files\Java\jdk1.8.0_91\jre\bin\awt.dll
0x00007ffb09330000 - 0x00007ffb09407000 	C:\Windows\System32\OLEAUT32.dll
0x00007ffb00090000 - 0x00007ffb00127000 	C:\Windows\SYSTEM32\apphelp.dll
0x00007ffafba20000 - 0x00007ffafbadc000 	C:\Windows\SYSTEM32\mscms.dll
0x00007ffb05f20000 - 0x00007ffb05f38000 	C:\Windows\SYSTEM32\kernel.appcore.dll
0x00007ffb08930000 - 0x00007ffb089e0000 	C:\Windows\System32\clbcatq.dll
0x00007ffaf95f0000 - 0x00007ffaf963e000 	C:\Windows\System32\Windows.Internal.Graphics.Display.DisplayColorManagement.dll
0x00007ffb06b00000 - 0x00007ffb06b4e000 	C:\Windows\SYSTEM32\cfgmgr32.dll
0x00007ffb007a0000 - 0x00007ffb0084b000 	C:\Windows\system32\uxtheme.dll
0x00007ffb087d0000 - 0x00007ffb08924000 	C:\Windows\System32\MSCTF.dll
0x00007ffaf93b0000 - 0x00007ffaf94fa000 	C:\Windows\SYSTEM32\textinputframework.dll
0x00007ffaff760000 - 0x00007ffaff894000 	C:\Windows\SYSTEM32\CoreMessaging.dll
0x00007ffafc930000 - 0x00007ffafcc9c000 	C:\Windows\SYSTEM32\CoreUIComponents.dll
0x00007ffb098d0000 - 0x00007ffb09a6f000 	C:\Windows\System32\ole32.dll
0x00007ffa85d90000 - 0x00007ffa85e7b000 	C:\Windows\system32\SogouWBTSF.ime
0x00007ffaf3680000 - 0x00007ffaf3687000 	C:\Windows\system32\MSIMG32.dll
0x00007ffb05f40000 - 0x00007ffb05f74000 	C:\Windows\SYSTEM32\ntmarta.dll
0x0000000028400000 - 0x0000000028cd2000 	C:\Windows\system32\SogouWb.ime
0x00007ffb05cf0000 - 0x00007ffb05cfc000 	C:\Windows\SYSTEM32\Secur32.dll
0x00007ffaeb7e0000 - 0x00007ffaeb849000 	C:\Windows\SYSTEM32\OLEACC.dll
0x00007ffa85d70000 - 0x00007ffa85d89000 	C:\Windows\SYSTEM32\USP10.dll
0x00007ffaebaf0000 - 0x00007ffaebcaa000 	C:\Windows\WinSxS\amd64_microsoft.windows.gdiplus_6595b64144ccf1df_1.1.22621.3085_none_57ff6980ce140777\gdiplus.dll
0x00007ffae5820000 - 0x00007ffae5d14000 	C:\Windows\SYSTEM32\WININET.dll
0x00007ffb06180000 - 0x00007ffb061cc000 	C:\Windows\SYSTEM32\SSPICLI.DLL
0x00007ffb07560000 - 0x00007ffb075cb000 	C:\Windows\System32\Wintrust.dll
0x00007ffb07690000 - 0x00007ffb077f6000 	C:\Windows\System32\CRYPT32.dll
0x00007ffb06650000 - 0x00007ffb06662000 	C:\Windows\SYSTEM32\MSASN1.dll
0x00007ffb09410000 - 0x00007ffb0942f000 	C:\Windows\System32\imagehlp.dll
0x00007ffb06430000 - 0x00007ffb06456000 	C:\Windows\SYSTEM32\gpapi.dll
0x00007ffaf3110000 - 0x00007ffaf3142000 	C:\Windows\System32\cryptnet.dll
0x0000000034650000 - 0x0000000034717000 	D:\Program Files (x86)\SogouWBInput\5.5.0.2580\Plugins64\ManualNewWord.dll
0x00007ffad5910000 - 0x00007ffad5942000 	C:\Windows\system32\msctfp.dll
0x00007ffafd1e0000 - 0x00007ffafd22a000 	C:\Windows\SYSTEM32\directxdatabasehelper.dll
0x00007ffafb8c0000 - 0x00007ffafb9f5000 	C:\Windows\System32\AppXDeploymentClient.dll
0x00007ffa71500000 - 0x00007ffa725a9000 	C:\Windows\System32\DriverStore\FileRepository\iigd_dch.inf_amd64_57d6be89ba05925b\igxelpicd64.dll
0x00007ffb03290000 - 0x00007ffb032bb000 	C:\Windows\system32\dwmapi.dll
0x00007ffb04960000 - 0x00007ffb04a58000 	C:\Windows\system32\dxgi.dll
0x00007ffa713d0000 - 0x00007ffa714f4000 	C:\Windows\System32\DriverStore\FileRepository\iigd_dch.inf_amd64_57d6be89ba05925b\igdml64.dll
0x00007ffaf71b0000 - 0x00007ffaf75c2000 	C:\Windows\System32\DriverStore\FileRepository\iigd_dch.inf_amd64_57d6be89ba05925b\igdgmm64.dll
0x00007ffb06ab0000 - 0x00007ffb06adc000 	C:\Windows\SYSTEM32\DEVOBJ.dll
0x00007ffab5f30000 - 0x00007ffab5f79000 	C:\Windows\SYSTEM32\icm32.dll
0x00007ffaeeae0000 - 0x00007ffaf2f1e000 	C:\Windows\System32\DriverStore\FileRepository\iigd_dch.inf_amd64_57d6be89ba05925b\igc64.dll
0x00007ffb05c80000 - 0x00007ffb05ccd000 	C:\Windows\SYSTEM32\powrprof.dll
0x00007ffb05c60000 - 0x00007ffb05c73000 	C:\Windows\SYSTEM32\UMPDC.dll
0x0000000034be0000 - 0x0000000034c18000 	C:\Users\43850\AppData\Local\Temp\jna\jna6394199338260573332.dll
0x0000000070a40000 - 0x0000000070adc000 	D:\GradeClient-main\jars\versions\1.8.8\1.8.8-natives\avutil-ttv-51.dll
0x0000000065980000 - 0x00000000659d6000 	D:\GradeClient-main\jars\versions\1.8.8\1.8.8-natives\swresample-ttv-0.dll
0x000000006eb80000 - 0x000000006ec50000 	D:\GradeClient-main\jars\versions\1.8.8\1.8.8-natives\libmp3lame-ttv.dll
0x00007ffa0e530000 - 0x00007ffa0f8d4000 	D:\GradeClient-main\jars\versions\1.8.8\1.8.8-natives\libmfxsw64.dll
0x00007ffa12190000 - 0x00007ffa122fd000 	D:\GradeClient-main\jars\versions\1.8.8\1.8.8-natives\twitchsdk.dll
0x0000000044fa0000 - 0x0000000045004000 	D:\GradeClient-main\jars\versions\1.8.8\1.8.8-natives\OpenAL64.dll
0x00007ffaf4f20000 - 0x00007ffaf4fbd000 	C:\Windows\System32\MMDevApi.dll
0x00007ffa3edb0000 - 0x00007ffa3ee52000 	C:\Windows\SYSTEM32\dsound.dll
0x00007ffa3cc90000 - 0x00007ffa3cd41000 	C:\Windows\SYSTEM32\ResampleDmo.DLL
0x00007ffacdd80000 - 0x00007ffacdda9000 	C:\Windows\SYSTEM32\winmmbase.dll
0x00007ffaed2f0000 - 0x00007ffaed2fb000 	C:\Windows\SYSTEM32\msdmo.dll
0x00007ffaeb320000 - 0x00007ffaeb50c000 	C:\Windows\SYSTEM32\AUDIOSES.DLL
0x00007ffb03930000 - 0x00007ffb03945000 	C:\Windows\SYSTEM32\resourcepolicyclient.dll
0x000000006b4b0000 - 0x000000006b4d4000 	C:\Program Files\Java\jdk1.8.0_91\jre\bin\sunec.dll
0x00007ffac3980000 - 0x00007ffac3a30000 	C:\Windows\SYSTEM32\TextShaping.dll
0x00007ffb044c0000 - 0x00007ffb046f3000 	C:\Windows\SYSTEM32\dbghelp.dll

VM Arguments:
jvm_args: -javaagent:D:\ideaIU-2023.2.win\lib\idea_rt.jar=55542:D:\ideaIU-2023.2.win\bin -Dfile.encoding=UTF-8 
java_command: Start
java_class_path (initial): C:\Program Files\Java\jdk1.8.0_91\jre\lib\charsets.jar;C:\Program Files\Java\jdk1.8.0_91\jre\lib\deploy.jar;C:\Program Files\Java\jdk1.8.0_91\jre\lib\ext\access-bridge-64.jar;C:\Program Files\Java\jdk1.8.0_91\jre\lib\ext\cldrdata.jar;C:\Program Files\Java\jdk1.8.0_91\jre\lib\ext\dnsns.jar;C:\Program Files\Java\jdk1.8.0_91\jre\lib\ext\jaccess.jar;C:\Program Files\Java\jdk1.8.0_91\jre\lib\ext\jfxrt.jar;C:\Program Files\Java\jdk1.8.0_91\jre\lib\ext\localedata.jar;C:\Program Files\Java\jdk1.8.0_91\jre\lib\ext\nashorn.jar;C:\Program Files\Java\jdk1.8.0_91\jre\lib\ext\sunec.jar;C:\Program Files\Java\jdk1.8.0_91\jre\lib\ext\sunjce_provider.jar;C:\Program Files\Java\jdk1.8.0_91\jre\lib\ext\sunmscapi.jar;C:\Program Files\Java\jdk1.8.0_91\jre\lib\ext\sunpkcs11.jar;C:\Program Files\Java\jdk1.8.0_91\jre\lib\ext\zipfs.jar;C:\Program Files\Java\jdk1.8.0_91\jre\lib\javaws.jar;C:\Program Files\Java\jdk1.8.0_91\jre\lib\jce.jar;C:\Program Files\Java\jdk1.8.0_91\jre\lib\jfr.jar;C:\Program Files\Java\jdk1.8.0_91\jre\lib\jfxswt.jar;C:\Program Files\Java\jdk1.8.0_91\jre\lib\jsse.jar;C:\Program Files\Java\jdk1.8.0_91\jre\lib\management-agent.jar;C:\Program Files\Java\jdk1.8.0_91\jre\lib\plugin.jar;C:\Program Files\Java\jdk1.8.0_91\jre\lib\resources.jar;C:\Program Files\Java\jdk1.8.0_91\jre\lib\rt.jar;D:\GradeClient-main\out\production\GradeClient;D:\GradeClient-main\lib\1.8.8.jar;D:\GradeClient-main\lib\jna-3.4.0.jar;D:\GradeClient-main\lib\fernflower.jar;D:\GradeClient-main\lib\gson-2.2.4.jar;D:\GradeClient-main\lib\guava-17.0.jar;D:\GradeClient-main\lib\mcinjector.jar;D:\GradeClient-main\lib\retroguard.jar;D:\GradeClient-main\lib\twitch-6.5.jar;D:\GradeClient-main\lib\netty-1.8.8.jar;D:\GradeClient-main\lib\jinput-2.0.5.jar;D:\GradeClient-main\lib\jutils-1.0.0.jar;D:\GradeClient-main\lib\minecraft_rg.jar;D:\GradeClient-main\lib\minecraft_exc.jar;D:\GradeClient-main\lib\oshi-core-1.1.jar;D:\GradeClient-main\lib\realms-1.7.39.jar;D:\GradeClient-main\lib\specia
Launcher Type: SUN_STANDARD

Environment Variables:
JAVA_HOME=D:\graalvm-jdk-17.0.8+9.1
PATH=D:\graalvm-jdk-17.0.8+9.1\bin;D:\Program Files (x86)\VMware\VMware Workstation\bin\;C:\ProgramData\Oracle\Java\javapath;C:\Windows\system32;C:\Windows;C:\Windows\System32\Wbem;C:\Windows\System32\WindowsPowerShell\v1.0\;C:\Windows\System32\OpenSSH\;C:\Program Files (x86)\NVIDIA Corporation\PhysX\Common;C:\Program Files\NVIDIA Corporation\NVIDIA NvDLISR;C:\Program Files\Git\cmd;C:\Program Files\Microsoft SQL Server\150\Tools\Binn\;C:\Program Files\Microsoft SQL Server\Client SDK\ODBC\170\Tools\Binn\;C:\Program Files\dotnet\;D:\Windows Kits\10\Windows Performance Toolkit\;C:\Users\43850\AppData\Roaming\nvm;C:\Program Files\nodejs;C:\Program Files (x86)\Microsoft SQL Server\Client SDK\ODBC\130\Tools\Binn\;C:\Program Files (x86)\Microsoft SQL Server\140\Tools\Binn\;C:\Program Files (x86)\Microsoft SQL Server\140\DTS\Binn\;C:\Program Files (x86)\Microsoft SQL Server\140\Tools\Binn\ManagementStudio\;C:\Program Files (x86)\Microsoft SQL Server\130\Tools\Binn\;C:\Program Files\Microsoft SQL Server\130\Tools\Binn\;C:\Program Files (x86)\Microsoft SQL Server\130\DTS\Binn\;C:\Program Files\Microsoft SQL Server\130\DTS\Binn\;C:\Program Files\Microsoft SQL Server\Client SDK\ODBC\130\Tools\Binn\;D:\Program Files\Redis\;D:\GradeClient-main\jars\versions\1.8.8\1.8.8-natives;C:\Users\43850\AppData\Local\Microsoft\WindowsApps;C:\Users\43850\AppData\Roaming\npm;C:\Users\43850\.dotnet\tools;C:\Users\43850\AppData\Local\Programs\Microsoft VS Code\bin;C:\Users\43850\AppData\Roaming\nvm;C:\Program Files\nodejs;C:\Users\43850\AppData\Local\gitkraken\bin
USERNAME=43850
OS=Windows_NT
PROCESSOR_IDENTIFIER=Intel64 Family 6 Model 154 Stepping 3, GenuineIntel



---------------  S Y S T E M  ---------------

OS: Windows 10.0 , 64 bit Build 22621 (10.0.22621.3235)

CPU:total 16 (8 cores per cpu, 2 threads per core) family 6 model 154 stepping 3, cmov, cx8, fxsr, mmx, sse, sse2, sse3, ssse3, sse4.1, sse4.2, popcnt, avx, avx2, aes, clmul, erms, 3dnowpref, lzcnt, ht, tsc, tscinvbit, bmi1, bmi2, adx

Memory: 4k page, physical 16496120k(1261504k free), swap 29683860k(4007568k free)

vm_info: Java HotSpot(TM) 64-Bit Server VM (25.91-b14) for windows-amd64 JRE (1.8.0_91-b14), built on Apr  1 2016 00:58:32 by "java_re" with MS VC++ 10.0 (VS2010)

time: Sun Mar 31 03:05:46 2024
elapsed time: 15 seconds (0d 0h 0m 15s)

