#
# A fatal error has been detected by the Java Runtime Environment:
#
#  EXCEPTION_ACCESS_VIOLATION (0xc0000005) at pc=0x00007ffa717895aa, pid=11396, tid=26132
#
# JRE version: Java(TM) SE Runtime Environment (8.0_91-b14) (build 1.8.0_91-b14)
# Java VM: Java HotSpot(TM) 64-Bit Server VM (25.91-b14 mixed mode windows-amd64 compressed oops)
# Problematic frame:
# C  [igxelpicd64.dll+0x2895aa]
#
# Failed to write core dump. Minidumps are not enabled by default on client versions of Windows
#
# If you would like to submit a bug report, please visit:
#   http://bugreport.java.com/bugreport/crash.jsp
#

---------------  T H R E A D  ---------------

Current thread (0x000000001e461000):  VMThread [stack: 0x000000001fae0000,0x000000001fbe0000] [id=26132]

siginfo: ExceptionCode=0xc0000005, reading address 0x0000000000035f88

Registers:
RAX=0x000000005bee0aa8, RBX=0x0000000000000000, RCX=0x0000000000000000, RDX=0x00000000fffffff0
RSP=0x000000001fbde740, RBP=0x000000001fbde7a8, RSI=0x0000000029719c40, RDI=0x0000000000000000
R8 =0x0000000000000000, R9 =0x0000000000000000, R10=0x000000005bee0f78, R11=0x0000000000000246
R12=0x00000000297cb388, R13=0x0000000000000000, R14=0x000000005bee09a0, R15=0x0000000000000016
RIP=0x00007ffa717895aa, EFLAGS=0x0000000000010202

Top of Stack: (sp=0x000000001fbde740)
0x000000001fbde740:   00000000007da7f0 0000000000000000
0x000000001fbde750:   000000001fbde8f0 00007ffb090a41a9
0x000000001fbde760:   000000005bee2a70 0000000000000000
0x000000001fbde770:   00000000007da7f0 000000005bee0f78
0x000000001fbde780:   00000000000083b0 00007ffb09b533b4
0x000000001fbde790:   0000000020a37188 00007ffb09b45511
0x000000001fbde7a0:   0000000000000000 000000000000000f
0x000000001fbde7b0:   0000000000018ce0 00007404001c0000
0x000000001fbde7c0:   00000000297cb388 0000000000000000
0x000000001fbde7d0:   0000000000000000 0000000029719c40
0x000000001fbde7e0:   000000001fbde8f0 00007ffa71581d5f
0x000000001fbde7f0:   0000000029719c00 0000000000000016
0x000000001fbde800:   000000001fbde900 000000001fbde900
0x000000001fbde810:   0000000000295d88 00007ffb00000000
0x000000001fbde820:   0000000000000000 00007ffb09b418c1
0x000000001fbde830:   000000001fbdea18 00007ffb09acd484 

Instructions: (pc=0x00007ffa717895aa)
0x00007ffa7178958a:   48 8d 04 c0 48 8d 40 21 49 8d 04 c6 48 85 c0 74
0x00007ffa7178959a:   0c 48 8b 48 08 eb 09 48 83 c0 08 eb ef 48 8b cb
0x00007ffa717895aa:   49 3b 8d 88 5f 03 00 0f 86 86 01 00 00 41 83 f8
0x00007ffa717895ba:   10 73 0d 4a 8d 04 c5 21 00 00 00 49 03 c0 eb 55 


Register to memory mapping:

RAX=0x000000005bee0aa8 is an unknown value
RBX=0x0000000000000000 is an unknown value
RCX=0x0000000000000000 is an unknown value
RDX=0x00000000fffffff0 is an unknown value
RSP=0x000000001fbde740 is an unknown value
RBP=0x000000001fbde7a8 is an unknown value
RSI=0x0000000029719c40 is an unknown value
RDI=0x0000000000000000 is an unknown value
R8 =0x0000000000000000 is an unknown value
R9 =0x0000000000000000 is an unknown value
R10=0x000000005bee0f78 is an unknown value
R11=0x0000000000000246 is an unknown value
R12=0x00000000297cb388 is an unknown value
R13=0x0000000000000000 is an unknown value
R14=0x000000005bee09a0 is an unknown value
R15=0x0000000000000016 is an unknown value


Stack: [0x000000001fae0000,0x000000001fbe0000],  sp=0x000000001fbde740,  free space=1017k
Native frames: (J=compiled Java code, j=interpreted, Vv=VM code, C=native code)
C  [igxelpicd64.dll+0x2895aa]
C  [igxelpicd64.dll+0x81d5f]
C  [igxelpicd64.dll+0x28d57f]
C  [igxelpicd64.dll+0x75468]
C  [igxelpicd64.dll+0x243ef4]
C  [igxelpicd64.dll+0x2442b3]
C  [igxelpicd64.dll+0x23e32f]
C  [igxelpicd64.dll+0x23e15d]
C  [igxelpicd64.dll+0x81545b]
C  [ntdll.dll+0x2869f]
C  [ntdll.dll+0x510a6]
C  [ntdll.dll+0x50c9d]
C  [KERNEL32.DLL+0x17fab]
C  [msvcr100.dll+0x20ccd]
V  [jvm.dll+0x211395]
V  [jvm.dll+0x24a0e7]
V  [jvm.dll+0x249386]
V  [jvm.dll+0x249821]
V  [jvm.dll+0x249a3e]
V  [jvm.dll+0x29a99a]
C  [msvcr100.dll+0x21d9f]
C  [msvcr100.dll+0x21e3b]
C  [KERNEL32.DLL+0x1257d]
C  [ntdll.dll+0x5aa58]

VM_Operation (0x0000000032a6eeb0): Exit, mode: safepoint, requested by thread 0x00000000236b5800


---------------  P R O C E S S  ---------------

Java Threads: ( => current thread )
  0x00000000236b5800 JavaThread "SIGINT handler" daemon [_thread_blocked, id=15028, stack(0x0000000032970000,0x0000000032a70000)]
  0x00000000236b5000 JavaThread "LWJGL Timer" daemon [_thread_blocked, id=27084, stack(0x0000000045ea0000,0x0000000045fa0000)]
  0x00000000236b3800 JavaThread "Chunk Batcher 1" daemon [_thread_blocked, id=10176, stack(0x00000000426e0000,0x00000000427e0000)]
  0x00000000236b2800 JavaThread "Chunk Batcher 0" daemon [_thread_blocked, id=13684, stack(0x000000003e310000,0x000000003e410000)]
  0x00000000236b0000 JavaThread "Thread-7" [_thread_blocked, id=17192, stack(0x0000000030770000,0x0000000030870000)]
  0x00000000236af800 JavaThread "Thread-6" [_thread_blocked, id=11032, stack(0x000000003e470000,0x000000003e570000)]
  0x0000000022ec9000 JavaThread "Java2D Disposer" daemon [_thread_blocked, id=27212, stack(0x0000000026a20000,0x0000000026b20000)]
  0x0000000022ec8800 JavaThread "Timer hack thread" daemon [_thread_blocked, id=20124, stack(0x0000000026820000,0x0000000026920000)]
  0x0000000022cb6800 JavaThread "Snooper Timer" daemon [_thread_blocked, id=7756, stack(0x0000000026920000,0x0000000026a20000)]
  0x0000000024b74000 JavaThread "Snooper Timer" daemon [_thread_blocked, id=28944, stack(0x0000000025490000,0x0000000025590000)]
  0x000000002104d800 JavaThread "Service Thread" daemon [_thread_blocked, id=20332, stack(0x00000000224b0000,0x00000000225b0000)]
  0x0000000020fc6000 JavaThread "C1 CompilerThread11" daemon [_thread_blocked, id=29628, stack(0x00000000223b0000,0x00000000224b0000)]
  0x0000000020fc3000 JavaThread "C1 CompilerThread10" daemon [_thread_blocked, id=1264, stack(0x00000000222b0000,0x00000000223b0000)]
  0x0000000020fbe800 JavaThread "C1 CompilerThread9" daemon [_thread_blocked, id=27380, stack(0x00000000221b0000,0x00000000222b0000)]
  0x0000000020fbd800 JavaThread "C1 CompilerThread8" daemon [_thread_blocked, id=26864, stack(0x00000000220b0000,0x00000000221b0000)]
  0x0000000020fbb000 JavaThread "C2 CompilerThread7" daemon [_thread_blocked, id=9340, stack(0x0000000021fb0000,0x00000000220b0000)]
  0x0000000020fb6000 JavaThread "C2 CompilerThread6" daemon [_thread_blocked, id=13488, stack(0x0000000021eb0000,0x0000000021fb0000)]
  0x0000000020fa7800 JavaThread "C2 CompilerThread5" daemon [_thread_blocked, id=4788, stack(0x0000000021db0000,0x0000000021eb0000)]
  0x0000000020e62000 JavaThread "C2 CompilerThread4" daemon [_thread_blocked, id=28772, stack(0x0000000021cb0000,0x0000000021db0000)]
  0x0000000020e61000 JavaThread "C2 CompilerThread3" daemon [_thread_blocked, id=28676, stack(0x0000000021bb0000,0x0000000021cb0000)]
  0x0000000020ec0800 JavaThread "C2 CompilerThread2" daemon [_thread_blocked, id=17308, stack(0x0000000021ab0000,0x0000000021bb0000)]
  0x0000000020ebf800 JavaThread "C2 CompilerThread1" daemon [_thread_blocked, id=4016, stack(0x00000000219b0000,0x0000000021ab0000)]
  0x0000000020e54000 JavaThread "C2 CompilerThread0" daemon [_thread_blocked, id=6048, stack(0x00000000218b0000,0x00000000219b0000)]
  0x0000000020eb2800 JavaThread "Monitor Ctrl-Break" daemon [_thread_in_native, id=27128, stack(0x00000000217b0000,0x00000000218b0000)]
  0x000000001e4a7000 JavaThread "Attach Listener" daemon [_thread_blocked, id=28228, stack(0x000000001fee0000,0x000000001ffe0000)]
  0x000000001e4a6800 JavaThread "Signal Dispatcher" daemon [_thread_blocked, id=28144, stack(0x000000001fde0000,0x000000001fee0000)]
  0x000000001e486000 JavaThread "Finalizer" daemon [_thread_blocked, id=26164, stack(0x000000001fce0000,0x000000001fde0000)]
  0x000000001ca2a000 JavaThread "Reference Handler" daemon [_thread_blocked, id=14208, stack(0x000000001fbe0000,0x000000001fce0000)]
  0x00000000028ae800 JavaThread "Client thread" [_thread_blocked, id=3312, stack(0x00000000028b0000,0x00000000029b0000)]

Other Threads:
=>0x000000001e461000 VMThread [stack: 0x000000001fae0000,0x000000001fbe0000] [id=26132]

VM state:at safepoint (shutting down)

VM Mutex/Monitor currently owned by a thread:  ([mutex/lock_event])
[0x00000000028ad840] Threads_lock - owner thread: 0x000000001e461000

Heap:
 PSYoungGen      total 508416K, used 138939K [0x000000076c180000, 0x000000078d880000, 0x00000007c0000000)
  eden space 491520K, 24% used [0x000000076c180000,0x000000077390e1a0,0x000000078a180000)
  from space 16896K, 97% used [0x000000078c800000,0x000000078d820c68,0x000000078d880000)
  to   space 25088K, 0% used [0x000000078a780000,0x000000078a780000,0x000000078c000000)
 ParOldGen       total 90112K, used 53912K [0x00000006c4400000, 0x00000006c9c00000, 0x000000076c180000)
  object space 90112K, 59% used [0x00000006c4400000,0x00000006c78a6080,0x00000006c9c00000)
 Metaspace       used 32567K, capacity 32795K, committed 33200K, reserved 1079296K
  class space    used 4172K, capacity 4242K, committed 4272K, reserved 1048576K

Card table byte_map: [0x0000000012060000,0x0000000012840000] byte_map_base: 0x000000000ea3e000

Marking Bits: (ParMarkBitMap*) 0x000000006beb2f70
 Begin Bits: [0x0000000013a80000, 0x0000000017970000)
 End Bits:   [0x0000000017970000, 0x000000001b860000)

Polling page: 0x0000000000ba0000

CodeCache: size=245760Kb used=15595Kb max_used=15626Kb free=230164Kb
 bounds [0x0000000002ca0000, 0x0000000003c00000, 0x0000000011ca0000]
 total_blobs=4337 nmethods=3652 adapters=594
 compilation: enabled

Compilation events (10 events):
Event: 28.096 Thread 0x0000000020e54000 4380   !   4       Client.GLSL::read (74 bytes)
Event: 28.242 Thread 0x0000000020e54000 nmethod 4380 0x0000000003be3b10 code [0x0000000003be4020, 0x0000000003bea910]
Event: 28.830 Thread 0x0000000020e62000 4381       4       net.minecraft.client.renderer.texture.TextureUtil::uploadTextureMipmap (62 bytes)
Event: 28.831 Thread 0x0000000020e62000 nmethod 4381 0x0000000003bd84d0 code [0x0000000003bd8620, 0x0000000003bd8768]
Event: 31.368 Thread 0x0000000020fa7800 4382       4       java.nio.DirectIntBufferU::get (16 bytes)
Event: 31.369 Thread 0x0000000020fa7800 nmethod 4382 0x0000000003bd8250 code [0x0000000003bd8380, 0x0000000003bd8418]
Event: 32.220 Thread 0x0000000020fbe800 4383  s    3       java.util.Hashtable::containsKey (65 bytes)
Event: 32.220 Thread 0x0000000020fbe800 nmethod 4383 0x0000000003bd7810 code [0x0000000003bd79a0, 0x0000000003bd7fd8]
Event: 32.221 Thread 0x0000000020fc6000 4384       3       org.apache.logging.log4j.core.helpers.NameUtil::getSubName (32 bytes)
Event: 32.221 Thread 0x0000000020fc6000 nmethod 4384 0x0000000003be3290 code [0x0000000003be3420, 0x0000000003be39b8]

GC Heap History (10 events):
Event: 3.753 GC heap before
{Heap before GC invocations=9 (full 1):
 PSYoungGen      total 185344K, used 185313K [0x000000076c180000, 0x000000077fb00000, 0x00000007c0000000)
  eden space 167424K, 100% used [0x000000076c180000,0x0000000776500000,0x0000000776500000)
  from space 17920K, 99% used [0x0000000776500000,0x0000000777678500,0x0000000777680000)
  to   space 23040K, 0% used [0x000000077e480000,0x000000077e480000,0x000000077fb00000)
 ParOldGen       total 90112K, used 29131K [0x00000006c4400000, 0x00000006c9c00000, 0x000000076c180000)
  object space 90112K, 32% used [0x00000006c4400000,0x00000006c6072ff0,0x00000006c9c00000)
 Metaspace       used 30384K, capacity 30645K, committed 31024K, reserved 1077248K
  class space    used 4020K, capacity 4099K, committed 4144K, reserved 1048576K
Event: 3.760 GC heap after
Heap after GC invocations=9 (full 1):
 PSYoungGen      total 296448K, used 16977K [0x000000076c180000, 0x0000000780200000, 0x00000007c0000000)
  eden space 273408K, 0% used [0x000000076c180000,0x000000076c180000,0x000000077cc80000)
  from space 23040K, 73% used [0x000000077e480000,0x000000077f5144e0,0x000000077fb00000)
  to   space 24576K, 0% used [0x000000077cc80000,0x000000077cc80000,0x000000077e480000)
 ParOldGen       total 90112K, used 30408K [0x00000006c4400000, 0x00000006c9c00000, 0x000000076c180000)
  object space 90112K, 33% used [0x00000006c4400000,0x00000006c61b2020,0x00000006c9c00000)
 Metaspace       used 30384K, capacity 30645K, committed 31024K, reserved 1077248K
  class space    used 4020K, capacity 4099K, committed 4144K, reserved 1048576K
}
Event: 4.071 GC heap before
{Heap before GC invocations=10 (full 1):
 PSYoungGen      total 296448K, used 290385K [0x000000076c180000, 0x0000000780200000, 0x00000007c0000000)
  eden space 273408K, 100% used [0x000000076c180000,0x000000077cc80000,0x000000077cc80000)
  from space 23040K, 73% used [0x000000077e480000,0x000000077f5144e0,0x000000077fb00000)
  to   space 24576K, 0% used [0x000000077cc80000,0x000000077cc80000,0x000000077e480000)
 ParOldGen       total 90112K, used 30408K [0x00000006c4400000, 0x00000006c9c00000, 0x000000076c180000)
  object space 90112K, 33% used [0x00000006c4400000,0x00000006c61b2020,0x00000006c9c00000)
 Metaspace       used 30671K, capacity 30901K, committed 31280K, reserved 1077248K
  class space    used 4036K, capacity 4099K, committed 4144K, reserved 1048576K
Event: 4.080 GC heap after
Heap after GC invocations=10 (full 1):
 PSYoungGen      total 297984K, used 14939K [0x000000076c180000, 0x0000000786500000, 0x00000007c0000000)
  eden space 273408K, 0% used [0x000000076c180000,0x000000076c180000,0x000000077cc80000)
  from space 24576K, 60% used [0x000000077cc80000,0x000000077db16de0,0x000000077e480000)
  to   space 24576K, 0% used [0x0000000784d00000,0x0000000784d00000,0x0000000786500000)
 ParOldGen       total 90112K, used 39460K [0x00000006c4400000, 0x00000006c9c00000, 0x000000076c180000)
  object space 90112K, 43% used [0x00000006c4400000,0x00000006c6a89030,0x00000006c9c00000)
 Metaspace       used 30671K, capacity 30901K, committed 31280K, reserved 1077248K
  class space    used 4036K, capacity 4099K, committed 4144K, reserved 1048576K
}
Event: 4.352 GC heap before
{Heap before GC invocations=11 (full 1):
 PSYoungGen      total 297984K, used 288347K [0x000000076c180000, 0x0000000786500000, 0x00000007c0000000)
  eden space 273408K, 100% used [0x000000076c180000,0x000000077cc80000,0x000000077cc80000)
  from space 24576K, 60% used [0x000000077cc80000,0x000000077db16de0,0x000000077e480000)
  to   space 24576K, 0% used [0x0000000784d00000,0x0000000784d00000,0x0000000786500000)
 ParOldGen       total 90112K, used 39460K [0x00000006c4400000, 0x00000006c9c00000, 0x000000076c180000)
  object space 90112K, 43% used [0x00000006c4400000,0x00000006c6a89030,0x00000006c9c00000)
 Metaspace       used 30740K, capacity 30965K, committed 31280K, reserved 1077248K
  class space    used 4036K, capacity 4099K, committed 4144K, reserved 1048576K
Event: 4.358 GC heap after
Heap after GC invocations=11 (full 1):
 PSYoungGen      total 394752K, used 6288K [0x000000076c180000, 0x0000000785f80000, 0x00000007c0000000)
  eden space 375808K, 0% used [0x000000076c180000,0x000000076c180000,0x0000000783080000)
  from space 18944K, 33% used [0x0000000784d00000,0x0000000785324050,0x0000000785f80000)
  to   space 24064K, 0% used [0x0000000783080000,0x0000000783080000,0x0000000784800000)
 ParOldGen       total 90112K, used 47095K [0x00000006c4400000, 0x00000006c9c00000, 0x000000076c180000)
  object space 90112K, 52% used [0x00000006c4400000,0x00000006c71fdef0,0x00000006c9c00000)
 Metaspace       used 30740K, capacity 30965K, committed 31280K, reserved 1077248K
  class space    used 4036K, capacity 4099K, committed 4144K, reserved 1048576K
}
Event: 4.732 GC heap before
{Heap before GC invocations=12 (full 1):
 PSYoungGen      total 394752K, used 382096K [0x000000076c180000, 0x0000000785f80000, 0x00000007c0000000)
  eden space 375808K, 100% used [0x000000076c180000,0x0000000783080000,0x0000000783080000)
  from space 18944K, 33% used [0x0000000784d00000,0x0000000785324050,0x0000000785f80000)
  to   space 24064K, 0% used [0x0000000783080000,0x0000000783080000,0x0000000784800000)
 ParOldGen       total 90112K, used 47095K [0x00000006c4400000, 0x00000006c9c00000, 0x000000076c180000)
  object space 90112K, 52% used [0x00000006c4400000,0x00000006c71fdef0,0x00000006c9c00000)
 Metaspace       used 30890K, capacity 31157K, committed 31536K, reserved 1077248K
  class space    used 4041K, capacity 4099K, committed 4144K, reserved 1048576K
Event: 4.737 GC heap after
Heap after GC invocations=12 (full 1):
 PSYoungGen      total 399872K, used 2784K [0x000000076c180000, 0x000000078df80000, 0x00000007c0000000)
  eden space 375808K, 0% used [0x000000076c180000,0x000000076c180000,0x0000000783080000)
  from space 24064K, 11% used [0x0000000783080000,0x0000000783338000,0x0000000784800000)
  to   space 24064K, 0% used [0x000000078c800000,0x000000078c800000,0x000000078df80000)
 ParOldGen       total 90112K, used 52575K [0x00000006c4400000, 0x00000006c9c00000, 0x000000076c180000)
  object space 90112K, 58% used [0x00000006c4400000,0x00000006c7757f70,0x00000006c9c00000)
 Metaspace       used 30890K, capacity 31157K, committed 31536K, reserved 1077248K
  class space    used 4041K, capacity 4099K, committed 4144K, reserved 1048576K
}
Event: 10.901 GC heap before
{Heap before GC invocations=13 (full 1):
 PSYoungGen      total 399872K, used 378592K [0x000000076c180000, 0x000000078df80000, 0x00000007c0000000)
  eden space 375808K, 100% used [0x000000076c180000,0x0000000783080000,0x0000000783080000)
  from space 24064K, 11% used [0x0000000783080000,0x0000000783338000,0x0000000784800000)
  to   space 24064K, 0% used [0x000000078c800000,0x000000078c800000,0x000000078df80000)
 ParOldGen       total 90112K, used 52575K [0x00000006c4400000, 0x00000006c9c00000, 0x000000076c180000)
  object space 90112K, 58% used [0x00000006c4400000,0x00000006c7757f70,0x00000006c9c00000)
 Metaspace       used 32297K, capacity 32533K, committed 32944K, reserved 1077248K
  class space    used 4169K, capacity 4241K, committed 4272K, reserved 1048576K
Event: 10.908 GC heap after
Heap after GC invocations=13 (full 1):
 PSYoungGen      total 508416K, used 16515K [0x000000076c180000, 0x000000078d880000, 0x00000007c0000000)
  eden space 491520K, 0% used [0x000000076c180000,0x000000076c180000,0x000000078a180000)
  from space 16896K, 97% used [0x000000078c800000,0x000000078d820c68,0x000000078d880000)
  to   space 25088K, 0% used [0x000000078a780000,0x000000078a780000,0x000000078c000000)
 ParOldGen       total 90112K, used 53912K [0x00000006c4400000, 0x00000006c9c00000, 0x000000076c180000)
  object space 90112K, 59% used [0x00000006c4400000,0x00000006c78a6080,0x00000006c9c00000)
 Metaspace       used 32297K, capacity 32533K, committed 32944K, reserved 1077248K
  class space    used 4169K, capacity 4241K, committed 4272K, reserved 1048576K
}

Deoptimization events (10 events):
Event: 10.860 Thread 0x00000000236b5800 Uncommon trap: reason=class_check action=maybe_recompile pc=0x000000000347ba40 method=java.util.HashSet.iterator()Ljava/util/Iterator; @ 4
Event: 10.861 Thread 0x00000000028ae800 Uncommon trap: reason=unstable_if action=reinterpret pc=0x0000000003041a50 method=java.net.URL.<init>(Ljava/net/URL;Ljava/lang/String;Ljava/net/URLStreamHandler;)V @ 30
Event: 10.862 Thread 0x00000000028ae800 Uncommon trap: reason=unstable_if action=reinterpret pc=0x0000000003927b90 method=java.net.URLStreamHandler.parseURL(Ljava/net/URL;Ljava/lang/String;II)V @ 682
Event: 10.865 Thread 0x00000000236af800 Uncommon trap: reason=unstable_if action=reinterpret pc=0x00000000037ba0b0 method=sun.misc.Resource.getBytes()[B @ 197
Event: 10.865 Thread 0x00000000236af800 Uncommon trap: reason=unstable_if action=reinterpret pc=0x00000000037f11c8 method=sun.misc.Resource.getBytes()[B @ 197
Event: 10.873 Thread 0x00000000236af800 Uncommon trap: reason=unstable_if action=reinterpret pc=0x0000000003a77b10 method=com.jcraft.jogg.Buffer.read(I)I @ 23
Event: 10.908 Thread 0x000000001ca2a000 Uncommon trap: reason=unstable_if action=reinterpret pc=0x00000000039d6708 method=sun.misc.Cleaner.remove(Lsun/misc/Cleaner;)Z @ 14
Event: 10.917 Thread 0x00000000028ae800 Uncommon trap: reason=unstable_if action=reinterpret pc=0x0000000003291c24 method=net.minecraft.util.ResourceLocation.equals(Ljava/lang/Object;)Z @ 2
Event: 27.796 Thread 0x00000000028ae800 Uncommon trap: reason=unstable_if action=reinterpret pc=0x0000000003045e88 method=net.minecraft.client.renderer.GlStateManager.bindTexture(I)V @ 11
Event: 32.223 Thread 0x00000000236b5800 Uncommon trap: reason=class_check action=maybe_recompile pc=0x000000000347ba40 method=java.util.HashSet.iterator()Ljava/util/Iterator; @ 4

Internal exceptions (10 events):
Event: 4.140 Thread 0x00000000236af800 Exception <a 'java/lang/InterruptedException': sleep interrupted> (0x000000076fdf4530) thrown at [C:\re\workspace\8-2-build-windows-amd64-cygwin\jdk8u91\6644\hotspot\src\share\vm\prims\jvm.cpp, line 3215]
Event: 4.140 Thread 0x00000000236af800 Exception <a 'java/lang/InterruptedException': sleep interrupted> (0x000000076fdf4788) thrown at [C:\re\workspace\8-2-build-windows-amd64-cygwin\jdk8u91\6644\hotspot\src\share\vm\prims\jvm.cpp, line 3215]
Event: 5.267 Thread 0x00000000028ae800 Exception <a 'java/lang/NoSuchMethodError': java.lang.Object.lambda$comparingInt$7b0bb60$1(Ljava/util/function/ToIntFunction;Ljava/lang/Object;Ljava/lang/Object;)I> (0x00000007783122a8) thrown at [C:\re\workspace\8-2-build-windows-amd64-cygwin\jdk8u91\6644ÜjB¤x@
Event: 5.368 Thread 0x0000000024b74000 Exception <a 'java/net/UnknownHostException': snoop.minecraft.net> (0x00000007819aa180) thrown at [C:\re\workspace\8-2-build-windows-amd64-cygwin\jdk8u91\6644\hotspot\src\share\vm\prims\jni.cpp, line 735]
Event: 10.855 Thread 0x00000000028ae800 Exception <a 'java/lang/NoClassDefFoundError': org/slf4j/LoggerFactory> (0x00000007823fec08) thrown at [C:\re\workspace\8-2-build-windows-amd64-cygwin\jdk8u91\6644\hotspot\src\share\vm\classfile\systemDictionary.cpp, line 199]
Event: 10.856 Thread 0x00000000028ae800 Exception <a 'java/lang/NoClassDefFoundError': org/apache/log4j/Priority> (0x000000078243efd0) thrown at [C:\re\workspace\8-2-build-windows-amd64-cygwin\jdk8u91\6644\hotspot\src\share\vm\classfile\systemDictionary.cpp, line 199]
Event: 10.862 Thread 0x00000000028ae800 Implicit null exception at 0x000000000392488f to 0x0000000003927b6d
Event: 10.862 Thread 0x00000000236af800 Exception <a 'java/lang/InterruptedException': sleep interrupted> (0x0000000782bc94b8) thrown at [C:\re\workspace\8-2-build-windows-amd64-cygwin\jdk8u91\6644\hotspot\src\share\vm\prims\jvm.cpp, line 3215]
Event: 10.881 Thread 0x00000000236af800 Exception <a 'java/lang/InterruptedException': sleep interrupted> (0x0000000782e32180) thrown at [C:\re\workspace\8-2-build-windows-amd64-cygwin\jdk8u91\6644\hotspot\src\share\vm\prims\jvm.cpp, line 3167]
Event: 10.881 Thread 0x00000000236b0000 Exception <a 'java/lang/InterruptedException': sleep interrupted> (0x0000000782e5cb98) thrown at [C:\re\workspace\8-2-build-windows-amd64-cygwin\jdk8u91\6644\hotspot\src\share\vm\prims\jvm.cpp, line 3215]

Events (10 events):
Event: 32.220 loading class org/apache/logging/log4j/core/config/NullConfiguration done
Event: 32.220 Thread 0x0000000020bfc000 Thread exited: 0x0000000020bfc000
Event: 32.220 loading class javax/servlet/ServletContext
Event: 32.220 loading class javax/servlet/ServletContext done
Event: 32.221 Thread 0x0000000020bfe800 Thread exited: 0x0000000020bfe800
Event: 32.223 Thread 0x0000000020c00800 Thread exited: 0x0000000020c00800
Event: 32.223 Thread 0x00000000236b5800 Uncommon trap: trap_request=0xffffffde fr.pc=0x000000000347ba40
Event: 32.223 Thread 0x00000000236b5800 DEOPT PACKING pc=0x000000000347ba40 sp=0x0000000032a6ed30
Event: 32.223 Thread 0x00000000236b5800 DEOPT UNPACKING pc=0x0000000002ce582a sp=0x0000000032a6ece8 mode 2
Event: 32.223 Executing VM operation: Exit


Dynamic libraries:
0x00007ff6331d0000 - 0x00007ff633207000 	C:\Program Files\Java\jdk1.8.0_91\bin\java.exe
0x00007ffb09ab0000 - 0x00007ffb09cc6000 	C:\Windows\SYSTEM32\ntdll.dll
0x00007ffb09250000 - 0x00007ffb09314000 	C:\Windows\System32\KERNEL32.DLL
0x00007ffb06df0000 - 0x00007ffb07196000 	C:\Windows\System32\KERNELBASE.dll
0x00007ffb097d0000 - 0x00007ffb09882000 	C:\Windows\System32\ADVAPI32.dll
0x00007ffb096d0000 - 0x00007ffb09777000 	C:\Windows\System32\msvcrt.dll
0x00007ffb08ff0000 - 0x00007ffb09098000 	C:\Windows\System32\sechost.dll
0x00007ffb07340000 - 0x00007ffb07368000 	C:\Windows\System32\bcrypt.dll
0x00007ffb07960000 - 0x00007ffb07a75000 	C:\Windows\System32\RPCRT4.dll
0x00007ffb090a0000 - 0x00007ffb0924d000 	C:\Windows\System32\USER32.dll
0x00007ffb07370000 - 0x00007ffb07396000 	C:\Windows\System32\win32u.dll
0x00007ffb07920000 - 0x00007ffb07949000 	C:\Windows\System32\GDI32.dll
0x00007ffb071a0000 - 0x00007ffb072b8000 	C:\Windows\System32\gdi32full.dll
0x00007ffb074c0000 - 0x00007ffb0755a000 	C:\Windows\System32\msvcp_win.dll
0x00007ffb073a0000 - 0x00007ffb074b1000 	C:\Windows\System32\ucrtbase.dll
0x00007ffaeb850000 - 0x00007ffaebae3000 	C:\Windows\WinSxS\amd64_microsoft.windows.common-controls_6595b64144ccf1df_6.0.22621.3235_none_270f74e173860f98\COMCTL32.dll
0x00007ffb09890000 - 0x00007ffb098c1000 	C:\Windows\System32\IMM32.DLL
0x000000006bf40000 - 0x000000006c012000 	C:\Program Files\Java\jdk1.8.0_91\jre\bin\msvcr100.dll
0x000000006b6a0000 - 0x000000006bf33000 	C:\Program Files\Java\jdk1.8.0_91\jre\bin\server\jvm.dll
0x00007ffb09320000 - 0x00007ffb09328000 	C:\Windows\System32\PSAPI.DLL
0x00007ffafe210000 - 0x00007ffafe219000 	C:\Windows\SYSTEM32\WSOCK32.dll
0x00007ffaf3150000 - 0x00007ffaf315a000 	C:\Windows\SYSTEM32\VERSION.dll
0x00007ffb00940000 - 0x00007ffb00974000 	C:\Windows\SYSTEM32\WINMM.dll
0x00007ffb09430000 - 0x00007ffb094a1000 	C:\Windows\System32\WS2_32.dll
0x000000006c640000 - 0x000000006c64f000 	C:\Program Files\Java\jdk1.8.0_91\jre\bin\verify.dll
0x000000006c4d0000 - 0x000000006c4f9000 	C:\Program Files\Java\jdk1.8.0_91\jre\bin\java.dll
0x000000006c4a0000 - 0x000000006c4c3000 	C:\Program Files\Java\jdk1.8.0_91\jre\bin\instrument.dll
0x000000006c480000 - 0x000000006c496000 	C:\Program Files\Java\jdk1.8.0_91\jre\bin\zip.dll
0x00007ffb07f70000 - 0x00007ffb087cd000 	C:\Windows\System32\SHELL32.dll
0x00007ffb04d60000 - 0x00007ffb05658000 	C:\Windows\SYSTEM32\windows.storage.dll
0x00007ffb07be0000 - 0x00007ffb07f68000 	C:\Windows\System32\combase.dll
0x00007ffb04c20000 - 0x00007ffb04d5e000 	C:\Windows\SYSTEM32\wintypes.dll
0x00007ffb07ae0000 - 0x00007ffb07bd3000 	C:\Windows\System32\SHCORE.dll
0x00007ffb078a0000 - 0x00007ffb078fe000 	C:\Windows\System32\shlwapi.dll
0x00007ffb06d20000 - 0x00007ffb06d46000 	C:\Windows\SYSTEM32\profapi.dll
0x00007ffafe1f0000 - 0x00007ffafe20a000 	D:\ideaIU-2023.2.win\bin\breakgen64.dll
0x000000006c460000 - 0x000000006c47a000 	C:\Program Files\Java\jdk1.8.0_91\jre\bin\net.dll
0x00007ffb063a0000 - 0x00007ffb06409000 	C:\Windows\system32\mswsock.dll
0x000000006c630000 - 0x000000006c63d000 	C:\Program Files\Java\jdk1.8.0_91\jre\bin\management.dll
0x000000006c440000 - 0x000000006c451000 	C:\Program Files\Java\jdk1.8.0_91\jre\bin\nio.dll
0x00007ffad06c0000 - 0x00007ffad06d7000 	C:\Windows\system32\napinsp.dll
0x00007ffacf7e0000 - 0x00007ffacf7fb000 	C:\Windows\system32\pnrpnsp.dll
0x00007ffb05950000 - 0x00007ffb05a49000 	C:\Windows\SYSTEM32\DNSAPI.dll
0x00007ffb05920000 - 0x00007ffb0594d000 	C:\Windows\SYSTEM32\IPHLPAPI.DLL
0x00007ffb07950000 - 0x00007ffb07959000 	C:\Windows\System32\NSI.dll
0x00007ffacf7c0000 - 0x00007ffacf7d1000 	C:\Windows\System32\winrnr.dll
0x00007ffafb6d0000 - 0x00007ffafb6e5000 	C:\Windows\system32\wshbth.dll
0x00007ffacf600000 - 0x00007ffacf621000 	C:\Windows\system32\nlansp_c.dll
0x00007ffaf9d90000 - 0x00007ffaf9d9a000 	C:\Windows\System32\rasadhlp.dll
0x00007ffafaae0000 - 0x00007ffafab63000 	C:\Windows\System32\fwpuclnt.dll
0x0000000180000000 - 0x0000000180053000 	D:\GradeClient-main\jars\versions\1.8.8\1.8.8-natives\lwjgl64.dll
0x00007ffa725e0000 - 0x00007ffa726e0000 	C:\Windows\SYSTEM32\OPENGL32.dll
0x00007ffa725b0000 - 0x00007ffa725dd000 	C:\Windows\SYSTEM32\GLU32.dll
0x00007ffb03a90000 - 0x00007ffb03ac9000 	C:\Windows\SYSTEM32\dxcore.dll
0x00007ffb065f0000 - 0x00007ffb0660b000 	C:\Windows\SYSTEM32\CRYPTSP.dll
0x00007ffb05e80000 - 0x00007ffb05eb5000 	C:\Windows\system32\rsaenh.dll
0x00007ffb06490000 - 0x00007ffb064bc000 	C:\Windows\SYSTEM32\USERENV.dll
0x00007ffb072c0000 - 0x00007ffb0733a000 	C:\Windows\System32\bcryptprimitives.dll
0x00007ffb06610000 - 0x00007ffb0661c000 	C:\Windows\SYSTEM32\CRYPTBASE.dll
0x00007ffafd470000 - 0x00007ffafd489000 	C:\Windows\SYSTEM32\dhcpcsvc6.DLL
0x00007ffafd250000 - 0x00007ffafd26f000 	C:\Windows\SYSTEM32\dhcpcsvc.DLL
0x000000006b500000 - 0x000000006b698000 	C:\Program Files\Java\jdk1.8.0_91\jre\bin\awt.dll
0x00007ffb09330000 - 0x00007ffb09407000 	C:\Windows\System32\OLEAUT32.dll
0x00007ffb00090000 - 0x00007ffb00127000 	C:\Windows\SYSTEM32\apphelp.dll
0x00007ffafba20000 - 0x00007ffafbadc000 	C:\Windows\SYSTEM32\mscms.dll
0x00007ffb05f20000 - 0x00007ffb05f38000 	C:\Windows\SYSTEM32\kernel.appcore.dll
0x00007ffb08930000 - 0x00007ffb089e0000 	C:\Windows\System32\clbcatq.dll
0x00007ffaf95f0000 - 0x00007ffaf963e000 	C:\Windows\System32\Windows.Internal.Graphics.Display.DisplayColorManagement.dll
0x00007ffb06b00000 - 0x00007ffb06b4e000 	C:\Windows\SYSTEM32\cfgmgr32.dll
0x00007ffb007a0000 - 0x00007ffb0084b000 	C:\Windows\system32\uxtheme.dll
0x00007ffb087d0000 - 0x00007ffb08924000 	C:\Windows\System32\MSCTF.dll
0x00007ffaf93b0000 - 0x00007ffaf94fa000 	C:\Windows\SYSTEM32\textinputframework.dll
0x00007ffaff760000 - 0x00007ffaff894000 	C:\Windows\SYSTEM32\CoreMessaging.dll
0x00007ffafc930000 - 0x00007ffafcc9c000 	C:\Windows\SYSTEM32\CoreUIComponents.dll
0x00007ffaeb7e0000 - 0x00007ffaeb849000 	C:\Windows\system32\Oleacc.dll
0x00007ffafd1e0000 - 0x00007ffafd22a000 	C:\Windows\SYSTEM32\directxdatabasehelper.dll
0x00007ffafb8c0000 - 0x00007ffafb9f5000 	C:\Windows\System32\AppXDeploymentClient.dll
0x00007ffa71500000 - 0x00007ffa725a9000 	C:\Windows\System32\DriverStore\FileRepository\iigd_dch.inf_amd64_57d6be89ba05925b\igxelpicd64.dll
0x00007ffb098d0000 - 0x00007ffb09a6f000 	C:\Windows\System32\ole32.dll
0x00007ffb03290000 - 0x00007ffb032bb000 	C:\Windows\system32\dwmapi.dll
0x00007ffb04960000 - 0x00007ffb04a58000 	C:\Windows\system32\dxgi.dll
0x00007ffa713d0000 - 0x00007ffa714f4000 	C:\Windows\System32\DriverStore\FileRepository\iigd_dch.inf_amd64_57d6be89ba05925b\igdml64.dll
0x00007ffaf71b0000 - 0x00007ffaf75c2000 	C:\Windows\System32\DriverStore\FileRepository\iigd_dch.inf_amd64_57d6be89ba05925b\igdgmm64.dll
0x00007ffb06ab0000 - 0x00007ffb06adc000 	C:\Windows\SYSTEM32\DEVOBJ.dll
0x00007ffb07560000 - 0x00007ffb075cb000 	C:\Windows\System32\WINTRUST.dll
0x00007ffb07690000 - 0x00007ffb077f6000 	C:\Windows\System32\CRYPT32.dll
0x00007ffb06650000 - 0x00007ffb06662000 	C:\Windows\SYSTEM32\MSASN1.dll
0x00007ffae9430000 - 0x00007ffae9479000 	C:\Windows\SYSTEM32\icm32.dll
0x00007ffaeeae0000 - 0x00007ffaf2f1e000 	C:\Windows\System32\DriverStore\FileRepository\iigd_dch.inf_amd64_57d6be89ba05925b\igc64.dll
0x00007ffb05c80000 - 0x00007ffb05ccd000 	C:\Windows\SYSTEM32\powrprof.dll
0x00007ffb05c60000 - 0x00007ffb05c73000 	C:\Windows\SYSTEM32\UMPDC.dll
0x0000000026d60000 - 0x0000000026d98000 	C:\Users\43850\AppData\Local\Temp\jna\jna1153533718790075823.dll
0x0000000070a40000 - 0x0000000070adc000 	D:\GradeClient-main\jars\versions\1.8.8\1.8.8-natives\avutil-ttv-51.dll
0x0000000065980000 - 0x00000000659d6000 	D:\GradeClient-main\jars\versions\1.8.8\1.8.8-natives\swresample-ttv-0.dll
0x000000006eb80000 - 0x000000006ec50000 	D:\GradeClient-main\jars\versions\1.8.8\1.8.8-natives\libmp3lame-ttv.dll
0x00007ffa22860000 - 0x00007ffa23c04000 	D:\GradeClient-main\jars\versions\1.8.8\1.8.8-natives\libmfxsw64.dll
0x00007ffa9c5a0000 - 0x00007ffa9c70d000 	D:\GradeClient-main\jars\versions\1.8.8\1.8.8-natives\twitchsdk.dll
0x00007ffae5820000 - 0x00007ffae5d14000 	C:\Windows\SYSTEM32\WININET.dll
0x0000000030870000 - 0x00000000308d4000 	D:\GradeClient-main\jars\versions\1.8.8\1.8.8-natives\OpenAL64.dll
0x00007ffaf4f20000 - 0x00007ffaf4fbd000 	C:\Windows\System32\MMDevApi.dll
0x00007ffa3edb0000 - 0x00007ffa3ee52000 	C:\Windows\SYSTEM32\dsound.dll
0x00007ffa3cc90000 - 0x00007ffa3cd41000 	C:\Windows\SYSTEM32\ResampleDmo.DLL
0x00007ffacdd80000 - 0x00007ffacdda9000 	C:\Windows\SYSTEM32\winmmbase.dll
0x00007ffaed2f0000 - 0x00007ffaed2fb000 	C:\Windows\SYSTEM32\msdmo.dll
0x00007ffaeb320000 - 0x00007ffaeb50c000 	C:\Windows\SYSTEM32\AUDIOSES.DLL
0x00007ffb03930000 - 0x00007ffb03945000 	C:\Windows\SYSTEM32\resourcepolicyclient.dll
0x00007ffac3980000 - 0x00007ffac3a30000 	C:\Windows\SYSTEM32\TextShaping.dll
0x00007ffb044c0000 - 0x00007ffb046f3000 	C:\Windows\SYSTEM32\dbghelp.dll

VM Arguments:
jvm_args: -javaagent:D:\ideaIU-2023.2.win\lib\idea_rt.jar=63101:D:\ideaIU-2023.2.win\bin -Dfile.encoding=UTF-8 
java_command: Start
java_class_path (initial): C:\Users\43850\AppData\Local\Temp\classpath1612447482.jar;D:\ideaIU-2023.2.win\lib\idea_rt.jar
Launcher Type: SUN_STANDARD

Environment Variables:
JAVA_HOME=D:\graalvm-jdk-17.0.8+9.1
PATH=D:\graalvm-jdk-17.0.8+9.1\bin;D:\Program Files (x86)\VMware\VMware Workstation\bin\;C:\ProgramData\Oracle\Java\javapath;C:\Windows\system32;C:\Windows;C:\Windows\System32\Wbem;C:\Windows\System32\WindowsPowerShell\v1.0\;C:\Windows\System32\OpenSSH\;C:\Program Files (x86)\NVIDIA Corporation\PhysX\Common;C:\Program Files\NVIDIA Corporation\NVIDIA NvDLISR;C:\Program Files\Git\cmd;C:\Program Files\Microsoft SQL Server\150\Tools\Binn\;C:\Program Files\Microsoft SQL Server\Client SDK\ODBC\170\Tools\Binn\;C:\Program Files\dotnet\;D:\Windows Kits\10\Windows Performance Toolkit\;C:\Users\43850\AppData\Roaming\nvm;C:\Program Files\nodejs;C:\Program Files (x86)\Microsoft SQL Server\Client SDK\ODBC\130\Tools\Binn\;C:\Program Files (x86)\Microsoft SQL Server\140\Tools\Binn\;C:\Program Files (x86)\Microsoft SQL Server\140\DTS\Binn\;C:\Program Files (x86)\Microsoft SQL Server\140\Tools\Binn\ManagementStudio\;C:\Program Files (x86)\Microsoft SQL Server\130\Tools\Binn\;C:\Program Files\Microsoft SQL Server\130\Tools\Binn\;C:\Program Files (x86)\Microsoft SQL Server\130\DTS\Binn\;C:\Program Files\Microsoft SQL Server\130\DTS\Binn\;C:\Program Files\Microsoft SQL Server\Client SDK\ODBC\130\Tools\Binn\;D:\Program Files\Redis\;D:\GradeClient-main\jars\versions\1.8.8\1.8.8-natives;C:\Users\43850\AppData\Local\Microsoft\WindowsApps;C:\Users\43850\AppData\Roaming\npm;C:\Users\43850\.dotnet\tools;C:\Users\43850\AppData\Local\Programs\Microsoft VS Code\bin;C:\Users\43850\AppData\Roaming\nvm;C:\Program Files\nodejs;C:\Users\43850\AppData\Local\gitkraken\bin
USERNAME=43850
OS=Windows_NT
PROCESSOR_IDENTIFIER=Intel64 Family 6 Model 154 Stepping 3, GenuineIntel



---------------  S Y S T E M  ---------------

OS: Windows 10.0 , 64 bit Build 22621 (10.0.22621.3235)

CPU:total 16 (8 cores per cpu, 2 threads per core) family 6 model 154 stepping 3, cmov, cx8, fxsr, mmx, sse, sse2, sse3, ssse3, sse4.1, sse4.2, popcnt, avx, avx2, aes, clmul, erms, 3dnowpref, lzcnt, ht, tsc, tscinvbit, bmi1, bmi2, adx

Memory: 4k page, physical 16496120k(2416576k free), swap 31316564k(4360928k free)

vm_info: Java HotSpot(TM) 64-Bit Server VM (25.91-b14) for windows-amd64 JRE (1.8.0_91-b14), built on Apr  1 2016 00:58:32 by "java_re" with MS VC++ 10.0 (VS2010)

time: Sun Mar 31 13:23:28 2024
elapsed time: 32 seconds (0d 0h 0m 32s)

