#
# A fatal error has been detected by the Java Runtime Environment:
#
#  EXCEPTION_ACCESS_VIOLATION (0xc0000005) at pc=0x00007ffa717895aa, pid=9484, tid=28128
#
# JRE version: Java(TM) SE Runtime Environment (8.0_91-b14) (build 1.8.0_91-b14)
# Java VM: Java HotSpot(TM) 64-Bit Server VM (25.91-b14 mixed mode windows-amd64 compressed oops)
# Problematic frame:
# C  [igxelpicd64.dll+0x2895aa]
#
# Failed to write core dump. Minidumps are not enabled by default on client versions of Windows
#
# If you would like to submit a bug report, please visit:
#   http://bugreport.java.com/bugreport/crash.jsp
#

---------------  T H R E A D  ---------------

Current thread (0x000000001e691000):  VMThread [stack: 0x000000001fd30000,0x000000001fe30000] [id=28128]

siginfo: ExceptionCode=0xc0000005, reading address 0x0000000000035f88

Registers:
RAX=0x0000000034a5a2e8, RBX=0x0000000000000000, RCX=0x0000000000000000, RDX=0x00000000fffffff0
RSP=0x000000001fe2e670, RBP=0x000000001fe2e6d8, RSI=0x0000000034a563a0, RDI=0x0000000000000000
R8 =0x0000000000000000, R9 =0x0000000000000000, R10=0x0000000034a5a7b8, R11=0x0000000000000246
R12=0x00000000380456c8, R13=0x0000000000000000, R14=0x0000000034a5a1e0, R15=0x0000000000000016
RIP=0x00007ffa717895aa, EFLAGS=0x0000000000010206

Top of Stack: (sp=0x000000001fe2e670)
0x000000001fe2e670:   000000002976b050 0000000000000000
0x000000001fe2e680:   000000001fe2e820 00007ffb090a41a9
0x000000001fe2e690:   0000000038790bc0 0000000000000000
0x000000001fe2e6a0:   000000002976b050 0000000034a5a7b8
0x000000001fe2e6b0:   00000000000083b0 00007ffb09b533b4
0x000000001fe2e6c0:   0000000021736418 000000006b78bc8b
0x000000001fe2e6d0:   000000006be6b970 0000000000000017
0x000000001fe2e6e0:   0000000000006673 0000740430260000
0x000000001fe2e6f0:   00000000380456c8 0000000000000000
0x000000001fe2e700:   0000000000000000 0000000034a563a0
0x000000001fe2e710:   000000001fe2e820 00007ffa71581d5f
0x000000001fe2e720:   0000000034a56300 0000000000000016
0x000000001fe2e730:   00000000005f9000 00007ffb09acd800
0x000000001fe2e740:   000000000006fce0 00007ffb00000000
0x000000001fe2e750:   0000000000000000 00007ffb09acd484
0x000000001fe2e760:   0000000000720bf4 00000000000000c0 

Instructions: (pc=0x00007ffa717895aa)
0x00007ffa7178958a:   48 8d 04 c0 48 8d 40 21 49 8d 04 c6 48 85 c0 74
0x00007ffa7178959a:   0c 48 8b 48 08 eb 09 48 83 c0 08 eb ef 48 8b cb
0x00007ffa717895aa:   49 3b 8d 88 5f 03 00 0f 86 86 01 00 00 41 83 f8
0x00007ffa717895ba:   10 73 0d 4a 8d 04 c5 21 00 00 00 49 03 c0 eb 55 


Register to memory mapping:

RAX=0x0000000034a5a2e8 is an unknown value
RBX=0x0000000000000000 is an unknown value
RCX=0x0000000000000000 is an unknown value
RDX=0x00000000fffffff0 is an unknown value
RSP=0x000000001fe2e670 is an unknown value
RBP=0x000000001fe2e6d8 is an unknown value
RSI=0x0000000034a563a0 is an unknown value
RDI=0x0000000000000000 is an unknown value
R8 =0x0000000000000000 is an unknown value
R9 =0x0000000000000000 is an unknown value
R10=0x0000000034a5a7b8 is an unknown value
R11=0x0000000000000246 is an unknown value
R12=0x00000000380456c8 is an unknown value
R13=0x0000000000000000 is an unknown value
R14=0x0000000034a5a1e0 is an unknown value
R15=0x0000000000000016 is an unknown value


Stack: [0x000000001fd30000,0x000000001fe30000],  sp=0x000000001fe2e670,  free space=1017k
Native frames: (J=compiled Java code, j=interpreted, Vv=VM code, C=native code)
C  [igxelpicd64.dll+0x2895aa]
C  [igxelpicd64.dll+0x81d5f]
C  [igxelpicd64.dll+0x28d57f]
C  [igxelpicd64.dll+0x75468]
C  [igxelpicd64.dll+0x243ef4]
C  [igxelpicd64.dll+0x2442b3]
C  [igxelpicd64.dll+0x23e32f]
C  [igxelpicd64.dll+0x23e15d]
C  [igxelpicd64.dll+0x81545b]
C  [ntdll.dll+0x2869f]
C  [ntdll.dll+0x510a6]
C  [ntdll.dll+0x50c9d]
C  [KERNEL32.DLL+0x17fab]
C  [msvcr100.dll+0x20ccd]
V  [jvm.dll+0x211395]
V  [jvm.dll+0x24a0e7]
V  [jvm.dll+0x249386]
V  [jvm.dll+0x249821]
V  [jvm.dll+0x249a3e]
V  [jvm.dll+0x29a99a]
C  [msvcr100.dll+0x21d9f]
C  [msvcr100.dll+0x21e3b]
C  [KERNEL32.DLL+0x1257d]
C  [ntdll.dll+0x5aa58]

VM_Operation (0x000000003651f430): Exit, mode: safepoint, requested by thread 0x00000000266f9000


---------------  P R O C E S S  ---------------

Java Threads: ( => current thread )
  0x00000000266f9000 JavaThread "SIGINT handler" daemon [_thread_blocked, id=24712, stack(0x0000000036420000,0x0000000036520000)]
  0x00000000266f6000 JavaThread "Netty Client IO #1" daemon [_thread_in_native, id=8588, stack(0x0000000059190000,0x0000000059290000)]
  0x00000000266f5800 JavaThread "Netty Client IO #0" daemon [_thread_in_native, id=9960, stack(0x0000000059090000,0x0000000059190000)]
  0x00000000266fc000 JavaThread "Keep-Alive-Timer" daemon [_thread_blocked, id=4300, stack(0x0000000058d90000,0x0000000058e90000)]
  0x00000000266fb800 JavaThread "Server Pinger #3" daemon [_thread_blocked, id=8148, stack(0x0000000058a50000,0x0000000058b50000)]
  0x00000000266fa000 JavaThread "Server Pinger #2" daemon [_thread_blocked, id=10004, stack(0x0000000058850000,0x0000000058950000)]
  0x00000000237f6000 JavaThread "Server Pinger #1" daemon [_thread_blocked, id=24948, stack(0x0000000058750000,0x0000000058850000)]
  0x00000000237f6800 JavaThread "Thread-9" daemon [_thread_in_native, id=21040, stack(0x0000000058640000,0x0000000058740000)]
  0x00000000237f5000 JavaThread "Server Pinger #0" daemon [_thread_blocked, id=27540, stack(0x0000000058340000,0x0000000058440000)]
  0x00000000237f9000 JavaThread "LanServerDetector #1" daemon [_thread_in_native, id=16812, stack(0x0000000058240000,0x0000000058340000)]
  0x00000000237f9800 JavaThread "LWJGL Timer" daemon [_thread_blocked, id=7476, stack(0x000000005ed60000,0x000000005ee60000)]
  0x00000000237f7800 JavaThread "Chunk Batcher 1" daemon [_thread_blocked, id=28256, stack(0x000000004cab0000,0x000000004cbb0000)]
  0x00000000237fa800 JavaThread "Chunk Batcher 0" daemon [_thread_blocked, id=5448, stack(0x000000004c2e0000,0x000000004c3e0000)]
  0x000000002063c800 JavaThread "Thread-7" [_thread_blocked, id=26808, stack(0x000000004c6e0000,0x000000004c7e0000)]
  0x00000000252a6000 JavaThread "Thread-6" [_thread_blocked, id=22108, stack(0x000000004c3e0000,0x000000004c4e0000)]
  0x0000000020aba000 JavaThread "Java2D Disposer" daemon [_thread_blocked, id=11872, stack(0x0000000025de0000,0x0000000025ee0000)]
  0x000000002487b800 JavaThread "Timer hack thread" daemon [_thread_blocked, id=28560, stack(0x00000000259e0000,0x0000000025ae0000)]
  0x0000000020935800 JavaThread "Snooper Timer" daemon [_thread_blocked, id=29520, stack(0x0000000025ae0000,0x0000000025be0000)]
  0x0000000020882000 JavaThread "Snooper Timer" daemon [_thread_blocked, id=29084, stack(0x00000000256e0000,0x00000000257e0000)]
  0x00000000212a2000 JavaThread "Service Thread" daemon [_thread_blocked, id=28144, stack(0x0000000022700000,0x0000000022800000)]
  0x000000002121a800 JavaThread "C1 CompilerThread11" daemon [_thread_blocked, id=25340, stack(0x0000000022600000,0x0000000022700000)]
  0x0000000021217800 JavaThread "C1 CompilerThread10" daemon [_thread_blocked, id=16552, stack(0x0000000022500000,0x0000000022600000)]
  0x0000000021212000 JavaThread "C1 CompilerThread9" daemon [_thread_blocked, id=27872, stack(0x0000000022400000,0x0000000022500000)]
  0x00000000210b1000 JavaThread "C1 CompilerThread8" daemon [_thread_blocked, id=1600, stack(0x0000000022300000,0x0000000022400000)]
  0x0000000021211000 JavaThread "C2 CompilerThread7" daemon [_thread_blocked, id=28868, stack(0x0000000022200000,0x0000000022300000)]
  0x00000000210ae000 JavaThread "C2 CompilerThread6" daemon [_thread_blocked, id=29212, stack(0x0000000022100000,0x0000000022200000)]
  0x000000002110f800 JavaThread "C2 CompilerThread5" daemon [_thread_blocked, id=16528, stack(0x0000000022000000,0x0000000022100000)]
  0x000000002110e800 JavaThread "C2 CompilerThread4" daemon [_thread_blocked, id=1424, stack(0x0000000021f00000,0x0000000022000000)]
  0x00000000210a3000 JavaThread "C2 CompilerThread3" daemon [_thread_blocked, id=24860, stack(0x0000000021e00000,0x0000000021f00000)]
  0x00000000210a2000 JavaThread "C2 CompilerThread2" daemon [_thread_blocked, id=10488, stack(0x0000000021d00000,0x0000000021e00000)]
  0x0000000021101800 JavaThread "C2 CompilerThread1" daemon [_thread_blocked, id=408, stack(0x0000000021c00000,0x0000000021d00000)]
  0x0000000021101000 JavaThread "C2 CompilerThread0" daemon [_thread_blocked, id=28460, stack(0x0000000021b00000,0x0000000021c00000)]
  0x00000000211fe800 JavaThread "Monitor Ctrl-Break" daemon [_thread_in_native, id=26724, stack(0x0000000021a00000,0x0000000021b00000)]
  0x000000001e6d7000 JavaThread "Attach Listener" daemon [_thread_blocked, id=21476, stack(0x0000000020130000,0x0000000020230000)]
  0x000000001e6d6800 JavaThread "Signal Dispatcher" daemon [_thread_blocked, id=28388, stack(0x0000000020030000,0x0000000020130000)]
  0x000000001e6b6000 JavaThread "Finalizer" daemon [_thread_blocked, id=26412, stack(0x000000001ff30000,0x0000000020030000)]
  0x000000001cc5a000 JavaThread "Reference Handler" daemon [_thread_blocked, id=15072, stack(0x000000001fe30000,0x000000001ff30000)]
  0x00000000027ee800 JavaThread "Client thread" [_thread_blocked, id=28408, stack(0x00000000026a0000,0x00000000027a0000)]

Other Threads:
=>0x000000001e691000 VMThread [stack: 0x000000001fd30000,0x000000001fe30000] [id=28128]

VM state:at safepoint (shutting down)

VM Mutex/Monitor currently owned by a thread:  ([mutex/lock_event])
[0x00000000027edfc0] Threads_lock - owner thread: 0x000000001e691000

Heap:
 PSYoungGen      total 579072K, used 78400K [0x000000076c180000, 0x0000000791b00000, 0x00000007c0000000)
  eden space 569856K, 13% used [0x000000076c180000,0x0000000770e100a8,0x000000078ee00000)
  from space 9216K, 0% used [0x0000000791200000,0x0000000791200000,0x0000000791b00000)
  to   space 23040K, 0% used [0x000000078ee00000,0x000000078ee00000,0x0000000790480000)
 ParOldGen       total 199680K, used 61944K [0x00000006c4400000, 0x00000006d0700000, 0x000000076c180000)
  object space 199680K, 31% used [0x00000006c4400000,0x00000006c807e030,0x00000006d0700000)
 Metaspace       used 37495K, capacity 37737K, committed 38192K, reserved 1083392K
  class space    used 4768K, capacity 4835K, committed 4912K, reserved 1048576K

Card table byte_map: [0x0000000012290000,0x0000000012a70000] byte_map_base: 0x000000000ec6e000

Marking Bits: (ParMarkBitMap*) 0x000000006beb2f70
 Begin Bits: [0x0000000013cb0000, 0x0000000017ba0000)
 End Bits:   [0x0000000017ba0000, 0x000000001ba90000)

Polling page: 0x0000000000e20000

CodeCache: size=245760Kb used=15243Kb max_used=15609Kb free=230516Kb
 bounds [0x0000000002ed0000, 0x0000000003e50000, 0x0000000011ed0000]
 total_blobs=4580 nmethods=3841 adapters=648
 compilation: enabled

Compilation events (10 events):
Event: 10.588 Thread 0x0000000021211000 nmethod 4683% 0x0000000003c0ab90 code [0x0000000003c0ad20, 0x0000000003c0b918]
Event: 10.591 Thread 0x00000000210ae000 nmethod 4684% 0x0000000003c09090 code [0x0000000003c09220, 0x0000000003c0a278]
Event: 10.752 Thread 0x0000000021212000 4685       3       java.util.logging.LogManager$LoggerContext::ensureDefaultLogger (70 bytes)
Event: 10.752 Thread 0x0000000021212000 nmethod 4685 0x0000000003a35b10 code [0x0000000003a35cc0, 0x0000000003a36568]
Event: 10.754 Thread 0x000000002110e800 4686       4       java.util.HashMap::remove (26 bytes)
Event: 10.754 Thread 0x0000000021217800 4688       3       java.util.Collections$UnmodifiableCollection$1::<init> (26 bytes)
Event: 10.754 Thread 0x000000002121a800 4687       3       java.util.Collections$UnmodifiableCollection::iterator (9 bytes)
Event: 10.754 Thread 0x0000000021217800 nmethod 4688 0x0000000003be7d50 code [0x0000000003be7ec0, 0x0000000003be8188]
Event: 10.754 Thread 0x000000002121a800 nmethod 4687 0x0000000003c11510 code [0x0000000003c11680, 0x0000000003c119e8]
Event: 10.760 Thread 0x000000002110e800 nmethod 4686 0x0000000003c2e590 code [0x0000000003c2e720, 0x0000000003c2ed58]

GC Heap History (10 events):
Event: 3.818 GC heap before
{Heap before GC invocations=10 (full 1):
 PSYoungGen      total 329728K, used 323703K [0x000000076c180000, 0x0000000782200000, 0x00000007c0000000)
  eden space 306176K, 100% used [0x000000076c180000,0x000000077ec80000,0x000000077ec80000)
  from space 23552K, 74% used [0x0000000780500000,0x000000078161dce0,0x0000000781c00000)
  to   space 25088K, 0% used [0x000000077ec80000,0x000000077ec80000,0x0000000780500000)
 ParOldGen       total 84992K, used 29926K [0x00000006c4400000, 0x00000006c9700000, 0x000000076c180000)
  object space 84992K, 35% used [0x00000006c4400000,0x00000006c6139ac0,0x00000006c9700000)
 Metaspace       used 30713K, capacity 30965K, committed 31280K, reserved 1077248K
  class space    used 4036K, capacity 4099K, committed 4144K, reserved 1048576K
Event: 3.826 GC heap after
Heap after GC invocations=10 (full 1):
 PSYoungGen      total 331264K, used 15425K [0x000000076c180000, 0x0000000789800000, 0x00000007c0000000)
  eden space 306176K, 0% used [0x000000076c180000,0x000000076c180000,0x000000077ec80000)
  from space 25088K, 61% used [0x000000077ec80000,0x000000077fb905d0,0x0000000780500000)
  to   space 25088K, 0% used [0x0000000787f80000,0x0000000787f80000,0x0000000789800000)
 ParOldGen       total 84992K, used 39242K [0x00000006c4400000, 0x00000006c9700000, 0x000000076c180000)
  object space 84992K, 46% used [0x00000006c4400000,0x00000006c6a52ae0,0x00000006c9700000)
 Metaspace       used 30713K, capacity 30965K, committed 31280K, reserved 1077248K
  class space    used 4036K, capacity 4099K, committed 4144K, reserved 1048576K
}
Event: 4.110 GC heap before
{Heap before GC invocations=11 (full 1):
 PSYoungGen      total 331264K, used 321601K [0x000000076c180000, 0x0000000789800000, 0x00000007c0000000)
  eden space 306176K, 100% used [0x000000076c180000,0x000000077ec80000,0x000000077ec80000)
  from space 25088K, 61% used [0x000000077ec80000,0x000000077fb905d0,0x0000000780500000)
  to   space 25088K, 0% used [0x0000000787f80000,0x0000000787f80000,0x0000000789800000)
 ParOldGen       total 84992K, used 39242K [0x00000006c4400000, 0x00000006c9700000, 0x000000076c180000)
  object space 84992K, 46% used [0x00000006c4400000,0x00000006c6a52ae0,0x00000006c9700000)
 Metaspace       used 30746K, capacity 30965K, committed 31280K, reserved 1077248K
  class space    used 4036K, capacity 4099K, committed 4144K, reserved 1048576K
Event: 4.116 GC heap after
Heap after GC invocations=11 (full 1):
 PSYoungGen      total 445440K, used 6752K [0x000000076c180000, 0x0000000789200000, 0x00000007c0000000)
  eden space 426496K, 0% used [0x000000076c180000,0x000000076c180000,0x0000000786200000)
  from space 18944K, 35% used [0x0000000787f80000,0x0000000788618060,0x0000000789200000)
  to   space 24576K, 0% used [0x0000000786200000,0x0000000786200000,0x0000000787a00000)
 ParOldGen       total 84992K, used 47111K [0x00000006c4400000, 0x00000006c9700000, 0x000000076c180000)
  object space 84992K, 55% used [0x00000006c4400000,0x00000006c7201d10,0x00000006c9700000)
 Metaspace       used 30746K, capacity 30965K, committed 31280K, reserved 1077248K
  class space    used 4036K, capacity 4099K, committed 4144K, reserved 1048576K
}
Event: 4.772 GC heap before
{Heap before GC invocations=12 (full 1):
 PSYoungGen      total 445440K, used 433248K [0x000000076c180000, 0x0000000789200000, 0x00000007c0000000)
  eden space 426496K, 100% used [0x000000076c180000,0x0000000786200000,0x0000000786200000)
  from space 18944K, 35% used [0x0000000787f80000,0x0000000788618060,0x0000000789200000)
  to   space 24576K, 0% used [0x0000000786200000,0x0000000786200000,0x0000000787a00000)
 ParOldGen       total 84992K, used 47111K [0x00000006c4400000, 0x00000006c9700000, 0x000000076c180000)
  object space 84992K, 55% used [0x00000006c4400000,0x00000006c7201d10,0x00000006c9700000)
 Metaspace       used 31092K, capacity 31285K, committed 31536K, reserved 1077248K
  class space    used 4048K, capacity 4099K, committed 4144K, reserved 1048576K
Event: 4.780 GC heap after
Heap after GC invocations=12 (full 1):
 PSYoungGen      total 451072K, used 11424K [0x000000076c180000, 0x0000000792900000, 0x00000007c0000000)
  eden space 426496K, 0% used [0x000000076c180000,0x000000076c180000,0x0000000786200000)
  from space 24576K, 46% used [0x0000000786200000,0x0000000786d28000,0x0000000787a00000)
  to   space 23552K, 0% used [0x0000000791200000,0x0000000791200000,0x0000000792900000)
 ParOldGen       total 84992K, used 52847K [0x00000006c4400000, 0x00000006c9700000, 0x000000076c180000)
  object space 84992K, 62% used [0x00000006c4400000,0x00000006c779bd90,0x00000006c9700000)
 Metaspace       used 31092K, capacity 31285K, committed 31536K, reserved 1077248K
  class space    used 4048K, capacity 4099K, committed 4144K, reserved 1048576K
}
Event: 6.641 GC heap before
{Heap before GC invocations=13 (full 1):
 PSYoungGen      total 451072K, used 308777K [0x000000076c180000, 0x0000000792900000, 0x00000007c0000000)
  eden space 426496K, 69% used [0x000000076c180000,0x000000077e3e27c8,0x0000000786200000)
  from space 24576K, 46% used [0x0000000786200000,0x0000000786d28000,0x0000000787a00000)
  to   space 23552K, 0% used [0x0000000791200000,0x0000000791200000,0x0000000792900000)
 ParOldGen       total 84992K, used 52847K [0x00000006c4400000, 0x00000006c9700000, 0x000000076c180000)
  object space 84992K, 62% used [0x00000006c4400000,0x00000006c779bd90,0x00000006c9700000)
 Metaspace       used 34785K, capacity 34999K, committed 35496K, reserved 1081344K
  class space    used 4468K, capacity 4530K, committed 4656K, reserved 1048576K
Event: 6.652 GC heap after
Heap after GC invocations=13 (full 1):
 PSYoungGen      total 579072K, used 8163K [0x000000076c180000, 0x0000000791b00000, 0x00000007c0000000)
  eden space 569856K, 0% used [0x000000076c180000,0x000000076c180000,0x000000078ee00000)
  from space 9216K, 88% used [0x0000000791200000,0x00000007919f8c88,0x0000000791b00000)
  to   space 23040K, 0% used [0x000000078ee00000,0x000000078ee00000,0x0000000790480000)
 ParOldGen       total 84992K, used 63227K [0x00000006c4400000, 0x00000006c9700000, 0x000000076c180000)
  object space 84992K, 74% used [0x00000006c4400000,0x00000006c81bef80,0x00000006c9700000)
 Metaspace       used 34785K, capacity 34999K, committed 35496K, reserved 1081344K
  class space    used 4468K, capacity 4530K, committed 4656K, reserved 1048576K
}
Event: 6.652 GC heap before
{Heap before GC invocations=14 (full 2):
 PSYoungGen      total 579072K, used 8163K [0x000000076c180000, 0x0000000791b00000, 0x00000007c0000000)
  eden space 569856K, 0% used [0x000000076c180000,0x000000076c180000,0x000000078ee00000)
  from space 9216K, 88% used [0x0000000791200000,0x00000007919f8c88,0x0000000791b00000)
  to   space 23040K, 0% used [0x000000078ee00000,0x000000078ee00000,0x0000000790480000)
 ParOldGen       total 84992K, used 63227K [0x00000006c4400000, 0x00000006c9700000, 0x000000076c180000)
  object space 84992K, 74% used [0x00000006c4400000,0x00000006c81bef80,0x00000006c9700000)
 Metaspace       used 34785K, capacity 34999K, committed 35496K, reserved 1081344K
  class space    used 4468K, capacity 4530K, committed 4656K, reserved 1048576K
Event: 6.884 GC heap after
Heap after GC invocations=14 (full 2):
 PSYoungGen      total 579072K, used 0K [0x000000076c180000, 0x0000000791b00000, 0x00000007c0000000)
  eden space 569856K, 0% used [0x000000076c180000,0x000000076c180000,0x000000078ee00000)
  from space 9216K, 0% used [0x0000000791200000,0x0000000791200000,0x0000000791b00000)
  to   space 23040K, 0% used [0x000000078ee00000,0x000000078ee00000,0x0000000790480000)
 ParOldGen       total 199680K, used 61944K [0x00000006c4400000, 0x00000006d0700000, 0x000000076c180000)
  object space 199680K, 31% used [0x00000006c4400000,0x00000006c807e030,0x00000006d0700000)
 Metaspace       used 34785K, capacity 34999K, committed 35496K, reserved 1081344K
  class space    used 4468K, capacity 4530K, committed 4656K, reserved 1048576K
}

Deoptimization events (10 events):
Event: 7.747 Thread 0x00000000266fb800 Uncommon trap: reason=speculate_class_check action=maybe_recompile pc=0x0000000003e012c4 method=java.util.EnumMap.get(Ljava/lang/Object;)Ljava/lang/Object; @ 14
Event: 7.748 Thread 0x00000000266fb800 Uncommon trap: reason=speculate_class_check action=maybe_recompile pc=0x0000000003e012c4 method=java.util.EnumMap.get(Ljava/lang/Object;)Ljava/lang/Object; @ 14
Event: 7.748 Thread 0x00000000266fb800 Uncommon trap: reason=speculate_class_check action=maybe_recompile pc=0x0000000003e012c4 method=java.util.EnumMap.get(Ljava/lang/Object;)Ljava/lang/Object; @ 14
Event: 7.748 Thread 0x00000000266fb800 Uncommon trap: reason=speculate_class_check action=maybe_recompile pc=0x0000000003e012c4 method=java.util.EnumMap.get(Ljava/lang/Object;)Ljava/lang/Object; @ 14
Event: 7.814 Thread 0x00000000266f6000 Uncommon trap: reason=unstable_if action=reinterpret pc=0x0000000003afee90 method=com.google.gson.internal.LinkedTreeMap.entrySet()Ljava/util/Set; @ 6
Event: 7.815 Thread 0x00000000266f6000 Uncommon trap: reason=bimorphic action=maybe_recompile pc=0x0000000003751824 method=com.google.common.collect.TransformedIterator.hasNext()Z @ 4
Event: 7.815 Thread 0x00000000266f6000 Uncommon trap: reason=class_check action=maybe_recompile pc=0x0000000003779d84 method=com.google.common.collect.Iterators$8.transform(Ljava/lang/Object;)Ljava/lang/Object; @ 5
Event: 7.815 Thread 0x00000000266f6000 Uncommon trap: reason=class_check action=maybe_recompile pc=0x0000000003779d84 method=com.google.common.collect.Iterators$8.transform(Ljava/lang/Object;)Ljava/lang/Object; @ 5
Event: 7.819 Thread 0x00000000027ee800 Uncommon trap: reason=unstable_if action=reinterpret pc=0x000000000398f17c method=net.minecraft.client.gui.FontRenderer.getCharWidth(C)I @ 4
Event: 10.534 Thread 0x00000000027ee800 Uncommon trap: reason=unstable_if action=reinterpret pc=0x0000000003e01864 method=net.minecraft.util.ResourceLocation.equals(Ljava/lang/Object;)Z @ 2

Internal exceptions (10 events):
Event: 6.562 Thread 0x00000000237f5000 Exception <a 'java/lang/ExceptionInInitializerError'> (0x000000077a74fec8) thrown at [C:\re\workspace\8-2-build-windows-amd64-cygwin\jdk8u91\6644\hotspot\src\share\vm\oops\instanceKlass.cpp, line 953]
Event: 6.597 Thread 0x00000000237f6000 Exception <a 'java/net/UnknownHostException': kazer.cc> (0x000000077d9b7e80) thrown at [C:\re\workspace\8-2-build-windows-amd64-cygwin\jdk8u91\6644\hotspot\src\share\vm\prims\jni.cpp, line 735]
Event: 7.518 Thread 0x00000000252a6000 Exception <a 'java/lang/InterruptedException': sleep interrupted> (0x000000076ece54e8) thrown at [C:\re\workspace\8-2-build-windows-amd64-cygwin\jdk8u91\6644\hotspot\src\share\vm\prims\jvm.cpp, line 3215]
Event: 9.740 Thread 0x00000000266f5800 Exception <a 'java/net/ConnectException': Connection refused: no further information> (0x000000076f010090) thrown at [C:\re\workspace\8-2-build-windows-amd64-cygwin\jdk8u91\6644\hotspot\src\share\vm\prims\jni.cpp, line 735]
Event: 9.740 Thread 0x00000000237f5000 Exception <a 'java/net/ConnectException'> (0x000000076f010308) thrown at [C:\re\workspace\8-2-build-windows-amd64-cygwin\jdk8u91\6644\hotspot\src\share\vm\prims\jni.cpp, line 709]
Event: 10.479 Thread 0x00000000252a6000 Exception <a 'java/lang/InterruptedException': sleep interrupted> (0x000000076ece5740) thrown at [C:\re\workspace\8-2-build-windows-amd64-cygwin\jdk8u91\6644\hotspot\src\share\vm\prims\jvm.cpp, line 3215]
Event: 10.479 Thread 0x00000000252a6000 Exception <a 'java/lang/InterruptedException': sleep interrupted> (0x000000076ecee128) thrown at [C:\re\workspace\8-2-build-windows-amd64-cygwin\jdk8u91\6644\hotspot\src\share\vm\prims\jvm.cpp, line 3215]
Event: 10.479 Thread 0x00000000252a6000 Exception <a 'java/lang/InterruptedException': sleep interrupted> (0x000000076ecee380) thrown at [C:\re\workspace\8-2-build-windows-amd64-cygwin\jdk8u91\6644\hotspot\src\share\vm\prims\jvm.cpp, line 3215]
Event: 10.479 Thread 0x00000000252a6000 Exception <a 'java/lang/InterruptedException': sleep interrupted> (0x000000076ecee5d8) thrown at [C:\re\workspace\8-2-build-windows-amd64-cygwin\jdk8u91\6644\hotspot\src\share\vm\prims\jvm.cpp, line 3215]
Event: 10.532 Thread 0x000000002063c800 Exception <a 'java/lang/InterruptedException': sleep interrupted> (0x000000076f3cf160) thrown at [C:\re\workspace\8-2-build-windows-amd64-cygwin\jdk8u91\6644\hotspot\src\share\vm\prims\jvm.cpp, line 3215]

Events (10 events):
Event: 10.752 Thread 0x00000000266fa800 Thread added: 0x00000000266fa800
Event: 10.752 Thread 0x00000000266f7000 Thread exited: 0x00000000266f7000
Event: 10.752 loading class org/apache/logging/log4j/core/config/NullConfiguration
Event: 10.752 loading class org/apache/logging/log4j/core/config/NullConfiguration done
Event: 10.753 loading class javax/servlet/ServletContext
Event: 10.753 loading class javax/servlet/ServletContext done
Event: 10.753 Thread 0x00000000266fd000 Thread exited: 0x00000000266fd000
Event: 10.754 Thread 0x00000000266fa800 Thread exited: 0x00000000266fa800
Event: 10.771 Thread 0x00000000266fd800 Thread exited: 0x00000000266fd800
Event: 10.771 Executing VM operation: Exit


Dynamic libraries:
0x00007ff6331d0000 - 0x00007ff633207000 	C:\Program Files\Java\jdk1.8.0_91\bin\java.exe
0x00007ffb09ab0000 - 0x00007ffb09cc6000 	C:\Windows\SYSTEM32\ntdll.dll
0x00007ffb09250000 - 0x00007ffb09314000 	C:\Windows\System32\KERNEL32.DLL
0x00007ffb06df0000 - 0x00007ffb07196000 	C:\Windows\System32\KERNELBASE.dll
0x00007ffb097d0000 - 0x00007ffb09882000 	C:\Windows\System32\ADVAPI32.dll
0x00007ffb096d0000 - 0x00007ffb09777000 	C:\Windows\System32\msvcrt.dll
0x00007ffb08ff0000 - 0x00007ffb09098000 	C:\Windows\System32\sechost.dll
0x00007ffb07340000 - 0x00007ffb07368000 	C:\Windows\System32\bcrypt.dll
0x00007ffb07960000 - 0x00007ffb07a75000 	C:\Windows\System32\RPCRT4.dll
0x00007ffb090a0000 - 0x00007ffb0924d000 	C:\Windows\System32\USER32.dll
0x00007ffb07370000 - 0x00007ffb07396000 	C:\Windows\System32\win32u.dll
0x00007ffb07920000 - 0x00007ffb07949000 	C:\Windows\System32\GDI32.dll
0x00007ffb071a0000 - 0x00007ffb072b8000 	C:\Windows\System32\gdi32full.dll
0x00007ffb074c0000 - 0x00007ffb0755a000 	C:\Windows\System32\msvcp_win.dll
0x00007ffb073a0000 - 0x00007ffb074b1000 	C:\Windows\System32\ucrtbase.dll
0x00007ffaeb850000 - 0x00007ffaebae3000 	C:\Windows\WinSxS\amd64_microsoft.windows.common-controls_6595b64144ccf1df_6.0.22621.3235_none_270f74e173860f98\COMCTL32.dll
0x00007ffb09890000 - 0x00007ffb098c1000 	C:\Windows\System32\IMM32.DLL
0x000000006bf40000 - 0x000000006c012000 	C:\Program Files\Java\jdk1.8.0_91\jre\bin\msvcr100.dll
0x000000006b6a0000 - 0x000000006bf33000 	C:\Program Files\Java\jdk1.8.0_91\jre\bin\server\jvm.dll
0x00007ffb09320000 - 0x00007ffb09328000 	C:\Windows\System32\PSAPI.DLL
0x00007ffafadc0000 - 0x00007ffafadc9000 	C:\Windows\SYSTEM32\WSOCK32.dll
0x00007ffb00940000 - 0x00007ffb00974000 	C:\Windows\SYSTEM32\WINMM.dll
0x00007ffaf3150000 - 0x00007ffaf315a000 	C:\Windows\SYSTEM32\VERSION.dll
0x00007ffb09430000 - 0x00007ffb094a1000 	C:\Windows\System32\WS2_32.dll
0x000000006c4c0000 - 0x000000006c4cf000 	C:\Program Files\Java\jdk1.8.0_91\jre\bin\verify.dll
0x000000006c490000 - 0x000000006c4b9000 	C:\Program Files\Java\jdk1.8.0_91\jre\bin\java.dll
0x000000006b630000 - 0x000000006b653000 	C:\Program Files\Java\jdk1.8.0_91\jre\bin\instrument.dll
0x000000006c470000 - 0x000000006c486000 	C:\Program Files\Java\jdk1.8.0_91\jre\bin\zip.dll
0x00007ffb07f70000 - 0x00007ffb087cd000 	C:\Windows\System32\SHELL32.dll
0x00007ffb04d60000 - 0x00007ffb05658000 	C:\Windows\SYSTEM32\windows.storage.dll
0x00007ffb07be0000 - 0x00007ffb07f68000 	C:\Windows\System32\combase.dll
0x00007ffb04c20000 - 0x00007ffb04d5e000 	C:\Windows\SYSTEM32\wintypes.dll
0x00007ffb07ae0000 - 0x00007ffb07bd3000 	C:\Windows\System32\SHCORE.dll
0x00007ffb078a0000 - 0x00007ffb078fe000 	C:\Windows\System32\shlwapi.dll
0x00007ffb06d20000 - 0x00007ffb06d46000 	C:\Windows\SYSTEM32\profapi.dll
0x00007ffafade0000 - 0x00007ffafadfa000 	D:\ideaIU-2023.2.win\bin\breakgen64.dll
0x000000006c450000 - 0x000000006c46a000 	C:\Program Files\Java\jdk1.8.0_91\jre\bin\net.dll
0x00007ffb063a0000 - 0x00007ffb06409000 	C:\Windows\system32\mswsock.dll
0x000000006b690000 - 0x000000006b69d000 	C:\Program Files\Java\jdk1.8.0_91\jre\bin\management.dll
0x000000006c430000 - 0x000000006c441000 	C:\Program Files\Java\jdk1.8.0_91\jre\bin\nio.dll
0x00007ffad06c0000 - 0x00007ffad06d7000 	C:\Windows\system32\napinsp.dll
0x00007ffacf7e0000 - 0x00007ffacf7fb000 	C:\Windows\system32\pnrpnsp.dll
0x00007ffb05950000 - 0x00007ffb05a49000 	C:\Windows\SYSTEM32\DNSAPI.dll
0x00007ffb05920000 - 0x00007ffb0594d000 	C:\Windows\SYSTEM32\IPHLPAPI.DLL
0x00007ffb07950000 - 0x00007ffb07959000 	C:\Windows\System32\NSI.dll
0x00007ffacf7c0000 - 0x00007ffacf7d1000 	C:\Windows\System32\winrnr.dll
0x00007ffafb6d0000 - 0x00007ffafb6e5000 	C:\Windows\system32\wshbth.dll
0x00007ffacf600000 - 0x00007ffacf621000 	C:\Windows\system32\nlansp_c.dll
0x00007ffaf9d90000 - 0x00007ffaf9d9a000 	C:\Windows\System32\rasadhlp.dll
0x00007ffafaae0000 - 0x00007ffafab63000 	C:\Windows\System32\fwpuclnt.dll
0x0000000180000000 - 0x0000000180053000 	D:\GradeClient-main\jars\versions\1.8.8\1.8.8-natives\lwjgl64.dll
0x00007ffa725e0000 - 0x00007ffa726e0000 	C:\Windows\SYSTEM32\OPENGL32.dll
0x00007ffa725b0000 - 0x00007ffa725dd000 	C:\Windows\SYSTEM32\GLU32.dll
0x00007ffb03a90000 - 0x00007ffb03ac9000 	C:\Windows\SYSTEM32\dxcore.dll
0x00007ffb065f0000 - 0x00007ffb0660b000 	C:\Windows\SYSTEM32\CRYPTSP.dll
0x00007ffb05e80000 - 0x00007ffb05eb5000 	C:\Windows\system32\rsaenh.dll
0x00007ffb06490000 - 0x00007ffb064bc000 	C:\Windows\SYSTEM32\USERENV.dll
0x00007ffb072c0000 - 0x00007ffb0733a000 	C:\Windows\System32\bcryptprimitives.dll
0x00007ffb06610000 - 0x00007ffb0661c000 	C:\Windows\SYSTEM32\CRYPTBASE.dll
0x00007ffafd470000 - 0x00007ffafd489000 	C:\Windows\SYSTEM32\dhcpcsvc6.DLL
0x00007ffafd250000 - 0x00007ffafd26f000 	C:\Windows\SYSTEM32\dhcpcsvc.DLL
0x000000006b490000 - 0x000000006b628000 	C:\Program Files\Java\jdk1.8.0_91\jre\bin\awt.dll
0x00007ffb09330000 - 0x00007ffb09407000 	C:\Windows\System32\OLEAUT32.dll
0x00007ffb00090000 - 0x00007ffb00127000 	C:\Windows\SYSTEM32\apphelp.dll
0x00007ffafba20000 - 0x00007ffafbadc000 	C:\Windows\SYSTEM32\mscms.dll
0x00007ffb05f20000 - 0x00007ffb05f38000 	C:\Windows\SYSTEM32\kernel.appcore.dll
0x00007ffb08930000 - 0x00007ffb089e0000 	C:\Windows\System32\clbcatq.dll
0x00007ffaf95f0000 - 0x00007ffaf963e000 	C:\Windows\System32\Windows.Internal.Graphics.Display.DisplayColorManagement.dll
0x00007ffb06b00000 - 0x00007ffb06b4e000 	C:\Windows\SYSTEM32\cfgmgr32.dll
0x00007ffb007a0000 - 0x00007ffb0084b000 	C:\Windows\system32\uxtheme.dll
0x00007ffb087d0000 - 0x00007ffb08924000 	C:\Windows\System32\MSCTF.dll
0x00007ffaf93b0000 - 0x00007ffaf94fa000 	C:\Windows\SYSTEM32\textinputframework.dll
0x00007ffaff760000 - 0x00007ffaff894000 	C:\Windows\SYSTEM32\CoreMessaging.dll
0x00007ffafc930000 - 0x00007ffafcc9c000 	C:\Windows\SYSTEM32\CoreUIComponents.dll
0x00007ffb098d0000 - 0x00007ffb09a6f000 	C:\Windows\System32\ole32.dll
0x00007ffa85d90000 - 0x00007ffa85e7b000 	C:\Windows\system32\SogouWBTSF.ime
0x00007ffaf3680000 - 0x00007ffaf3687000 	C:\Windows\system32\MSIMG32.dll
0x00007ffb05f40000 - 0x00007ffb05f74000 	C:\Windows\SYSTEM32\ntmarta.dll
0x0000000028c20000 - 0x00000000294f2000 	C:\Windows\system32\SogouWb.ime
0x00007ffae5820000 - 0x00007ffae5d14000 	C:\Windows\SYSTEM32\WININET.dll
0x00007ffb05cf0000 - 0x00007ffb05cfc000 	C:\Windows\SYSTEM32\Secur32.dll
0x00007ffaeb7e0000 - 0x00007ffaeb849000 	C:\Windows\SYSTEM32\OLEACC.dll
0x00007ffa85d70000 - 0x00007ffa85d89000 	C:\Windows\SYSTEM32\USP10.dll
0x00007ffaebaf0000 - 0x00007ffaebcaa000 	C:\Windows\WinSxS\amd64_microsoft.windows.gdiplus_6595b64144ccf1df_1.1.22621.3085_none_57ff6980ce140777\gdiplus.dll
0x00007ffb06180000 - 0x00007ffb061cc000 	C:\Windows\SYSTEM32\SSPICLI.DLL
0x00007ffb07560000 - 0x00007ffb075cb000 	C:\Windows\System32\Wintrust.dll
0x00007ffb07690000 - 0x00007ffb077f6000 	C:\Windows\System32\CRYPT32.dll
0x00007ffb06650000 - 0x00007ffb06662000 	C:\Windows\SYSTEM32\MSASN1.dll
0x00007ffb09410000 - 0x00007ffb0942f000 	C:\Windows\System32\imagehlp.dll
0x00007ffb06430000 - 0x00007ffb06456000 	C:\Windows\SYSTEM32\gpapi.dll
0x00007ffaf3110000 - 0x00007ffaf3142000 	C:\Windows\System32\cryptnet.dll
0x0000000034eb0000 - 0x0000000034f77000 	D:\Program Files (x86)\SogouWBInput\5.5.0.2580\Plugins64\ManualNewWord.dll
0x00007ffad5910000 - 0x00007ffad5942000 	C:\Windows\system32\msctfp.dll
0x00007ffafd1e0000 - 0x00007ffafd22a000 	C:\Windows\SYSTEM32\directxdatabasehelper.dll
0x00007ffafb8c0000 - 0x00007ffafb9f5000 	C:\Windows\System32\AppXDeploymentClient.dll
0x00007ffa71500000 - 0x00007ffa725a9000 	C:\Windows\System32\DriverStore\FileRepository\iigd_dch.inf_amd64_57d6be89ba05925b\igxelpicd64.dll
0x00007ffb03290000 - 0x00007ffb032bb000 	C:\Windows\system32\dwmapi.dll
0x00007ffb04960000 - 0x00007ffb04a58000 	C:\Windows\system32\dxgi.dll
0x00007ffa713d0000 - 0x00007ffa714f4000 	C:\Windows\System32\DriverStore\FileRepository\iigd_dch.inf_amd64_57d6be89ba05925b\igdml64.dll
0x00007ffaf71b0000 - 0x00007ffaf75c2000 	C:\Windows\System32\DriverStore\FileRepository\iigd_dch.inf_amd64_57d6be89ba05925b\igdgmm64.dll
0x00007ffb06ab0000 - 0x00007ffb06adc000 	C:\Windows\SYSTEM32\DEVOBJ.dll
0x00007ffad3560000 - 0x00007ffad35a9000 	C:\Windows\SYSTEM32\icm32.dll
0x00007ffaeeae0000 - 0x00007ffaf2f1e000 	C:\Windows\System32\DriverStore\FileRepository\iigd_dch.inf_amd64_57d6be89ba05925b\igc64.dll
0x00007ffb05c80000 - 0x00007ffb05ccd000 	C:\Windows\SYSTEM32\powrprof.dll
0x00007ffb05c60000 - 0x00007ffb05c73000 	C:\Windows\SYSTEM32\UMPDC.dll
0x0000000036cb0000 - 0x0000000036ce8000 	C:\Users\43850\AppData\Local\Temp\jna\jna6145236929409872195.dll
0x0000000070a40000 - 0x0000000070adc000 	D:\GradeClient-main\jars\versions\1.8.8\1.8.8-natives\avutil-ttv-51.dll
0x0000000065980000 - 0x00000000659d6000 	D:\GradeClient-main\jars\versions\1.8.8\1.8.8-natives\swresample-ttv-0.dll
0x000000006eb80000 - 0x000000006ec50000 	D:\GradeClient-main\jars\versions\1.8.8\1.8.8-natives\libmp3lame-ttv.dll
0x00007ffa23440000 - 0x00007ffa247e4000 	D:\GradeClient-main\jars\versions\1.8.8\1.8.8-natives\libmfxsw64.dll
0x00007ffa867d0000 - 0x00007ffa8693d000 	D:\GradeClient-main\jars\versions\1.8.8\1.8.8-natives\twitchsdk.dll
0x000000004c1f0000 - 0x000000004c254000 	D:\GradeClient-main\jars\versions\1.8.8\1.8.8-natives\OpenAL64.dll
0x00007ffaf4f20000 - 0x00007ffaf4fbd000 	C:\Windows\System32\MMDevApi.dll
0x00007ffa3edb0000 - 0x00007ffa3ee52000 	C:\Windows\SYSTEM32\dsound.dll
0x00007ffa3cc90000 - 0x00007ffa3cd41000 	C:\Windows\SYSTEM32\ResampleDmo.DLL
0x00007ffacdd80000 - 0x00007ffacdda9000 	C:\Windows\SYSTEM32\winmmbase.dll
0x00007ffaed2f0000 - 0x00007ffaed2fb000 	C:\Windows\SYSTEM32\msdmo.dll
0x00007ffaeb320000 - 0x00007ffaeb50c000 	C:\Windows\SYSTEM32\AUDIOSES.DLL
0x00007ffb03930000 - 0x00007ffb03945000 	C:\Windows\SYSTEM32\resourcepolicyclient.dll
0x000000006b660000 - 0x000000006b684000 	C:\Program Files\Java\jdk1.8.0_91\jre\bin\sunec.dll
0x00007ffac3980000 - 0x00007ffac3a30000 	C:\Windows\SYSTEM32\TextShaping.dll
0x00007ffb044c0000 - 0x00007ffb046f3000 	C:\Windows\SYSTEM32\dbghelp.dll

VM Arguments:
jvm_args: -javaagent:D:\ideaIU-2023.2.win\lib\idea_rt.jar=60700:D:\ideaIU-2023.2.win\bin -Dfile.encoding=UTF-8 
java_command: Start
java_class_path (initial): C:\Users\43850\AppData\Local\Temp\classpath1717352207.jar;D:\ideaIU-2023.2.win\lib\idea_rt.jar
Launcher Type: SUN_STANDARD

Environment Variables:
JAVA_HOME=D:\graalvm-jdk-17.0.8+9.1
PATH=D:\graalvm-jdk-17.0.8+9.1\bin;D:\Program Files (x86)\VMware\VMware Workstation\bin\;C:\ProgramData\Oracle\Java\javapath;C:\Windows\system32;C:\Windows;C:\Windows\System32\Wbem;C:\Windows\System32\WindowsPowerShell\v1.0\;C:\Windows\System32\OpenSSH\;C:\Program Files (x86)\NVIDIA Corporation\PhysX\Common;C:\Program Files\NVIDIA Corporation\NVIDIA NvDLISR;C:\Program Files\Git\cmd;C:\Program Files\Microsoft SQL Server\150\Tools\Binn\;C:\Program Files\Microsoft SQL Server\Client SDK\ODBC\170\Tools\Binn\;C:\Program Files\dotnet\;D:\Windows Kits\10\Windows Performance Toolkit\;C:\Users\43850\AppData\Roaming\nvm;C:\Program Files\nodejs;C:\Program Files (x86)\Microsoft SQL Server\Client SDK\ODBC\130\Tools\Binn\;C:\Program Files (x86)\Microsoft SQL Server\140\Tools\Binn\;C:\Program Files (x86)\Microsoft SQL Server\140\DTS\Binn\;C:\Program Files (x86)\Microsoft SQL Server\140\Tools\Binn\ManagementStudio\;C:\Program Files (x86)\Microsoft SQL Server\130\Tools\Binn\;C:\Program Files\Microsoft SQL Server\130\Tools\Binn\;C:\Program Files (x86)\Microsoft SQL Server\130\DTS\Binn\;C:\Program Files\Microsoft SQL Server\130\DTS\Binn\;C:\Program Files\Microsoft SQL Server\Client SDK\ODBC\130\Tools\Binn\;D:\Program Files\Redis\;D:\GradeClient-main\jars\versions\1.8.8\1.8.8-natives;C:\Users\43850\AppData\Local\Microsoft\WindowsApps;C:\Users\43850\AppData\Roaming\npm;C:\Users\43850\.dotnet\tools;C:\Users\43850\AppData\Local\Programs\Microsoft VS Code\bin;C:\Users\43850\AppData\Roaming\nvm;C:\Program Files\nodejs;C:\Users\43850\AppData\Local\gitkraken\bin
USERNAME=43850
OS=Windows_NT
PROCESSOR_IDENTIFIER=Intel64 Family 6 Model 154 Stepping 3, GenuineIntel



---------------  S Y S T E M  ---------------

OS: Windows 10.0 , 64 bit Build 22621 (10.0.22621.3235)

CPU:total 16 (8 cores per cpu, 2 threads per core) family 6 model 154 stepping 3, cmov, cx8, fxsr, mmx, sse, sse2, sse3, ssse3, sse4.1, sse4.2, popcnt, avx, avx2, aes, clmul, erms, 3dnowpref, lzcnt, ht, tsc, tscinvbit, bmi1, bmi2, adx

Memory: 4k page, physical 16496120k(1151636k free), swap 33157508k(2872876k free)

vm_info: Java HotSpot(TM) 64-Bit Server VM (25.91-b14) for windows-amd64 JRE (1.8.0_91-b14), built on Apr  1 2016 00:58:32 by "java_re" with MS VC++ 10.0 (VS2010)

time: Sun Mar 31 10:50:51 2024
elapsed time: 11 seconds (0d 0h 0m 11s)

