#
# A fatal error has been detected by the Java Runtime Environment:
#
#  EXCEPTION_ACCESS_VIOLATION (0xc0000005) at pc=0x00007ffa717895aa, pid=26492, tid=18504
#
# JRE version: Java(TM) SE Runtime Environment (8.0_91-b14) (build 1.8.0_91-b14)
# Java VM: Java HotSpot(TM) 64-Bit Server VM (25.91-b14 mixed mode windows-amd64 compressed oops)
# Problematic frame:
# C  [igxelpicd64.dll+0x2895aa]
#
# Failed to write core dump. Minidumps are not enabled by default on client versions of Windows
#
# If you would like to submit a bug report, please visit:
#   http://bugreport.java.com/bugreport/crash.jsp
#

---------------  T H R E A D  ---------------

Current thread (0x000000001f295000):  VMThread [stack: 0x0000000020920000,0x0000000020a20000] [id=18504]

siginfo: ExceptionCode=0xc0000005, reading address 0x0000000000035f88

Registers:
RAX=0x000000003e605ff8, RBX=0x0000000000000000, RCX=0x0000000000000000, RDX=0x00000000fffffff0
RSP=0x0000000020a1e7d0, RBP=0x0000000020a1e838, RSI=0x000000002d023030, RDI=0x0000000000000000
R8 =0x0000000000000000, R9 =0x0000000000000000, R10=0x000000003e6064c8, R11=0x0000000000000246
R12=0x000000002d2f17c8, R13=0x0000000000000000, R14=0x000000003e605ef0, R15=0x0000000000000016
RIP=0x00007ffa717895aa, EFLAGS=0x0000000000010202

Top of Stack: (sp=0x0000000020a1e7d0)
0x0000000020a1e7d0:   000000002a84c5b0 0000000000000000
0x0000000020a1e7e0:   0000000020a1e980 00007ffb090a41a9
0x0000000020a1e7f0:   0000000078757020 0000000000000000
0x0000000020a1e800:   000000002a84c5b0 000000003e6064c8
0x0000000020a1e810:   02832f8902dc0289 00007ffb09b533b4
0x0000000020a1e820:   02933d8a02c8dd89 0093808a02864b8a
0x0000000020a1e830:   02489c8a02a2888a 0000000000000017
0x0000000020a1e840:   000000000001eb13 0000740431170000
0x0000000020a1e850:   000000002d2f17c8 0000000000000000
0x0000000020a1e860:   0000000000000000 000000002d023030
0x0000000020a1e870:   0000000020a1e980 00007ffa71581d5f
0x0000000020a1e880:   000000002d023000 0000000000000016
0x0000000020a1e890:   0292e3910235c300 0233609200165900
0x0000000020a1e8a0:   00000000000e8e7c 02be9f9200000000
0x0000000020a1e8b0:   0000000000000000 023dca9300c76993
0x0000000020a1e8c0:   0274e693018cce93 01e05a9401f73994 

Instructions: (pc=0x00007ffa717895aa)
0x00007ffa7178958a:   48 8d 04 c0 48 8d 40 21 49 8d 04 c6 48 85 c0 74
0x00007ffa7178959a:   0c 48 8b 48 08 eb 09 48 83 c0 08 eb ef 48 8b cb
0x00007ffa717895aa:   49 3b 8d 88 5f 03 00 0f 86 86 01 00 00 41 83 f8
0x00007ffa717895ba:   10 73 0d 4a 8d 04 c5 21 00 00 00 49 03 c0 eb 55 


Register to memory mapping:

RAX=0x000000003e605ff8 is an unknown value
RBX=0x0000000000000000 is an unknown value
RCX=0x0000000000000000 is an unknown value
RDX=0x00000000fffffff0 is an unknown value
RSP=0x0000000020a1e7d0 is an unknown value
RBP=0x0000000020a1e838 is an unknown value
RSI=0x000000002d023030 is an unknown value
RDI=0x0000000000000000 is an unknown value
R8 =0x0000000000000000 is an unknown value
R9 =0x0000000000000000 is an unknown value
R10=0x000000003e6064c8 is an unknown value
R11=0x0000000000000246 is an unknown value
R12=0x000000002d2f17c8 is an unknown value
R13=0x0000000000000000 is an unknown value
R14=0x000000003e605ef0 is an unknown value
R15=0x0000000000000016 is an unknown value


Stack: [0x0000000020920000,0x0000000020a20000],  sp=0x0000000020a1e7d0,  free space=1017k
Native frames: (J=compiled Java code, j=interpreted, Vv=VM code, C=native code)
C  [igxelpicd64.dll+0x2895aa]
C  [igxelpicd64.dll+0x81d5f]
C  [igxelpicd64.dll+0x28d57f]
C  [igxelpicd64.dll+0x75468]
C  [igxelpicd64.dll+0x243ef4]
C  [igxelpicd64.dll+0x2442b3]
C  [igxelpicd64.dll+0x23e32f]
C  [igxelpicd64.dll+0x23e15d]
C  [igxelpicd64.dll+0x81545b]
C  [ntdll.dll+0x2869f]
C  [ntdll.dll+0x510a6]
C  [ntdll.dll+0x50c9d]
C  [KERNEL32.DLL+0x17fab]
C  [msvcr100.dll+0x20ccd]
V  [jvm.dll+0x211395]
V  [jvm.dll+0x24a0e7]
V  [jvm.dll+0x249386]
V  [jvm.dll+0x249821]
V  [jvm.dll+0x249a3e]
V  [jvm.dll+0x29a99a]
C  [msvcr100.dll+0x21d9f]
C  [msvcr100.dll+0x21e3b]
C  [KERNEL32.DLL+0x1257d]
C  [ntdll.dll+0x5aa58]

VM_Operation (0x000000002111ed80): Exit, mode: safepoint, requested by thread 0x000000001f396000


---------------  P R O C E S S  ---------------

Java Threads: ( => current thread )
  0x000000001f396000 JavaThread "SIGINT handler" daemon [_thread_blocked, id=784, stack(0x0000000021020000,0x0000000021120000)]
  0x000000001f398800 JavaThread "LWJGL Timer" daemon [_thread_blocked, id=4748, stack(0x000000004a320000,0x000000004a420000)]
  0x0000000022bf9000 JavaThread "Chunk Batcher 1" daemon [_thread_blocked, id=12820, stack(0x000000003cfa0000,0x000000003d0a0000)]
  0x000000002b10c800 JavaThread "Chunk Batcher 0" daemon [_thread_blocked, id=27624, stack(0x000000003c670000,0x000000003c770000)]
  0x000000002c1a4000 JavaThread "Thread-7" [_thread_blocked, id=13208, stack(0x000000003ca70000,0x000000003cb70000)]
  0x000000002a0ff800 JavaThread "Thread-6" [_thread_blocked, id=25604, stack(0x000000003c770000,0x000000003c870000)]
  0x0000000024531800 JavaThread "Java2D Disposer" daemon [_thread_blocked, id=26668, stack(0x0000000028b70000,0x0000000028c70000)]
  0x0000000025f09000 JavaThread "Timer hack thread" daemon [_thread_blocked, id=10536, stack(0x0000000028a70000,0x0000000028b70000)]
  0x0000000024382000 JavaThread "Snooper Timer" daemon [_thread_blocked, id=26272, stack(0x0000000026790000,0x0000000026890000)]
  0x0000000025caa000 JavaThread "Snooper Timer" daemon [_thread_blocked, id=13288, stack(0x0000000026390000,0x0000000026490000)]
  0x000000001f418000 JavaThread "Service Thread" daemon [_thread_blocked, id=6052, stack(0x0000000021e20000,0x0000000021f20000)]
  0x000000001f39c000 JavaThread "C1 CompilerThread11" daemon [_thread_blocked, id=412, stack(0x0000000021d20000,0x0000000021e20000)]
  0x000000001f39b800 JavaThread "C1 CompilerThread10" daemon [_thread_blocked, id=1320, stack(0x0000000021b20000,0x0000000021c20000)]
  0x000000001f39a000 JavaThread "C1 CompilerThread9" daemon [_thread_blocked, id=27596, stack(0x0000000021a20000,0x0000000021b20000)]
  0x000000001f395800 JavaThread "C1 CompilerThread8" daemon [_thread_blocked, id=2248, stack(0x0000000021920000,0x0000000021a20000)]
  0x000000001f38a800 JavaThread "C2 CompilerThread7" daemon [_thread_blocked, id=14004, stack(0x0000000021820000,0x0000000021920000)]
  0x000000001f38a000 JavaThread "C2 CompilerThread6" daemon [_thread_blocked, id=13544, stack(0x0000000021720000,0x0000000021820000)]
  0x000000001f36a800 JavaThread "C2 CompilerThread5" daemon [_thread_blocked, id=9236, stack(0x0000000021620000,0x0000000021720000)]
  0x000000001f369800 JavaThread "C2 CompilerThread4" daemon [_thread_blocked, id=24684, stack(0x0000000021520000,0x0000000021620000)]
  0x000000001f369000 JavaThread "C2 CompilerThread3" daemon [_thread_blocked, id=26712, stack(0x0000000021420000,0x0000000021520000)]
  0x000000001f368000 JavaThread "C2 CompilerThread2" daemon [_thread_blocked, id=26800, stack(0x0000000021320000,0x0000000021420000)]
  0x000000001f37e000 JavaThread "C2 CompilerThread1" daemon [_thread_blocked, id=16324, stack(0x0000000021220000,0x0000000021320000)]
  0x000000001f363000 JavaThread "C2 CompilerThread0" daemon [_thread_blocked, id=11076, stack(0x0000000021120000,0x0000000021220000)]
  0x000000001f344800 JavaThread "JDWP Event Helper Thread" daemon [_thread_blocked, id=26832, stack(0x0000000020f20000,0x0000000021020000)]
  0x000000001f332800 JavaThread "Attach Listener" daemon [_thread_blocked, id=24068, stack(0x0000000020d20000,0x0000000020e20000)]
  0x000000001f2da000 JavaThread "Signal Dispatcher" daemon [_thread_blocked, id=11152, stack(0x0000000020c20000,0x0000000020d20000)]
  0x000000001f2b6800 JavaThread "Finalizer" daemon [_thread_blocked, id=6012, stack(0x0000000020b20000,0x0000000020c20000)]
  0x000000001d84e800 JavaThread "Reference Handler" daemon [_thread_blocked, id=27588, stack(0x0000000020a20000,0x0000000020b20000)]
  0x00000000039c3800 JavaThread "Client thread" [_thread_blocked, id=26052, stack(0x0000000003620000,0x0000000003720000)]

Other Threads:
=>0x000000001f295000 VMThread [stack: 0x0000000020920000,0x0000000020a20000] [id=18504]

VM state:at safepoint (shutting down)

VM Mutex/Monitor currently owned by a thread:  ([mutex/lock_event])
[0x00000000039c14d0] Threads_lock - owner thread: 0x000000001f295000

Heap:
 PSYoungGen      total 283648K, used 202196K [0x000000076c180000, 0x000000077fb80000, 0x00000007c0000000)
  eden space 266240K, 71% used [0x000000076c180000,0x0000000777aa8ee8,0x000000077c580000)
  from space 17408K, 72% used [0x000000077ea80000,0x000000077f6cc208,0x000000077fb80000)
  to   space 27648K, 0% used [0x000000077c580000,0x000000077c580000,0x000000077e080000)
 ParOldGen       total 111104K, used 50074K [0x00000006c4400000, 0x00000006cb080000, 0x000000076c180000)
  object space 111104K, 45% used [0x00000006c4400000,0x00000006c74e69a8,0x00000006cb080000)
 Metaspace       used 32894K, capacity 33215K, committed 33792K, reserved 1079296K
  class space    used 4176K, capacity 4274K, committed 4352K, reserved 1048576K

Card table byte_map: [0x0000000012e80000,0x0000000013660000] byte_map_base: 0x000000000f85e000

Marking Bits: (ParMarkBitMap*) 0x000000006beb2f70
 Begin Bits: [0x00000000148a0000, 0x0000000018790000)
 End Bits:   [0x0000000018790000, 0x000000001c680000)

Polling page: 0x0000000001960000

CodeCache: size=245760Kb used=16006Kb max_used=16067Kb free=229753Kb
 bounds [0x0000000003ac0000, 0x0000000004a90000, 0x0000000012ac0000]
 total_blobs=4198 nmethods=3521 adapters=594
 compilation: enabled

Compilation events (10 events):
Event: 110.158 Thread 0x000000001f38a800 4409       4       paulscode.sound.SimpleThread::dying (7 bytes)
Event: 110.159 Thread 0x000000001f38a800 nmethod 4409 0x0000000004a45a10 code [0x0000000004a45b40, 0x0000000004a45d38]
Event: 111.684 Thread 0x000000001f369000 4410   !   4       java.net.URL::<init> (543 bytes)
Event: 111.702 Thread 0x000000001f369000 nmethod 4410 0x0000000004a83690 code [0x0000000004a838c0, 0x0000000004a84ec0]
Event: 113.770 Thread 0x000000001f369800 4411       4       net.minecraft.client.renderer.WorldRenderer::finishDrawing (46 bytes)
Event: 113.771 Thread 0x000000001f369800 nmethod 4411 0x0000000003de12d0 code [0x0000000003de1420, 0x0000000003de15f8]
Event: 115.074 Thread 0x000000001f39c000 4412  s    3       java.util.Hashtable::containsKey (65 bytes)
Event: 115.074 Thread 0x000000001f39c000 nmethod 4412 0x0000000003db6d10 code [0x0000000003db6ea0, 0x0000000003db74d8]
Event: 115.075 Thread 0x000000001f39a000 4413       3       org.apache.logging.log4j.core.helpers.NameUtil::getSubName (32 bytes)
Event: 115.075 Thread 0x000000001f39a000 nmethod 4413 0x0000000003d9af90 code [0x0000000003d9b120, 0x0000000003d9b6b8]

GC Heap History (10 events):
Event: 2.560 GC heap before
{Heap before GC invocations=7 (full 1):
 PSYoungGen      total 98304K, used 98272K [0x000000076c180000, 0x0000000776500000, 0x00000007c0000000)
  eden space 87552K, 100% used [0x000000076c180000,0x0000000771700000,0x0000000771700000)
  from space 10752K, 99% used [0x0000000771700000,0x0000000772178010,0x0000000772180000)
  to   space 13312K, 0% used [0x0000000775800000,0x0000000775800000,0x0000000776500000)
 ParOldGen       total 111104K, used 17046K [0x00000006c4400000, 0x00000006cb080000, 0x000000076c180000)
  object space 111104K, 15% used [0x00000006c4400000,0x00000006c54a5b28,0x00000006cb080000)
 Metaspace       used 26789K, capacity 27052K, committed 27392K, reserved 1073152K
  class space    used 3727K, capacity 3808K, committed 3840K, reserved 1048576K
Event: 2.567 GC heap after
Heap after GC invocations=7 (full 1):
 PSYoungGen      total 147456K, used 13280K [0x000000076c180000, 0x0000000777500000, 0x00000007c0000000)
  eden space 134144K, 0% used [0x000000076c180000,0x000000076c180000,0x0000000774480000)
  from space 13312K, 99% used [0x0000000775800000,0x00000007764f8010,0x0000000776500000)
  to   space 19968K, 0% used [0x0000000774480000,0x0000000774480000,0x0000000775800000)
 ParOldGen       total 111104K, used 24486K [0x00000006c4400000, 0x00000006cb080000, 0x000000076c180000)
  object space 111104K, 22% used [0x00000006c4400000,0x00000006c5be9b28,0x00000006cb080000)
 Metaspace       used 26789K, capacity 27052K, committed 27392K, reserved 1073152K
  class space    used 3727K, capacity 3808K, committed 3840K, reserved 1048576K
}
Event: 17.106 GC heap before
{Heap before GC invocations=8 (full 1):
 PSYoungGen      total 147456K, used 147424K [0x000000076c180000, 0x0000000777500000, 0x00000007c0000000)
  eden space 134144K, 100% used [0x000000076c180000,0x0000000774480000,0x0000000774480000)
  from space 13312K, 99% used [0x0000000775800000,0x00000007764f8010,0x0000000776500000)
  to   space 19968K, 0% used [0x0000000774480000,0x0000000774480000,0x0000000775800000)
 ParOldGen       total 111104K, used 24486K [0x00000006c4400000, 0x00000006cb080000, 0x000000076c180000)
  object space 111104K, 22% used [0x00000006c4400000,0x00000006c5be9b28,0x00000006cb080000)
 Metaspace       used 30671K, capacity 30905K, committed 31360K, reserved 1077248K
  class space    used 4020K, capacity 4099K, committed 4224K, reserved 1048576K
Event: 17.130 GC heap after
Heap after GC invocations=8 (full 1):
 PSYoungGen      total 154112K, used 19943K [0x000000076c180000, 0x000000077c600000, 0x00000007c0000000)
  eden space 134144K, 0% used [0x000000076c180000,0x000000076c180000,0x0000000774480000)
  from space 19968K, 99% used [0x0000000774480000,0x00000007757f9cf0,0x0000000775800000)
  to   space 27648K, 0% used [0x000000077ab00000,0x000000077ab00000,0x000000077c600000)
 ParOldGen       total 111104K, used 31582K [0x00000006c4400000, 0x00000006cb080000, 0x000000076c180000)
  object space 111104K, 28% used [0x00000006c4400000,0x00000006c62d7a70,0x00000006cb080000)
 Metaspace       used 30671K, capacity 30905K, committed 31360K, reserved 1077248K
  class space    used 4020K, capacity 4099K, committed 4224K, reserved 1048576K
}
Event: 17.561 GC heap before
{Heap before GC invocations=9 (full 1):
 PSYoungGen      total 154112K, used 154087K [0x000000076c180000, 0x000000077c600000, 0x00000007c0000000)
  eden space 134144K, 100% used [0x000000076c180000,0x0000000774480000,0x0000000774480000)
  from space 19968K, 99% used [0x0000000774480000,0x00000007757f9cf0,0x0000000775800000)
  to   space 27648K, 0% used [0x000000077ab00000,0x000000077ab00000,0x000000077c600000)
 ParOldGen       total 111104K, used 31582K [0x00000006c4400000, 0x00000006cb080000, 0x000000076c180000)
  object space 111104K, 28% used [0x00000006c4400000,0x00000006c62d7a70,0x00000006cb080000)
 Metaspace       used 30873K, capacity 31161K, committed 31616K, reserved 1077248K
  class space    used 4025K, capacity 4099K, committed 4224K, reserved 1048576K
Event: 17.571 GC heap after
Heap after GC invocations=9 (full 1):
 PSYoungGen      total 233984K, used 17331K [0x000000076c180000, 0x000000077c400000, 0x00000007c0000000)
  eden space 208384K, 0% used [0x000000076c180000,0x000000076c180000,0x0000000778d00000)
  from space 25600K, 67% used [0x000000077ab00000,0x000000077bbecc70,0x000000077c400000)
  to   space 28160K, 0% used [0x0000000778d00000,0x0000000778d00000,0x000000077a880000)
 ParOldGen       total 111104K, used 37686K [0x00000006c4400000, 0x00000006cb080000, 0x000000076c180000)
  object space 111104K, 33% used [0x00000006c4400000,0x00000006c68cdaa0,0x00000006cb080000)
 Metaspace       used 30873K, capacity 31161K, committed 31616K, reserved 1077248K
  class space    used 4025K, capacity 4099K, committed 4224K, reserved 1048576K
}
Event: 18.220 GC heap before
{Heap before GC invocations=10 (full 1):
 PSYoungGen      total 233984K, used 225715K [0x000000076c180000, 0x000000077c400000, 0x00000007c0000000)
  eden space 208384K, 100% used [0x000000076c180000,0x0000000778d00000,0x0000000778d00000)
  from space 25600K, 67% used [0x000000077ab00000,0x000000077bbecc70,0x000000077c400000)
  to   space 28160K, 0% used [0x0000000778d00000,0x0000000778d00000,0x000000077a880000)
 ParOldGen       total 111104K, used 37686K [0x00000006c4400000, 0x00000006cb080000, 0x000000076c180000)
  object space 111104K, 33% used [0x00000006c4400000,0x00000006c68cdaa0,0x00000006cb080000)
 Metaspace       used 31231K, capacity 31481K, committed 31872K, reserved 1077248K
  class space    used 4037K, capacity 4099K, committed 4224K, reserved 1048576K
Event: 18.233 GC heap after
Heap after GC invocations=10 (full 1):
 PSYoungGen      total 236544K, used 19351K [0x000000076c180000, 0x0000000780700000, 0x00000007c0000000)
  eden space 208384K, 0% used [0x000000076c180000,0x000000076c180000,0x0000000778d00000)
  from space 28160K, 68% used [0x0000000778d00000,0x0000000779fe5ca0,0x000000077a880000)
  to   space 29184K, 0% used [0x000000077ea80000,0x000000077ea80000,0x0000000780700000)
 ParOldGen       total 111104K, used 41970K [0x00000006c4400000, 0x00000006cb080000, 0x000000076c180000)
  object space 111104K, 37% used [0x00000006c4400000,0x00000006c6cfcab0,0x00000006cb080000)
 Metaspace       used 31231K, capacity 31481K, committed 31872K, reserved 1077248K
  class space    used 4037K, capacity 4099K, committed 4224K, reserved 1048576K
}
Event: 44.882 GC heap before
{Heap before GC invocations=11 (full 1):
 PSYoungGen      total 236544K, used 226819K [0x000000076c180000, 0x0000000780700000, 0x00000007c0000000)
  eden space 208384K, 99% used [0x000000076c180000,0x0000000778c1b000,0x0000000778d00000)
  from space 28160K, 68% used [0x0000000778d00000,0x0000000779fe5ca0,0x000000077a880000)
  to   space 29184K, 0% used [0x000000077ea80000,0x000000077ea80000,0x0000000780700000)
 ParOldGen       total 111104K, used 41970K [0x00000006c4400000, 0x00000006cb080000, 0x000000076c180000)
  object space 111104K, 37% used [0x00000006c4400000,0x00000006c6cfcab0,0x00000006cb080000)
 Metaspace       used 31904K, capacity 32153K, committed 32640K, reserved 1077248K
  class space    used 4100K, capacity 4177K, committed 4224K, reserved 1048576K
Event: 44.897 GC heap after
Heap after GC invocations=11 (full 1):
 PSYoungGen      total 283648K, used 12592K [0x000000076c180000, 0x000000077fb80000, 0x00000007c0000000)
  eden space 266240K, 0% used [0x000000076c180000,0x000000076c180000,0x000000077c580000)
  from space 17408K, 72% used [0x000000077ea80000,0x000000077f6cc208,0x000000077fb80000)
  to   space 27648K, 0% used [0x000000077c580000,0x000000077c580000,0x000000077e080000)
 ParOldGen       total 111104K, used 50074K [0x00000006c4400000, 0x00000006cb080000, 0x000000076c180000)
  object space 111104K, 45% used [0x00000006c4400000,0x00000006c74e69a8,0x00000006cb080000)
 Metaspace       used 31904K, capacity 32153K, committed 32640K, reserved 1077248K
  class space    used 4100K, capacity 4177K, committed 4224K, reserved 1048576K
}

Deoptimization events (10 events):
Event: 53.200 Thread 0x0000000025caa000 Uncommon trap: reason=unstable_if action=reinterpret pc=0x000000000470853c method=java.lang.Integer.getChars(II[C)V @ 7
Event: 57.963 Thread 0x0000000025caa000 Uncommon trap: reason=bimorphic action=maybe_recompile pc=0x0000000003da7660 method=java.util.HashMap.removeNode(ILjava/lang/Object;Ljava/lang/Object;ZZ)Ljava/util/HashMap$Node; @ 283
Event: 82.466 Thread 0x00000000039c3800 Uncommon trap: reason=speculate_class_check action=maybe_recompile pc=0x00000000048473e4 method=java.util.EnumMap.get(Ljava/lang/Object;)Ljava/lang/Object; @ 14
Event: 82.472 Thread 0x000000001f397000 Uncommon trap: reason=class_check action=maybe_recompile pc=0x0000000004311538 method=java.util.AbstractList$Itr.next()Ljava/lang/Object; @ 14
Event: 82.472 Thread 0x000000001f397000 Uncommon trap: reason=class_check action=maybe_recompile pc=0x000000000431b9a4 method=java.util.HashSet.iterator()Ljava/util/Iterator; @ 4
Event: 82.473 Thread 0x00000000039c3800 Uncommon trap: reason=unstable_if action=reinterpret pc=0x000000000427476c method=java.net.URL.<init>(Ljava/net/URL;Ljava/lang/String;Ljava/net/URLStreamHandler;)V @ 30
Event: 82.473 Thread 0x00000000039c3800 Uncommon trap: reason=unstable_if action=reinterpret pc=0x0000000004799074 method=java.net.URLStreamHandler.parseURL(Ljava/net/URL;Ljava/lang/String;II)V @ 682
Event: 82.487 Thread 0x000000002a0ff800 Uncommon trap: reason=unstable_if action=reinterpret pc=0x00000000044dd340 method=com.jcraft.jogg.Buffer.read(I)I @ 23
Event: 82.545 Thread 0x00000000039c3800 Uncommon trap: reason=unstable_if action=reinterpret pc=0x0000000004846298 method=net.minecraft.util.ResourceLocation.equals(Ljava/lang/Object;)Z @ 2
Event: 115.083 Thread 0x000000001f396000 Uncommon trap: reason=class_check action=maybe_recompile pc=0x000000000431b9a4 method=java.util.HashSet.iterator()Ljava/util/Iterator; @ 4

Internal exceptions (10 events):
Event: 17.376 Thread 0x000000002a0ff800 Exception <a 'java/lang/InterruptedException': sleep interrupted> (0x000000076ea95d70) thrown at [C:\re\workspace\8-2-build-windows-amd64-cygwin\jdk8u91\6644\hotspot\src\share\vm\prims\jvm.cpp, line 3215]
Event: 18.307 Thread 0x00000000039c3800 Implicit null exception at 0x0000000004099b9c to 0x000000000409a05a
Event: 18.414 Thread 0x00000000039c3800 Exception <a 'java/lang/NoSuchMethodError': java.lang.Object.lambda$comparingInt$7b0bb60$1(Ljava/util/function/ToIntFunction;Ljava/lang/Object;Ljava/lang/Object;)I> (0x00000007709f25d0) thrown at [C:\re\workspace\8-2-build-windows-amd64-cygwin\jdk8u91\6644­ŠËLÄ
Event: 58.006 Thread 0x0000000025caa000 Exception <a 'java/net/UnknownHostException': snoop.minecraft.net> (0x000000076d7e1060) thrown at [C:\re\workspace\8-2-build-windows-amd64-cygwin\jdk8u91\6644\hotspot\src\share\vm\prims\jni.cpp, line 735]
Event: 82.468 Thread 0x00000000039c3800 Exception <a 'java/lang/NoClassDefFoundError': org/slf4j/LoggerFactory> (0x000000076dd852a8) thrown at [C:\re\workspace\8-2-build-windows-amd64-cygwin\jdk8u91\6644\hotspot\src\share\vm\classfile\systemDictionary.cpp, line 199]
Event: 82.469 Thread 0x00000000039c3800 Exception <a 'java/lang/NoClassDefFoundError': org/apache/log4j/Priority> (0x000000076dda3bf8) thrown at [C:\re\workspace\8-2-build-windows-amd64-cygwin\jdk8u91\6644\hotspot\src\share\vm\classfile\systemDictionary.cpp, line 199]
Event: 82.473 Thread 0x00000000039c3800 Implicit null exception at 0x00000000047941dc to 0x000000000479903d
Event: 82.474 Thread 0x000000002a0ff800 Exception <a 'java/lang/InterruptedException': sleep interrupted> (0x000000076dfcd450) thrown at [C:\re\workspace\8-2-build-windows-amd64-cygwin\jdk8u91\6644\hotspot\src\share\vm\prims\jvm.cpp, line 3215]
Event: 82.497 Thread 0x000000002c1a4000 Exception <a 'java/lang/InterruptedException': sleep interrupted> (0x000000076e221ca0) thrown at [C:\re\workspace\8-2-build-windows-amd64-cygwin\jdk8u91\6644\hotspot\src\share\vm\prims\jvm.cpp, line 3215]
Event: 82.497 Thread 0x000000002a0ff800 Exception <a 'java/lang/InterruptedException': sleep interrupted> (0x000000076e1ba670) thrown at [C:\re\workspace\8-2-build-windows-amd64-cygwin\jdk8u91\6644\hotspot\src\share\vm\prims\jvm.cpp, line 3167]

Events (10 events):
Event: 115.074 Thread 0x000000001f397800 DEOPT PACKING pc=0x0000000003f20f9c sp=0x000000007c75f030
Event: 115.075 Thread 0x000000001f397800 DEOPT UNPACKING pc=0x0000000003b0787f sp=0x000000007c75ed88 mode 1
Event: 115.075 Thread 0x000000001f397800 Thread exited: 0x000000001f397800
Event: 115.075 Thread 0x000000001f39a000 flushing nmethod 0x0000000003f9df90
Event: 115.075 Thread 0x000000001f39a000 flushing nmethod 0x0000000004082190
Event: 115.083 Thread 0x000000001f397000 Thread exited: 0x000000001f397000
Event: 115.083 Thread 0x000000001f396000 Uncommon trap: trap_request=0xffffffde fr.pc=0x000000000431b9a4
Event: 115.083 Thread 0x000000001f396000 DEOPT PACKING pc=0x000000000431b9a4 sp=0x000000002111ebe0
Event: 115.083 Thread 0x000000001f396000 DEOPT UNPACKING pc=0x0000000003b0582a sp=0x000000002111ebb8 mode 2
Event: 115.084 Executing VM operation: Exit


Dynamic libraries:
0x00007ff6331d0000 - 0x00007ff633207000 	C:\Program Files\Java\jdk1.8.0_91\bin\java.exe
0x00007ffb09ab0000 - 0x00007ffb09cc6000 	C:\Windows\SYSTEM32\ntdll.dll
0x00007ffb09250000 - 0x00007ffb09314000 	C:\Windows\System32\KERNEL32.DLL
0x00007ffb06df0000 - 0x00007ffb07196000 	C:\Windows\System32\KERNELBASE.dll
0x00007ffb097d0000 - 0x00007ffb09882000 	C:\Windows\System32\ADVAPI32.dll
0x00007ffb096d0000 - 0x00007ffb09777000 	C:\Windows\System32\msvcrt.dll
0x00007ffb08ff0000 - 0x00007ffb09098000 	C:\Windows\System32\sechost.dll
0x00007ffb07340000 - 0x00007ffb07368000 	C:\Windows\System32\bcrypt.dll
0x00007ffb07960000 - 0x00007ffb07a75000 	C:\Windows\System32\RPCRT4.dll
0x00007ffb090a0000 - 0x00007ffb0924d000 	C:\Windows\System32\USER32.dll
0x00007ffb07370000 - 0x00007ffb07396000 	C:\Windows\System32\win32u.dll
0x00007ffb07920000 - 0x00007ffb07949000 	C:\Windows\System32\GDI32.dll
0x00007ffb071a0000 - 0x00007ffb072b8000 	C:\Windows\System32\gdi32full.dll
0x00007ffb074c0000 - 0x00007ffb0755a000 	C:\Windows\System32\msvcp_win.dll
0x00007ffb073a0000 - 0x00007ffb074b1000 	C:\Windows\System32\ucrtbase.dll
0x00007ffaeb850000 - 0x00007ffaebae3000 	C:\Windows\WinSxS\amd64_microsoft.windows.common-controls_6595b64144ccf1df_6.0.22621.3235_none_270f74e173860f98\COMCTL32.dll
0x00007ffb09890000 - 0x00007ffb098c1000 	C:\Windows\System32\IMM32.DLL
0x000000006bf40000 - 0x000000006c012000 	C:\Program Files\Java\jdk1.8.0_91\jre\bin\msvcr100.dll
0x000000006b6a0000 - 0x000000006bf33000 	C:\Program Files\Java\jdk1.8.0_91\jre\bin\server\jvm.dll
0x00007ffb09320000 - 0x00007ffb09328000 	C:\Windows\System32\PSAPI.DLL
0x00007ffafe210000 - 0x00007ffafe219000 	C:\Windows\SYSTEM32\WSOCK32.dll
0x00007ffb09430000 - 0x00007ffb094a1000 	C:\Windows\System32\WS2_32.dll
0x00007ffb00940000 - 0x00007ffb00974000 	C:\Windows\SYSTEM32\WINMM.dll
0x00007ffaf3150000 - 0x00007ffaf315a000 	C:\Windows\SYSTEM32\VERSION.dll
0x000000006c640000 - 0x000000006c64f000 	C:\Program Files\Java\jdk1.8.0_91\jre\bin\verify.dll
0x000000006c4a0000 - 0x000000006c4c9000 	C:\Program Files\Java\jdk1.8.0_91\jre\bin\java.dll
0x000000006c460000 - 0x000000006c495000 	C:\Program Files\Java\jdk1.8.0_91\jre\bin\jdwp.dll
0x000000006c630000 - 0x000000006c638000 	C:\Program Files\Java\jdk1.8.0_91\jre\bin\npt.dll
0x000000006c430000 - 0x000000006c453000 	C:\Program Files\Java\jdk1.8.0_91\jre\bin\instrument.dll
0x000000006b680000 - 0x000000006b696000 	C:\Program Files\Java\jdk1.8.0_91\jre\bin\zip.dll
0x00007ffb07f70000 - 0x00007ffb087cd000 	C:\Windows\System32\SHELL32.dll
0x00007ffb04d60000 - 0x00007ffb05658000 	C:\Windows\SYSTEM32\windows.storage.dll
0x00007ffb07be0000 - 0x00007ffb07f68000 	C:\Windows\System32\combase.dll
0x00007ffb04c20000 - 0x00007ffb04d5e000 	C:\Windows\SYSTEM32\wintypes.dll
0x00007ffb07ae0000 - 0x00007ffb07bd3000 	C:\Windows\System32\SHCORE.dll
0x00007ffb078a0000 - 0x00007ffb078fe000 	C:\Windows\System32\shlwapi.dll
0x00007ffb06d20000 - 0x00007ffb06d46000 	C:\Windows\SYSTEM32\profapi.dll
0x000000006b670000 - 0x000000006b679000 	C:\Program Files\Java\jdk1.8.0_91\jre\bin\dt_socket.dll
0x00007ffb063a0000 - 0x00007ffb06409000 	C:\Windows\system32\mswsock.dll
0x000000006b660000 - 0x000000006b66d000 	C:\Program Files\Java\jdk1.8.0_91\jre\bin\management.dll
0x000000006b640000 - 0x000000006b65a000 	C:\Program Files\Java\jdk1.8.0_91\jre\bin\net.dll
0x000000006b620000 - 0x000000006b631000 	C:\Program Files\Java\jdk1.8.0_91\jre\bin\nio.dll
0x00007ffad06c0000 - 0x00007ffad06d7000 	C:\Windows\system32\napinsp.dll
0x00007ffacf7e0000 - 0x00007ffacf7fb000 	C:\Windows\system32\pnrpnsp.dll
0x00007ffb05950000 - 0x00007ffb05a49000 	C:\Windows\SYSTEM32\DNSAPI.dll
0x00007ffb05920000 - 0x00007ffb0594d000 	C:\Windows\SYSTEM32\IPHLPAPI.DLL
0x00007ffb07950000 - 0x00007ffb07959000 	C:\Windows\System32\NSI.dll
0x00007ffacf7c0000 - 0x00007ffacf7d1000 	C:\Windows\System32\winrnr.dll
0x00007ffafb6d0000 - 0x00007ffafb6e5000 	C:\Windows\system32\wshbth.dll
0x00007ffacf600000 - 0x00007ffacf621000 	C:\Windows\system32\nlansp_c.dll
0x00007ffafaae0000 - 0x00007ffafab63000 	C:\Windows\System32\fwpuclnt.dll
0x00007ffaf9d90000 - 0x00007ffaf9d9a000 	C:\Windows\System32\rasadhlp.dll
0x0000000180000000 - 0x0000000180053000 	D:\GradeClient-main\jars\versions\1.8.8\1.8.8-natives\lwjgl64.dll
0x00007ffa725e0000 - 0x00007ffa726e0000 	C:\Windows\SYSTEM32\OPENGL32.dll
0x00007ffa725b0000 - 0x00007ffa725dd000 	C:\Windows\SYSTEM32\GLU32.dll
0x00007ffb03a90000 - 0x00007ffb03ac9000 	C:\Windows\SYSTEM32\dxcore.dll
0x00007ffb065f0000 - 0x00007ffb0660b000 	C:\Windows\SYSTEM32\CRYPTSP.dll
0x00007ffb05e80000 - 0x00007ffb05eb5000 	C:\Windows\system32\rsaenh.dll
0x00007ffb06490000 - 0x00007ffb064bc000 	C:\Windows\SYSTEM32\USERENV.dll
0x00007ffb072c0000 - 0x00007ffb0733a000 	C:\Windows\System32\bcryptprimitives.dll
0x00007ffb06610000 - 0x00007ffb0661c000 	C:\Windows\SYSTEM32\CRYPTBASE.dll
0x00007ffafd470000 - 0x00007ffafd489000 	C:\Windows\SYSTEM32\dhcpcsvc6.DLL
0x00007ffafd250000 - 0x00007ffafd26f000 	C:\Windows\SYSTEM32\dhcpcsvc.DLL
0x000000006b480000 - 0x000000006b618000 	C:\Program Files\Java\jdk1.8.0_91\jre\bin\awt.dll
0x00007ffb09330000 - 0x00007ffb09407000 	C:\Windows\System32\OLEAUT32.dll
0x00007ffb00090000 - 0x00007ffb00127000 	C:\Windows\SYSTEM32\apphelp.dll
0x00007ffafba20000 - 0x00007ffafbadc000 	C:\Windows\SYSTEM32\mscms.dll
0x00007ffb05f20000 - 0x00007ffb05f38000 	C:\Windows\SYSTEM32\kernel.appcore.dll
0x00007ffb08930000 - 0x00007ffb089e0000 	C:\Windows\System32\clbcatq.dll
0x00007ffaf95f0000 - 0x00007ffaf963e000 	C:\Windows\System32\Windows.Internal.Graphics.Display.DisplayColorManagement.dll
0x00007ffb06b00000 - 0x00007ffb06b4e000 	C:\Windows\SYSTEM32\cfgmgr32.dll
0x00007ffb007a0000 - 0x00007ffb0084b000 	C:\Windows\system32\uxtheme.dll
0x00007ffb087d0000 - 0x00007ffb08924000 	C:\Windows\System32\MSCTF.dll
0x00007ffaf93b0000 - 0x00007ffaf94fa000 	C:\Windows\SYSTEM32\textinputframework.dll
0x00007ffaff760000 - 0x00007ffaff894000 	C:\Windows\SYSTEM32\CoreMessaging.dll
0x00007ffafc930000 - 0x00007ffafcc9c000 	C:\Windows\SYSTEM32\CoreUIComponents.dll
0x00007ffb098d0000 - 0x00007ffb09a6f000 	C:\Windows\System32\ole32.dll
0x00007ffa85d90000 - 0x00007ffa85e7b000 	C:\Windows\system32\SogouWBTSF.ime
0x00007ffaf3680000 - 0x00007ffaf3687000 	C:\Windows\system32\MSIMG32.dll
0x00007ffb05f40000 - 0x00007ffb05f74000 	C:\Windows\SYSTEM32\ntmarta.dll
0x000000002feb0000 - 0x0000000030782000 	C:\Windows\system32\SogouWb.ime
0x00007ffaeb7e0000 - 0x00007ffaeb849000 	C:\Windows\SYSTEM32\OLEACC.dll
0x00007ffa85d70000 - 0x00007ffa85d89000 	C:\Windows\SYSTEM32\USP10.dll
0x00007ffb05cf0000 - 0x00007ffb05cfc000 	C:\Windows\SYSTEM32\Secur32.dll
0x00007ffae5820000 - 0x00007ffae5d14000 	C:\Windows\SYSTEM32\WININET.dll
0x00007ffaebaf0000 - 0x00007ffaebcaa000 	C:\Windows\WinSxS\amd64_microsoft.windows.gdiplus_6595b64144ccf1df_1.1.22621.3085_none_57ff6980ce140777\gdiplus.dll
0x00007ffb06180000 - 0x00007ffb061cc000 	C:\Windows\SYSTEM32\SSPICLI.DLL
0x00007ffb07560000 - 0x00007ffb075cb000 	C:\Windows\System32\Wintrust.dll
0x00007ffb07690000 - 0x00007ffb077f6000 	C:\Windows\System32\CRYPT32.dll
0x00007ffb06650000 - 0x00007ffb06662000 	C:\Windows\SYSTEM32\MSASN1.dll
0x00007ffb09410000 - 0x00007ffb0942f000 	C:\Windows\System32\imagehlp.dll
0x00007ffb06430000 - 0x00007ffb06456000 	C:\Windows\SYSTEM32\gpapi.dll
0x00007ffaf3110000 - 0x00007ffaf3142000 	C:\Windows\System32\cryptnet.dll
0x000000002b960000 - 0x000000002ba27000 	D:\Program Files (x86)\SogouWBInput\5.5.0.2580\Plugins64\ManualNewWord.dll
0x00007ffad5910000 - 0x00007ffad5942000 	C:\Windows\system32\msctfp.dll
0x00007ffafd1e0000 - 0x00007ffafd22a000 	C:\Windows\SYSTEM32\directxdatabasehelper.dll
0x00007ffafb8c0000 - 0x00007ffafb9f5000 	C:\Windows\System32\AppXDeploymentClient.dll
0x00007ffa71500000 - 0x00007ffa725a9000 	C:\Windows\System32\DriverStore\FileRepository\iigd_dch.inf_amd64_57d6be89ba05925b\igxelpicd64.dll
0x00007ffb03290000 - 0x00007ffb032bb000 	C:\Windows\system32\dwmapi.dll
0x00007ffb04960000 - 0x00007ffb04a58000 	C:\Windows\system32\dxgi.dll
0x00007ffa713d0000 - 0x00007ffa714f4000 	C:\Windows\System32\DriverStore\FileRepository\iigd_dch.inf_amd64_57d6be89ba05925b\igdml64.dll
0x00007ffaf71b0000 - 0x00007ffaf75c2000 	C:\Windows\System32\DriverStore\FileRepository\iigd_dch.inf_amd64_57d6be89ba05925b\igdgmm64.dll
0x00007ffb06ab0000 - 0x00007ffb06adc000 	C:\Windows\SYSTEM32\DEVOBJ.dll
0x00007ffac17d0000 - 0x00007ffac1819000 	C:\Windows\SYSTEM32\icm32.dll
0x00007ffaeeae0000 - 0x00007ffaf2f1e000 	C:\Windows\System32\DriverStore\FileRepository\iigd_dch.inf_amd64_57d6be89ba05925b\igc64.dll
0x00007ffb05c80000 - 0x00007ffb05ccd000 	C:\Windows\SYSTEM32\powrprof.dll
0x00007ffb05c60000 - 0x00007ffb05c73000 	C:\Windows\SYSTEM32\UMPDC.dll
0x0000000029360000 - 0x0000000029398000 	C:\Users\43850\AppData\Local\Temp\jna\jna3150645664441957178.dll
0x0000000070a40000 - 0x0000000070adc000 	D:\GradeClient-main\jars\versions\1.8.8\1.8.8-natives\avutil-ttv-51.dll
0x0000000065980000 - 0x00000000659d6000 	D:\GradeClient-main\jars\versions\1.8.8\1.8.8-natives\swresample-ttv-0.dll
0x000000006eb80000 - 0x000000006ec50000 	D:\GradeClient-main\jars\versions\1.8.8\1.8.8-natives\libmp3lame-ttv.dll
0x00007ffa0e530000 - 0x00007ffa0f8d4000 	D:\GradeClient-main\jars\versions\1.8.8\1.8.8-natives\libmfxsw64.dll
0x00007ffa0e3c0000 - 0x00007ffa0e52d000 	D:\GradeClient-main\jars\versions\1.8.8\1.8.8-natives\twitchsdk.dll
0x000000002d320000 - 0x000000002d384000 	D:\GradeClient-main\jars\versions\1.8.8\1.8.8-natives\OpenAL64.dll
0x00007ffaf4f20000 - 0x00007ffaf4fbd000 	C:\Windows\System32\MMDevApi.dll
0x00007ffa3edb0000 - 0x00007ffa3ee52000 	C:\Windows\SYSTEM32\dsound.dll
0x00007ffacdd80000 - 0x00007ffacdda9000 	C:\Windows\SYSTEM32\winmmbase.dll
0x00007ffa3cc90000 - 0x00007ffa3cd41000 	C:\Windows\SYSTEM32\ResampleDmo.DLL
0x00007ffaed2f0000 - 0x00007ffaed2fb000 	C:\Windows\SYSTEM32\msdmo.dll
0x00007ffaeb320000 - 0x00007ffaeb50c000 	C:\Windows\SYSTEM32\AUDIOSES.DLL
0x00007ffb03930000 - 0x00007ffb03945000 	C:\Windows\SYSTEM32\resourcepolicyclient.dll
0x00007ffac3980000 - 0x00007ffac3a30000 	C:\Windows\SYSTEM32\TextShaping.dll
0x00007ffb044c0000 - 0x00007ffb046f3000 	C:\Windows\SYSTEM32\dbghelp.dll

VM Arguments:
jvm_args: -agentlib:jdwp=transport=dt_socket,address=127.0.0.1:60568,suspend=y,server=n -javaagent:D:\ideaIU-2023.2.win\plugins\java\lib\rt\debugger-agent.jar -Dfile.encoding=UTF-8 
java_command: Start
java_class_path (initial): C:\Program Files\Java\jdk1.8.0_91\jre\lib\charsets.jar;C:\Program Files\Java\jdk1.8.0_91\jre\lib\deploy.jar;C:\Program Files\Java\jdk1.8.0_91\jre\lib\ext\access-bridge-64.jar;C:\Program Files\Java\jdk1.8.0_91\jre\lib\ext\cldrdata.jar;C:\Program Files\Java\jdk1.8.0_91\jre\lib\ext\dnsns.jar;C:\Program Files\Java\jdk1.8.0_91\jre\lib\ext\jaccess.jar;C:\Program Files\Java\jdk1.8.0_91\jre\lib\ext\jfxrt.jar;C:\Program Files\Java\jdk1.8.0_91\jre\lib\ext\localedata.jar;C:\Program Files\Java\jdk1.8.0_91\jre\lib\ext\nashorn.jar;C:\Program Files\Java\jdk1.8.0_91\jre\lib\ext\sunec.jar;C:\Program Files\Java\jdk1.8.0_91\jre\lib\ext\sunjce_provider.jar;C:\Program Files\Java\jdk1.8.0_91\jre\lib\ext\sunmscapi.jar;C:\Program Files\Java\jdk1.8.0_91\jre\lib\ext\sunpkcs11.jar;C:\Program Files\Java\jdk1.8.0_91\jre\lib\ext\zipfs.jar;C:\Program Files\Java\jdk1.8.0_91\jre\lib\javaws.jar;C:\Program Files\Java\jdk1.8.0_91\jre\lib\jce.jar;C:\Program Files\Java\jdk1.8.0_91\jre\lib\jfr.jar;C:\Program Files\Java\jdk1.8.0_91\jre\lib\jfxswt.jar;C:\Program Files\Java\jdk1.8.0_91\jre\lib\jsse.jar;C:\Program Files\Java\jdk1.8.0_91\jre\lib\management-agent.jar;C:\Program Files\Java\jdk1.8.0_91\jre\lib\plugin.jar;C:\Program Files\Java\jdk1.8.0_91\jre\lib\resources.jar;C:\Program Files\Java\jdk1.8.0_91\jre\lib\rt.jar;D:\GradeClient-main\out\production\GradeClient;D:\GradeClient-main\lib\1.8.8.jar;D:\GradeClient-main\lib\jna-3.4.0.jar;D:\GradeClient-main\lib\fernflower.jar;D:\GradeClient-main\lib\gson-2.2.4.jar;D:\GradeClient-main\lib\guava-17.0.jar;D:\GradeClient-main\lib\mcinjector.jar;D:\GradeClient-main\lib\retroguard.jar;D:\GradeClient-main\lib\twitch-6.5.jar;D:\GradeClient-main\lib\netty-1.8.8.jar;D:\GradeClient-main\lib\jinput-2.0.5.jar;D:\GradeClient-main\lib\jutils-1.0.0.jar;D:\GradeClient-main\lib\minecraft_rg.jar;D:\GradeClient-main\lib\minecraft_exc.jar;D:\GradeClient-main\lib\oshi-core-1.1.jar;D:\GradeClient-main\lib\realms-1.7.39.jar;D:\GradeClient-main\lib\specia
Launcher Type: SUN_STANDARD

Environment Variables:
JAVA_HOME=D:\graalvm-jdk-17.0.8+9.1
PATH=D:\graalvm-jdk-17.0.8+9.1\bin;D:\Program Files (x86)\VMware\VMware Workstation\bin\;C:\ProgramData\Oracle\Java\javapath;C:\Windows\system32;C:\Windows;C:\Windows\System32\Wbem;C:\Windows\System32\WindowsPowerShell\v1.0\;C:\Windows\System32\OpenSSH\;C:\Program Files (x86)\NVIDIA Corporation\PhysX\Common;C:\Program Files\NVIDIA Corporation\NVIDIA NvDLISR;C:\Program Files\Git\cmd;C:\Program Files\Microsoft SQL Server\150\Tools\Binn\;C:\Program Files\Microsoft SQL Server\Client SDK\ODBC\170\Tools\Binn\;C:\Program Files\dotnet\;D:\Windows Kits\10\Windows Performance Toolkit\;C:\Users\43850\AppData\Roaming\nvm;C:\Program Files\nodejs;C:\Program Files (x86)\Microsoft SQL Server\Client SDK\ODBC\130\Tools\Binn\;C:\Program Files (x86)\Microsoft SQL Server\140\Tools\Binn\;C:\Program Files (x86)\Microsoft SQL Server\140\DTS\Binn\;C:\Program Files (x86)\Microsoft SQL Server\140\Tools\Binn\ManagementStudio\;C:\Program Files (x86)\Microsoft SQL Server\130\Tools\Binn\;C:\Program Files\Microsoft SQL Server\130\Tools\Binn\;C:\Program Files (x86)\Microsoft SQL Server\130\DTS\Binn\;C:\Program Files\Microsoft SQL Server\130\DTS\Binn\;C:\Program Files\Microsoft SQL Server\Client SDK\ODBC\130\Tools\Binn\;D:\Program Files\Redis\;D:\GradeClient-main\jars\versions\1.8.8\1.8.8-natives;C:\Users\43850\AppData\Local\Microsoft\WindowsApps;C:\Users\43850\AppData\Roaming\npm;C:\Users\43850\.dotnet\tools;C:\Users\43850\AppData\Local\Programs\Microsoft VS Code\bin;C:\Users\43850\AppData\Roaming\nvm;C:\Program Files\nodejs;C:\Users\43850\AppData\Local\gitkraken\bin
USERNAME=43850
OS=Windows_NT
PROCESSOR_IDENTIFIER=Intel64 Family 6 Model 154 Stepping 3, GenuineIntel



---------------  S Y S T E M  ---------------

OS: Windows 10.0 , 64 bit Build 22621 (10.0.22621.3235)

CPU:total 16 (8 cores per cpu, 2 threads per core) family 6 model 154 stepping 3, cmov, cx8, fxsr, mmx, sse, sse2, sse3, ssse3, sse4.1, sse4.2, popcnt, avx, avx2, aes, clmul, erms, 3dnowpref, lzcnt, ht, tsc, tscinvbit, bmi1, bmi2, adx

Memory: 4k page, physical 16496120k(1166724k free), swap 29940764k(4232424k free)

vm_info: Java HotSpot(TM) 64-Bit Server VM (25.91-b14) for windows-amd64 JRE (1.8.0_91-b14), built on Apr  1 2016 00:58:32 by "java_re" with MS VC++ 10.0 (VS2010)

time: Sun Mar 31 01:51:49 2024
elapsed time: 115 seconds (0d 0h 1m 55s)

