#
# A fatal error has been detected by the Java Runtime Environment:
#
#  EXCEPTION_ACCESS_VIOLATION (0xc0000005) at pc=0x00007ffa717895aa, pid=15164, tid=25788
#
# JRE version: Java(TM) SE Runtime Environment (8.0_91-b14) (build 1.8.0_91-b14)
# Java VM: Java HotSpot(TM) 64-Bit Server VM (25.91-b14 mixed mode windows-amd64 compressed oops)
# Problematic frame:
# C  [igxelpicd64.dll+0x2895aa]
#
# Failed to write core dump. Minidumps are not enabled by default on client versions of Windows
#
# If you would like to submit a bug report, please visit:
#   http://bugreport.java.com/bugreport/crash.jsp
#

---------------  T H R E A D  ---------------

Current thread (0x000000001e792800):  VMThread [stack: 0x000000001fe30000,0x000000001ff30000] [id=25788]

siginfo: ExceptionCode=0xc0000005, reading address 0x0000000000035f88

Registers:
RAX=0x000000005bf8b868, RBX=0x0000000000000000, RCX=0x0000000000000000, RDX=0x00000000fffffff0
RSP=0x000000001ff2e5d0, RBP=0x000000001ff2e638, RSI=0x000000002b3c1330, RDI=0x0000000000000000
R8 =0x0000000000000000, R9 =0x0000000000000000, R10=0x000000005bf8bd38, R11=0x0000000000000246
R12=0x000000002b447cc8, R13=0x0000000000000000, R14=0x000000005bf8b760, R15=0x0000000000000016
RIP=0x00007ffa717895aa, EFLAGS=0x0000000000010202

Top of Stack: (sp=0x000000001ff2e5d0)
0x000000001ff2e5d0:   000000002b0a7910 0000000000000000
0x000000001ff2e5e0:   000000001ff2e780 00007ffb090a41a9
0x000000001ff2e5f0:   000000006f1c4870 0000000000000000
0x000000001ff2e600:   000000002b0a7910 000000005bf8bd38
0x000000001ff2e610:   00000000000083b0 00007ffb09b533b4
0x000000001ff2e620:   000000001e960e18 00000000000083b0
0x000000001ff2e630:   0000000000000002 0000000000000017
0x000000001ff2e640:   00000000000221f2 000074041b890000
0x000000001ff2e650:   000000002b447cc8 0000000000000000
0x000000001ff2e660:   0000000000000000 000000002b3c1330
0x000000001ff2e670:   000000001ff2e780 00007ffa71581d5f
0x000000001ff2e680:   000000002b3c1300 0000000000000016
0x000000001ff2e690:   0000000000633000 00007ffb09acd800
0x000000001ff2e6a0:   0000000000275570 00007ffb00000000
0x000000001ff2e6b0:   0000000000000000 00007ffb09acd484
0x000000001ff2e6c0:   00000000005c0bf4 00000000000000c0 

Instructions: (pc=0x00007ffa717895aa)
0x00007ffa7178958a:   48 8d 04 c0 48 8d 40 21 49 8d 04 c6 48 85 c0 74
0x00007ffa7178959a:   0c 48 8b 48 08 eb 09 48 83 c0 08 eb ef 48 8b cb
0x00007ffa717895aa:   49 3b 8d 88 5f 03 00 0f 86 86 01 00 00 41 83 f8
0x00007ffa717895ba:   10 73 0d 4a 8d 04 c5 21 00 00 00 49 03 c0 eb 55 


Register to memory mapping:

RAX=0x000000005bf8b868 is an unknown value
RBX=0x0000000000000000 is an unknown value
RCX=0x0000000000000000 is an unknown value
RDX=0x00000000fffffff0 is an unknown value
RSP=0x000000001ff2e5d0 is an unknown value
RBP=0x000000001ff2e638 is an unknown value
RSI=0x000000002b3c1330 is an unknown value
RDI=0x0000000000000000 is an unknown value
R8 =0x0000000000000000 is an unknown value
R9 =0x0000000000000000 is an unknown value
R10=0x000000005bf8bd38 is an unknown value
R11=0x0000000000000246 is an unknown value
R12=0x000000002b447cc8 is an unknown value
R13=0x0000000000000000 is an unknown value
R14=0x000000005bf8b760 is an unknown value
R15=0x0000000000000016 is an unknown value


Stack: [0x000000001fe30000,0x000000001ff30000],  sp=0x000000001ff2e5d0,  free space=1017k
Native frames: (J=compiled Java code, j=interpreted, Vv=VM code, C=native code)
C  [igxelpicd64.dll+0x2895aa]
C  [igxelpicd64.dll+0x81d5f]
C  [igxelpicd64.dll+0x28d57f]
C  [igxelpicd64.dll+0x75468]
C  [igxelpicd64.dll+0x243ef4]
C  [igxelpicd64.dll+0x2442b3]
C  [igxelpicd64.dll+0x23e32f]
C  [igxelpicd64.dll+0x23e15d]
C  [igxelpicd64.dll+0x81545b]
C  [ntdll.dll+0x2869f]
C  [ntdll.dll+0x510a6]
C  [ntdll.dll+0x50c9d]
C  [KERNEL32.DLL+0x17fab]
C  [msvcr100.dll+0x20ccd]
V  [jvm.dll+0x211395]
V  [jvm.dll+0x24a0e7]
V  [jvm.dll+0x249386]
V  [jvm.dll+0x249821]
V  [jvm.dll+0x249a3e]
V  [jvm.dll+0x29a99a]
C  [msvcr100.dll+0x21d9f]
C  [msvcr100.dll+0x21e3b]
C  [KERNEL32.DLL+0x1257d]
C  [ntdll.dll+0x5aa58]

VM_Operation (0x000000002049efb0): Exit, mode: safepoint, requested by thread 0x000000001e8d1800


---------------  P R O C E S S  ---------------

Java Threads: ( => current thread )
  0x000000001e8d1800 JavaThread "SIGINT handler" daemon [_thread_blocked, id=1604, stack(0x00000000203a0000,0x00000000204a0000)]
  0x00000000218fd800 JavaThread "LWJGL Timer" daemon [_thread_blocked, id=3220, stack(0x0000000048bc0000,0x0000000048cc0000)]
  0x0000000028b8f000 JavaThread "Chunk Batcher 1" daemon [_thread_blocked, id=26568, stack(0x0000000042060000,0x0000000042160000)]
  0x0000000021af6800 JavaThread "Chunk Batcher 0" daemon [_thread_blocked, id=27568, stack(0x000000003bdb0000,0x000000003beb0000)]
  0x000000002a13e000 JavaThread "Thread-7" [_thread_blocked, id=21876, stack(0x000000003c1f0000,0x000000003c2f0000)]
  0x000000002a7c8000 JavaThread "Thread-6" [_thread_blocked, id=13260, stack(0x000000003c0f0000,0x000000003c1f0000)]
  0x000000002b512800 JavaThread "Java2D Disposer" daemon [_thread_blocked, id=29404, stack(0x0000000025bd0000,0x0000000025cd0000)]
  0x000000002b512000 JavaThread "Timer hack thread" daemon [_thread_blocked, id=13112, stack(0x0000000025360000,0x0000000025460000)]
  0x0000000023747800 JavaThread "Snooper Timer" daemon [_thread_blocked, id=29580, stack(0x00000000260f0000,0x00000000261f0000)]
  0x0000000027e63800 JavaThread "Snooper Timer" daemon [_thread_blocked, id=27888, stack(0x0000000024e20000,0x0000000024f20000)]
  0x000000001e961000 JavaThread "Service Thread" daemon [_thread_blocked, id=784, stack(0x00000000213a0000,0x00000000214a0000)]
  0x000000001e8d3000 JavaThread "C1 CompilerThread11" daemon [_thread_blocked, id=28500, stack(0x00000000212a0000,0x00000000213a0000)]
  0x000000001e8d4000 JavaThread "C1 CompilerThread10" daemon [_thread_blocked, id=5588, stack(0x00000000211a0000,0x00000000212a0000)]
  0x000000001e8d1000 JavaThread "C1 CompilerThread9" daemon [_thread_blocked, id=25884, stack(0x00000000210a0000,0x00000000211a0000)]
  0x000000001e8d5800 JavaThread "C1 CompilerThread8" daemon [_thread_blocked, id=28696, stack(0x0000000020fa0000,0x00000000210a0000)]
  0x000000001e8d4800 JavaThread "C2 CompilerThread7" daemon [_thread_blocked, id=26728, stack(0x0000000020ea0000,0x0000000020fa0000)]
  0x000000001e8ce800 JavaThread "C2 CompilerThread6" daemon [_thread_blocked, id=20244, stack(0x0000000020da0000,0x0000000020ea0000)]
  0x000000001e894000 JavaThread "C2 CompilerThread5" daemon [_thread_blocked, id=24048, stack(0x0000000020ca0000,0x0000000020da0000)]
  0x000000001e88f000 JavaThread "C2 CompilerThread4" daemon [_thread_blocked, id=15636, stack(0x0000000020aa0000,0x0000000020ba0000)]
  0x000000001e878800 JavaThread "C2 CompilerThread3" daemon [_thread_blocked, id=17252, stack(0x00000000209a0000,0x0000000020aa0000)]
  0x000000001e877800 JavaThread "C2 CompilerThread2" daemon [_thread_blocked, id=18996, stack(0x00000000208a0000,0x00000000209a0000)]
  0x000000001e877000 JavaThread "C2 CompilerThread1" daemon [_thread_blocked, id=17444, stack(0x00000000207a0000,0x00000000208a0000)]
  0x000000001e875800 JavaThread "C2 CompilerThread0" daemon [_thread_blocked, id=23572, stack(0x00000000206a0000,0x00000000207a0000)]
  0x000000001e83f800 JavaThread "JDWP Event Helper Thread" daemon [_thread_blocked, id=26512, stack(0x00000000204a0000,0x00000000205a0000)]
  0x000000001e7d6800 JavaThread "Attach Listener" daemon [_thread_blocked, id=3856, stack(0x00000000202a0000,0x00000000203a0000)]
  0x000000001e7b6800 JavaThread "Finalizer" daemon [_thread_blocked, id=23420, stack(0x0000000020030000,0x0000000020130000)]
  0x000000001cd4b800 JavaThread "Reference Handler" daemon [_thread_blocked, id=7084, stack(0x000000001ff30000,0x0000000020030000)]
  0x0000000002e72800 JavaThread "Client thread" [_thread_blocked, id=29412, stack(0x0000000002c70000,0x0000000002d70000)]

Other Threads:
=>0x000000001e792800 VMThread [stack: 0x000000001fe30000,0x000000001ff30000] [id=25788]

VM state:at safepoint (shutting down)

VM Mutex/Monitor currently owned by a thread:  ([mutex/lock_event])
[0x000000000289e030] Threads_lock - owner thread: 0x000000001e792800

Heap:
 PSYoungGen      total 480768K, used 414025K [0x000000076c180000, 0x000000078b600000, 0x00000007c0000000)
  eden space 467456K, 86% used [0x000000076c180000,0x0000000784a8a678,0x0000000788a00000)
  from space 13312K, 86% used [0x000000078a900000,0x000000078b448000,0x000000078b600000)
  to   space 22528K, 0% used [0x0000000788a00000,0x0000000788a00000,0x000000078a000000)
 ParOldGen       total 102912K, used 52968K [0x00000006c4400000, 0x00000006ca880000, 0x000000076c180000)
  object space 102912K, 51% used [0x00000006c4400000,0x00000006c77ba1e8,0x00000006ca880000)
 Metaspace       used 32930K, capacity 33215K, committed 33792K, reserved 1079296K
  class space    used 4176K, capacity 4274K, committed 4352K, reserved 1048576K

Card table byte_map: [0x0000000012330000,0x0000000012b10000] byte_map_base: 0x000000000ed0e000

Marking Bits: (ParMarkBitMap*) 0x000000006beb2f70
 Begin Bits: [0x0000000013d50000, 0x0000000017c40000)
 End Bits:   [0x0000000017c40000, 0x000000001bb30000)

Polling page: 0x0000000000a10000

CodeCache: size=245760Kb used=16238Kb max_used=16249Kb free=229521Kb
 bounds [0x0000000002f70000, 0x0000000003f70000, 0x0000000011f70000]
 total_blobs=4309 nmethods=3632 adapters=594
 compilation: enabled

Compilation events (10 events):
Event: 59.536 Thread 0x000000001e8d3000 4522       3       java.util.Formatter$Conversion::isInteger (48 bytes)
Event: 59.536 Thread 0x000000001e8d3000 nmethod 4522 0x00000000032d2a50 code [0x00000000032d2ba0, 0x00000000032d2d10]
Event: 59.737 Thread 0x000000001e8d3000 4523       3       net.minecraft.client.renderer.GlStateManager::color (80 bytes)
Event: 59.737 Thread 0x000000001e8d3000 nmethod 4523 0x0000000003f5c5d0 code [0x0000000003f5c7e0, 0x0000000003f5d198]
Event: 60.759 Thread 0x000000001e8d4000 4524  s    3       java.util.Hashtable::containsKey (65 bytes)
Event: 60.759 Thread 0x000000001e8d4000 nmethod 4524 0x0000000003f5bb90 code [0x0000000003f5bd20, 0x0000000003f5c358]
Event: 60.760 Thread 0x000000001e875800 4526       4       java.lang.String::lastIndexOf (13 bytes)
Event: 60.760 Thread 0x000000001e8d5800 4525       3       org.apache.logging.log4j.core.helpers.NameUtil::getSubName (32 bytes)
Event: 60.760 Thread 0x000000001e8d5800 nmethod 4525 0x0000000003f5b2d0 code [0x0000000003f5b460, 0x0000000003f5b9f8]
Event: 60.761 Thread 0x000000001e875800 nmethod 4526 0x0000000003f58110 code [0x0000000003f58260, 0x0000000003f58418]

GC Heap History (10 events):
Event: 4.071 GC heap before
{Heap before GC invocations=9 (full 1):
 PSYoungGen      total 163328K, used 163297K [0x000000076c180000, 0x000000077d900000, 0x00000007c0000000)
  eden space 146432K, 100% used [0x000000076c180000,0x0000000775080000,0x0000000775080000)
  from space 16896K, 99% used [0x0000000775080000,0x00000007760f8520,0x0000000776100000)
  to   space 22528K, 0% used [0x000000077c300000,0x000000077c300000,0x000000077d900000)
 ParOldGen       total 102912K, used 29985K [0x00000006c4400000, 0x00000006ca880000, 0x000000076c180000)
  object space 102912K, 29% used [0x00000006c4400000,0x00000006c61485c0,0x00000006ca880000)
 Metaspace       used 30400K, capacity 30617K, committed 30976K, reserved 1077248K
  class space    used 3997K, capacity 4067K, committed 4096K, reserved 1048576K
Event: 4.077 GC heap after
Heap after GC invocations=9 (full 1):
 PSYoungGen      total 262656K, used 15857K [0x000000076c180000, 0x000000077e500000, 0x00000007c0000000)
  eden space 240128K, 0% used [0x000000076c180000,0x000000076c180000,0x000000077ac00000)
  from space 22528K, 70% used [0x000000077c300000,0x000000077d27c4e0,0x000000077d900000)
  to   space 23552K, 0% used [0x000000077ac00000,0x000000077ac00000,0x000000077c300000)
 ParOldGen       total 102912K, used 31217K [0x00000006c4400000, 0x00000006ca880000, 0x000000076c180000)
  object space 102912K, 30% used [0x00000006c4400000,0x00000006c627c5f0,0x00000006ca880000)
 Metaspace       used 30400K, capacity 30617K, committed 30976K, reserved 1077248K
  class space    used 3997K, capacity 4067K, committed 4096K, reserved 1048576K
}
Event: 4.327 GC heap before
{Heap before GC invocations=10 (full 1):
 PSYoungGen      total 262656K, used 255985K [0x000000076c180000, 0x000000077e500000, 0x00000007c0000000)
  eden space 240128K, 100% used [0x000000076c180000,0x000000077ac00000,0x000000077ac00000)
  from space 22528K, 70% used [0x000000077c300000,0x000000077d27c4e0,0x000000077d900000)
  to   space 23552K, 0% used [0x000000077ac00000,0x000000077ac00000,0x000000077c300000)
 ParOldGen       total 102912K, used 31217K [0x00000006c4400000, 0x00000006ca880000, 0x000000076c180000)
  object space 102912K, 30% used [0x00000006c4400000,0x00000006c627c5f0,0x00000006ca880000)
 Metaspace       used 30802K, capacity 31033K, committed 31360K, reserved 1077248K
  class space    used 4024K, capacity 4099K, committed 4224K, reserved 1048576K
Event: 4.335 GC heap after
Heap after GC invocations=10 (full 1):
 PSYoungGen      total 263680K, used 13355K [0x000000076c180000, 0x0000000783e80000, 0x00000007c0000000)
  eden space 240128K, 0% used [0x000000076c180000,0x000000076c180000,0x000000077ac00000)
  from space 23552K, 56% used [0x000000077ac00000,0x000000077b90ae00,0x000000077c300000)
  to   space 23040K, 0% used [0x0000000782800000,0x0000000782800000,0x0000000783e80000)
 ParOldGen       total 102912K, used 39933K [0x00000006c4400000, 0x00000006ca880000, 0x000000076c180000)
  object space 102912K, 38% used [0x00000006c4400000,0x00000006c6aff600,0x00000006ca880000)
 Metaspace       used 30802K, capacity 31033K, committed 31360K, reserved 1077248K
  class space    used 4024K, capacity 4099K, committed 4224K, reserved 1048576K
}
Event: 4.688 GC heap before
{Heap before GC invocations=11 (full 1):
 PSYoungGen      total 263680K, used 253483K [0x000000076c180000, 0x0000000783e80000, 0x00000007c0000000)
  eden space 240128K, 100% used [0x000000076c180000,0x000000077ac00000,0x000000077ac00000)
  from space 23552K, 56% used [0x000000077ac00000,0x000000077b90ae00,0x000000077c300000)
  to   space 23040K, 0% used [0x0000000782800000,0x0000000782800000,0x0000000783e80000)
 ParOldGen       total 102912K, used 39933K [0x00000006c4400000, 0x00000006ca880000, 0x000000076c180000)
  object space 102912K, 38% used [0x00000006c4400000,0x00000006c6aff600,0x00000006ca880000)
 Metaspace       used 30900K, capacity 31097K, committed 31616K, reserved 1077248K
  class space    used 4024K, capacity 4099K, committed 4224K, reserved 1048576K
Event: 4.694 GC heap after
Heap after GC invocations=11 (full 1):
 PSYoungGen      total 359936K, used 5872K [0x000000076c180000, 0x0000000783b00000, 0x00000007c0000000)
  eden space 340480K, 0% used [0x000000076c180000,0x000000076c180000,0x0000000780e00000)
  from space 19456K, 30% used [0x0000000782800000,0x0000000782dbc050,0x0000000783b00000)
  to   space 23040K, 0% used [0x0000000780e00000,0x0000000780e00000,0x0000000782480000)
 ParOldGen       total 102912K, used 46828K [0x00000006c4400000, 0x00000006ca880000, 0x000000076c180000)
  object space 102912K, 45% used [0x00000006c4400000,0x00000006c71bb158,0x00000006ca880000)
 Metaspace       used 30900K, capacity 31097K, committed 31616K, reserved 1077248K
  class space    used 4024K, capacity 4099K, committed 4224K, reserved 1048576K
}
Event: 5.086 GC heap before
{Heap before GC invocations=12 (full 1):
 PSYoungGen      total 359936K, used 346352K [0x000000076c180000, 0x0000000783b00000, 0x00000007c0000000)
  eden space 340480K, 100% used [0x000000076c180000,0x0000000780e00000,0x0000000780e00000)
  from space 19456K, 30% used [0x0000000782800000,0x0000000782dbc050,0x0000000783b00000)
  to   space 23040K, 0% used [0x0000000780e00000,0x0000000780e00000,0x0000000782480000)
 ParOldGen       total 102912K, used 46828K [0x00000006c4400000, 0x00000006ca880000, 0x000000076c180000)
  object space 102912K, 45% used [0x00000006c4400000,0x00000006c71bb158,0x00000006ca880000)
 Metaspace       used 30916K, capacity 31161K, committed 31616K, reserved 1077248K
  class space    used 4024K, capacity 4099K, committed 4224K, reserved 1048576K
Event: 5.092 GC heap after
Heap after GC invocations=12 (full 1):
 PSYoungGen      total 363520K, used 2288K [0x000000076c180000, 0x000000078bf80000, 0x00000007c0000000)
  eden space 340480K, 0% used [0x000000076c180000,0x000000076c180000,0x0000000780e00000)
  from space 23040K, 9% used [0x0000000780e00000,0x000000078103c010,0x0000000782480000)
  to   space 23040K, 0% used [0x000000078a900000,0x000000078a900000,0x000000078bf80000)
 ParOldGen       total 102912K, used 51916K [0x00000006c4400000, 0x00000006ca880000, 0x000000076c180000)
  object space 102912K, 50% used [0x00000006c4400000,0x00000006c76b31c8,0x00000006ca880000)
 Metaspace       used 30916K, capacity 31161K, committed 31616K, reserved 1077248K
  class space    used 4024K, capacity 4099K, committed 4224K, reserved 1048576K
}
Event: 5.737 GC heap before
{Heap before GC invocations=13 (full 1):
 PSYoungGen      total 363520K, used 342768K [0x000000076c180000, 0x000000078bf80000, 0x00000007c0000000)
  eden space 340480K, 100% used [0x000000076c180000,0x0000000780e00000,0x0000000780e00000)
  from space 23040K, 9% used [0x0000000780e00000,0x000000078103c010,0x0000000782480000)
  to   space 23040K, 0% used [0x000000078a900000,0x000000078a900000,0x000000078bf80000)
 ParOldGen       total 102912K, used 51916K [0x00000006c4400000, 0x00000006ca880000, 0x000000076c180000)
  object space 102912K, 50% used [0x00000006c4400000,0x00000006c76b31c8,0x00000006ca880000)
 Metaspace       used 31257K, capacity 31481K, committed 31872K, reserved 1077248K
  class space    used 4037K, capacity 4099K, committed 4224K, reserved 1048576K
Event: 5.742 GC heap after
Heap after GC invocations=13 (full 1):
 PSYoungGen      total 480768K, used 11552K [0x000000076c180000, 0x000000078b600000, 0x00000007c0000000)
  eden space 467456K, 0% used [0x000000076c180000,0x000000076c180000,0x0000000788a00000)
  from space 13312K, 86% used [0x000000078a900000,0x000000078b448000,0x000000078b600000)
  to   space 22528K, 0% used [0x0000000788a00000,0x0000000788a00000,0x000000078a000000)
 ParOldGen       total 102912K, used 52968K [0x00000006c4400000, 0x00000006ca880000, 0x000000076c180000)
  object space 102912K, 51% used [0x00000006c4400000,0x00000006c77ba1e8,0x00000006ca880000)
 Metaspace       used 31257K, capacity 31481K, committed 31872K, reserved 1077248K
  class space    used 4037K, capacity 4099K, committed 4224K, reserved 1048576K
}

Deoptimization events (10 events):
Event: 24.565 Thread 0x0000000002e72800 Uncommon trap: reason=unstable_if action=reinterpret pc=0x00000000033abbfc method=java.net.URL.<init>(Ljava/net/URL;Ljava/lang/String;Ljava/net/URLStreamHandler;)V @ 30
Event: 24.565 Thread 0x0000000002e72800 Uncommon trap: reason=unstable_if action=reinterpret pc=0x0000000003cff874 method=java.net.URLStreamHandler.parseURL(Ljava/net/URL;Ljava/lang/String;II)V @ 682
Event: 24.579 Thread 0x000000002a7c8000 Uncommon trap: reason=unstable_if action=reinterpret pc=0x000000000399a400 method=com.jcraft.jogg.Buffer.read(I)I @ 23
Event: 24.598 Thread 0x0000000002e72800 Uncommon trap: reason=unstable_if action=reinterpret pc=0x00000000033a3998 method=net.minecraft.util.ResourceLocation.equals(Ljava/lang/Object;)Z @ 2
Event: 29.598 Thread 0x0000000002e72800 Uncommon trap: reason=unstable_if action=reinterpret pc=0x0000000003ba1c30 method=net.minecraft.client.renderer.GlStateManager.bindTexture(I)V @ 11
Event: 50.745 Thread 0x000000002a13e000 Uncommon trap: reason=unstable_if action=reinterpret pc=0x0000000003df547c method=com.jcraft.jorbis.Block.synthesis(Lcom/jcraft/jogg/Packet;)I @ 87
Event: 51.534 Thread 0x0000000002e72800 Uncommon trap: reason=unstable_if action=reinterpret pc=0x0000000003cf3c48 method=java.lang.StrictMath.floorOrCeil(DDDD)D @ 14
Event: 52.133 Thread 0x0000000002e72800 Uncommon trap: reason=unstable_if action=reinterpret pc=0x0000000003f384d4 method=net.minecraft.client.renderer.GlStateManager.color(FFFF)V @ 19
Event: 59.336 Thread 0x0000000002e72800 Uncommon trap: reason=unstable_if action=reinterpret pc=0x0000000003ebc950 method=net.minecraft.client.renderer.GlStateManager.color(FFFF)V @ 19
Event: 60.769 Thread 0x000000001e8d1800 Uncommon trap: reason=class_check action=maybe_recompile pc=0x0000000003899854 method=java.util.HashSet.iterator()Ljava/util/Iterator; @ 4

Internal exceptions (10 events):
Event: 4.495 Thread 0x000000002a7c8000 Exception <a 'java/lang/InterruptedException': sleep interrupted> (0x0000000771b637c0) thrown at [C:\re\workspace\8-2-build-windows-amd64-cygwin\jdk8u91\6644\hotspot\src\share\vm\prims\jvm.cpp, line 3167]
Event: 5.786 Thread 0x0000000002e72800 Implicit null exception at 0x00000000036d2fb7 to 0x00000000036d376d
Event: 5.871 Thread 0x0000000002e72800 Exception <a 'java/lang/NoSuchMethodError': java.lang.Object.lambda$comparingInt$7b0bb60$1(Ljava/util/function/ToIntFunction;Ljava/lang/Object;Ljava/lang/Object;)I> (0x000000076de96440) thrown at [C:\re\workspace\8-2-build-windows-amd64-cygwin\jdk8u91\66444.…Ï2@
Event: 18.925 Thread 0x0000000027e63800 Exception <a 'java/net/UnknownHostException': snoop.minecraft.net> (0x000000077904a960) thrown at [C:\re\workspace\8-2-build-windows-amd64-cygwin\jdk8u91\6644\hotspot\src\share\vm\prims\jni.cpp, line 735]
Event: 24.560 Thread 0x0000000002e72800 Exception <a 'java/lang/NoClassDefFoundError': org/slf4j/LoggerFactory> (0x00000007797ee6e0) thrown at [C:\re\workspace\8-2-build-windows-amd64-cygwin\jdk8u91\6644\hotspot\src\share\vm\classfile\systemDictionary.cpp, line 199]
Event: 24.561 Thread 0x0000000002e72800 Exception <a 'java/lang/NoClassDefFoundError': org/apache/log4j/Priority> (0x00000007798317d0) thrown at [C:\re\workspace\8-2-build-windows-amd64-cygwin\jdk8u91\6644\hotspot\src\share\vm\classfile\systemDictionary.cpp, line 199]
Event: 24.565 Thread 0x0000000002e72800 Implicit null exception at 0x0000000003cfacad to 0x0000000003cff835
Event: 24.565 Thread 0x000000002a7c8000 Exception <a 'java/lang/InterruptedException': sleep interrupted> (0x0000000779e17b60) thrown at [C:\re\workspace\8-2-build-windows-amd64-cygwin\jdk8u91\6644\hotspot\src\share\vm\prims\jvm.cpp, line 3215]
Event: 24.589 Thread 0x000000002a13e000 Exception <a 'java/lang/InterruptedException': sleep interrupted> (0x000000077a121c10) thrown at [C:\re\workspace\8-2-build-windows-amd64-cygwin\jdk8u91\6644\hotspot\src\share\vm\prims\jvm.cpp, line 3215]
Event: 24.589 Thread 0x000000002a7c8000 Exception <a 'java/lang/InterruptedException': sleep interrupted> (0x000000077a09cc38) thrown at [C:\re\workspace\8-2-build-windows-amd64-cygwin\jdk8u91\6644\hotspot\src\share\vm\prims\jvm.cpp, line 3167]

Events (10 events):
Event: 60.760 Thread 0x0000000022343800 DEOPT UNPACKING pc=0x0000000002fb787f sp=0x000000007943e0c8 mode 1
Event: 60.760 Thread 0x0000000022343800 DEOPT PACKING pc=0x0000000003493f9c sp=0x000000007943ed30
Event: 60.760 Thread 0x0000000022343800 DEOPT UNPACKING pc=0x0000000002fb787f sp=0x000000007943ea88 mode 1
Event: 60.760 Thread 0x0000000022343800 Thread exited: 0x0000000022343800
Event: 60.769 Thread 0x000000001e8d0000 Thread exited: 0x000000001e8d0000
Event: 60.769 Thread 0x000000001e8d1800 Uncommon trap: trap_request=0xffffffde fr.pc=0x0000000003899854
Event: 60.769 Thread 0x000000001e8d1800 DEOPT PACKING pc=0x0000000003899854 sp=0x000000002049ee10
Event: 60.769 Thread 0x000000001e8d1800 DEOPT UNPACKING pc=0x0000000002fb582a sp=0x000000002049ede8 mode 2
Event: 60.770 Thread 0x000000001e82c800 Thread exited: 0x000000001e82c800
Event: 60.770 Executing VM operation: Exit


Dynamic libraries:
0x00007ff6331d0000 - 0x00007ff633207000 	C:\Program Files\Java\jdk1.8.0_91\bin\java.exe
0x00007ffb09ab0000 - 0x00007ffb09cc6000 	C:\Windows\SYSTEM32\ntdll.dll
0x00007ffb09250000 - 0x00007ffb09314000 	C:\Windows\System32\KERNEL32.DLL
0x00007ffb06df0000 - 0x00007ffb07196000 	C:\Windows\System32\KERNELBASE.dll
0x00007ffb097d0000 - 0x00007ffb09882000 	C:\Windows\System32\ADVAPI32.dll
0x00007ffb096d0000 - 0x00007ffb09777000 	C:\Windows\System32\msvcrt.dll
0x00007ffb08ff0000 - 0x00007ffb09098000 	C:\Windows\System32\sechost.dll
0x00007ffb07340000 - 0x00007ffb07368000 	C:\Windows\System32\bcrypt.dll
0x00007ffb07960000 - 0x00007ffb07a75000 	C:\Windows\System32\RPCRT4.dll
0x00007ffb090a0000 - 0x00007ffb0924d000 	C:\Windows\System32\USER32.dll
0x00007ffb07370000 - 0x00007ffb07396000 	C:\Windows\System32\win32u.dll
0x00007ffb07920000 - 0x00007ffb07949000 	C:\Windows\System32\GDI32.dll
0x00007ffb071a0000 - 0x00007ffb072b8000 	C:\Windows\System32\gdi32full.dll
0x00007ffb074c0000 - 0x00007ffb0755a000 	C:\Windows\System32\msvcp_win.dll
0x00007ffb073a0000 - 0x00007ffb074b1000 	C:\Windows\System32\ucrtbase.dll
0x00007ffaeb850000 - 0x00007ffaebae3000 	C:\Windows\WinSxS\amd64_microsoft.windows.common-controls_6595b64144ccf1df_6.0.22621.3235_none_270f74e173860f98\COMCTL32.dll
0x00007ffb09890000 - 0x00007ffb098c1000 	C:\Windows\System32\IMM32.DLL
0x000000006bf40000 - 0x000000006c012000 	C:\Program Files\Java\jdk1.8.0_91\jre\bin\msvcr100.dll
0x000000006b6a0000 - 0x000000006bf33000 	C:\Program Files\Java\jdk1.8.0_91\jre\bin\server\jvm.dll
0x00007ffb09320000 - 0x00007ffb09328000 	C:\Windows\System32\PSAPI.DLL
0x00007ffb00940000 - 0x00007ffb00974000 	C:\Windows\SYSTEM32\WINMM.dll
0x00007ffaf3150000 - 0x00007ffaf315a000 	C:\Windows\SYSTEM32\VERSION.dll
0x00007ffafadc0000 - 0x00007ffafadc9000 	C:\Windows\SYSTEM32\WSOCK32.dll
0x00007ffb09430000 - 0x00007ffb094a1000 	C:\Windows\System32\WS2_32.dll
0x000000006c640000 - 0x000000006c64f000 	C:\Program Files\Java\jdk1.8.0_91\jre\bin\verify.dll
0x000000006c4a0000 - 0x000000006c4c9000 	C:\Program Files\Java\jdk1.8.0_91\jre\bin\java.dll
0x000000006c460000 - 0x000000006c495000 	C:\Program Files\Java\jdk1.8.0_91\jre\bin\jdwp.dll
0x000000006c630000 - 0x000000006c638000 	C:\Program Files\Java\jdk1.8.0_91\jre\bin\npt.dll
0x000000006c430000 - 0x000000006c453000 	C:\Program Files\Java\jdk1.8.0_91\jre\bin\instrument.dll
0x000000006b680000 - 0x000000006b696000 	C:\Program Files\Java\jdk1.8.0_91\jre\bin\zip.dll
0x00007ffb07f70000 - 0x00007ffb087cd000 	C:\Windows\System32\SHELL32.dll
0x00007ffb04d60000 - 0x00007ffb05658000 	C:\Windows\SYSTEM32\windows.storage.dll
0x00007ffb07be0000 - 0x00007ffb07f68000 	C:\Windows\System32\combase.dll
0x00007ffb04c20000 - 0x00007ffb04d5e000 	C:\Windows\SYSTEM32\wintypes.dll
0x00007ffb07ae0000 - 0x00007ffb07bd3000 	C:\Windows\System32\SHCORE.dll
0x00007ffb078a0000 - 0x00007ffb078fe000 	C:\Windows\System32\shlwapi.dll
0x00007ffb06d20000 - 0x00007ffb06d46000 	C:\Windows\SYSTEM32\profapi.dll
0x000000006b670000 - 0x000000006b679000 	C:\Program Files\Java\jdk1.8.0_91\jre\bin\dt_socket.dll
0x00007ffb063a0000 - 0x00007ffb06409000 	C:\Windows\system32\mswsock.dll
0x000000006b660000 - 0x000000006b66d000 	C:\Program Files\Java\jdk1.8.0_91\jre\bin\management.dll
0x000000006b640000 - 0x000000006b65a000 	C:\Program Files\Java\jdk1.8.0_91\jre\bin\net.dll
0x000000006b620000 - 0x000000006b631000 	C:\Program Files\Java\jdk1.8.0_91\jre\bin\nio.dll
0x00007ffad06c0000 - 0x00007ffad06d7000 	C:\Windows\system32\napinsp.dll
0x00007ffacf7e0000 - 0x00007ffacf7fb000 	C:\Windows\system32\pnrpnsp.dll
0x00007ffb05950000 - 0x00007ffb05a49000 	C:\Windows\SYSTEM32\DNSAPI.dll
0x00007ffb05920000 - 0x00007ffb0594d000 	C:\Windows\SYSTEM32\IPHLPAPI.DLL
0x00007ffb07950000 - 0x00007ffb07959000 	C:\Windows\System32\NSI.dll
0x00007ffacf7c0000 - 0x00007ffacf7d1000 	C:\Windows\System32\winrnr.dll
0x00007ffafb6d0000 - 0x00007ffafb6e5000 	C:\Windows\system32\wshbth.dll
0x00007ffacf600000 - 0x00007ffacf621000 	C:\Windows\system32\nlansp_c.dll
0x00007ffafaae0000 - 0x00007ffafab63000 	C:\Windows\System32\fwpuclnt.dll
0x00007ffaf9d90000 - 0x00007ffaf9d9a000 	C:\Windows\System32\rasadhlp.dll
0x0000000180000000 - 0x0000000180053000 	D:\GradeClient-main\jars\versions\1.8.8\1.8.8-natives\lwjgl64.dll
0x00007ffa725e0000 - 0x00007ffa726e0000 	C:\Windows\SYSTEM32\OPENGL32.dll
0x00007ffa725b0000 - 0x00007ffa725dd000 	C:\Windows\SYSTEM32\GLU32.dll
0x00007ffb03a90000 - 0x00007ffb03ac9000 	C:\Windows\SYSTEM32\dxcore.dll
0x00007ffb065f0000 - 0x00007ffb0660b000 	C:\Windows\SYSTEM32\CRYPTSP.dll
0x00007ffb05e80000 - 0x00007ffb05eb5000 	C:\Windows\system32\rsaenh.dll
0x00007ffb06490000 - 0x00007ffb064bc000 	C:\Windows\SYSTEM32\USERENV.dll
0x00007ffb072c0000 - 0x00007ffb0733a000 	C:\Windows\System32\bcryptprimitives.dll
0x00007ffb06610000 - 0x00007ffb0661c000 	C:\Windows\SYSTEM32\CRYPTBASE.dll
0x00007ffafd470000 - 0x00007ffafd489000 	C:\Windows\SYSTEM32\dhcpcsvc6.DLL
0x00007ffafd250000 - 0x00007ffafd26f000 	C:\Windows\SYSTEM32\dhcpcsvc.DLL
0x000000006b480000 - 0x000000006b618000 	C:\Program Files\Java\jdk1.8.0_91\jre\bin\awt.dll
0x00007ffb09330000 - 0x00007ffb09407000 	C:\Windows\System32\OLEAUT32.dll
0x00007ffb00090000 - 0x00007ffb00127000 	C:\Windows\SYSTEM32\apphelp.dll
0x00007ffafba20000 - 0x00007ffafbadc000 	C:\Windows\SYSTEM32\mscms.dll
0x00007ffb05f20000 - 0x00007ffb05f38000 	C:\Windows\SYSTEM32\kernel.appcore.dll
0x00007ffb08930000 - 0x00007ffb089e0000 	C:\Windows\System32\clbcatq.dll
0x00007ffaf95f0000 - 0x00007ffaf963e000 	C:\Windows\System32\Windows.Internal.Graphics.Display.DisplayColorManagement.dll
0x00007ffb06b00000 - 0x00007ffb06b4e000 	C:\Windows\SYSTEM32\cfgmgr32.dll
0x00007ffb007a0000 - 0x00007ffb0084b000 	C:\Windows\system32\uxtheme.dll
0x00007ffb087d0000 - 0x00007ffb08924000 	C:\Windows\System32\MSCTF.dll
0x00007ffaf93b0000 - 0x00007ffaf94fa000 	C:\Windows\SYSTEM32\textinputframework.dll
0x00007ffaff760000 - 0x00007ffaff894000 	C:\Windows\SYSTEM32\CoreMessaging.dll
0x00007ffafc930000 - 0x00007ffafcc9c000 	C:\Windows\SYSTEM32\CoreUIComponents.dll
0x00007ffb098d0000 - 0x00007ffb09a6f000 	C:\Windows\System32\ole32.dll
0x00007ffa85d90000 - 0x00007ffa85e7b000 	C:\Windows\system32\SogouWBTSF.ime
0x00007ffaf3680000 - 0x00007ffaf3687000 	C:\Windows\system32\MSIMG32.dll
0x00007ffb05f40000 - 0x00007ffb05f74000 	C:\Windows\SYSTEM32\ntmarta.dll
0x000000002dfa0000 - 0x000000002e872000 	C:\Windows\system32\SogouWb.ime
0x00007ffa85d70000 - 0x00007ffa85d89000 	C:\Windows\SYSTEM32\USP10.dll
0x00007ffb05cf0000 - 0x00007ffb05cfc000 	C:\Windows\SYSTEM32\Secur32.dll
0x00007ffae5820000 - 0x00007ffae5d14000 	C:\Windows\SYSTEM32\WININET.dll
0x00007ffaeb7e0000 - 0x00007ffaeb849000 	C:\Windows\SYSTEM32\OLEACC.dll
0x00007ffaebaf0000 - 0x00007ffaebcaa000 	C:\Windows\WinSxS\amd64_microsoft.windows.gdiplus_6595b64144ccf1df_1.1.22621.3085_none_57ff6980ce140777\gdiplus.dll
0x00007ffb06180000 - 0x00007ffb061cc000 	C:\Windows\SYSTEM32\SSPICLI.DLL
0x00007ffb07560000 - 0x00007ffb075cb000 	C:\Windows\System32\Wintrust.dll
0x00007ffb07690000 - 0x00007ffb077f6000 	C:\Windows\System32\CRYPT32.dll
0x00007ffb06650000 - 0x00007ffb06662000 	C:\Windows\SYSTEM32\MSASN1.dll
0x00007ffb09410000 - 0x00007ffb0942f000 	C:\Windows\System32\imagehlp.dll
0x00007ffb06430000 - 0x00007ffb06456000 	C:\Windows\SYSTEM32\gpapi.dll
0x00007ffaf3110000 - 0x00007ffaf3142000 	C:\Windows\System32\cryptnet.dll
0x0000000028780000 - 0x0000000028847000 	D:\Program Files (x86)\SogouWBInput\5.5.0.2580\Plugins64\ManualNewWord.dll
0x00007ffad5910000 - 0x00007ffad5942000 	C:\Windows\system32\msctfp.dll
0x00007ffafd1e0000 - 0x00007ffafd22a000 	C:\Windows\SYSTEM32\directxdatabasehelper.dll
0x00007ffafb8c0000 - 0x00007ffafb9f5000 	C:\Windows\System32\AppXDeploymentClient.dll
0x00007ffa71500000 - 0x00007ffa725a9000 	C:\Windows\System32\DriverStore\FileRepository\iigd_dch.inf_amd64_57d6be89ba05925b\igxelpicd64.dll
0x00007ffb03290000 - 0x00007ffb032bb000 	C:\Windows\system32\dwmapi.dll
0x00007ffb04960000 - 0x00007ffb04a58000 	C:\Windows\system32\dxgi.dll
0x00007ffa713d0000 - 0x00007ffa714f4000 	C:\Windows\System32\DriverStore\FileRepository\iigd_dch.inf_amd64_57d6be89ba05925b\igdml64.dll
0x00007ffaf71b0000 - 0x00007ffaf75c2000 	C:\Windows\System32\DriverStore\FileRepository\iigd_dch.inf_amd64_57d6be89ba05925b\igdgmm64.dll
0x00007ffb06ab0000 - 0x00007ffb06adc000 	C:\Windows\SYSTEM32\DEVOBJ.dll
0x00007ffad3560000 - 0x00007ffad35a9000 	C:\Windows\SYSTEM32\icm32.dll
0x00007ffaeeae0000 - 0x00007ffaf2f1e000 	C:\Windows\System32\DriverStore\FileRepository\iigd_dch.inf_amd64_57d6be89ba05925b\igc64.dll
0x00007ffb05c80000 - 0x00007ffb05ccd000 	C:\Windows\SYSTEM32\powrprof.dll
0x00007ffb05c60000 - 0x00007ffb05c73000 	C:\Windows\SYSTEM32\UMPDC.dll
0x000000003a160000 - 0x000000003a198000 	C:\Users\43850\AppData\Local\Temp\jna\jna8087852912573001849.dll
0x0000000070a40000 - 0x0000000070adc000 	D:\GradeClient-main\jars\versions\1.8.8\1.8.8-natives\avutil-ttv-51.dll
0x0000000065980000 - 0x00000000659d6000 	D:\GradeClient-main\jars\versions\1.8.8\1.8.8-natives\swresample-ttv-0.dll
0x000000006eb80000 - 0x000000006ec50000 	D:\GradeClient-main\jars\versions\1.8.8\1.8.8-natives\libmp3lame-ttv.dll
0x00007ffa23440000 - 0x00007ffa247e4000 	D:\GradeClient-main\jars\versions\1.8.8\1.8.8-natives\libmfxsw64.dll
0x00007ffa96500000 - 0x00007ffa9666d000 	D:\GradeClient-main\jars\versions\1.8.8\1.8.8-natives\twitchsdk.dll
0x000000003a2c0000 - 0x000000003a324000 	D:\GradeClient-main\jars\versions\1.8.8\1.8.8-natives\OpenAL64.dll
0x00007ffaf4f20000 - 0x00007ffaf4fbd000 	C:\Windows\System32\MMDevApi.dll
0x00007ffa3edb0000 - 0x00007ffa3ee52000 	C:\Windows\SYSTEM32\dsound.dll
0x00007ffacdd80000 - 0x00007ffacdda9000 	C:\Windows\SYSTEM32\winmmbase.dll
0x00007ffa3cc90000 - 0x00007ffa3cd41000 	C:\Windows\SYSTEM32\ResampleDmo.DLL
0x00007ffaed2f0000 - 0x00007ffaed2fb000 	C:\Windows\SYSTEM32\msdmo.dll
0x00007ffaeb320000 - 0x00007ffaeb50c000 	C:\Windows\SYSTEM32\AUDIOSES.DLL
0x00007ffb03930000 - 0x00007ffb03945000 	C:\Windows\SYSTEM32\resourcepolicyclient.dll
0x00007ffac3980000 - 0x00007ffac3a30000 	C:\Windows\SYSTEM32\TextShaping.dll
0x00007ffb044c0000 - 0x00007ffb046f3000 	C:\Windows\SYSTEM32\dbghelp.dll

VM Arguments:
jvm_args: -agentlib:jdwp=transport=dt_socket,address=127.0.0.1:52102,suspend=y,server=n -javaagent:D:\ideaIU-2023.2.win\plugins\java\lib\rt\debugger-agent.jar -Dfile.encoding=UTF-8 
java_command: Start
java_class_path (initial): C:\Users\43850\AppData\Local\Temp\classpath205476163.jar;D:\ideaIU-2023.2.win\plugins\java\lib\rt\debugger-agent.jar
Launcher Type: SUN_STANDARD

Environment Variables:
JAVA_HOME=D:\graalvm-jdk-17.0.8+9.1
PATH=D:\graalvm-jdk-17.0.8+9.1\bin;D:\Program Files (x86)\VMware\VMware Workstation\bin\;C:\ProgramData\Oracle\Java\javapath;C:\Windows\system32;C:\Windows;C:\Windows\System32\Wbem;C:\Windows\System32\WindowsPowerShell\v1.0\;C:\Windows\System32\OpenSSH\;C:\Program Files (x86)\NVIDIA Corporation\PhysX\Common;C:\Program Files\NVIDIA Corporation\NVIDIA NvDLISR;C:\Program Files\Git\cmd;C:\Program Files\Microsoft SQL Server\150\Tools\Binn\;C:\Program Files\Microsoft SQL Server\Client SDK\ODBC\170\Tools\Binn\;C:\Program Files\dotnet\;D:\Windows Kits\10\Windows Performance Toolkit\;C:\Users\43850\AppData\Roaming\nvm;C:\Program Files\nodejs;C:\Program Files (x86)\Microsoft SQL Server\Client SDK\ODBC\130\Tools\Binn\;C:\Program Files (x86)\Microsoft SQL Server\140\Tools\Binn\;C:\Program Files (x86)\Microsoft SQL Server\140\DTS\Binn\;C:\Program Files (x86)\Microsoft SQL Server\140\Tools\Binn\ManagementStudio\;C:\Program Files (x86)\Microsoft SQL Server\130\Tools\Binn\;C:\Program Files\Microsoft SQL Server\130\Tools\Binn\;C:\Program Files (x86)\Microsoft SQL Server\130\DTS\Binn\;C:\Program Files\Microsoft SQL Server\130\DTS\Binn\;C:\Program Files\Microsoft SQL Server\Client SDK\ODBC\130\Tools\Binn\;D:\Program Files\Redis\;D:\GradeClient-main\jars\versions\1.8.8\1.8.8-natives;C:\Users\43850\AppData\Local\Microsoft\WindowsApps;C:\Users\43850\AppData\Roaming\npm;C:\Users\43850\.dotnet\tools;C:\Users\43850\AppData\Local\Programs\Microsoft VS Code\bin;C:\Users\43850\AppData\Roaming\nvm;C:\Program Files\nodejs;C:\Users\43850\AppData\Local\gitkraken\bin
USERNAME=43850
OS=Windows_NT
PROCESSOR_IDENTIFIER=Intel64 Family 6 Model 154 Stepping 3, GenuineIntel



---------------  S Y S T E M  ---------------

OS: Windows 10.0 , 64 bit Build 22621 (10.0.22621.3235)

CPU:total 16 (8 cores per cpu, 2 threads per core) family 6 model 154 stepping 3, cmov, cx8, fxsr, mmx, sse, sse2, sse3, ssse3, sse4.1, sse4.2, popcnt, avx, avx2, aes, clmul, erms, 3dnowpref, lzcnt, ht, tsc, tscinvbit, bmi1, bmi2, adx

Memory: 4k page, physical 16496120k(2566768k free), swap 32059492k(4464684k free)

vm_info: Java HotSpot(TM) 64-Bit Server VM (25.91-b14) for windows-amd64 JRE (1.8.0_91-b14), built on Apr  1 2016 00:58:32 by "java_re" with MS VC++ 10.0 (VS2010)

time: Sun Mar 31 11:44:26 2024
elapsed time: 60 seconds (0d 0h 1m 0s)

