#
# A fatal error has been detected by the Java Runtime Environment:
#
#  EXCEPTION_ACCESS_VIOLATION (0xc0000005) at pc=0x00007ffa717895aa, pid=21700, tid=28992
#
# JRE version: Java(TM) SE Runtime Environment (8.0_91-b14) (build 1.8.0_91-b14)
# Java VM: Java HotSpot(TM) 64-Bit Server VM (25.91-b14 mixed mode windows-amd64 compressed oops)
# Problematic frame:
# C  [igxelpicd64.dll+0x2895aa]
#
# Failed to write core dump. Minidumps are not enabled by default on client versions of Windows
#
# If you would like to submit a bug report, please visit:
#   http://bugreport.java.com/bugreport/crash.jsp
#

---------------  T H R E A D  ---------------

Current thread (0x000000001e7b1000):  VMThread [stack: 0x000000001fe30000,0x000000001ff30000] [id=28992]

siginfo: ExceptionCode=0xc0000005, reading address 0x0000000000035f88

Registers:
RAX=0x00000000398ad048, RBX=0x0000000000000000, RCX=0x0000000000000000, RDX=0x00000000fffffff0
RSP=0x000000001ff2e8b0, RBP=0x000000001ff2e918, RSI=0x0000000028ead980, RDI=0x0000000000000000
R8 =0x0000000000000000, R9 =0x0000000000000000, R10=0x00000000398ad518, R11=0x0000000000000246
R12=0x0000000029be14c8, R13=0x0000000000000000, R14=0x00000000398acf40, R15=0x0000000000000016
RIP=0x00007ffa717895aa, EFLAGS=0x0000000000010206

Top of Stack: (sp=0x000000001ff2e8b0)
0x000000001ff2e8b0:   0000000000afcdc0 0000000000000000
0x000000001ff2e8c0:   000000001ff2ea60 00007ffb090a41a9
0x000000001ff2e8d0:   0000000039233d00 0000000000000000
0x000000001ff2e8e0:   0000000000afcdc0 00000000398ad518
0x000000001ff2e8f0:   00000000000083b0 00007ffb09b533b4
0x000000001ff2e900:   0000000024a68768 00007ffb09b45511
0x000000001ff2e910:   0000000002cf0000 000000000000000f
0x000000001ff2e920:   000000000000d809 000074041a8b0000
0x000000001ff2e930:   0000000029be14c8 0000000000000000
0x000000001ff2e940:   0000000000000000 0000000028ead980
0x000000001ff2e950:   000000001ff2ea60 00007ffa71581d5f
0x000000001ff2e960:   0000000028ead900 0000000000000016
0x000000001ff2e970:   000000001ff2ea00 000000001ff2ea00
0x000000001ff2e980:   00000000001bd33c 00007ffb00000000
0x000000001ff2e990:   0000000000000000 00007ffb09b418c1
0x000000001ff2e9a0:   000000001ff2eb88 00007ffb09acd484 

Instructions: (pc=0x00007ffa717895aa)
0x00007ffa7178958a:   48 8d 04 c0 48 8d 40 21 49 8d 04 c6 48 85 c0 74
0x00007ffa7178959a:   0c 48 8b 48 08 eb 09 48 83 c0 08 eb ef 48 8b cb
0x00007ffa717895aa:   49 3b 8d 88 5f 03 00 0f 86 86 01 00 00 41 83 f8
0x00007ffa717895ba:   10 73 0d 4a 8d 04 c5 21 00 00 00 49 03 c0 eb 55 


Register to memory mapping:

RAX=0x00000000398ad048 is an unknown value
RBX=0x0000000000000000 is an unknown value
RCX=0x0000000000000000 is an unknown value
RDX=0x00000000fffffff0 is an unknown value
RSP=0x000000001ff2e8b0 is an unknown value
RBP=0x000000001ff2e918 is an unknown value
RSI=0x0000000028ead980 is an unknown value
RDI=0x0000000000000000 is an unknown value
R8 =0x0000000000000000 is an unknown value
R9 =0x0000000000000000 is an unknown value
R10=0x00000000398ad518 is an unknown value
R11=0x0000000000000246 is an unknown value
R12=0x0000000029be14c8 is an unknown value
R13=0x0000000000000000 is an unknown value
R14=0x00000000398acf40 is an unknown value
R15=0x0000000000000016 is an unknown value


Stack: [0x000000001fe30000,0x000000001ff30000],  sp=0x000000001ff2e8b0,  free space=1018k
Native frames: (J=compiled Java code, j=interpreted, Vv=VM code, C=native code)
C  [igxelpicd64.dll+0x2895aa]
C  [igxelpicd64.dll+0x81d5f]
C  [igxelpicd64.dll+0x28d57f]
C  [igxelpicd64.dll+0x75468]
C  [igxelpicd64.dll+0x243ef4]
C  [igxelpicd64.dll+0x2442b3]
C  [igxelpicd64.dll+0x23e32f]
C  [igxelpicd64.dll+0x23e15d]
C  [igxelpicd64.dll+0x81545b]
C  [ntdll.dll+0x2869f]
C  [ntdll.dll+0x510a6]
C  [ntdll.dll+0x50c9d]
C  [KERNEL32.DLL+0x17fab]
C  [msvcr100.dll+0x20ccd]
V  [jvm.dll+0x211395]
V  [jvm.dll+0x24a0e7]
V  [jvm.dll+0x249386]
V  [jvm.dll+0x249821]
V  [jvm.dll+0x249a3e]
V  [jvm.dll+0x29a99a]
C  [msvcr100.dll+0x21d9f]
C  [msvcr100.dll+0x21e3b]
C  [KERNEL32.DLL+0x1257d]
C  [ntdll.dll+0x5aa58]

VM_Operation (0x0000000030f6f420): Exit, mode: safepoint, requested by thread 0x0000000022f04000


---------------  P R O C E S S  ---------------

Java Threads: ( => current thread )
  0x0000000022f04000 JavaThread "SIGINT handler" daemon [_thread_blocked, id=2540, stack(0x0000000030e70000,0x0000000030f70000)]
  0x0000000022f01000 JavaThread "LWJGL Timer" daemon [_thread_blocked, id=7744, stack(0x00000000334d0000,0x00000000335d0000)]
  0x0000000022f03800 JavaThread "Chunk Batcher 1" daemon [_thread_blocked, id=25792, stack(0x0000000031d20000,0x0000000031e20000)]
  0x0000000022f05800 JavaThread "Chunk Batcher 0" daemon [_thread_blocked, id=28368, stack(0x0000000031730000,0x0000000031830000)]
  0x0000000024cff000 JavaThread "Thread-7" [_thread_blocked, id=27228, stack(0x00000000315c0000,0x00000000316c0000)]
  0x0000000023952000 JavaThread "Thread-6" [_thread_blocked, id=13544, stack(0x0000000031840000,0x0000000031940000)]
  0x0000000021078000 JavaThread "Java2D Disposer" daemon [_thread_blocked, id=8152, stack(0x0000000026db0000,0x0000000026eb0000)]
  0x00000000256f1000 JavaThread "Timer hack thread" daemon [_thread_blocked, id=26760, stack(0x0000000026bb0000,0x0000000026cb0000)]
  0x0000000024d7e000 JavaThread "Snooper Timer" daemon [_thread_blocked, id=23756, stack(0x0000000026cb0000,0x0000000026db0000)]
  0x0000000024d65000 JavaThread "Snooper Timer" daemon [_thread_blocked, id=15036, stack(0x0000000025880000,0x0000000025980000)]
  0x00000000213b3000 JavaThread "Service Thread" daemon [_thread_blocked, id=28388, stack(0x0000000022990000,0x0000000022a90000)]
  0x00000000213a0000 JavaThread "C1 CompilerThread11" daemon [_thread_blocked, id=9488, stack(0x0000000022790000,0x0000000022890000)]
  0x0000000021395000 JavaThread "C1 CompilerThread10" daemon [_thread_blocked, id=28128, stack(0x0000000022690000,0x0000000022790000)]
  0x0000000021390800 JavaThread "C1 CompilerThread9" daemon [_thread_blocked, id=18632, stack(0x0000000022590000,0x0000000022690000)]
  0x000000002138f800 JavaThread "C1 CompilerThread8" daemon [_thread_blocked, id=27700, stack(0x0000000022490000,0x0000000022590000)]
  0x000000002138d000 JavaThread "C2 CompilerThread7" daemon [_thread_blocked, id=6176, stack(0x0000000022390000,0x0000000022490000)]
  0x000000002138c000 JavaThread "C2 CompilerThread6" daemon [_thread_blocked, id=16916, stack(0x0000000022290000,0x0000000022390000)]
  0x0000000021379800 JavaThread "C2 CompilerThread5" daemon [_thread_blocked, id=29116, stack(0x0000000022190000,0x0000000022290000)]
  0x0000000021231000 JavaThread "C2 CompilerThread4" daemon [_thread_blocked, id=14916, stack(0x0000000022090000,0x0000000022190000)]
  0x0000000021230000 JavaThread "C2 CompilerThread3" daemon [_thread_blocked, id=15524, stack(0x0000000021f90000,0x0000000022090000)]
  0x000000002128d000 JavaThread "C2 CompilerThread2" daemon [_thread_blocked, id=28788, stack(0x0000000021e90000,0x0000000021f90000)]
  0x000000002128c000 JavaThread "C2 CompilerThread1" daemon [_thread_blocked, id=10064, stack(0x0000000021d90000,0x0000000021e90000)]
  0x0000000021223000 JavaThread "C2 CompilerThread0" daemon [_thread_blocked, id=28108, stack(0x0000000021c90000,0x0000000021d90000)]
  0x0000000021281000 JavaThread "Monitor Ctrl-Break" daemon [_thread_in_native, id=26588, stack(0x0000000021b90000,0x0000000021c90000)]
  0x000000001e7f7000 JavaThread "Attach Listener" daemon [_thread_blocked, id=8672, stack(0x00000000202b0000,0x00000000203b0000)]
  0x000000001e7f6800 JavaThread "Signal Dispatcher" daemon [_thread_blocked, id=10344, stack(0x00000000201b0000,0x00000000202b0000)]
  0x000000001e7d6000 JavaThread "Finalizer" daemon [_thread_blocked, id=9648, stack(0x0000000020030000,0x0000000020130000)]
  0x000000001cd3a000 JavaThread "Reference Handler" daemon [_thread_blocked, id=17836, stack(0x000000001ff30000,0x0000000020030000)]
  0x0000000002cfe800 JavaThread "Client thread" [_thread_blocked, id=20560, stack(0x0000000002b90000,0x0000000002c90000)]

Other Threads:
=>0x000000001e7b1000 VMThread [stack: 0x000000001fe30000,0x000000001ff30000] [id=28992]

VM state:at safepoint (shutting down)

VM Mutex/Monitor currently owned by a thread:  ([mutex/lock_event])
[0x0000000002cfe1c0] Threads_lock - owner thread: 0x000000001e7b1000

Heap:
 PSYoungGen      total 438272K, used 339484K [0x000000076c180000, 0x0000000792300000, 0x00000007c0000000)
  eden space 414720K, 81% used [0x000000076c180000,0x00000007809bf1f0,0x0000000785680000)
  from space 23552K, 14% used [0x0000000785680000,0x00000007859c8000,0x0000000786d80000)
  to   space 23552K, 0% used [0x0000000790c00000,0x0000000790c00000,0x0000000792300000)
 ParOldGen       total 87552K, used 52824K [0x00000006c4400000, 0x00000006c9980000, 0x000000076c180000)
  object space 87552K, 60% used [0x00000006c4400000,0x00000006c77963b8,0x00000006c9980000)
 Metaspace       used 32534K, capacity 32795K, committed 33200K, reserved 1079296K
  class space    used 4174K, capacity 4242K, committed 4272K, reserved 1048576K

Card table byte_map: [0x0000000012370000,0x0000000012b50000] byte_map_base: 0x000000000ed4e000

Marking Bits: (ParMarkBitMap*) 0x000000006beb2f70
 Begin Bits: [0x0000000013d90000, 0x0000000017c80000)
 End Bits:   [0x0000000017c80000, 0x000000001bb70000)

Polling page: 0x0000000000f90000

CodeCache: size=245760Kb used=15576Kb max_used=17057Kb free=230183Kb
 bounds [0x0000000002fb0000, 0x0000000004070000, 0x0000000011fb0000]
 total_blobs=4384 nmethods=3698 adapters=595
 compilation: enabled

Compilation events (10 events):
Event: 18.277 Thread 0x0000000021390800 nmethod 4323 0x00000000035a1cd0 code [0x00000000035a1e60, 0x00000000035a2198]
Event: 18.277 Thread 0x0000000021390800 4326       3       net.minecraft.client.gui.GuiScreen::updateScreen (1 bytes)
Event: 18.277 Thread 0x0000000021390800 nmethod 4326 0x00000000033e9850 code [0x00000000033e99a0, 0x00000000033e9af0]
Event: 18.277 Thread 0x000000002138f800 nmethod 4322 0x000000000397a750 code [0x000000000397aac0, 0x000000000397bde8]
Event: 18.278 Thread 0x0000000021395000 nmethod 4324 0x00000000038e3d90 code [0x00000000038e4180, 0x00000000038e5758]
Event: 18.279 Thread 0x00000000213a0000 nmethod 4319 0x000000000366f850 code [0x000000000366fd20, 0x0000000003672a98]
Event: 18.606 Thread 0x0000000021390800 4327  s    3       java.util.Hashtable::containsKey (65 bytes)
Event: 18.607 Thread 0x0000000021390800 nmethod 4327 0x0000000003751b90 code [0x0000000003751d20, 0x0000000003752358]
Event: 18.607 Thread 0x000000002138f800 4328       3       org.apache.logging.log4j.core.helpers.NameUtil::getSubName (32 bytes)
Event: 18.607 Thread 0x000000002138f800 nmethod 4328 0x0000000003456fd0 code [0x0000000003457160, 0x00000000034576f8]

GC Heap History (10 events):
Event: 3.111 GC heap before
{Heap before GC invocations=8 (full 1):
 PSYoungGen      total 183808K, used 183776K [0x000000076c180000, 0x000000077b500000, 0x00000007c0000000)
  eden space 173056K, 100% used [0x000000076c180000,0x0000000776a80000,0x0000000776a80000)
  from space 10752K, 99% used [0x0000000777c80000,0x00000007786f8010,0x0000000778700000)
  to   space 18432K, 0% used [0x0000000776a80000,0x0000000776a80000,0x0000000777c80000)
 ParOldGen       total 87552K, used 26237K [0x00000006c4400000, 0x00000006c9980000, 0x000000076c180000)
  object space 87552K, 29% used [0x00000006c4400000,0x00000006c5d9f428,0x00000006c9980000)
 Metaspace       used 30238K, capacity 30485K, committed 30768K, reserved 1075200K
  class space    used 4008K, capacity 4067K, committed 4144K, reserved 1048576K
Event: 3.118 GC heap after
Heap after GC invocations=8 (full 1):
 PSYoungGen      total 191488K, used 18417K [0x000000076c180000, 0x0000000780d80000, 0x00000007c0000000)
  eden space 173056K, 0% used [0x000000076c180000,0x000000076c180000,0x0000000776a80000)
  from space 18432K, 99% used [0x0000000776a80000,0x0000000777c7c4f0,0x0000000777c80000)
  to   space 23040K, 0% used [0x000000077f700000,0x000000077f700000,0x0000000780d80000)
 ParOldGen       total 87552K, used 28697K [0x00000006c4400000, 0x00000006c9980000, 0x000000076c180000)
  object space 87552K, 32% used [0x00000006c4400000,0x00000006c6006550,0x00000006c9980000)
 Metaspace       used 30238K, capacity 30485K, committed 30768K, reserved 1075200K
  class space    used 4008K, capacity 4067K, committed 4144K, reserved 1048576K
}
Event: 3.232 GC heap before
{Heap before GC invocations=9 (full 1):
 PSYoungGen      total 191488K, used 191473K [0x000000076c180000, 0x0000000780d80000, 0x00000007c0000000)
  eden space 173056K, 100% used [0x000000076c180000,0x0000000776a80000,0x0000000776a80000)
  from space 18432K, 99% used [0x0000000776a80000,0x0000000777c7c4f0,0x0000000777c80000)
  to   space 23040K, 0% used [0x000000077f700000,0x000000077f700000,0x0000000780d80000)
 ParOldGen       total 87552K, used 28697K [0x00000006c4400000, 0x00000006c9980000, 0x000000076c180000)
  object space 87552K, 32% used [0x00000006c4400000,0x00000006c6006550,0x00000006c9980000)
 Metaspace       used 30388K, capacity 30645K, committed 31024K, reserved 1077248K
  class space    used 4020K, capacity 4099K, committed 4144K, reserved 1048576K
Event: 3.239 GC heap after
Heap after GC invocations=9 (full 1):
 PSYoungGen      total 315392K, used 17521K [0x000000076c180000, 0x0000000781680000, 0x00000007c0000000)
  eden space 292352K, 0% used [0x000000076c180000,0x000000076c180000,0x000000077df00000)
  from space 23040K, 76% used [0x000000077f700000,0x000000078081c4e0,0x0000000780d80000)
  to   space 24576K, 0% used [0x000000077df00000,0x000000077df00000,0x000000077f700000)
 ParOldGen       total 87552K, used 29982K [0x00000006c4400000, 0x00000006c9980000, 0x000000076c180000)
  object space 87552K, 34% used [0x00000006c4400000,0x00000006c61478c8,0x00000006c9980000)
 Metaspace       used 30388K, capacity 30645K, committed 31024K, reserved 1077248K
  class space    used 4020K, capacity 4099K, committed 4144K, reserved 1048576K
}
Event: 3.574 GC heap before
{Heap before GC invocations=10 (full 1):
 PSYoungGen      total 315392K, used 309873K [0x000000076c180000, 0x0000000781680000, 0x00000007c0000000)
  eden space 292352K, 100% used [0x000000076c180000,0x000000077df00000,0x000000077df00000)
  from space 23040K, 76% used [0x000000077f700000,0x000000078081c4e0,0x0000000780d80000)
  to   space 24576K, 0% used [0x000000077df00000,0x000000077df00000,0x000000077f700000)
 ParOldGen       total 87552K, used 29982K [0x00000006c4400000, 0x00000006c9980000, 0x000000076c180000)
  object space 87552K, 34% used [0x00000006c4400000,0x00000006c61478c8,0x00000006c9980000)
 Metaspace       used 30694K, capacity 30965K, committed 31280K, reserved 1077248K
  class space    used 4036K, capacity 4099K, committed 4144K, reserved 1048576K
Event: 3.582 GC heap after
Heap after GC invocations=10 (full 1):
 PSYoungGen      total 316928K, used 13085K [0x000000076c180000, 0x0000000788800000, 0x00000007c0000000)
  eden space 292352K, 0% used [0x000000076c180000,0x000000076c180000,0x000000077df00000)
  from space 24576K, 53% used [0x000000077df00000,0x000000077ebc7500,0x000000077f700000)
  to   space 24064K, 0% used [0x0000000787080000,0x0000000787080000,0x0000000788800000)
 ParOldGen       total 87552K, used 39186K [0x00000006c4400000, 0x00000006c9980000, 0x000000076c180000)
  object space 87552K, 44% used [0x00000006c4400000,0x00000006c6a448e8,0x00000006c9980000)
 Metaspace       used 30694K, capacity 30965K, committed 31280K, reserved 1077248K
  class space    used 4036K, capacity 4099K, committed 4144K, reserved 1048576K
}
Event: 3.855 GC heap before
{Heap before GC invocations=11 (full 1):
 PSYoungGen      total 316928K, used 305437K [0x000000076c180000, 0x0000000788800000, 0x00000007c0000000)
  eden space 292352K, 100% used [0x000000076c180000,0x000000077df00000,0x000000077df00000)
  from space 24576K, 53% used [0x000000077df00000,0x000000077ebc7500,0x000000077f700000)
  to   space 24064K, 0% used [0x0000000787080000,0x0000000787080000,0x0000000788800000)
 ParOldGen       total 87552K, used 39186K [0x00000006c4400000, 0x00000006c9980000, 0x000000076c180000)
  object space 87552K, 44% used [0x00000006c4400000,0x00000006c6a448e8,0x00000006c9980000)
 Metaspace       used 30738K, capacity 30965K, committed 31280K, reserved 1077248K
  class space    used 4036K, capacity 4099K, committed 4144K, reserved 1048576K
Event: 3.862 GC heap after
Heap after GC invocations=11 (full 1):
 PSYoungGen      total 435200K, used 6512K [0x000000076c180000, 0x0000000788480000, 0x00000007c0000000)
  eden space 414720K, 0% used [0x000000076c180000,0x000000076c180000,0x0000000785680000)
  from space 20480K, 31% used [0x0000000787080000,0x00000007876dc050,0x0000000788480000)
  to   space 23552K, 0% used [0x0000000785680000,0x0000000785680000,0x0000000786d80000)
 ParOldGen       total 87552K, used 47152K [0x00000006c4400000, 0x00000006c9980000, 0x000000076c180000)
  object space 87552K, 53% used [0x00000006c4400000,0x00000006c720c338,0x00000006c9980000)
 Metaspace       used 30738K, capacity 30965K, committed 31280K, reserved 1077248K
  class space    used 4036K, capacity 4099K, committed 4144K, reserved 1048576K
}
Event: 4.314 GC heap before
{Heap before GC invocations=12 (full 1):
 PSYoungGen      total 435200K, used 421232K [0x000000076c180000, 0x0000000788480000, 0x00000007c0000000)
  eden space 414720K, 100% used [0x000000076c180000,0x0000000785680000,0x0000000785680000)
  from space 20480K, 31% used [0x0000000787080000,0x00000007876dc050,0x0000000788480000)
  to   space 23552K, 0% used [0x0000000785680000,0x0000000785680000,0x0000000786d80000)
 ParOldGen       total 87552K, used 47152K [0x00000006c4400000, 0x00000006c9980000, 0x000000076c180000)
  object space 87552K, 53% used [0x00000006c4400000,0x00000006c720c338,0x00000006c9980000)
 Metaspace       used 30954K, capacity 31221K, committed 31536K, reserved 1077248K
  class space    used 4041K, capacity 4099K, committed 4144K, reserved 1048576K
Event: 4.319 GC heap after
Heap after GC invocations=12 (full 1):
 PSYoungGen      total 438272K, used 3360K [0x000000076c180000, 0x0000000792300000, 0x00000007c0000000)
  eden space 414720K, 0% used [0x000000076c180000,0x000000076c180000,0x0000000785680000)
  from space 23552K, 14% used [0x0000000785680000,0x00000007859c8000,0x0000000786d80000)
  to   space 23552K, 0% used [0x0000000790c00000,0x0000000790c00000,0x0000000792300000)
 ParOldGen       total 87552K, used 52824K [0x00000006c4400000, 0x00000006c9980000, 0x000000076c180000)
  object space 87552K, 60% used [0x00000006c4400000,0x00000006c77963b8,0x00000006c9980000)
 Metaspace       used 30954K, capacity 31221K, committed 31536K, reserved 1077248K
  class space    used 4041K, capacity 4099K, committed 4144K, reserved 1048576K
}

Deoptimization events (10 events):
Event: 4.766 Thread 0x0000000024d65000 Uncommon trap: reason=unstable_if action=reinterpret pc=0x0000000003b8b0ac method=java.lang.Integer.getChars(II[C)V @ 7
Event: 10.297 Thread 0x0000000002cfe800 Uncommon trap: reason=speculate_class_check action=maybe_recompile pc=0x0000000003f6de84 method=java.util.EnumMap.get(Ljava/lang/Object;)Ljava/lang/Object; @ 14
Event: 10.303 Thread 0x0000000022f06800 Uncommon trap: reason=class_check action=maybe_recompile pc=0x00000000037ee698 method=java.util.AbstractList$Itr.next()Ljava/lang/Object; @ 14
Event: 10.303 Thread 0x0000000022f06800 Uncommon trap: reason=class_check action=maybe_recompile pc=0x0000000003e7ac80 method=java.util.HashSet.iterator()Ljava/util/Iterator; @ 4
Event: 10.305 Thread 0x0000000002cfe800 Uncommon trap: reason=unstable_if action=reinterpret pc=0x000000000334c350 method=java.net.URL.<init>(Ljava/net/URL;Ljava/lang/String;Ljava/net/URLStreamHandler;)V @ 30
Event: 10.305 Thread 0x0000000002cfe800 Uncommon trap: reason=unstable_if action=reinterpret pc=0x0000000003c21800 method=java.net.URLStreamHandler.parseURL(Ljava/net/URL;Ljava/lang/String;II)V @ 682
Event: 10.316 Thread 0x0000000023952000 Uncommon trap: reason=unstable_if action=reinterpret pc=0x000000000328d1c4 method=com.jcraft.jogg.Buffer.read(I)I @ 23
Event: 10.330 Thread 0x0000000002cfe800 Uncommon trap: reason=unstable_if action=reinterpret pc=0x0000000003f67464 method=net.minecraft.util.ResourceLocation.equals(Ljava/lang/Object;)Z @ 2
Event: 15.643 Thread 0x0000000002cfe800 Uncommon trap: reason=unstable_if action=reinterpret pc=0x00000000034f9448 method=net.minecraft.client.renderer.GlStateManager.bindTexture(I)V @ 11
Event: 18.614 Thread 0x0000000022f04000 Uncommon trap: reason=class_check action=maybe_recompile pc=0x0000000003e7ac80 method=java.util.HashSet.iterator()Ljava/util/Iterator; @ 4

Internal exceptions (10 events):
Event: 3.337 Thread 0x0000000002cfe800 Implicit null exception at 0x0000000003b40ff9 to 0x0000000003b41161
Event: 3.620 Thread 0x0000000023952000 Exception <a 'java/lang/InterruptedException': sleep interrupted> (0x000000076ea0d230) thrown at [C:\re\workspace\8-2-build-windows-amd64-cygwin\jdk8u91\6644\hotspot\src\share\vm\prims\jvm.cpp, line 3215]
Event: 3.620 Thread 0x0000000023952000 Exception <a 'java/lang/InterruptedException': sleep interrupted> (0x000000076ea0d488) thrown at [C:\re\workspace\8-2-build-windows-amd64-cygwin\jdk8u91\6644\hotspot\src\share\vm\prims\jvm.cpp, line 3167]
Event: 4.716 Thread 0x0000000002cfe800 Exception <a 'java/lang/NoSuchMethodError': java.lang.Object.lambda$comparingInt$7b0bb60$1(Ljava/util/function/ToIntFunction;Ljava/lang/Object;Ljava/lang/Object;)I> (0x000000077183fac0) thrown at [C:\re\workspace\8-2-build-windows-amd64-cygwin\jdk8u91\6644TžŠeDS@
Event: 4.831 Thread 0x0000000024d65000 Exception <a 'java/net/UnknownHostException': snoop.minecraft.net> (0x000000077c463ae0) thrown at [C:\re\workspace\8-2-build-windows-amd64-cygwin\jdk8u91\6644\hotspot\src\share\vm\prims\jni.cpp, line 735]
Event: 10.300 Thread 0x0000000002cfe800 Exception <a 'java/lang/NoClassDefFoundError': org/slf4j/LoggerFactory> (0x000000077ca71fe0) thrown at [C:\re\workspace\8-2-build-windows-amd64-cygwin\jdk8u91\6644\hotspot\src\share\vm\classfile\systemDictionary.cpp, line 199]
Event: 10.301 Thread 0x0000000002cfe800 Exception <a 'java/lang/NoClassDefFoundError': org/apache/log4j/Priority> (0x000000077cab23a8) thrown at [C:\re\workspace\8-2-build-windows-amd64-cygwin\jdk8u91\6644\hotspot\src\share\vm\classfile\systemDictionary.cpp, line 199]
Event: 10.305 Thread 0x0000000002cfe800 Implicit null exception at 0x0000000003c1e50f to 0x0000000003c217dd
Event: 10.305 Thread 0x0000000023952000 Exception <a 'java/lang/InterruptedException': sleep interrupted> (0x000000077cfbabf0) thrown at [C:\re\workspace\8-2-build-windows-amd64-cygwin\jdk8u91\6644\hotspot\src\share\vm\prims\jvm.cpp, line 3215]
Event: 10.324 Thread 0x0000000024cff000 Exception <a 'java/lang/InterruptedException': sleep interrupted> (0x000000077d25b620) thrown at [C:\re\workspace\8-2-build-windows-amd64-cygwin\jdk8u91\6644\hotspot\src\share\vm\prims\jvm.cpp, line 3215]

Events (10 events):
Event: 18.607 Thread 0x0000000022f05000 Thread exited: 0x0000000022f05000
Event: 18.607 Thread 0x0000000022f00800 Thread exited: 0x0000000022f00800
Event: 18.607 Thread 0x000000002138f800 flushing nmethod 0x00000000032ec050
Event: 18.607 Thread 0x000000002138f800 flushing nmethod 0x00000000032f6310
Event: 18.607 Thread 0x000000002138f800 flushing nmethod 0x000000000330c510
Event: 18.614 Thread 0x0000000022eff800 Thread exited: 0x0000000022eff800
Event: 18.614 Thread 0x0000000022f04000 Uncommon trap: trap_request=0xffffffde fr.pc=0x0000000003e7ac80
Event: 18.614 Thread 0x0000000022f04000 DEOPT PACKING pc=0x0000000003e7ac80 sp=0x0000000030f6f2a0
Event: 18.614 Thread 0x0000000022f04000 DEOPT UNPACKING pc=0x0000000002ff582a sp=0x0000000030f6f258 mode 2
Event: 18.614 Executing VM operation: Exit


Dynamic libraries:
0x00007ff6331d0000 - 0x00007ff633207000 	C:\Program Files\Java\jdk1.8.0_91\bin\java.exe
0x00007ffb09ab0000 - 0x00007ffb09cc6000 	C:\Windows\SYSTEM32\ntdll.dll
0x00007ffb09250000 - 0x00007ffb09314000 	C:\Windows\System32\KERNEL32.DLL
0x00007ffb06df0000 - 0x00007ffb07196000 	C:\Windows\System32\KERNELBASE.dll
0x00007ffb097d0000 - 0x00007ffb09882000 	C:\Windows\System32\ADVAPI32.dll
0x00007ffb096d0000 - 0x00007ffb09777000 	C:\Windows\System32\msvcrt.dll
0x00007ffb08ff0000 - 0x00007ffb09098000 	C:\Windows\System32\sechost.dll
0x00007ffb07340000 - 0x00007ffb07368000 	C:\Windows\System32\bcrypt.dll
0x00007ffb07960000 - 0x00007ffb07a75000 	C:\Windows\System32\RPCRT4.dll
0x00007ffb090a0000 - 0x00007ffb0924d000 	C:\Windows\System32\USER32.dll
0x00007ffb07370000 - 0x00007ffb07396000 	C:\Windows\System32\win32u.dll
0x00007ffb07920000 - 0x00007ffb07949000 	C:\Windows\System32\GDI32.dll
0x00007ffb071a0000 - 0x00007ffb072b8000 	C:\Windows\System32\gdi32full.dll
0x00007ffb074c0000 - 0x00007ffb0755a000 	C:\Windows\System32\msvcp_win.dll
0x00007ffb073a0000 - 0x00007ffb074b1000 	C:\Windows\System32\ucrtbase.dll
0x00007ffaeb850000 - 0x00007ffaebae3000 	C:\Windows\WinSxS\amd64_microsoft.windows.common-controls_6595b64144ccf1df_6.0.22621.3235_none_270f74e173860f98\COMCTL32.dll
0x00007ffb09890000 - 0x00007ffb098c1000 	C:\Windows\System32\IMM32.DLL
0x000000006bf40000 - 0x000000006c012000 	C:\Program Files\Java\jdk1.8.0_91\jre\bin\msvcr100.dll
0x000000006b6a0000 - 0x000000006bf33000 	C:\Program Files\Java\jdk1.8.0_91\jre\bin\server\jvm.dll
0x00007ffb09320000 - 0x00007ffb09328000 	C:\Windows\System32\PSAPI.DLL
0x00007ffb00940000 - 0x00007ffb00974000 	C:\Windows\SYSTEM32\WINMM.dll
0x00007ffafe210000 - 0x00007ffafe219000 	C:\Windows\SYSTEM32\WSOCK32.dll
0x00007ffaf3150000 - 0x00007ffaf315a000 	C:\Windows\SYSTEM32\VERSION.dll
0x00007ffb09430000 - 0x00007ffb094a1000 	C:\Windows\System32\WS2_32.dll
0x000000006c640000 - 0x000000006c64f000 	C:\Program Files\Java\jdk1.8.0_91\jre\bin\verify.dll
0x000000006c4d0000 - 0x000000006c4f9000 	C:\Program Files\Java\jdk1.8.0_91\jre\bin\java.dll
0x000000006c4a0000 - 0x000000006c4c3000 	C:\Program Files\Java\jdk1.8.0_91\jre\bin\instrument.dll
0x000000006c480000 - 0x000000006c496000 	C:\Program Files\Java\jdk1.8.0_91\jre\bin\zip.dll
0x00007ffb07f70000 - 0x00007ffb087cd000 	C:\Windows\System32\SHELL32.dll
0x00007ffb04d60000 - 0x00007ffb05658000 	C:\Windows\SYSTEM32\windows.storage.dll
0x00007ffb07be0000 - 0x00007ffb07f68000 	C:\Windows\System32\combase.dll
0x00007ffb04c20000 - 0x00007ffb04d5e000 	C:\Windows\SYSTEM32\wintypes.dll
0x00007ffb07ae0000 - 0x00007ffb07bd3000 	C:\Windows\System32\SHCORE.dll
0x00007ffb078a0000 - 0x00007ffb078fe000 	C:\Windows\System32\shlwapi.dll
0x00007ffb06d20000 - 0x00007ffb06d46000 	C:\Windows\SYSTEM32\profapi.dll
0x00007ffafe1f0000 - 0x00007ffafe20a000 	D:\ideaIU-2023.2.win\bin\breakgen64.dll
0x000000006c460000 - 0x000000006c47a000 	C:\Program Files\Java\jdk1.8.0_91\jre\bin\net.dll
0x00007ffb063a0000 - 0x00007ffb06409000 	C:\Windows\system32\mswsock.dll
0x000000006c630000 - 0x000000006c63d000 	C:\Program Files\Java\jdk1.8.0_91\jre\bin\management.dll
0x000000006c440000 - 0x000000006c451000 	C:\Program Files\Java\jdk1.8.0_91\jre\bin\nio.dll
0x00007ffad06c0000 - 0x00007ffad06d7000 	C:\Windows\system32\napinsp.dll
0x00007ffacf7e0000 - 0x00007ffacf7fb000 	C:\Windows\system32\pnrpnsp.dll
0x00007ffb05950000 - 0x00007ffb05a49000 	C:\Windows\SYSTEM32\DNSAPI.dll
0x00007ffb05920000 - 0x00007ffb0594d000 	C:\Windows\SYSTEM32\IPHLPAPI.DLL
0x00007ffb07950000 - 0x00007ffb07959000 	C:\Windows\System32\NSI.dll
0x00007ffacf7c0000 - 0x00007ffacf7d1000 	C:\Windows\System32\winrnr.dll
0x00007ffafb6d0000 - 0x00007ffafb6e5000 	C:\Windows\system32\wshbth.dll
0x00007ffacf600000 - 0x00007ffacf621000 	C:\Windows\system32\nlansp_c.dll
0x00007ffaf9d90000 - 0x00007ffaf9d9a000 	C:\Windows\System32\rasadhlp.dll
0x00007ffafaae0000 - 0x00007ffafab63000 	C:\Windows\System32\fwpuclnt.dll
0x0000000180000000 - 0x0000000180053000 	D:\GradeClient-main\jars\versions\1.8.8\1.8.8-natives\lwjgl64.dll
0x00007ffa725e0000 - 0x00007ffa726e0000 	C:\Windows\SYSTEM32\OPENGL32.dll
0x00007ffa725b0000 - 0x00007ffa725dd000 	C:\Windows\SYSTEM32\GLU32.dll
0x00007ffb03a90000 - 0x00007ffb03ac9000 	C:\Windows\SYSTEM32\dxcore.dll
0x00007ffb065f0000 - 0x00007ffb0660b000 	C:\Windows\SYSTEM32\CRYPTSP.dll
0x00007ffb05e80000 - 0x00007ffb05eb5000 	C:\Windows\system32\rsaenh.dll
0x00007ffb06490000 - 0x00007ffb064bc000 	C:\Windows\SYSTEM32\USERENV.dll
0x00007ffb072c0000 - 0x00007ffb0733a000 	C:\Windows\System32\bcryptprimitives.dll
0x00007ffb06610000 - 0x00007ffb0661c000 	C:\Windows\SYSTEM32\CRYPTBASE.dll
0x00007ffafd470000 - 0x00007ffafd489000 	C:\Windows\SYSTEM32\dhcpcsvc6.DLL
0x00007ffafd250000 - 0x00007ffafd26f000 	C:\Windows\SYSTEM32\dhcpcsvc.DLL
0x000000006b500000 - 0x000000006b698000 	C:\Program Files\Java\jdk1.8.0_91\jre\bin\awt.dll
0x00007ffb09330000 - 0x00007ffb09407000 	C:\Windows\System32\OLEAUT32.dll
0x00007ffb00090000 - 0x00007ffb00127000 	C:\Windows\SYSTEM32\apphelp.dll
0x00007ffafba20000 - 0x00007ffafbadc000 	C:\Windows\SYSTEM32\mscms.dll
0x00007ffb05f20000 - 0x00007ffb05f38000 	C:\Windows\SYSTEM32\kernel.appcore.dll
0x00007ffb08930000 - 0x00007ffb089e0000 	C:\Windows\System32\clbcatq.dll
0x00007ffaf95f0000 - 0x00007ffaf963e000 	C:\Windows\System32\Windows.Internal.Graphics.Display.DisplayColorManagement.dll
0x00007ffb06b00000 - 0x00007ffb06b4e000 	C:\Windows\SYSTEM32\cfgmgr32.dll
0x00007ffb007a0000 - 0x00007ffb0084b000 	C:\Windows\system32\uxtheme.dll
0x00007ffb087d0000 - 0x00007ffb08924000 	C:\Windows\System32\MSCTF.dll
0x00007ffaf93b0000 - 0x00007ffaf94fa000 	C:\Windows\SYSTEM32\textinputframework.dll
0x00007ffaff760000 - 0x00007ffaff894000 	C:\Windows\SYSTEM32\CoreMessaging.dll
0x00007ffafc930000 - 0x00007ffafcc9c000 	C:\Windows\SYSTEM32\CoreUIComponents.dll
0x00007ffaeb7e0000 - 0x00007ffaeb849000 	C:\Windows\system32\Oleacc.dll
0x00007ffafd1e0000 - 0x00007ffafd22a000 	C:\Windows\SYSTEM32\directxdatabasehelper.dll
0x00007ffafb8c0000 - 0x00007ffafb9f5000 	C:\Windows\System32\AppXDeploymentClient.dll
0x00007ffa71500000 - 0x00007ffa725a9000 	C:\Windows\System32\DriverStore\FileRepository\iigd_dch.inf_amd64_57d6be89ba05925b\igxelpicd64.dll
0x00007ffb098d0000 - 0x00007ffb09a6f000 	C:\Windows\System32\ole32.dll
0x00007ffb03290000 - 0x00007ffb032bb000 	C:\Windows\system32\dwmapi.dll
0x00007ffb04960000 - 0x00007ffb04a58000 	C:\Windows\system32\dxgi.dll
0x00007ffa713d0000 - 0x00007ffa714f4000 	C:\Windows\System32\DriverStore\FileRepository\iigd_dch.inf_amd64_57d6be89ba05925b\igdml64.dll
0x00007ffaf71b0000 - 0x00007ffaf75c2000 	C:\Windows\System32\DriverStore\FileRepository\iigd_dch.inf_amd64_57d6be89ba05925b\igdgmm64.dll
0x00007ffb06ab0000 - 0x00007ffb06adc000 	C:\Windows\SYSTEM32\DEVOBJ.dll
0x00007ffb07560000 - 0x00007ffb075cb000 	C:\Windows\System32\WINTRUST.dll
0x00007ffb07690000 - 0x00007ffb077f6000 	C:\Windows\System32\CRYPT32.dll
0x00007ffb06650000 - 0x00007ffb06662000 	C:\Windows\SYSTEM32\MSASN1.dll
0x00007ffab42c0000 - 0x00007ffab4309000 	C:\Windows\SYSTEM32\icm32.dll
0x00007ffaeeae0000 - 0x00007ffaf2f1e000 	C:\Windows\System32\DriverStore\FileRepository\iigd_dch.inf_amd64_57d6be89ba05925b\igc64.dll
0x00007ffb05c80000 - 0x00007ffb05ccd000 	C:\Windows\SYSTEM32\powrprof.dll
0x00007ffb05c60000 - 0x00007ffb05c73000 	C:\Windows\SYSTEM32\UMPDC.dll
0x0000000028560000 - 0x0000000028598000 	C:\Users\43850\AppData\Local\Temp\jna\jna1756037183981408916.dll
0x0000000070a40000 - 0x0000000070adc000 	D:\GradeClient-main\jars\versions\1.8.8\1.8.8-natives\avutil-ttv-51.dll
0x0000000065980000 - 0x00000000659d6000 	D:\GradeClient-main\jars\versions\1.8.8\1.8.8-natives\swresample-ttv-0.dll
0x000000006eb80000 - 0x000000006ec50000 	D:\GradeClient-main\jars\versions\1.8.8\1.8.8-natives\libmp3lame-ttv.dll
0x00007ffa22860000 - 0x00007ffa23c04000 	D:\GradeClient-main\jars\versions\1.8.8\1.8.8-natives\libmfxsw64.dll
0x00007ffa9c5a0000 - 0x00007ffa9c70d000 	D:\GradeClient-main\jars\versions\1.8.8\1.8.8-natives\twitchsdk.dll
0x00007ffae5820000 - 0x00007ffae5d14000 	C:\Windows\SYSTEM32\WININET.dll
0x0000000031310000 - 0x0000000031374000 	D:\GradeClient-main\jars\versions\1.8.8\1.8.8-natives\OpenAL64.dll
0x00007ffaf4f20000 - 0x00007ffaf4fbd000 	C:\Windows\System32\MMDevApi.dll
0x00007ffa3edb0000 - 0x00007ffa3ee52000 	C:\Windows\SYSTEM32\dsound.dll
0x00007ffa3cc90000 - 0x00007ffa3cd41000 	C:\Windows\SYSTEM32\ResampleDmo.DLL
0x00007ffacdd80000 - 0x00007ffacdda9000 	C:\Windows\SYSTEM32\winmmbase.dll
0x00007ffaed2f0000 - 0x00007ffaed2fb000 	C:\Windows\SYSTEM32\msdmo.dll
0x00007ffaeb320000 - 0x00007ffaeb50c000 	C:\Windows\SYSTEM32\AUDIOSES.DLL
0x00007ffb03930000 - 0x00007ffb03945000 	C:\Windows\SYSTEM32\resourcepolicyclient.dll
0x00007ffac3980000 - 0x00007ffac3a30000 	C:\Windows\SYSTEM32\TextShaping.dll
0x00007ffb044c0000 - 0x00007ffb046f3000 	C:\Windows\SYSTEM32\dbghelp.dll

VM Arguments:
jvm_args: -javaagent:D:\ideaIU-2023.2.win\lib\idea_rt.jar=62979:D:\ideaIU-2023.2.win\bin -Dfile.encoding=UTF-8 
java_command: Start
java_class_path (initial): C:\Users\43850\AppData\Local\Temp\classpath1888038437.jar;D:\ideaIU-2023.2.win\lib\idea_rt.jar
Launcher Type: SUN_STANDARD

Environment Variables:
JAVA_HOME=D:\graalvm-jdk-17.0.8+9.1
PATH=D:\graalvm-jdk-17.0.8+9.1\bin;D:\Program Files (x86)\VMware\VMware Workstation\bin\;C:\ProgramData\Oracle\Java\javapath;C:\Windows\system32;C:\Windows;C:\Windows\System32\Wbem;C:\Windows\System32\WindowsPowerShell\v1.0\;C:\Windows\System32\OpenSSH\;C:\Program Files (x86)\NVIDIA Corporation\PhysX\Common;C:\Program Files\NVIDIA Corporation\NVIDIA NvDLISR;C:\Program Files\Git\cmd;C:\Program Files\Microsoft SQL Server\150\Tools\Binn\;C:\Program Files\Microsoft SQL Server\Client SDK\ODBC\170\Tools\Binn\;C:\Program Files\dotnet\;D:\Windows Kits\10\Windows Performance Toolkit\;C:\Users\43850\AppData\Roaming\nvm;C:\Program Files\nodejs;C:\Program Files (x86)\Microsoft SQL Server\Client SDK\ODBC\130\Tools\Binn\;C:\Program Files (x86)\Microsoft SQL Server\140\Tools\Binn\;C:\Program Files (x86)\Microsoft SQL Server\140\DTS\Binn\;C:\Program Files (x86)\Microsoft SQL Server\140\Tools\Binn\ManagementStudio\;C:\Program Files (x86)\Microsoft SQL Server\130\Tools\Binn\;C:\Program Files\Microsoft SQL Server\130\Tools\Binn\;C:\Program Files (x86)\Microsoft SQL Server\130\DTS\Binn\;C:\Program Files\Microsoft SQL Server\130\DTS\Binn\;C:\Program Files\Microsoft SQL Server\Client SDK\ODBC\130\Tools\Binn\;D:\Program Files\Redis\;D:\GradeClient-main\jars\versions\1.8.8\1.8.8-natives;C:\Users\43850\AppData\Local\Microsoft\WindowsApps;C:\Users\43850\AppData\Roaming\npm;C:\Users\43850\.dotnet\tools;C:\Users\43850\AppData\Local\Programs\Microsoft VS Code\bin;C:\Users\43850\AppData\Roaming\nvm;C:\Program Files\nodejs;C:\Users\43850\AppData\Local\gitkraken\bin
USERNAME=43850
OS=Windows_NT
PROCESSOR_IDENTIFIER=Intel64 Family 6 Model 154 Stepping 3, GenuineIntel



---------------  S Y S T E M  ---------------

OS: Windows 10.0 , 64 bit Build 22621 (10.0.22621.3235)

CPU:total 16 (8 cores per cpu, 2 threads per core) family 6 model 154 stepping 3, cmov, cx8, fxsr, mmx, sse, sse2, sse3, ssse3, sse4.1, sse4.2, popcnt, avx, avx2, aes, clmul, erms, 3dnowpref, lzcnt, ht, tsc, tscinvbit, bmi1, bmi2, adx

Memory: 4k page, physical 16496120k(2390528k free), swap 31316564k(4225356k free)

vm_info: Java HotSpot(TM) 64-Bit Server VM (25.91-b14) for windows-amd64 JRE (1.8.0_91-b14), built on Apr  1 2016 00:58:32 by "java_re" with MS VC++ 10.0 (VS2010)

time: Sun Mar 31 13:22:16 2024
elapsed time: 18 seconds (0d 0h 0m 18s)

