#
# A fatal error has been detected by the Java Runtime Environment:
#
#  EXCEPTION_ACCESS_VIOLATION (0xc0000005) at pc=0x00007ffa71d17b36, pid=7244, tid=24416
#
# JRE version: Java(TM) SE Runtime Environment (8.0_91-b14) (build 1.8.0_91-b14)
# Java VM: Java HotSpot(TM) 64-Bit Server VM (25.91-b14 mixed mode windows-amd64 compressed oops)
# Problematic frame:
# C  [igxelpicd64.dll+0x817b36]
#
# Failed to write core dump. Minidumps are not enabled by default on client versions of Windows
#
# If you would like to submit a bug report, please visit:
#   http://bugreport.java.com/bugreport/crash.jsp
# The crash happened outside the Java Virtual Machine in native code.
# See problematic frame for where to report the bug.
#

---------------  T H R E A D  ---------------

Current thread (0x0000000003052800):  JavaThread "Client thread" [_thread_in_native, id=24416, stack(0x0000000002a30000,0x0000000002b30000)]

siginfo: ExceptionCode=0xc0000005, reading address 0x000000012d1b9f20

Registers:
RAX=0x000000002d1b9f40, RBX=0x000000002cee9fc0, RCX=0x000000002d1b9f40, RDX=0x000000012d1b9f20
RSP=0x0000000002b2eab8, RBP=0x000000002cf13da8, RSI=0x00000000fffffffe, RDI=0x00000000ffffffe0
R8 =0x0000000000000010, R9 =0x0000000000000000, R10=0x00007ffa71500000, R11=0x0000000000000000
R12=0x0000000000000012, R13=0x0000000000000010, R14=0x0000000000040000, R15=0x0000000000000005
RIP=0x00007ffa71d17b36, EFLAGS=0x0000000000010287

Top of Stack: (sp=0x0000000002b2eab8)
0x0000000002b2eab8:   00007ffa71741d66 000000002cee9fc0
0x0000000002b2eac8:   000000006b79b3e7 00000000000000b8
0x0000000002b2ead8:   0000000002b2ec10 0000000000000005
0x0000000002b2eae8:   fffffffffffffffe 000000002cf14e30
0x0000000002b2eaf8:   0000000002b2eae8 0000000000000002
0x0000000002b2eb08:   000000006b75ba8b 0000000002b2f478
0x0000000002b2eb18:   0000000003052800 0000000002b2ec70
0x0000000002b2eb28:   000000002742ecd0 0000000000000000
0x0000000002b2eb38:   0000000000008074 0000000000000021
0x0000000002b2eb48:   0000000002b2ec40 000000002cee9fc0
0x0000000002b2eb58:   00007ffa71743d70 0000000000000000
0x0000000002b2eb68:   0000000000000000 0000000000000002
0x0000000002b2eb78:   0000000700000000 000000002cee9fc0
0x0000000002b2eb88:   00007ffa7165f8bc 000000002742ec48
0x0000000002b2eb98:   0000000003052800 fffffffe00000000
0x0000000002b2eba8:   0000000000000000 00000000031583fd 

Instructions: (pc=0x00007ffa71d17b36)
0x00007ffa71d17b16:   89 08 44 88 40 04 c3 48 8b 0a 48 89 08 c3 0f b6
0x00007ffa71d17b26:   0a 88 08 c3 8b 0a 89 08 c3 90 49 83 f8 20 77 17
0x00007ffa71d17b36:   f3 0f 6f 0a f3 42 0f 6f 54 02 f0 f3 0f 7f 09 f3
0x00007ffa71d17b46:   42 0f 7f 54 01 f0 c3 48 3b d1 73 0e 4e 8d 0c 02 


Register to memory mapping:

RAX=0x000000002d1b9f40 is an unknown value
RBX=0x000000002cee9fc0 is an unknown value
RCX=0x000000002d1b9f40 is an unknown value
RDX=0x000000012d1b9f20 is an unknown value
RSP=0x0000000002b2eab8 is pointing into the stack for thread: 0x0000000003052800
RBP=0x000000002cf13da8 is an unknown value
RSI=0x00000000fffffffe is an unknown value
RDI=0x00000000ffffffe0 is an unknown value
R8 =0x0000000000000010 is an unknown value
R9 =0x0000000000000000 is an unknown value
R10=0x00007ffa71500000 is an unknown value
R11=0x0000000000000000 is an unknown value
R12=0x0000000000000012 is an unknown value
R13=0x0000000000000010 is an unknown value
R14=0x0000000000040000 is an unknown value
R15=0x0000000000000005 is an unknown value


Stack: [0x0000000002a30000,0x0000000002b30000],  sp=0x0000000002b2eab8,  free space=1018k
Native frames: (J=compiled Java code, j=interpreted, Vv=VM code, C=native code)
C  [igxelpicd64.dll+0x817b36]
C  [igxelpicd64.dll+0x241d66]
C  [igxelpicd64.dll+0x243d70]
C  [igxelpicd64.dll+0x15f8bc]
C  0x0000000003170fec

Java frames: (J=compiled Java code, j=interpreted, Vv=VM code)
j  org.lwjgl.opengl.GL11.nglEnableClientState(IJ)V+0
j  org.lwjgl.opengl.GL11.glEnableClientState(I)V+15
j  net.minecraft.client.gui.GuiButton.drawButton(Lnet/minecraft/client/Minecraft;II)V+264
j  net.minecraft.client.gui.GuiScreen.drawScreen(IIF)V+37
j  GuiFile.MainMenuGui.drawScreen(IIF)V+124
j  net.minecraft.client.renderer.EntityRenderer.func_181560_a(FJ)V+760
j  net.minecraft.client.Minecraft.runGameLoop()V+348
j  net.minecraft.client.Minecraft.run()V+59
j  net.minecraft.client.main.Main.main([Ljava/lang/String;)V+1067
j  Start.main([Ljava/lang/String;)V+77
v  ~StubRoutines::call_stub

---------------  P R O C E S S  ---------------

Java Threads: ( => current thread )
  0x000000002955e000 JavaThread "Chunk Batcher 1" daemon [_thread_blocked, id=28808, stack(0x0000000035380000,0x0000000035480000)]
  0x0000000029559000 JavaThread "Chunk Batcher 0" daemon [_thread_blocked, id=24336, stack(0x00000000346b0000,0x00000000347b0000)]
  0x000000002955c800 JavaThread "Thread-7" [_thread_blocked, id=28332, stack(0x0000000034b40000,0x0000000034c40000)]
  0x000000002955a800 JavaThread "Thread-6" [_thread_blocked, id=1428, stack(0x0000000034a40000,0x0000000034b40000)]
  0x0000000024959800 JavaThread "Java2D Disposer" daemon [_thread_blocked, id=24676, stack(0x00000000261c0000,0x00000000262c0000)]
  0x0000000024958800 JavaThread "Timer hack thread" daemon [_thread_blocked, id=18060, stack(0x0000000025fc0000,0x00000000260c0000)]
  0x0000000022e38800 JavaThread "Snooper Timer" daemon [_thread_blocked, id=15688, stack(0x00000000260c0000,0x00000000261c0000)]
  0x0000000022575800 JavaThread "Snooper Timer" daemon [_thread_blocked, id=21848, stack(0x0000000025a00000,0x0000000025b00000)]
  0x000000001eb4f800 JavaThread "Service Thread" daemon [_thread_blocked, id=19104, stack(0x0000000021590000,0x0000000021690000)]
  0x000000001ea89800 JavaThread "C1 CompilerThread11" daemon [_thread_blocked, id=26248, stack(0x0000000021390000,0x0000000021490000)]
  0x000000001ea86800 JavaThread "C1 CompilerThread10" daemon [_thread_blocked, id=27200, stack(0x0000000021290000,0x0000000021390000)]
  0x000000001ea84000 JavaThread "C1 CompilerThread9" daemon [_thread_blocked, id=26932, stack(0x0000000021190000,0x0000000021290000)]
  0x000000001ea82000 JavaThread "C1 CompilerThread8" daemon [_thread_blocked, id=12220, stack(0x0000000021090000,0x0000000021190000)]
  0x000000001ea79800 JavaThread "C2 CompilerThread7" daemon [_thread_blocked, id=25424, stack(0x0000000020f90000,0x0000000021090000)]
  0x000000001ea77800 JavaThread "C2 CompilerThread6" daemon [_thread_blocked, id=27996, stack(0x0000000020e90000,0x0000000020f90000)]
  0x000000001ea77000 JavaThread "C2 CompilerThread5" daemon [_thread_blocked, id=1880, stack(0x0000000020d90000,0x0000000020e90000)]
  0x000000001ea6e000 JavaThread "C2 CompilerThread4" daemon [_thread_in_native, id=29368, stack(0x0000000020c90000,0x0000000020d90000)]
  0x000000001ea69800 JavaThread "C2 CompilerThread3" daemon [_thread_blocked, id=25724, stack(0x0000000020b90000,0x0000000020c90000)]
  0x000000001ea68800 JavaThread "C2 CompilerThread2" daemon [_thread_blocked, id=9488, stack(0x0000000020a90000,0x0000000020b90000)]
  0x000000001ea68000 JavaThread "C2 CompilerThread1" daemon [_thread_blocked, id=3288, stack(0x0000000020990000,0x0000000020a90000)]
  0x000000001ea66800 JavaThread "C2 CompilerThread0" daemon [_thread_blocked, id=21236, stack(0x0000000020890000,0x0000000020990000)]
  0x000000001ea33800 JavaThread "JDWP Command Reader" daemon [_thread_in_native, id=6900, stack(0x0000000020790000,0x0000000020890000)]
  0x000000001ea30800 JavaThread "JDWP Event Helper Thread" daemon [_thread_blocked, id=29508, stack(0x0000000020690000,0x0000000020790000)]
  0x000000001ea26800 JavaThread "JDWP Transport Listener: dt_socket" daemon [_thread_blocked, id=7624, stack(0x0000000020590000,0x0000000020690000)]
  0x000000001ea20800 JavaThread "Attach Listener" daemon [_thread_blocked, id=21380, stack(0x0000000020490000,0x0000000020590000)]
  0x000000001e9c8000 JavaThread "Signal Dispatcher" daemon [_thread_blocked, id=28904, stack(0x0000000020390000,0x0000000020490000)]
  0x000000001e9a6800 JavaThread "Finalizer" daemon [_thread_blocked, id=2640, stack(0x0000000020220000,0x0000000020320000)]
  0x000000001cf2c800 JavaThread "Reference Handler" daemon [_thread_blocked, id=29336, stack(0x0000000020120000,0x0000000020220000)]
=>0x0000000003052800 JavaThread "Client thread" [_thread_in_native, id=24416, stack(0x0000000002a30000,0x0000000002b30000)]

Other Threads:
  0x000000001e982800 VMThread [stack: 0x0000000020020000,0x0000000020120000] [id=2608]
  0x000000001ebbd000 WatcherThread [stack: 0x0000000021690000,0x0000000021790000] [id=18948]

VM state:not at safepoint (normal execution)

VM Mutex/Monitor currently owned by a thread: None

Heap:
 PSYoungGen      total 326144K, used 174129K [0x000000076c180000, 0x0000000786880000, 0x00000007c0000000)
  eden space 303104K, 56% used [0x000000076c180000,0x000000077684c770,0x000000077e980000)
  from space 23040K, 14% used [0x000000077e980000,0x000000077ecc0000,0x0000000780000000)
  to   space 23040K, 0% used [0x0000000785200000,0x0000000785200000,0x0000000786880000)
 ParOldGen       total 109568K, used 55010K [0x00000006c4400000, 0x00000006caf00000, 0x000000076c180000)
  object space 109568K, 50% used [0x00000006c4400000,0x00000006c79b89b8,0x00000006caf00000)
 Metaspace       used 31913K, capacity 32121K, committed 32640K, reserved 1077248K
  class space    used 4098K, capacity 4145K, committed 4224K, reserved 1048576K

Card table byte_map: [0x0000000012510000,0x0000000012cf0000] byte_map_base: 0x000000000eeee000

Marking Bits: (ParMarkBitMap*) 0x000000006beb2f70
 Begin Bits: [0x0000000013f30000, 0x0000000017e20000)
 End Bits:   [0x0000000017e20000, 0x000000001bd10000)

Polling page: 0x0000000001230000

CodeCache: size=245760Kb used=16065Kb max_used=16077Kb free=229694Kb
 bounds [0x0000000003150000, 0x0000000004130000, 0x0000000012150000]
 total_blobs=4381 nmethods=3718 adapters=580
 compilation: enabled

Compilation events (10 events):
Event: 4.979 Thread 0x000000001ea89800 nmethod 3977 0x00000000037aaf90 code [0x00000000037ab100, 0x00000000037ab330]
Event: 4.979 Thread 0x000000001ea84000 3979       3       java.lang.invoke.MemberName::getName (25 bytes)
Event: 4.979 Thread 0x000000001ea86800 nmethod 3978 0x00000000037aa110 code [0x00000000037aa2e0, 0x00000000037aabd8]
Event: 4.980 Thread 0x000000001ea84000 nmethod 3979 0x00000000037a9a50 code [0x00000000037a9be0, 0x00000000037aa028]
Event: 4.987 Thread 0x000000001ea82000 3980       1       java.lang.invoke.MethodType::parameterType (7 bytes)
Event: 4.987 Thread 0x000000001ea82000 nmethod 3980 0x00000000037a9290 code [0x00000000037a93e0, 0x00000000037a9510]
Event: 4.988 Thread 0x000000001ea79800 3981       4       org.lwjgl.opengl.GLContext::getCapabilities (20 bytes)
Event: 4.988 Thread 0x000000001ea66800 3982       4       org.lwjgl.BufferChecks::checkFunctionAddress (23 bytes)
Event: 4.989 Thread 0x000000001ea66800 nmethod 3982 0x00000000037a63d0 code [0x00000000037a6500, 0x00000000037a6578]
Event: 4.989 Thread 0x000000001ea79800 nmethod 3981 0x00000000037a7a90 code [0x00000000037a7be0, 0x00000000037a7c98]

GC Heap History (10 events):
Event: 3.432 GC heap before
{Heap before GC invocations=10 (full 1):
 PSYoungGen      total 194560K, used 188033K [0x000000076c180000, 0x000000077a180000, 0x00000007c0000000)
  eden space 172032K, 100% used [0x000000076c180000,0x0000000776980000,0x0000000776980000)
  from space 22528K, 71% used [0x0000000778080000,0x00000007790204f0,0x0000000779680000)
  to   space 23552K, 0% used [0x0000000776980000,0x0000000776980000,0x0000000778080000)
 ParOldGen       total 109568K, used 31441K [0x00000006c4400000, 0x00000006caf00000, 0x000000076c180000)
  object space 109568K, 28% used [0x00000006c4400000,0x00000006c62b44b0,0x00000006caf00000)
 Metaspace       used 30550K, capacity 30777K, committed 31104K, reserved 1077248K
  class space    used 4009K, capacity 4099K, committed 4224K, reserved 1048576K
Event: 3.438 GC heap after
Heap after GC invocations=10 (full 1):
 PSYoungGen      total 195584K, used 15281K [0x000000076c180000, 0x000000077d200000, 0x00000007c0000000)
  eden space 172032K, 0% used [0x000000076c180000,0x000000076c180000,0x0000000776980000)
  from space 23552K, 64% used [0x0000000776980000,0x000000077786c4d0,0x0000000778080000)
  to   space 24064K, 0% used [0x000000077ba80000,0x000000077ba80000,0x000000077d200000)
 ParOldGen       total 109568K, used 32473K [0x00000006c4400000, 0x00000006caf00000, 0x000000076c180000)
  object space 109568K, 29% used [0x00000006c4400000,0x00000006c63b64f0,0x00000006caf00000)
 Metaspace       used 30550K, capacity 30777K, committed 31104K, reserved 1077248K
  class space    used 4009K, capacity 4099K, committed 4224K, reserved 1048576K
}
Event: 3.614 GC heap before
{Heap before GC invocations=11 (full 1):
 PSYoungGen      total 195584K, used 187313K [0x000000076c180000, 0x000000077d200000, 0x00000007c0000000)
  eden space 172032K, 100% used [0x000000076c180000,0x0000000776980000,0x0000000776980000)
  from space 23552K, 64% used [0x0000000776980000,0x000000077786c4d0,0x0000000778080000)
  to   space 24064K, 0% used [0x000000077ba80000,0x000000077ba80000,0x000000077d200000)
 ParOldGen       total 109568K, used 32473K [0x00000006c4400000, 0x00000006caf00000, 0x000000076c180000)
  object space 109568K, 29% used [0x00000006c4400000,0x00000006c63b64f0,0x00000006caf00000)
 Metaspace       used 30767K, capacity 30969K, committed 31360K, reserved 1077248K
  class space    used 4022K, capacity 4099K, committed 4224K, reserved 1048576K
Event: 3.622 GC heap after
Heap after GC invocations=11 (full 1):
 PSYoungGen      total 254976K, used 11889K [0x000000076c180000, 0x000000077d100000, 0x00000007c0000000)
  eden space 231936K, 0% used [0x000000076c180000,0x000000076c180000,0x000000077a400000)
  from space 23040K, 51% used [0x000000077ba80000,0x000000077c61c520,0x000000077d100000)
  to   space 23040K, 0% used [0x000000077a400000,0x000000077a400000,0x000000077ba80000)
 ParOldGen       total 109568K, used 40189K [0x00000006c4400000, 0x00000006caf00000, 0x000000076c180000)
  object space 109568K, 36% used [0x00000006c4400000,0x00000006c6b3f500,0x00000006caf00000)
 Metaspace       used 30767K, capacity 30969K, committed 31360K, reserved 1077248K
  class space    used 4022K, capacity 4099K, committed 4224K, reserved 1048576K
}
Event: 3.893 GC heap before
{Heap before GC invocations=12 (full 1):
 PSYoungGen      total 254976K, used 243825K [0x000000076c180000, 0x000000077d100000, 0x00000007c0000000)
  eden space 231936K, 100% used [0x000000076c180000,0x000000077a400000,0x000000077a400000)
  from space 23040K, 51% used [0x000000077ba80000,0x000000077c61c520,0x000000077d100000)
  to   space 23040K, 0% used [0x000000077a400000,0x000000077a400000,0x000000077ba80000)
 ParOldGen       total 109568K, used 40189K [0x00000006c4400000, 0x00000006caf00000, 0x000000076c180000)
  object space 109568K, 36% used [0x00000006c4400000,0x00000006c6b3f500,0x00000006caf00000)
 Metaspace       used 30898K, capacity 31097K, committed 31616K, reserved 1077248K
  class space    used 4024K, capacity 4099K, committed 4224K, reserved 1048576K
Event: 3.899 GC heap after
Heap after GC invocations=12 (full 1):
 PSYoungGen      total 254976K, used 5996K [0x000000076c180000, 0x0000000781b00000, 0x00000007c0000000)
  eden space 231936K, 0% used [0x000000076c180000,0x000000076c180000,0x000000077a400000)
  from space 23040K, 26% used [0x000000077a400000,0x000000077a9db000,0x000000077ba80000)
  to   space 22528K, 0% used [0x0000000780500000,0x0000000780500000,0x0000000781b00000)
 ParOldGen       total 109568K, used 49746K [0x00000006c4400000, 0x00000006caf00000, 0x000000076c180000)
  object space 109568K, 45% used [0x00000006c4400000,0x00000006c7494948,0x00000006caf00000)
 Metaspace       used 30898K, capacity 31097K, committed 31616K, reserved 1077248K
  class space    used 4024K, capacity 4099K, committed 4224K, reserved 1048576K
}
Event: 4.107 GC heap before
{Heap before GC invocations=13 (full 1):
 PSYoungGen      total 254976K, used 237932K [0x000000076c180000, 0x0000000781b00000, 0x00000007c0000000)
  eden space 231936K, 100% used [0x000000076c180000,0x000000077a400000,0x000000077a400000)
  from space 23040K, 26% used [0x000000077a400000,0x000000077a9db000,0x000000077ba80000)
  to   space 22528K, 0% used [0x0000000780500000,0x0000000780500000,0x0000000781b00000)
 ParOldGen       total 109568K, used 49746K [0x00000006c4400000, 0x00000006caf00000, 0x000000076c180000)
  object space 109568K, 45% used [0x00000006c4400000,0x00000006c7494948,0x00000006caf00000)
 Metaspace       used 30911K, capacity 31161K, committed 31616K, reserved 1077248K
  class space    used 4024K, capacity 4099K, committed 4224K, reserved 1048576K
Event: 4.110 GC heap after
Heap after GC invocations=13 (full 1):
 PSYoungGen      total 321024K, used 2464K [0x000000076c180000, 0x0000000781680000, 0x00000007c0000000)
  eden space 303104K, 0% used [0x000000076c180000,0x000000076c180000,0x000000077e980000)
  from space 17920K, 13% used [0x0000000780500000,0x0000000780768000,0x0000000781680000)
  to   space 23040K, 0% used [0x000000077e980000,0x000000077e980000,0x0000000780000000)
 ParOldGen       total 109568K, used 53994K [0x00000006c4400000, 0x00000006caf00000, 0x000000076c180000)
  object space 109568K, 49% used [0x00000006c4400000,0x00000006c78ba9a8,0x00000006caf00000)
 Metaspace       used 30911K, capacity 31161K, committed 31616K, reserved 1077248K
  class space    used 4024K, capacity 4099K, committed 4224K, reserved 1048576K
}
Event: 4.501 GC heap before
{Heap before GC invocations=14 (full 1):
 PSYoungGen      total 321024K, used 305568K [0x000000076c180000, 0x0000000781680000, 0x00000007c0000000)
  eden space 303104K, 100% used [0x000000076c180000,0x000000077e980000,0x000000077e980000)
  from space 17920K, 13% used [0x0000000780500000,0x0000000780768000,0x0000000781680000)
  to   space 23040K, 0% used [0x000000077e980000,0x000000077e980000,0x0000000780000000)
 ParOldGen       total 109568K, used 53994K [0x00000006c4400000, 0x00000006caf00000, 0x000000076c180000)
  object space 109568K, 49% used [0x00000006c4400000,0x00000006c78ba9a8,0x00000006caf00000)
 Metaspace       used 31104K, capacity 31353K, committed 31872K, reserved 1077248K
  class space    used 4028K, capacity 4099K, committed 4224K, reserved 1048576K
Event: 4.505 GC heap after
Heap after GC invocations=14 (full 1):
 PSYoungGen      total 326144K, used 3328K [0x000000076c180000, 0x0000000786880000, 0x00000007c0000000)
  eden space 303104K, 0% used [0x000000076c180000,0x000000076c180000,0x000000077e980000)
  from space 23040K, 14% used [0x000000077e980000,0x000000077ecc0000,0x0000000780000000)
  to   space 23040K, 0% used [0x0000000785200000,0x0000000785200000,0x0000000786880000)
 ParOldGen       total 109568K, used 55010K [0x00000006c4400000, 0x00000006caf00000, 0x000000076c180000)
  object space 109568K, 50% used [0x00000006c4400000,0x00000006c79b89b8,0x00000006caf00000)
 Metaspace       used 31104K, capacity 31353K, committed 31872K, reserved 1077248K
  class space    used 4028K, capacity 4099K, committed 4224K, reserved 1048576K
}

Deoptimization events (10 events):
Event: 4.936 Thread 0x0000000003052800 Uncommon trap: reason=class_check action=maybe_recompile pc=0x0000000003cf91a0 method=java.util.regex.Matcher.search(I)Z @ 86
Event: 4.936 Thread 0x0000000003052800 Uncommon trap: reason=class_check action=maybe_recompile pc=0x0000000003cf91a0 method=java.util.regex.Matcher.search(I)Z @ 86
Event: 4.936 Thread 0x0000000003052800 Uncommon trap: reason=class_check action=maybe_recompile pc=0x0000000003cf91a0 method=java.util.regex.Matcher.search(I)Z @ 86
Event: 4.936 Thread 0x0000000003052800 Uncommon trap: reason=class_check action=maybe_recompile pc=0x0000000003cf91a0 method=java.util.regex.Matcher.search(I)Z @ 86
Event: 4.936 Thread 0x0000000003052800 Uncommon trap: reason=unstable_if action=reinterpret pc=0x0000000003f08834 method=com.google.gson.internal.LinkedTreeMap.get(Ljava/lang/Object;)Ljava/lang/Object; @ 7
Event: 4.946 Thread 0x0000000003052800 Uncommon trap: reason=unstable_if action=reinterpret pc=0x0000000003bcedf8 method=java.util.regex.Pattern$Slice.match(Ljava/util/regex/Matcher;ILjava/lang/CharSequence;)Z @ 54
Event: 4.946 Thread 0x0000000003052800 Uncommon trap: reason=class_check action=maybe_recompile pc=0x0000000003cc2708 method=java.util.regex.Matcher.search(I)Z @ 86
Event: 4.946 Thread 0x0000000003052800 Uncommon trap: reason=class_check action=maybe_recompile pc=0x0000000003cbe718 method=java.util.regex.Matcher.search(I)Z @ 86
Event: 4.975 Thread 0x0000000003052800 Uncommon trap: reason=unstable_if action=reinterpret pc=0x0000000003a6dcf0 method=java.util.HashMap.tableSizeFor(I)I @ 37
Event: 4.979 Thread 0x0000000003052800 Uncommon trap: reason=class_check action=maybe_recompile pc=0x00000000040cbd14 method=java.util.HashSet.iterator()Ljava/util/Iterator; @ 4

Internal exceptions (10 events):
Event: 3.399 Thread 0x000000002955a800 Exception <a 'org/lwjgl/LWJGLException'> (0x0000000773cb30a0) thrown at [C:\re\workspace\8-2-build-windows-amd64-cygwin\jdk8u91\6644\hotspot\src\share\vm\prims\jni.cpp, line 709]
Event: 3.399 Thread 0x000000002955a800 Exception <a 'org/lwjgl/LWJGLException'> (0x0000000773cb37c8) thrown at [C:\re\workspace\8-2-build-windows-amd64-cygwin\jdk8u91\6644\hotspot\src\share\vm\prims\jni.cpp, line 709]
Event: 3.399 Thread 0x000000002955a800 Exception <a 'org/lwjgl/LWJGLException'> (0x0000000773cb3f08) thrown at [C:\re\workspace\8-2-build-windows-amd64-cygwin\jdk8u91\6644\hotspot\src\share\vm\prims\jni.cpp, line 709]
Event: 3.399 Thread 0x000000002955a800 Exception <a 'org/lwjgl/LWJGLException'> (0x0000000773cb4628) thrown at [C:\re\workspace\8-2-build-windows-amd64-cygwin\jdk8u91\6644\hotspot\src\share\vm\prims\jni.cpp, line 709]
Event: 3.514 Thread 0x0000000003052800 Implicit null exception at 0x0000000003da6e42 to 0x0000000003da72d5
Event: 3.517 Thread 0x0000000003052800 Implicit null exception at 0x0000000003da3e07 to 0x0000000003da40d9
Event: 3.793 Thread 0x000000002955a800 Exception <a 'java/lang/InterruptedException': sleep interrupted> (0x000000076c877d30) thrown at [C:\re\workspace\8-2-build-windows-amd64-cygwin\jdk8u91\6644\hotspot\src\share\vm\prims\jvm.cpp, line 3215]
Event: 3.793 Thread 0x000000002955a800 Exception <a 'java/lang/InterruptedException': sleep interrupted> (0x000000076c877f88) thrown at [C:\re\workspace\8-2-build-windows-amd64-cygwin\jdk8u91\6644\hotspot\src\share\vm\prims\jvm.cpp, line 3215]
Event: 4.882 Thread 0x0000000003052800 Implicit null exception at 0x00000000036be3e7 to 0x00000000036bee85
Event: 4.979 Thread 0x0000000003052800 Exception <a 'java/lang/NoSuchMethodError': java.lang.Object.lambda$comparingInt$7b0bb60$1(Ljava/util/function/ToIntFunction;Ljava/lang/Object;Ljava/lang/Object;)I> (0x000000077649a260) thrown at [C:\re\workspace\8-2-build-windows-amd64-cygwin\jdk8u91\6644V@FåË0@

Events (10 events):
Event: 4.987 loading class Client/event/events/EventSendChat
Event: 4.987 loading class Client/event/events/EventSendChat done
Event: 4.987 loading class java/util/Optional
Event: 4.987 loading class java/util/Optional done
Event: 4.988 loading class Client/GLSL
Event: 4.988 loading class Client/GLSL done
Event: 5.001 loading class java/awt/Color
Event: 5.002 loading class java/awt/Paint
Event: 5.002 loading class java/awt/Paint done
Event: 5.002 loading class java/awt/Color done


Dynamic libraries:
0x00007ff6331d0000 - 0x00007ff633207000 	C:\Program Files\Java\jdk1.8.0_91\bin\java.exe
0x00007ffb09ab0000 - 0x00007ffb09cc6000 	C:\Windows\SYSTEM32\ntdll.dll
0x00007ffb09250000 - 0x00007ffb09314000 	C:\Windows\System32\KERNEL32.DLL
0x00007ffb06df0000 - 0x00007ffb07196000 	C:\Windows\System32\KERNELBASE.dll
0x00007ffb097d0000 - 0x00007ffb09882000 	C:\Windows\System32\ADVAPI32.dll
0x00007ffb096d0000 - 0x00007ffb09777000 	C:\Windows\System32\msvcrt.dll
0x00007ffb08ff0000 - 0x00007ffb09098000 	C:\Windows\System32\sechost.dll
0x00007ffb07340000 - 0x00007ffb07368000 	C:\Windows\System32\bcrypt.dll
0x00007ffb07960000 - 0x00007ffb07a75000 	C:\Windows\System32\RPCRT4.dll
0x00007ffb090a0000 - 0x00007ffb0924d000 	C:\Windows\System32\USER32.dll
0x00007ffb07370000 - 0x00007ffb07396000 	C:\Windows\System32\win32u.dll
0x00007ffb07920000 - 0x00007ffb07949000 	C:\Windows\System32\GDI32.dll
0x00007ffb071a0000 - 0x00007ffb072b8000 	C:\Windows\System32\gdi32full.dll
0x00007ffb074c0000 - 0x00007ffb0755a000 	C:\Windows\System32\msvcp_win.dll
0x00007ffb073a0000 - 0x00007ffb074b1000 	C:\Windows\System32\ucrtbase.dll
0x00007ffaeb850000 - 0x00007ffaebae3000 	C:\Windows\WinSxS\amd64_microsoft.windows.common-controls_6595b64144ccf1df_6.0.22621.3235_none_270f74e173860f98\COMCTL32.dll
0x00007ffb09890000 - 0x00007ffb098c1000 	C:\Windows\System32\IMM32.DLL
0x000000006bf40000 - 0x000000006c012000 	C:\Program Files\Java\jdk1.8.0_91\jre\bin\msvcr100.dll
0x000000006b6a0000 - 0x000000006bf33000 	C:\Program Files\Java\jdk1.8.0_91\jre\bin\server\jvm.dll
0x00007ffb09320000 - 0x00007ffb09328000 	C:\Windows\System32\PSAPI.DLL
0x00007ffafe210000 - 0x00007ffafe219000 	C:\Windows\SYSTEM32\WSOCK32.dll
0x00007ffb09430000 - 0x00007ffb094a1000 	C:\Windows\System32\WS2_32.dll
0x00007ffb00940000 - 0x00007ffb00974000 	C:\Windows\SYSTEM32\WINMM.dll
0x00007ffaf3150000 - 0x00007ffaf315a000 	C:\Windows\SYSTEM32\VERSION.dll
0x000000006c640000 - 0x000000006c64f000 	C:\Program Files\Java\jdk1.8.0_91\jre\bin\verify.dll
0x000000006c4d0000 - 0x000000006c4f9000 	C:\Program Files\Java\jdk1.8.0_91\jre\bin\java.dll
0x000000006c490000 - 0x000000006c4c5000 	C:\Program Files\Java\jdk1.8.0_91\jre\bin\jdwp.dll
0x000000006c630000 - 0x000000006c638000 	C:\Program Files\Java\jdk1.8.0_91\jre\bin\npt.dll
0x000000006c460000 - 0x000000006c483000 	C:\Program Files\Java\jdk1.8.0_91\jre\bin\instrument.dll
0x000000006c440000 - 0x000000006c456000 	C:\Program Files\Java\jdk1.8.0_91\jre\bin\zip.dll
0x00007ffb07f70000 - 0x00007ffb087cd000 	C:\Windows\System32\SHELL32.dll
0x00007ffb04d60000 - 0x00007ffb05658000 	C:\Windows\SYSTEM32\windows.storage.dll
0x00007ffb07be0000 - 0x00007ffb07f68000 	C:\Windows\System32\combase.dll
0x00007ffb04c20000 - 0x00007ffb04d5e000 	C:\Windows\SYSTEM32\wintypes.dll
0x00007ffb07ae0000 - 0x00007ffb07bd3000 	C:\Windows\System32\SHCORE.dll
0x00007ffb078a0000 - 0x00007ffb078fe000 	C:\Windows\System32\shlwapi.dll
0x00007ffb06d20000 - 0x00007ffb06d46000 	C:\Windows\SYSTEM32\profapi.dll
0x000000006c430000 - 0x000000006c439000 	C:\Program Files\Java\jdk1.8.0_91\jre\bin\dt_socket.dll
0x00007ffb063a0000 - 0x00007ffb06409000 	C:\Windows\system32\mswsock.dll
0x000000006b690000 - 0x000000006b69d000 	C:\Program Files\Java\jdk1.8.0_91\jre\bin\management.dll
0x000000006b670000 - 0x000000006b68a000 	C:\Program Files\Java\jdk1.8.0_91\jre\bin\net.dll
0x000000006b650000 - 0x000000006b661000 	C:\Program Files\Java\jdk1.8.0_91\jre\bin\nio.dll
0x00007ffad06c0000 - 0x00007ffad06d7000 	C:\Windows\system32\napinsp.dll
0x00007ffacf7e0000 - 0x00007ffacf7fb000 	C:\Windows\system32\pnrpnsp.dll
0x00007ffb05950000 - 0x00007ffb05a49000 	C:\Windows\SYSTEM32\DNSAPI.dll
0x00007ffb05920000 - 0x00007ffb0594d000 	C:\Windows\SYSTEM32\IPHLPAPI.DLL
0x00007ffb07950000 - 0x00007ffb07959000 	C:\Windows\System32\NSI.dll
0x00007ffacf7c0000 - 0x00007ffacf7d1000 	C:\Windows\System32\winrnr.dll
0x00007ffafb6d0000 - 0x00007ffafb6e5000 	C:\Windows\system32\wshbth.dll
0x00007ffacf600000 - 0x00007ffacf621000 	C:\Windows\system32\nlansp_c.dll
0x00007ffafaae0000 - 0x00007ffafab63000 	C:\Windows\System32\fwpuclnt.dll
0x00007ffaf9d90000 - 0x00007ffaf9d9a000 	C:\Windows\System32\rasadhlp.dll
0x0000000180000000 - 0x0000000180053000 	D:\GradeClient-main\jars\versions\1.8.8\1.8.8-natives\lwjgl64.dll
0x00007ffa725e0000 - 0x00007ffa726e0000 	C:\Windows\SYSTEM32\OPENGL32.dll
0x00007ffa725b0000 - 0x00007ffa725dd000 	C:\Windows\SYSTEM32\GLU32.dll
0x00007ffb03a90000 - 0x00007ffb03ac9000 	C:\Windows\SYSTEM32\dxcore.dll
0x00007ffb065f0000 - 0x00007ffb0660b000 	C:\Windows\SYSTEM32\CRYPTSP.dll
0x00007ffb05e80000 - 0x00007ffb05eb5000 	C:\Windows\system32\rsaenh.dll
0x00007ffb06490000 - 0x00007ffb064bc000 	C:\Windows\SYSTEM32\USERENV.dll
0x00007ffb072c0000 - 0x00007ffb0733a000 	C:\Windows\System32\bcryptprimitives.dll
0x00007ffb06610000 - 0x00007ffb0661c000 	C:\Windows\SYSTEM32\CRYPTBASE.dll
0x00007ffafd470000 - 0x00007ffafd489000 	C:\Windows\SYSTEM32\dhcpcsvc6.DLL
0x00007ffafd250000 - 0x00007ffafd26f000 	C:\Windows\SYSTEM32\dhcpcsvc.DLL
0x000000006b4b0000 - 0x000000006b648000 	C:\Program Files\Java\jdk1.8.0_91\jre\bin\awt.dll
0x00007ffb09330000 - 0x00007ffb09407000 	C:\Windows\System32\OLEAUT32.dll
0x00007ffb00090000 - 0x00007ffb00127000 	C:\Windows\SYSTEM32\apphelp.dll
0x00007ffafba20000 - 0x00007ffafbadc000 	C:\Windows\SYSTEM32\mscms.dll
0x00007ffb05f20000 - 0x00007ffb05f38000 	C:\Windows\SYSTEM32\kernel.appcore.dll
0x00007ffb08930000 - 0x00007ffb089e0000 	C:\Windows\System32\clbcatq.dll
0x00007ffaf95f0000 - 0x00007ffaf963e000 	C:\Windows\System32\Windows.Internal.Graphics.Display.DisplayColorManagement.dll
0x00007ffb06b00000 - 0x00007ffb06b4e000 	C:\Windows\SYSTEM32\cfgmgr32.dll
0x00007ffb007a0000 - 0x00007ffb0084b000 	C:\Windows\system32\uxtheme.dll
0x00007ffb087d0000 - 0x00007ffb08924000 	C:\Windows\System32\MSCTF.dll
0x00007ffaf93b0000 - 0x00007ffaf94fa000 	C:\Windows\SYSTEM32\textinputframework.dll
0x00007ffaff760000 - 0x00007ffaff894000 	C:\Windows\SYSTEM32\CoreMessaging.dll
0x00007ffafc930000 - 0x00007ffafcc9c000 	C:\Windows\SYSTEM32\CoreUIComponents.dll
0x00007ffaeb7e0000 - 0x00007ffaeb849000 	C:\Windows\system32\Oleacc.dll
0x00007ffafd1e0000 - 0x00007ffafd22a000 	C:\Windows\SYSTEM32\directxdatabasehelper.dll
0x00007ffafb8c0000 - 0x00007ffafb9f5000 	C:\Windows\System32\AppXDeploymentClient.dll
0x00007ffa71500000 - 0x00007ffa725a9000 	C:\Windows\System32\DriverStore\FileRepository\iigd_dch.inf_amd64_57d6be89ba05925b\igxelpicd64.dll
0x00007ffb098d0000 - 0x00007ffb09a6f000 	C:\Windows\System32\ole32.dll
0x00007ffb03290000 - 0x00007ffb032bb000 	C:\Windows\system32\dwmapi.dll
0x00007ffb04960000 - 0x00007ffb04a58000 	C:\Windows\system32\dxgi.dll
0x00007ffa713d0000 - 0x00007ffa714f4000 	C:\Windows\System32\DriverStore\FileRepository\iigd_dch.inf_amd64_57d6be89ba05925b\igdml64.dll
0x00007ffaf71b0000 - 0x00007ffaf75c2000 	C:\Windows\System32\DriverStore\FileRepository\iigd_dch.inf_amd64_57d6be89ba05925b\igdgmm64.dll
0x00007ffb06ab0000 - 0x00007ffb06adc000 	C:\Windows\SYSTEM32\DEVOBJ.dll
0x00007ffb07560000 - 0x00007ffb075cb000 	C:\Windows\System32\WINTRUST.dll
0x00007ffb07690000 - 0x00007ffb077f6000 	C:\Windows\System32\CRYPT32.dll
0x00007ffb06650000 - 0x00007ffb06662000 	C:\Windows\SYSTEM32\MSASN1.dll
0x00007ffab4210000 - 0x00007ffab4259000 	C:\Windows\SYSTEM32\icm32.dll
0x00007ffaeeae0000 - 0x00007ffaf2f1e000 	C:\Windows\System32\DriverStore\FileRepository\iigd_dch.inf_amd64_57d6be89ba05925b\igc64.dll
0x00007ffb05c80000 - 0x00007ffb05ccd000 	C:\Windows\SYSTEM32\powrprof.dll
0x00007ffb05c60000 - 0x00007ffb05c73000 	C:\Windows\SYSTEM32\UMPDC.dll
0x0000000028750000 - 0x0000000028788000 	C:\Users\43850\AppData\Local\Temp\jna\jna1436607093558846905.dll
0x0000000070a40000 - 0x0000000070adc000 	D:\GradeClient-main\jars\versions\1.8.8\1.8.8-natives\avutil-ttv-51.dll
0x0000000065980000 - 0x00000000659d6000 	D:\GradeClient-main\jars\versions\1.8.8\1.8.8-natives\swresample-ttv-0.dll
0x000000006eb80000 - 0x000000006ec50000 	D:\GradeClient-main\jars\versions\1.8.8\1.8.8-natives\libmp3lame-ttv.dll
0x00007ffa22860000 - 0x00007ffa23c04000 	D:\GradeClient-main\jars\versions\1.8.8\1.8.8-natives\libmfxsw64.dll
0x00007ffa9c5a0000 - 0x00007ffa9c70d000 	D:\GradeClient-main\jars\versions\1.8.8\1.8.8-natives\twitchsdk.dll
0x00007ffae5820000 - 0x00007ffae5d14000 	C:\Windows\SYSTEM32\WININET.dll
0x00000000347b0000 - 0x0000000034814000 	D:\GradeClient-main\jars\versions\1.8.8\1.8.8-natives\OpenAL64.dll
0x00007ffaf4f20000 - 0x00007ffaf4fbd000 	C:\Windows\System32\MMDevApi.dll
0x00007ffa3edb0000 - 0x00007ffa3ee52000 	C:\Windows\SYSTEM32\dsound.dll
0x00007ffacdd80000 - 0x00007ffacdda9000 	C:\Windows\SYSTEM32\winmmbase.dll
0x00007ffa3cc90000 - 0x00007ffa3cd41000 	C:\Windows\SYSTEM32\ResampleDmo.DLL
0x00007ffaed2f0000 - 0x00007ffaed2fb000 	C:\Windows\SYSTEM32\msdmo.dll
0x00007ffaeb320000 - 0x00007ffaeb50c000 	C:\Windows\SYSTEM32\AUDIOSES.DLL
0x00007ffb03930000 - 0x00007ffb03945000 	C:\Windows\SYSTEM32\resourcepolicyclient.dll
0x00007ffb044c0000 - 0x00007ffb046f3000 	C:\Windows\SYSTEM32\dbghelp.dll

VM Arguments:
jvm_args: -agentlib:jdwp=transport=dt_socket,address=127.0.0.1:65080,suspend=y,server=n -javaagent:D:\ideaIU-2023.2.win\plugins\java\lib\rt\debugger-agent.jar -Dfile.encoding=UTF-8 
java_command: Start
java_class_path (initial): C:\Users\43850\AppData\Local\Temp\classpath569854483.jar;D:\ideaIU-2023.2.win\plugins\java\lib\rt\debugger-agent.jar
Launcher Type: SUN_STANDARD

Environment Variables:
JAVA_HOME=D:\graalvm-jdk-17.0.8+9.1
PATH=D:\graalvm-jdk-17.0.8+9.1\bin;D:\Program Files (x86)\VMware\VMware Workstation\bin\;C:\ProgramData\Oracle\Java\javapath;C:\Windows\system32;C:\Windows;C:\Windows\System32\Wbem;C:\Windows\System32\WindowsPowerShell\v1.0\;C:\Windows\System32\OpenSSH\;C:\Program Files (x86)\NVIDIA Corporation\PhysX\Common;C:\Program Files\NVIDIA Corporation\NVIDIA NvDLISR;C:\Program Files\Git\cmd;C:\Program Files\Microsoft SQL Server\150\Tools\Binn\;C:\Program Files\Microsoft SQL Server\Client SDK\ODBC\170\Tools\Binn\;C:\Program Files\dotnet\;D:\Windows Kits\10\Windows Performance Toolkit\;C:\Users\43850\AppData\Roaming\nvm;C:\Program Files\nodejs;C:\Program Files (x86)\Microsoft SQL Server\Client SDK\ODBC\130\Tools\Binn\;C:\Program Files (x86)\Microsoft SQL Server\140\Tools\Binn\;C:\Program Files (x86)\Microsoft SQL Server\140\DTS\Binn\;C:\Program Files (x86)\Microsoft SQL Server\140\Tools\Binn\ManagementStudio\;C:\Program Files (x86)\Microsoft SQL Server\130\Tools\Binn\;C:\Program Files\Microsoft SQL Server\130\Tools\Binn\;C:\Program Files (x86)\Microsoft SQL Server\130\DTS\Binn\;C:\Program Files\Microsoft SQL Server\130\DTS\Binn\;C:\Program Files\Microsoft SQL Server\Client SDK\ODBC\130\Tools\Binn\;D:\Program Files\Redis\;D:\GradeClient-main\jars\versions\1.8.8\1.8.8-natives;C:\Users\43850\AppData\Local\Microsoft\WindowsApps;C:\Users\43850\AppData\Roaming\npm;C:\Users\43850\.dotnet\tools;C:\Users\43850\AppData\Local\Programs\Microsoft VS Code\bin;C:\Users\43850\AppData\Roaming\nvm;C:\Program Files\nodejs;C:\Users\43850\AppData\Local\gitkraken\bin
USERNAME=43850
OS=Windows_NT
PROCESSOR_IDENTIFIER=Intel64 Family 6 Model 154 Stepping 3, GenuineIntel



---------------  S Y S T E M  ---------------

OS: Windows 10.0 , 64 bit Build 22621 (10.0.22621.3235)

CPU:total 16 (8 cores per cpu, 2 threads per core) family 6 model 154 stepping 3, cmov, cx8, fxsr, mmx, sse, sse2, sse3, ssse3, sse4.1, sse4.2, popcnt, avx, avx2, aes, clmul, erms, 3dnowpref, lzcnt, ht, tsc, tscinvbit, bmi1, bmi2, adx

Memory: 4k page, physical 16496120k(1248788k free), swap 32381928k(4237944k free)

vm_info: Java HotSpot(TM) 64-Bit Server VM (25.91-b14) for windows-amd64 JRE (1.8.0_91-b14), built on Apr  1 2016 00:58:32 by "java_re" with MS VC++ 10.0 (VS2010)

time: Sun Mar 31 15:51:55 2024
elapsed time: 5 seconds (0d 0h 0m 5s)

