#
# A fatal error has been detected by the Java Runtime Environment:
#
#  EXCEPTION_ACCESS_VIOLATION (0xc0000005) at pc=0x00007ffccf01fd01, pid=4988, tid=19312
#
# JRE version: Java(TM) SE Runtime Environment (8.0_91-b14) (build 1.8.0_91-b14)
# Java VM: Java HotSpot(TM) 64-Bit Server VM (25.91-b14 mixed mode windows-amd64 compressed oops)
# Problematic frame:
# C  [igxelpicd64.dll+0x2fd01]
#
# Failed to write core dump. Minidumps are not enabled by default on client versions of Windows
#
# If you would like to submit a bug report, please visit:
#   http://bugreport.java.com/bugreport/crash.jsp
# The crash happened outside the Java Virtual Machine in native code.
# See problematic frame for where to report the bug.
#

---------------  T H R E A D  ---------------

Current thread (0x0000000002d64000):  JavaThread "Client thread" [_thread_in_native, id=19312, stack(0x0000000002b50000,0x0000000002c50000)]

siginfo: ExceptionCode=0xc0000005, reading address 0x0000000000000008

Registers:
RAX=0x0000000000000000, RBX=0x0000000000000000, RCX=0x0000000000000000, RDX=0x000000002ad4018c
RSP=0x0000000002c06cc0, RBP=0x0000000002c06dc0, RSI=0x0000000028aa0080, RDI=0x0000000028ad5d70
R8 =0x000000000000018c, R9 =0x0000000028ad5670, R10=0x000000002ad40184, R11=0x0000000000000000
R12=0x0000000028ad5310, R13=0x00000008e32a2040, R14=0x0000000028b82c70, R15=0x0000000028ad6020
RIP=0x00007ffccf01fd01, EFLAGS=0x0000000000010202

Top of Stack: (sp=0x0000000002c06cc0)
0x0000000002c06cc0:   0000000028b82c70 0000000000000004
0x0000000002c06cd0:   0000000002c06dc0 0000000000000000
0x0000000002c06ce0:   0000000028b83180 0000000028ae0d00
0x0000000002c06cf0:   0000000028ae0d0c 0000000028ae0d18
0x0000000002c06d00:   0000000028ae0d24 0000000028ae0d30
0x0000000002c06d10:   0000000000000000 0000000000000000
0x0000000002c06d20:   0000000000006418 00007ffccf01cce9
0x0000000002c06d30:   0000000000000000 0000000028ad6020
0x0000000002c06d40:   0000000028b82900 0000000000000000
0x0000000002c06d50:   0000000028ad5310 00000000009d8790
0x0000000002c06d60:   000000000000003f 0000000028aa0000
0x0000000002c06d70:   0000000000000008 0000000028aa0080
0x0000000002c06d80:   00000000464b0000 000074041b1b0000
0x0000000002c06d90:   0000000028b82c70 000018000000018c
0x0000000002c06da0:   0000000000000000 000000005ac76000
0x0000000002c06db0:   0000000041130000 0000700000000000 

Instructions: (pc=0x00007ffccf01fd01)
0x00007ffccf01fce1:   00 00 48 85 c0 0f 84 e4 d6 9a 00 48 8b 48 58 48
0x00007ffccf01fcf1:   8d be f0 5c 03 00 80 7f 5c 00 0f 84 b6 00 00 00
0x00007ffccf01fd01:   48 8b 41 08 44 8b 60 30 4c 8b 07 49 8b 40 20 48
0x00007ffccf01fd11:   8b 50 08 48 8b 7a 08 bb e5 12 00 00 80 bf 38 16 


Register to memory mapping:

RAX=0x0000000000000000 is an unknown value
RBX=0x0000000000000000 is an unknown value
RCX=0x0000000000000000 is an unknown value
RDX=0x000000002ad4018c is an unknown value
RSP=0x0000000002c06cc0 is pointing into the stack for thread: 0x0000000002d64000
RBP=0x0000000002c06dc0 is pointing into the stack for thread: 0x0000000002d64000
RSI=0x0000000028aa0080 is an unknown value
RDI=0x0000000028ad5d70 is an unknown value
R8 =0x000000000000018c is an unknown value
R9 =0x0000000028ad5670 is an unknown value
R10=0x000000002ad40184 is an unknown value
R11=0x0000000000000000 is an unknown value
R12=0x0000000028ad5310 is an unknown value
R13=0x00000008e32a2040 is an unknown value
R14=0x0000000028b82c70 is an unknown value
R15=0x0000000028ad6020 is an unknown value


Stack: [0x0000000002b50000,0x0000000002c50000],  sp=0x0000000002c06cc0,  free space=731k
Native frames: (J=compiled Java code, j=interpreted, Vv=VM code, C=native code)
C  [igxelpicd64.dll+0x2fd01]
C  [igxelpicd64.dll+0x4023d]
C  [igxelpicd64.dll+0x6f646]
C  [igxelpicd64.dll+0x26f15f]
C  [igxelpicd64.dll+0x26f89f]
C  [igxelpicd64.dll+0x243d44]
C  [igxelpicd64.dll+0x9c00d0]
C  [igxelpicd64.dll+0xef1fc]
C  0x00000000039b26ca

Java frames: (J=compiled Java code, j=interpreted, Vv=VM code)
J 4031  org.lwjgl.opengl.GL20.nglUseProgram(IJ)V (0 bytes) @ 0x00000000039b2644 [0x00000000039b2600+0x44]
J 4443 C2 net.minecraft.client.renderer.EntityRenderer.func_181560_a(FJ)V (853 bytes) @ 0x0000000003dd2154 [0x0000000003dcff60+0x21f4]
J 4620 C2 net.minecraft.client.Minecraft.runGameLoop()V (964 bytes) @ 0x00000000036488c8 [0x0000000003647e20+0xaa8]
J 4621% C2 net.minecraft.client.Minecraft.run()V (205 bytes) @ 0x00000000032a1014 [0x00000000032a0fa0+0x74]
j  net.minecraft.client.main.Main.main([Ljava/lang/String;)V+1064
j  Start.main([Ljava/lang/String;)V+77
v  ~StubRoutines::call_stub

---------------  P R O C E S S  ---------------

Java Threads: ( => current thread )
  0x00000000256a1800 JavaThread "LWJGL Timer" daemon [_thread_blocked, id=3268, stack(0x0000000000b50000,0x0000000000c50000)]
  0x0000000025910800 JavaThread "Chunk Batcher 1" daemon [_thread_blocked, id=3692, stack(0x0000000033cc0000,0x0000000033dc0000)]
  0x0000000023925800 JavaThread "Chunk Batcher 0" daemon [_thread_blocked, id=10864, stack(0x0000000033050000,0x0000000033150000)]
  0x00000000214fc000 JavaThread "Thread-7" [_thread_blocked, id=19524, stack(0x0000000033450000,0x0000000033550000)]
  0x0000000022292000 JavaThread "Thread-6" [_thread_blocked, id=10152, stack(0x0000000033150000,0x0000000033250000)]
  0x0000000023924800 JavaThread "Java2D Disposer" daemon [_thread_blocked, id=9196, stack(0x0000000026fa0000,0x00000000270a0000)]
  0x0000000022cd2000 JavaThread "Timer hack thread" daemon [_thread_blocked, id=24968, stack(0x0000000025d20000,0x0000000025e20000)]
  0x00000000252d3800 JavaThread "Snooper Timer" daemon [_thread_blocked, id=12636, stack(0x0000000025e20000,0x0000000025f20000)]
  0x0000000025899800 JavaThread "Snooper Timer" daemon [_thread_blocked, id=9308, stack(0x0000000024820000,0x0000000024920000)]
  0x000000001e7e9000 JavaThread "Service Thread" daemon [_thread_blocked, id=7176, stack(0x0000000021260000,0x0000000021360000)]
  0x000000001e7d6800 JavaThread "C1 CompilerThread11" daemon [_thread_blocked, id=22856, stack(0x0000000021160000,0x0000000021260000)]
  0x000000001e7d3800 JavaThread "C1 CompilerThread10" daemon [_thread_blocked, id=6484, stack(0x0000000021060000,0x0000000021160000)]
  0x000000001e7c7000 JavaThread "C1 CompilerThread9" daemon [_thread_blocked, id=16276, stack(0x0000000020f60000,0x0000000021060000)]
  0x000000001e7b6000 JavaThread "C1 CompilerThread8" daemon [_thread_blocked, id=26356, stack(0x0000000020e60000,0x0000000020f60000)]
  0x000000001e7b5800 JavaThread "C2 CompilerThread7" daemon [_thread_blocked, id=13944, stack(0x0000000020d60000,0x0000000020e60000)]
  0x000000001e7a0800 JavaThread "C2 CompilerThread6" daemon [_thread_blocked, id=25060, stack(0x0000000020c60000,0x0000000020d60000)]
  0x000000001e79e000 JavaThread "C2 CompilerThread5" daemon [_thread_blocked, id=20472, stack(0x0000000020b60000,0x0000000020c60000)]
  0x000000001e791000 JavaThread "C2 CompilerThread4" daemon [_thread_blocked, id=3116, stack(0x0000000020960000,0x0000000020a60000)]
  0x000000001e76e000 JavaThread "C2 CompilerThread3" daemon [_thread_blocked, id=26216, stack(0x0000000020860000,0x0000000020960000)]
  0x000000001e723000 JavaThread "C2 CompilerThread2" daemon [_thread_blocked, id=8840, stack(0x0000000020760000,0x0000000020860000)]
  0x000000001e71e800 JavaThread "C2 CompilerThread1" daemon [_thread_blocked, id=12868, stack(0x0000000020660000,0x0000000020760000)]
  0x000000001e71d000 JavaThread "C2 CompilerThread0" daemon [_thread_blocked, id=23708, stack(0x0000000020560000,0x0000000020660000)]
  0x000000001e6f9000 JavaThread "JDWP Command Reader" daemon [_thread_in_native, id=22088, stack(0x0000000020460000,0x0000000020560000)]
  0x000000001e6f7000 JavaThread "JDWP Event Helper Thread" daemon [_thread_blocked, id=9092, stack(0x0000000020360000,0x0000000020460000)]
  0x000000001e6f6000 JavaThread "JDWP Transport Listener: dt_socket" daemon [_thread_blocked, id=25664, stack(0x0000000020260000,0x0000000020360000)]
  0x000000001e6e5800 JavaThread "Attach Listener" daemon [_thread_blocked, id=8620, stack(0x0000000020160000,0x0000000020260000)]
  0x000000001e68c800 JavaThread "Signal Dispatcher" daemon [_thread_blocked, id=25768, stack(0x0000000020060000,0x0000000020160000)]
  0x000000001e666800 JavaThread "Finalizer" daemon [_thread_blocked, id=12332, stack(0x000000001fec0000,0x000000001ffc0000)]
  0x000000001cbf3800 JavaThread "Reference Handler" daemon [_thread_blocked, id=11012, stack(0x000000001fdc0000,0x000000001fec0000)]
=>0x0000000002d64000 JavaThread "Client thread" [_thread_in_native, id=19312, stack(0x0000000002b50000,0x0000000002c50000)]

Other Threads:
  0x000000001cbe6800 VMThread [stack: 0x000000001fcc0000,0x000000001fdc0000] [id=27216]
  0x000000001e7df800 WatcherThread [stack: 0x0000000021360000,0x0000000021460000] [id=24804]

VM state:not at safepoint (normal execution)

VM Mutex/Monitor currently owned by a thread: None

Heap:
 PSYoungGen      total 55296K, used 35825K [0x000000076c180000, 0x0000000770400000, 0x00000007c0000000)
  eden space 48640K, 60% used [0x000000076c180000,0x000000076de75dd0,0x000000076f100000)
  from space 6656K, 92% used [0x000000076f180000,0x000000076f786820,0x000000076f800000)
  to   space 9728K, 0% used [0x000000076fa80000,0x000000076fa80000,0x0000000770400000)
 ParOldGen       total 110592K, used 77964K [0x00000006c4400000, 0x00000006cb000000, 0x000000076c180000)
  object space 110592K, 70% used [0x00000006c4400000,0x00000006c90233f0,0x00000006cb000000)
 Metaspace       used 32912K, capacity 33157K, committed 33536K, reserved 1079296K
  class space    used 4172K, capacity 4275K, committed 4352K, reserved 1048576K

Card table byte_map: [0x0000000012220000,0x0000000012a00000] byte_map_base: 0x000000000ebfe000

Marking Bits: (ParMarkBitMap*) 0x0000000073612f70
 Begin Bits: [0x0000000013c40000, 0x0000000017b30000)
 End Bits:   [0x0000000017b30000, 0x000000001ba20000)

Polling page: 0x0000000000930000

CodeCache: size=245760Kb used=14738Kb max_used=15805Kb free=231021Kb
 bounds [0x0000000002e60000, 0x0000000003e10000, 0x0000000011e60000]
 total_blobs=4185 nmethods=3511 adapters=591
 compilation: enabled

Compilation events (10 events):
Event: 3449.364 Thread 0x000000001e7b5800 4620   !   4       net.minecraft.client.Minecraft::runGameLoop (964 bytes)
Event: 3449.450 Thread 0x000000001e7b5800 nmethod 4620 0x0000000003647810 code [0x0000000003647e20, 0x000000000364bd80]
Event: 3533.906 Thread 0x000000001e723000 4621 % !   4       net.minecraft.client.Minecraft::run @ 37 (205 bytes)
Event: 3533.919 Thread 0x000000001e723000 nmethod 4621% 0x00000000032a0e10 code [0x00000000032a0fa0, 0x00000000032a11a8]
Event: 3655.925 Thread 0x000000001e7b6000 4622       1       java.lang.reflect.Constructor::getModifiers (5 bytes)
Event: 3655.925 Thread 0x000000001e7b6000 nmethod 4622 0x00000000037b3710 code [0x00000000037b3860, 0x00000000037b3970]
Event: 3930.306 Thread 0x000000001e7c7000 4623       3       java.nio.DirectFloatBufferU::get (16 bytes)
Event: 3930.317 Thread 0x000000001e7c7000 nmethod 4623 0x0000000003661dd0 code [0x0000000003661f40, 0x00000000036621b0]
Event: 4248.381 Thread 0x000000001e7b5800 4625       4       java.lang.Class::reflectionData (49 bytes)
Event: 4248.392 Thread 0x000000001e7b5800 nmethod 4625 0x0000000003214dd0 code [0x0000000003214f60, 0x0000000003215578]

GC Heap History (10 events):
Event: 4254.871 GC heap before
{Heap before GC invocations=110 (full 1):
 PSYoungGen      total 60416K, used 57280K [0x000000076c180000, 0x0000000770600000, 0x00000007c0000000)
  eden space 51712K, 100% used [0x000000076c180000,0x000000076f400000,0x000000076f400000)
  from space 8704K, 63% used [0x000000076fd80000,0x00000007702f0068,0x0000000770600000)
  to   space 9216K, 0% used [0x000000076f400000,0x000000076f400000,0x000000076fd00000)
 ParOldGen       total 110592K, used 77964K [0x00000006c4400000, 0x00000006cb000000, 0x000000076c180000)
  object space 110592K, 70% used [0x00000006c4400000,0x00000006c90233f0,0x00000006cb000000)
 Metaspace       used 32912K, capacity 33157K, committed 33536K, reserved 1079296K
  class space    used 4172K, capacity 4275K, committed 4352K, reserved 1048576K
Event: 4254.874 GC heap after
Heap after GC invocations=110 (full 1):
 PSYoungGen      total 57344K, used 6029K [0x000000076c180000, 0x0000000770580000, 0x00000007c0000000)
  eden space 51200K, 0% used [0x000000076c180000,0x000000076c180000,0x000000076f380000)
  from space 6144K, 98% used [0x000000076f400000,0x000000076f9e34b8,0x000000076fa00000)
  to   space 9216K, 0% used [0x000000076fc80000,0x000000076fc80000,0x0000000770580000)
 ParOldGen       total 110592K, used 77964K [0x00000006c4400000, 0x00000006cb000000, 0x000000076c180000)
  object space 110592K, 70% used [0x00000006c4400000,0x00000006c90233f0,0x00000006cb000000)
 Metaspace       used 32912K, capacity 33157K, committed 33536K, reserved 1079296K
  class space    used 4172K, capacity 4275K, committed 4352K, reserved 1048576K
}
Event: 4265.342 GC heap before
{Heap before GC invocations=111 (full 1):
 PSYoungGen      total 57344K, used 56741K [0x000000076c180000, 0x0000000770580000, 0x00000007c0000000)
  eden space 51200K, 99% used [0x000000076c180000,0x000000076f305fb8,0x000000076f380000)
  from space 6144K, 98% used [0x000000076f400000,0x000000076f9e34b8,0x000000076fa00000)
  to   space 9216K, 0% used [0x000000076fc80000,0x000000076fc80000,0x0000000770580000)
 ParOldGen       total 110592K, used 77964K [0x00000006c4400000, 0x00000006cb000000, 0x000000076c180000)
  object space 110592K, 70% used [0x00000006c4400000,0x00000006c90233f0,0x00000006cb000000)
 Metaspace       used 32912K, capacity 33157K, committed 33536K, reserved 1079296K
  class space    used 4172K, capacity 4275K, committed 4352K, reserved 1048576K
Event: 4265.345 GC heap after
Heap after GC invocations=111 (full 1):
 PSYoungGen      total 58368K, used 3874K [0x000000076c180000, 0x0000000770400000, 0x00000007c0000000)
  eden space 50688K, 0% used [0x000000076c180000,0x000000076c180000,0x000000076f300000)
  from space 7680K, 50% used [0x000000076fc80000,0x00000007700489f8,0x0000000770400000)
  to   space 8704K, 0% used [0x000000076f300000,0x000000076f300000,0x000000076fb80000)
 ParOldGen       total 110592K, used 77964K [0x00000006c4400000, 0x00000006cb000000, 0x000000076c180000)
  object space 110592K, 70% used [0x00000006c4400000,0x00000006c90233f0,0x00000006cb000000)
 Metaspace       used 32912K, capacity 33157K, committed 33536K, reserved 1079296K
  class space    used 4172K, capacity 4275K, committed 4352K, reserved 1048576K
}
Event: 4275.467 GC heap before
{Heap before GC invocations=112 (full 1):
 PSYoungGen      total 58368K, used 54562K [0x000000076c180000, 0x0000000770400000, 0x00000007c0000000)
  eden space 50688K, 100% used [0x000000076c180000,0x000000076f300000,0x000000076f300000)
  from space 7680K, 50% used [0x000000076fc80000,0x00000007700489f8,0x0000000770400000)
  to   space 8704K, 0% used [0x000000076f300000,0x000000076f300000,0x000000076fb80000)
 ParOldGen       total 110592K, used 77964K [0x00000006c4400000, 0x00000006cb000000, 0x000000076c180000)
  object space 110592K, 70% used [0x00000006c4400000,0x00000006c90233f0,0x00000006cb000000)
 Metaspace       used 32912K, capacity 33157K, committed 33536K, reserved 1079296K
  class space    used 4172K, capacity 4275K, committed 4352K, reserved 1048576K
Event: 4275.470 GC heap after
Heap after GC invocations=112 (full 1):
 PSYoungGen      total 55808K, used 5126K [0x000000076c180000, 0x0000000770380000, 0x00000007c0000000)
  eden space 50176K, 0% used [0x000000076c180000,0x000000076c180000,0x000000076f280000)
  from space 5632K, 91% used [0x000000076f300000,0x000000076f801aa8,0x000000076f880000)
  to   space 8704K, 0% used [0x000000076fb00000,0x000000076fb00000,0x0000000770380000)
 ParOldGen       total 110592K, used 77964K [0x00000006c4400000, 0x00000006cb000000, 0x000000076c180000)
  object space 110592K, 70% used [0x00000006c4400000,0x00000006c90233f0,0x00000006cb000000)
 Metaspace       used 32912K, capacity 33157K, committed 33536K, reserved 1079296K
  class space    used 4172K, capacity 4275K, committed 4352K, reserved 1048576K
}
Event: 4287.388 GC heap before
{Heap before GC invocations=113 (full 1):
 PSYoungGen      total 55808K, used 55302K [0x000000076c180000, 0x0000000770380000, 0x00000007c0000000)
  eden space 50176K, 100% used [0x000000076c180000,0x000000076f280000,0x000000076f280000)
  from space 5632K, 91% used [0x000000076f300000,0x000000076f801aa8,0x000000076f880000)
  to   space 8704K, 0% used [0x000000076fb00000,0x000000076fb00000,0x0000000770380000)
 ParOldGen       total 110592K, used 77964K [0x00000006c4400000, 0x00000006cb000000, 0x000000076c180000)
  object space 110592K, 70% used [0x00000006c4400000,0x00000006c90233f0,0x00000006cb000000)
 Metaspace       used 32912K, capacity 33157K, committed 33536K, reserved 1079296K
  class space    used 4172K, capacity 4275K, committed 4352K, reserved 1048576K
Event: 4287.390 GC heap after
Heap after GC invocations=113 (full 1):
 PSYoungGen      total 57856K, used 7225K [0x000000076c180000, 0x0000000770500000, 0x00000007c0000000)
  eden space 49152K, 0% used [0x000000076c180000,0x000000076c180000,0x000000076f180000)
  from space 8704K, 83% used [0x000000076fb00000,0x000000077020e6b8,0x0000000770380000)
  to   space 9728K, 0% used [0x000000076f180000,0x000000076f180000,0x000000076fb00000)
 ParOldGen       total 110592K, used 77964K [0x00000006c4400000, 0x00000006cb000000, 0x000000076c180000)
  object space 110592K, 70% used [0x00000006c4400000,0x00000006c90233f0,0x00000006cb000000)
 Metaspace       used 32912K, capacity 33157K, committed 33536K, reserved 1079296K
  class space    used 4172K, capacity 4275K, committed 4352K, reserved 1048576K
}
Event: 4299.410 GC heap before
{Heap before GC invocations=114 (full 1):
 PSYoungGen      total 57856K, used 56292K [0x000000076c180000, 0x0000000770500000, 0x00000007c0000000)
  eden space 49152K, 99% used [0x000000076c180000,0x000000076f16ab40,0x000000076f180000)
  from space 8704K, 83% used [0x000000076fb00000,0x000000077020e6b8,0x0000000770380000)
  to   space 9728K, 0% used [0x000000076f180000,0x000000076f180000,0x000000076fb00000)
 ParOldGen       total 110592K, used 77964K [0x00000006c4400000, 0x00000006cb000000, 0x000000076c180000)
  object space 110592K, 70% used [0x00000006c4400000,0x00000006c90233f0,0x00000006cb000000)
 Metaspace       used 32912K, capacity 33157K, committed 33536K, reserved 1079296K
  class space    used 4172K, capacity 4275K, committed 4352K, reserved 1048576K
Event: 4299.413 GC heap after
Heap after GC invocations=114 (full 1):
 PSYoungGen      total 55296K, used 6170K [0x000000076c180000, 0x0000000770400000, 0x00000007c0000000)
  eden space 48640K, 0% used [0x000000076c180000,0x000000076c180000,0x000000076f100000)
  from space 6656K, 92% used [0x000000076f180000,0x000000076f786820,0x000000076f800000)
  to   space 9728K, 0% used [0x000000076fa80000,0x000000076fa80000,0x0000000770400000)
 ParOldGen       total 110592K, used 77964K [0x00000006c4400000, 0x00000006cb000000, 0x000000076c180000)
  object space 110592K, 70% used [0x00000006c4400000,0x00000006c90233f0,0x00000006cb000000)
 Metaspace       used 32912K, capacity 33157K, committed 33536K, reserved 1079296K
  class space    used 4172K, capacity 4275K, committed 4352K, reserved 1048576K
}

Deoptimization events (10 events):
Event: 517.240 Thread 0x00000000214fc000 Uncommon trap: reason=unstable_if action=reinterpret pc=0x0000000003ca8b40 method=com.jcraft.jorbis.Residue2.inverse(Lcom/jcraft/jorbis/Block;Ljava/lang/Object;[[F[II)I @ 18
Event: 531.225 Thread 0x0000000002d64000 Uncommon trap: reason=speculate_class_check action=maybe_recompile pc=0x0000000003cc3e64 method=java.util.EnumMap.get(Ljava/lang/Object;)Ljava/lang/Object; @ 14
Event: 531.226 Thread 0x0000000002d64000 Uncommon trap: reason=null_check action=make_not_entrant pc=0x0000000003df4ce4 method=net.minecraft.client.audio.SoundManager$SoundSystemStarterThread.playing(Ljava/lang/String;)Z @ 28
Event: 531.248 Thread 0x00000000214fc000 Uncommon trap: reason=unstable_if action=reinterpret pc=0x00000000039e59d4 method=com.jcraft.jorbis.Block.synthesis(Lcom/jcraft/jogg/Packet;)I @ 184
Event: 531.250 Thread 0x00000000214fc000 Uncommon trap: reason=unstable_if action=reinterpret pc=0x0000000003c27348 method=com.jcraft.jorbis.Floor1.inverse1(Lcom/jcraft/jorbis/Block;Ljava/lang/Object;Ljava/lang/Object;)Ljava/lang/Object; @ 461
Event: 738.687 Thread 0x0000000002d64000 Uncommon trap: reason=speculate_class_check action=maybe_recompile pc=0x0000000003cc3e64 method=java.util.EnumMap.get(Ljava/lang/Object;)Ljava/lang/Object; @ 14
Event: 754.893 Thread 0x0000000002d64000 Uncommon trap: reason=unstable_if action=reinterpret pc=0x0000000003c5f96c method=org.lwjgl.opengl.Display.update(Z)V @ 41
Event: 918.258 Thread 0x00000000214fc000 Uncommon trap: reason=unstable_if action=reinterpret pc=0x00000000034c973c method=com.jcraft.jorbis.Mapping0.inverse(Lcom/jcraft/jorbis/Block;Ljava/lang/Object;)I @ 292
Event: 1007.472 Thread 0x0000000025899800 Uncommon trap: reason=unstable_if action=reinterpret pc=0x0000000003ac3278 method=java.lang.AbstractStringBuilder.append(I)Ljava/lang/AbstractStringBuilder; @ 16
Event: 3274.088 Thread 0x0000000002d64000 Uncommon trap: reason=unstable_if action=reinterpret pc=0x0000000003aa2b50 method=net.minecraft.util.Timer.updateTimer()V @ 227

Internal exceptions (10 events):
Event: 3626.618 Thread 0x0000000022292000 Exception <a 'java/lang/InterruptedException': sleep interrupted> (0x000000076cdb37b0) thrown at [C:\re\workspace\8-2-build-windows-amd64-cygwin\jdk8u91\6644\hotspot\src\share\vm\prims\jvm.cpp, line 3215]
Event: 3655.925 Thread 0x0000000022292000 Exception <a 'java/lang/InterruptedException': sleep interrupted> (0x000000076cdb3a40) thrown at [C:\re\workspace\8-2-build-windows-amd64-cygwin\jdk8u91\6644\hotspot\src\share\vm\prims\jvm.cpp, line 3215]
Event: 3655.933 Thread 0x00000000214fc000 Exception <a 'java/lang/InterruptedException': sleep interrupted> (0x000000076c596348) thrown at [C:\re\workspace\8-2-build-windows-amd64-cygwin\jdk8u91\6644\hotspot\src\share\vm\prims\jvm.cpp, line 3215]
Event: 3707.786 Thread 0x0000000025899800 Exception <a 'java/net/UnknownHostException': snoop.minecraft.net> (0x000000076ef43018) thrown at [C:\re\workspace\8-2-build-windows-amd64-cygwin\jdk8u91\6644\hotspot\src\share\vm\prims\jni.cpp, line 735]
Event: 3900.746 Thread 0x0000000022292000 Exception <a 'java/lang/InterruptedException': sleep interrupted> (0x000000076e33d6c8) thrown at [C:\re\workspace\8-2-build-windows-amd64-cygwin\jdk8u91\6644\hotspot\src\share\vm\prims\jvm.cpp, line 3215]
Event: 3930.305 Thread 0x0000000022292000 Exception <a 'java/lang/InterruptedException': sleep interrupted> (0x000000076d663220) thrown at [C:\re\workspace\8-2-build-windows-amd64-cygwin\jdk8u91\6644\hotspot\src\share\vm\prims\jvm.cpp, line 3215]
Event: 3930.321 Thread 0x00000000214fc000 Exception <a 'java/lang/InterruptedException': sleep interrupted> (0x000000076d740100) thrown at [C:\re\workspace\8-2-build-windows-amd64-cygwin\jdk8u91\6644\hotspot\src\share\vm\prims\jvm.cpp, line 3215]
Event: 4124.960 Thread 0x0000000022292000 Exception <a 'java/lang/InterruptedException': sleep interrupted> (0x000000076f45bdf8) thrown at [C:\re\workspace\8-2-build-windows-amd64-cygwin\jdk8u91\6644\hotspot\src\share\vm\prims\jvm.cpp, line 3215]
Event: 4148.667 Thread 0x0000000022292000 Exception <a 'java/lang/InterruptedException': sleep interrupted> (0x000000076e94f640) thrown at [C:\re\workspace\8-2-build-windows-amd64-cygwin\jdk8u91\6644\hotspot\src\share\vm\prims\jvm.cpp, line 3215]
Event: 4148.720 Thread 0x00000000214fc000 Exception <a 'java/lang/InterruptedException': sleep interrupted> (0x000000076ea2abf8) thrown at [C:\re\workspace\8-2-build-windows-amd64-cygwin\jdk8u91\6644\hotspot\src\share\vm\prims\jvm.cpp, line 3215]

Events (10 events):
Event: 4254.871 Executing VM operation: ParallelGCFailedAllocation
Event: 4254.874 Executing VM operation: ParallelGCFailedAllocation done
Event: 4265.342 Executing VM operation: ParallelGCFailedAllocation
Event: 4265.345 Executing VM operation: ParallelGCFailedAllocation done
Event: 4275.466 Executing VM operation: ParallelGCFailedAllocation
Event: 4275.470 Executing VM operation: ParallelGCFailedAllocation done
Event: 4287.388 Executing VM operation: ParallelGCFailedAllocation
Event: 4287.390 Executing VM operation: ParallelGCFailedAllocation done
Event: 4299.410 Executing VM operation: ParallelGCFailedAllocation
Event: 4299.413 Executing VM operation: ParallelGCFailedAllocation done


Dynamic libraries:
0x00007ff755260000 - 0x00007ff755297000 	C:\Program Files\Java\jdk1.8.0_91\bin\java.exe
0x00007ffd5ac70000 - 0x00007ffd5ae86000 	C:\Windows\SYSTEM32\ntdll.dll
0x00007ffd59bb0000 - 0x00007ffd59c74000 	C:\Windows\System32\KERNEL32.DLL
0x00007ffd58150000 - 0x00007ffd584f6000 	C:\Windows\System32\KERNELBASE.dll
0x00007ffd59ab0000 - 0x00007ffd59b62000 	C:\Windows\System32\ADVAPI32.dll
0x00007ffd58e50000 - 0x00007ffd58ef7000 	C:\Windows\System32\msvcrt.dll
0x00007ffd59820000 - 0x00007ffd598c8000 	C:\Windows\System32\sechost.dll
0x00007ffd58920000 - 0x00007ffd58948000 	C:\Windows\System32\bcrypt.dll
0x00007ffd59f70000 - 0x00007ffd5a085000 	C:\Windows\System32\RPCRT4.dll
0x00007ffd59c80000 - 0x00007ffd59e2d000 	C:\Windows\System32\USER32.dll
0x00007ffd586c0000 - 0x00007ffd586e6000 	C:\Windows\System32\win32u.dll
0x00007ffd59b80000 - 0x00007ffd59ba9000 	C:\Windows\System32\GDI32.dll
0x00007ffd58030000 - 0x00007ffd58148000 	C:\Windows\System32\gdi32full.dll
0x00007ffd58620000 - 0x00007ffd586ba000 	C:\Windows\System32\msvcp_win.dll
0x00007ffd58500000 - 0x00007ffd58611000 	C:\Windows\System32\ucrtbase.dll
0x00007ffd36b80000 - 0x00007ffd36e13000 	C:\Windows\WinSxS\amd64_microsoft.windows.common-controls_6595b64144ccf1df_6.0.22621.3235_none_270f74e173860f98\COMCTL32.dll
0x00007ffd59e30000 - 0x00007ffd59e61000 	C:\Windows\System32\IMM32.DLL
0x0000000073ef0000 - 0x0000000073fc2000 	C:\Program Files\Java\jdk1.8.0_91\jre\bin\msvcr100.dll
0x0000000072e00000 - 0x0000000073693000 	C:\Program Files\Java\jdk1.8.0_91\jre\bin\server\jvm.dll
0x00007ffd589c0000 - 0x00007ffd589c8000 	C:\Windows\System32\PSAPI.DLL
0x00007ffd4ccd0000 - 0x00007ffd4ccd9000 	C:\Windows\SYSTEM32\WSOCK32.dll
0x00007ffd51970000 - 0x00007ffd519a4000 	C:\Windows\SYSTEM32\WINMM.dll
0x00007ffd58bd0000 - 0x00007ffd58c41000 	C:\Windows\System32\WS2_32.dll
0x00007ffd4b0e0000 - 0x00007ffd4b0ea000 	C:\Windows\SYSTEM32\VERSION.dll
0x0000000073ee0000 - 0x0000000073eef000 	C:\Program Files\Java\jdk1.8.0_91\jre\bin\verify.dll
0x0000000073eb0000 - 0x0000000073ed9000 	C:\Program Files\Java\jdk1.8.0_91\jre\bin\java.dll
0x0000000073e70000 - 0x0000000073ea5000 	C:\Program Files\Java\jdk1.8.0_91\jre\bin\jdwp.dll
0x0000000073e60000 - 0x0000000073e68000 	C:\Program Files\Java\jdk1.8.0_91\jre\bin\npt.dll
0x0000000073e30000 - 0x0000000073e53000 	C:\Program Files\Java\jdk1.8.0_91\jre\bin\instrument.dll
0x0000000073e10000 - 0x0000000073e26000 	C:\Program Files\Java\jdk1.8.0_91\jre\bin\zip.dll
0x00007ffd58fc0000 - 0x00007ffd5981d000 	C:\Windows\System32\SHELL32.dll
0x00007ffd55f20000 - 0x00007ffd56818000 	C:\Windows\SYSTEM32\windows.storage.dll
0x00007ffd5a8a0000 - 0x00007ffd5ac28000 	C:\Windows\System32\combase.dll
0x00007ffd55de0000 - 0x00007ffd55f1e000 	C:\Windows\SYSTEM32\wintypes.dll
0x00007ffd5a1f0000 - 0x00007ffd5a2e3000 	C:\Windows\System32\SHCORE.dll
0x00007ffd58f00000 - 0x00007ffd58f5e000 	C:\Windows\System32\shlwapi.dll
0x00007ffd57ee0000 - 0x00007ffd57f06000 	C:\Windows\SYSTEM32\profapi.dll
0x0000000073e00000 - 0x0000000073e09000 	C:\Program Files\Java\jdk1.8.0_91\jre\bin\dt_socket.dll
0x00007ffd57560000 - 0x00007ffd575c9000 	C:\Windows\system32\mswsock.dll
0x0000000073df0000 - 0x0000000073dfd000 	C:\Program Files\Java\jdk1.8.0_91\jre\bin\management.dll
0x0000000073dd0000 - 0x0000000073dea000 	C:\Program Files\Java\jdk1.8.0_91\jre\bin\net.dll
0x0000000073db0000 - 0x0000000073dc1000 	C:\Program Files\Java\jdk1.8.0_91\jre\bin\nio.dll
0x00007ffd21f40000 - 0x00007ffd21f57000 	C:\Windows\system32\napinsp.dll
0x00007ffd21f20000 - 0x00007ffd21f3b000 	C:\Windows\system32\pnrpnsp.dll
0x00007ffd56b60000 - 0x00007ffd56c59000 	C:\Windows\SYSTEM32\DNSAPI.dll
0x00007ffd56af0000 - 0x00007ffd56b1d000 	C:\Windows\SYSTEM32\IPHLPAPI.DLL
0x00007ffd59b70000 - 0x00007ffd59b79000 	C:\Windows\System32\NSI.dll
0x00007ffd21f00000 - 0x00007ffd21f11000 	C:\Windows\System32\winrnr.dll
0x00007ffd4b0c0000 - 0x00007ffd4b0d5000 	C:\Windows\system32\wshbth.dll
0x00007ffd21ed0000 - 0x00007ffd21ef1000 	C:\Windows\system32\nlansp_c.dll
0x00007ffd4b780000 - 0x00007ffd4b803000 	C:\Windows\System32\fwpuclnt.dll
0x00007ffd4d3c0000 - 0x00007ffd4d3ca000 	C:\Windows\System32\rasadhlp.dll
0x0000000180000000 - 0x0000000180053000 	D:\GradeClient-main\jars\versions\1.8.8\1.8.8-natives\lwjgl64.dll
0x00007ffcd00d0000 - 0x00007ffcd01d0000 	C:\Windows\SYSTEM32\OPENGL32.dll
0x00007ffcd00a0000 - 0x00007ffcd00cd000 	C:\Windows\SYSTEM32\GLU32.dll
0x00007ffd55150000 - 0x00007ffd55189000 	C:\Windows\SYSTEM32\dxcore.dll
0x00007ffd577c0000 - 0x00007ffd577db000 	C:\Windows\SYSTEM32\CRYPTSP.dll
0x00007ffd57040000 - 0x00007ffd57075000 	C:\Windows\system32\rsaenh.dll
0x00007ffd57650000 - 0x00007ffd5767c000 	C:\Windows\SYSTEM32\USERENV.dll
0x00007ffd57fb0000 - 0x00007ffd5802a000 	C:\Windows\System32\bcryptprimitives.dll
0x00007ffd577b0000 - 0x00007ffd577bc000 	C:\Windows\SYSTEM32\CRYPTBASE.dll
0x00007ffd4d620000 - 0x00007ffd4d639000 	C:\Windows\SYSTEM32\dhcpcsvc6.DLL
0x00007ffd4d550000 - 0x00007ffd4d56f000 	C:\Windows\SYSTEM32\dhcpcsvc.DLL
0x0000000072c60000 - 0x0000000072df8000 	C:\Program Files\Java\jdk1.8.0_91\jre\bin\awt.dll
0x00007ffd58a40000 - 0x00007ffd58b17000 	C:\Windows\System32\OLEAUT32.dll
0x00007ffd51830000 - 0x00007ffd518c7000 	C:\Windows\SYSTEM32\apphelp.dll
0x00007ffd4cd90000 - 0x00007ffd4ce4c000 	C:\Windows\SYSTEM32\mscms.dll
0x00007ffd570e0000 - 0x00007ffd570f8000 	C:\Windows\SYSTEM32\kernel.appcore.dll
0x00007ffd58b20000 - 0x00007ffd58bd0000 	C:\Windows\System32\clbcatq.dll
0x00007ffd4b180000 - 0x00007ffd4b1ce000 	C:\Windows\System32\Windows.Internal.Graphics.Display.DisplayColorManagement.dll
0x00007ffd57ca0000 - 0x00007ffd57cee000 	C:\Windows\SYSTEM32\cfgmgr32.dll
0x00007ffd51d10000 - 0x00007ffd51dbb000 	C:\Windows\system32\uxtheme.dll
0x00007ffd5a090000 - 0x00007ffd5a1e4000 	C:\Windows\System32\MSCTF.dll
0x00007ffd4a680000 - 0x00007ffd4a7ca000 	C:\Windows\SYSTEM32\textinputframework.dll
0x00007ffd3fff0000 - 0x00007ffd40059000 	C:\Windows\system32\Oleacc.dll
0x00007ffd4e730000 - 0x00007ffd4e77a000 	C:\Windows\SYSTEM32\directxdatabasehelper.dll
0x00007ffd51140000 - 0x00007ffd51274000 	C:\Windows\System32\CoreMessaging.dll
0x00007ffd4b270000 - 0x00007ffd4b3a5000 	C:\Windows\System32\AppXDeploymentClient.dll
0x00007ffcceff0000 - 0x00007ffcd0099000 	C:\Windows\System32\DriverStore\FileRepository\iigd_dch.inf_amd64_57d6be89ba05925b\igxelpicd64.dll
0x00007ffd58c50000 - 0x00007ffd58def000 	C:\Windows\System32\ole32.dll
0x00007ffd54740000 - 0x00007ffd5476b000 	C:\Windows\system32\dwmapi.dll
0x00007ffd55660000 - 0x00007ffd55758000 	C:\Windows\system32\dxgi.dll
0x00007ffcceec0000 - 0x00007ffccefe4000 	C:\Windows\System32\DriverStore\FileRepository\iigd_dch.inf_amd64_57d6be89ba05925b\igdml64.dll
0x00007ffd48510000 - 0x00007ffd48922000 	C:\Windows\System32\DriverStore\FileRepository\iigd_dch.inf_amd64_57d6be89ba05925b\igdgmm64.dll
0x00007ffd57c70000 - 0x00007ffd57c9c000 	C:\Windows\SYSTEM32\DEVOBJ.dll
0x00007ffd58950000 - 0x00007ffd589bb000 	C:\Windows\System32\WINTRUST.dll
0x00007ffd587b0000 - 0x00007ffd58916000 	C:\Windows\System32\CRYPT32.dll
0x00007ffd57810000 - 0x00007ffd57822000 	C:\Windows\SYSTEM32\MSASN1.dll
0x00007ffd3c350000 - 0x00007ffd3c399000 	C:\Windows\SYSTEM32\icm32.dll
0x00007ffd40120000 - 0x00007ffd4455e000 	C:\Windows\System32\DriverStore\FileRepository\iigd_dch.inf_amd64_57d6be89ba05925b\igc64.dll
0x00007ffd56e40000 - 0x00007ffd56e8d000 	C:\Windows\SYSTEM32\powrprof.dll
0x00007ffd56e20000 - 0x00007ffd56e33000 	C:\Windows\SYSTEM32\UMPDC.dll
0x0000000027420000 - 0x0000000027458000 	C:\Users\43850\AppData\Local\Temp\jna\jna8500907884805253345.dll
0x0000000070a40000 - 0x0000000070adc000 	D:\GradeClient-main\jars\versions\1.8.8\1.8.8-natives\avutil-ttv-51.dll
0x0000000065980000 - 0x00000000659d6000 	D:\GradeClient-main\jars\versions\1.8.8\1.8.8-natives\swresample-ttv-0.dll
0x000000006eb80000 - 0x000000006ec50000 	D:\GradeClient-main\jars\versions\1.8.8\1.8.8-natives\libmp3lame-ttv.dll
0x00007ffcee680000 - 0x00007ffcefa24000 	D:\GradeClient-main\jars\versions\1.8.8\1.8.8-natives\libmfxsw64.dll
0x00007ffd05280000 - 0x00007ffd053ed000 	D:\GradeClient-main\jars\versions\1.8.8\1.8.8-natives\twitchsdk.dll
0x00007ffd373a0000 - 0x00007ffd37894000 	C:\Windows\SYSTEM32\WININET.dll
0x0000000033550000 - 0x00000000335b4000 	D:\GradeClient-main\jars\versions\1.8.8\1.8.8-natives\OpenAL64.dll
0x00007ffd45d90000 - 0x00007ffd45e2d000 	C:\Windows\System32\MMDevApi.dll
0x00007ffcd9220000 - 0x00007ffcd92c2000 	C:\Windows\SYSTEM32\dsound.dll
0x00007ffca5ac0000 - 0x00007ffca5b71000 	C:\Windows\SYSTEM32\ResampleDmo.DLL
0x00007ffd21f60000 - 0x00007ffd21f89000 	C:\Windows\SYSTEM32\winmmbase.dll
0x00007ffd3c7c0000 - 0x00007ffd3c7cb000 	C:\Windows\SYSTEM32\msdmo.dll
0x00007ffd3d6e0000 - 0x00007ffd3d8cc000 	C:\Windows\SYSTEM32\AUDIOSES.DLL
0x00007ffd55ab0000 - 0x00007ffd55ac5000 	C:\Windows\SYSTEM32\resourcepolicyclient.dll
0x00007ffd551a0000 - 0x00007ffd553d3000 	C:\Windows\SYSTEM32\dbghelp.dll

VM Arguments:
jvm_args: -agentlib:jdwp=transport=dt_socket,address=127.0.0.1:52750,suspend=y,server=n -javaagent:D:\ideaIU-2023.2.win\plugins\java\lib\rt\debugger-agent.jar -Dfile.encoding=UTF-8 
java_command: Start -Djava.library.path=D:\GradeClient-main\jars\versions\1.8.8\1.8.8-natives
java_class_path (initial): C:\Program Files\Java\jdk1.8.0_91\jre\lib\charsets.jar;C:\Program Files\Java\jdk1.8.0_91\jre\lib\deploy.jar;C:\Program Files\Java\jdk1.8.0_91\jre\lib\ext\access-bridge-64.jar;C:\Program Files\Java\jdk1.8.0_91\jre\lib\ext\cldrdata.jar;C:\Program Files\Java\jdk1.8.0_91\jre\lib\ext\dnsns.jar;C:\Program Files\Java\jdk1.8.0_91\jre\lib\ext\jaccess.jar;C:\Program Files\Java\jdk1.8.0_91\jre\lib\ext\jfxrt.jar;C:\Program Files\Java\jdk1.8.0_91\jre\lib\ext\localedata.jar;C:\Program Files\Java\jdk1.8.0_91\jre\lib\ext\nashorn.jar;C:\Program Files\Java\jdk1.8.0_91\jre\lib\ext\sunec.jar;C:\Program Files\Java\jdk1.8.0_91\jre\lib\ext\sunjce_provider.jar;C:\Program Files\Java\jdk1.8.0_91\jre\lib\ext\sunmscapi.jar;C:\Program Files\Java\jdk1.8.0_91\jre\lib\ext\sunpkcs11.jar;C:\Program Files\Java\jdk1.8.0_91\jre\lib\ext\zipfs.jar;C:\Program Files\Java\jdk1.8.0_91\jre\lib\javaws.jar;C:\Program Files\Java\jdk1.8.0_91\jre\lib\jce.jar;C:\Program Files\Java\jdk1.8.0_91\jre\lib\jfr.jar;C:\Program Files\Java\jdk1.8.0_91\jre\lib\jfxswt.jar;C:\Program Files\Java\jdk1.8.0_91\jre\lib\jsse.jar;C:\Program Files\Java\jdk1.8.0_91\jre\lib\management-agent.jar;C:\Program Files\Java\jdk1.8.0_91\jre\lib\plugin.jar;C:\Program Files\Java\jdk1.8.0_91\jre\lib\resources.jar;C:\Program Files\Java\jdk1.8.0_91\jre\lib\rt.jar;D:\GradeClient-main\out\production\GradeClient;D:\GradeClient-main\lib\1.8.8.jar;D:\GradeClient-main\lib\jna-3.4.0.jar;D:\GradeClient-main\lib\fernflower.jar;D:\GradeClient-main\lib\gson-2.2.4.jar;D:\GradeClient-main\lib\guava-17.0.jar;D:\GradeClient-main\lib\mcinjector.jar;D:\GradeClient-main\lib\retroguard.jar;D:\GradeClient-main\lib\twitch-6.5.jar;D:\GradeClient-main\lib\netty-1.8.8.jar;D:\GradeClient-main\lib\jinput-2.0.5.jar;D:\GradeClient-main\lib\jutils-1.0.0.jar;D:\GradeClient-main\lib\minecraft_rg.jar;D:\GradeClient-main\lib\minecraft_exc.jar;D:\GradeClient-main\lib\oshi-core-1.1.jar;D:\GradeClient-main\lib\realms-1.7.39.jar;D:\GradeClient-main\lib\specia
Launcher Type: SUN_STANDARD

Environment Variables:
JAVA_HOME=D:\graalvm-jdk-17.0.8+9.1
PATH=D:\graalvm-jdk-17.0.8+9.1\bin;D:\Program Files (x86)\VMware\VMware Workstation\bin\;C:\ProgramData\Oracle\Java\javapath;C:\Windows\system32;C:\Windows;C:\Windows\System32\Wbem;C:\Windows\System32\WindowsPowerShell\v1.0\;C:\Windows\System32\OpenSSH\;C:\Program Files (x86)\NVIDIA Corporation\PhysX\Common;C:\Program Files\NVIDIA Corporation\NVIDIA NvDLISR;C:\Program Files\Git\cmd;C:\Program Files\Microsoft SQL Server\150\Tools\Binn\;C:\Program Files\Microsoft SQL Server\Client SDK\ODBC\170\Tools\Binn\;C:\Program Files\dotnet\;D:\Windows Kits\10\Windows Performance Toolkit\;C:\Users\43850\AppData\Roaming\nvm;C:\Program Files\nodejs;C:\Program Files (x86)\Microsoft SQL Server\Client SDK\ODBC\130\Tools\Binn\;C:\Program Files (x86)\Microsoft SQL Server\140\Tools\Binn\;C:\Program Files (x86)\Microsoft SQL Server\140\DTS\Binn\;C:\Program Files (x86)\Microsoft SQL Server\140\Tools\Binn\ManagementStudio\;C:\Program Files (x86)\Microsoft SQL Server\130\Tools\Binn\;C:\Program Files\Microsoft SQL Server\130\Tools\Binn\;C:\Program Files (x86)\Microsoft SQL Server\130\DTS\Binn\;C:\Program Files\Microsoft SQL Server\130\DTS\Binn\;C:\Program Files\Microsoft SQL Server\Client SDK\ODBC\130\Tools\Binn\;D:\Program Files\Redis\;D:\GradeClient-main\jars\versions\1.8.8\1.8.8-natives;C:\Users\43850\AppData\Local\Microsoft\WindowsApps;C:\Users\43850\AppData\Roaming\npm;C:\Users\43850\.dotnet\tools;C:\Users\43850\AppData\Local\Programs\Microsoft VS Code\bin;C:\Users\43850\AppData\Roaming\nvm;C:\Program Files\nodejs;C:\Users\43850\AppData\Local\gitkraken\bin
USERNAME=43850
OS=Windows_NT
PROCESSOR_IDENTIFIER=Intel64 Family 6 Model 154 Stepping 3, GenuineIntel



---------------  S Y S T E M  ---------------

OS: Windows 10.0 , 64 bit Build 22621 (10.0.22621.3235)

CPU:total 16 (8 cores per cpu, 2 threads per core) family 6 model 154 stepping 3, cmov, cx8, fxsr, mmx, sse, sse2, sse3, ssse3, sse4.1, sse4.2, popcnt, avx, avx2, aes, clmul, erms, 3dnowpref, lzcnt, ht, tsc, tscinvbit, bmi1, bmi2, adx

Memory: 4k page, physical 16496120k(364744k free), swap 35696116k(904k free)

vm_info: Java HotSpot(TM) 64-Bit Server VM (25.91-b14) for windows-amd64 JRE (1.8.0_91-b14), built on Apr  1 2016 00:58:32 by "java_re" with MS VC++ 10.0 (VS2010)

time: Sat Mar 30 09:45:11 2024
elapsed time: 4307 seconds (0d 1h 11m 47s)

