#
# A fatal error has been detected by the Java Runtime Environment:
#
#  EXCEPTION_ACCESS_VIOLATION (0xc0000005) at pc=0x00007ffa717895aa, pid=27544, tid=26948
#
# JRE version: Java(TM) SE Runtime Environment (8.0_91-b14) (build 1.8.0_91-b14)
# Java VM: Java HotSpot(TM) 64-Bit Server VM (25.91-b14 mixed mode windows-amd64 compressed oops)
# Problematic frame:
# C  [igxelpicd64.dll+0x2895aa]
#
# Failed to write core dump. Minidumps are not enabled by default on client versions of Windows
#
# If you would like to submit a bug report, please visit:
#   http://bugreport.java.com/bugreport/crash.jsp
#

---------------  T H R E A D  ---------------

Current thread (0x000000001e465000):  VMThread [stack: 0x000000001fae0000,0x000000001fbe0000] [id=26948]

siginfo: ExceptionCode=0xc0000005, reading address 0x0000000000035f88

Registers:
RAX=0x0000000034cedfb8, RBX=0x0000000000000000, RCX=0x0000000000000000, RDX=0x00000000fffffff0
RSP=0x000000001fbde740, RBP=0x000000001fbde7a8, RSI=0x0000000034c1b330, RDI=0x0000000000000000
R8 =0x0000000000000000, R9 =0x0000000000000000, R10=0x0000000034cee488, R11=0x0000000000000246
R12=0x0000000034f244c8, R13=0x0000000000000000, R14=0x0000000034cedeb0, R15=0x0000000000000016
RIP=0x00007ffa717895aa, EFLAGS=0x0000000000010206

Top of Stack: (sp=0x000000001fbde740)
0x000000001fbde740:   00000000297efef0 02c0508500ae5085
0x000000001fbde750:   01067b860241e385 01b6ec8602b4a686
0x000000001fbde760:   00000000364cb750 0125f0870083de87
0x000000001fbde770:   00000000297efef0 0000000034cee488
0x000000001fbde780:   02832f8902dc0289 018bdc8902a34789
0x000000001fbde790:   02933d8a02c8dd89 0093808a02864b8a
0x000000001fbde7a0:   02489c8a02a2888a 0000000000000017
0x000000001fbde7b0:   00000000000023cc 0000740400000000
0x000000001fbde7c0:   0000000034f244c8 0000000000000000
0x000000001fbde7d0:   0000000000000000 0000000034c1b330
0x000000001fbde7e0:   000000001fbde8f0 00007ffa71581d5f
0x000000001fbde7f0:   0000000034c1b300 0000000000000016
0x000000001fbde800:   0292e3910235c300 0000000034c1b300
0x000000001fbde810:   00000000000007c0 02be9f9200000000
0x000000001fbde820:   0000000000000000 023dca9300c76993
0x000000001fbde830:   0274e693018cce93 01e05a9401f73994 

Instructions: (pc=0x00007ffa717895aa)
0x00007ffa7178958a:   48 8d 04 c0 48 8d 40 21 49 8d 04 c6 48 85 c0 74
0x00007ffa7178959a:   0c 48 8b 48 08 eb 09 48 83 c0 08 eb ef 48 8b cb
0x00007ffa717895aa:   49 3b 8d 88 5f 03 00 0f 86 86 01 00 00 41 83 f8
0x00007ffa717895ba:   10 73 0d 4a 8d 04 c5 21 00 00 00 49 03 c0 eb 55 


Register to memory mapping:

RAX=0x0000000034cedfb8 is an unknown value
RBX=0x0000000000000000 is an unknown value
RCX=0x0000000000000000 is an unknown value
RDX=0x00000000fffffff0 is an unknown value
RSP=0x000000001fbde740 is an unknown value
RBP=0x000000001fbde7a8 is an unknown value
RSI=0x0000000034c1b330 is an unknown value
RDI=0x0000000000000000 is an unknown value
R8 =0x0000000000000000 is an unknown value
R9 =0x0000000000000000 is an unknown value
R10=0x0000000034cee488 is an unknown value
R11=0x0000000000000246 is an unknown value
R12=0x0000000034f244c8 is an unknown value
R13=0x0000000000000000 is an unknown value
R14=0x0000000034cedeb0 is an unknown value
R15=0x0000000000000016 is an unknown value


Stack: [0x000000001fae0000,0x000000001fbe0000],  sp=0x000000001fbde740,  free space=1017k
Native frames: (J=compiled Java code, j=interpreted, Vv=VM code, C=native code)
C  [igxelpicd64.dll+0x2895aa]
C  [igxelpicd64.dll+0x81d5f]
C  [igxelpicd64.dll+0x28d57f]
C  [igxelpicd64.dll+0x75468]
C  [igxelpicd64.dll+0x243ef4]
C  [igxelpicd64.dll+0x2442b3]
C  [igxelpicd64.dll+0x23e32f]
C  [igxelpicd64.dll+0x23e15d]
C  [igxelpicd64.dll+0x81545b]
C  [ntdll.dll+0x2869f]
C  [ntdll.dll+0x510a6]
C  [ntdll.dll+0x50c9d]
C  [KERNEL32.DLL+0x17fab]
C  [msvcr100.dll+0x20ccd]
V  [jvm.dll+0x211395]
V  [jvm.dll+0x24a0e7]
V  [jvm.dll+0x249386]
V  [jvm.dll+0x249821]
V  [jvm.dll+0x249a3e]
V  [jvm.dll+0x29a99a]
C  [msvcr100.dll+0x21d9f]
C  [msvcr100.dll+0x21e3b]
C  [KERNEL32.DLL+0x1257d]
C  [ntdll.dll+0x5aa58]

VM_Operation (0x000000002999ef90): Exit, mode: safepoint, requested by thread 0x0000000026337800


---------------  P R O C E S S  ---------------

Java Threads: ( => current thread )
  0x0000000026337800 JavaThread "SIGINT handler" daemon [_thread_blocked, id=23600, stack(0x00000000298a0000,0x00000000299a0000)]
  0x0000000027414000 JavaThread "Chunk Batcher 1" daemon [_thread_blocked, id=6308, stack(0x00000000201e0000,0x00000000202e0000)]
  0x000000001e516800 JavaThread "Chunk Batcher 0" daemon [_thread_blocked, id=10440, stack(0x000000001ffe0000,0x00000000200e0000)]
  0x0000000022300800 JavaThread "Thread-7" [_thread_blocked, id=24328, stack(0x000000004cc60000,0x000000004cd60000)]
  0x0000000027708800 JavaThread "Thread-6" [_thread_blocked, id=23744, stack(0x000000004c340000,0x000000004c440000)]
  0x000000002624e000 JavaThread "Java2D Disposer" daemon [_thread_blocked, id=25848, stack(0x0000000026d30000,0x0000000026e30000)]
  0x000000002624c800 JavaThread "Timer hack thread" daemon [_thread_blocked, id=26004, stack(0x0000000025ba0000,0x0000000025ca0000)]
  0x00000000221ac800 JavaThread "Snooper Timer" daemon [_thread_blocked, id=23516, stack(0x0000000025aa0000,0x0000000025ba0000)]
  0x000000002767d800 JavaThread "Snooper Timer" daemon [_thread_blocked, id=1540, stack(0x0000000024580000,0x0000000024680000)]
  0x000000001e64c800 JavaThread "Service Thread" daemon [_thread_blocked, id=9692, stack(0x0000000020fe0000,0x00000000210e0000)]
  0x000000001e5a7000 JavaThread "C1 CompilerThread11" daemon [_thread_blocked, id=26716, stack(0x0000000020ee0000,0x0000000020fe0000)]
  0x000000001e5a5800 JavaThread "C1 CompilerThread10" daemon [_thread_blocked, id=27596, stack(0x0000000020de0000,0x0000000020ee0000)]
  0x000000001e5ab800 JavaThread "C1 CompilerThread9" daemon [_thread_blocked, id=4292, stack(0x0000000020ce0000,0x0000000020de0000)]
  0x000000001e5a8800 JavaThread "C1 CompilerThread8" daemon [_thread_blocked, id=10448, stack(0x0000000020be0000,0x0000000020ce0000)]
  0x000000001e5aa800 JavaThread "C2 CompilerThread7" daemon [_thread_blocked, id=27396, stack(0x0000000020ae0000,0x0000000020be0000)]
  0x000000001e583800 JavaThread "C2 CompilerThread6" daemon [_thread_blocked, id=16568, stack(0x00000000209e0000,0x0000000020ae0000)]
  0x000000001e562000 JavaThread "C2 CompilerThread5" daemon [_thread_blocked, id=21348, stack(0x00000000208e0000,0x00000000209e0000)]
  0x000000001e553000 JavaThread "C2 CompilerThread4" daemon [_thread_blocked, id=15524, stack(0x00000000206e0000,0x00000000207e0000)]
  0x000000001e54e800 JavaThread "C2 CompilerThread3" daemon [_thread_blocked, id=23820, stack(0x00000000205e0000,0x00000000206e0000)]
  0x000000001e54d800 JavaThread "C2 CompilerThread2" daemon [_thread_blocked, id=14620, stack(0x00000000204e0000,0x00000000205e0000)]
  0x000000001e54d000 JavaThread "C2 CompilerThread1" daemon [_thread_blocked, id=22652, stack(0x00000000203e0000,0x00000000204e0000)]
  0x000000001e54b800 JavaThread "C2 CompilerThread0" daemon [_thread_blocked, id=26744, stack(0x00000000202e0000,0x00000000203e0000)]
  0x000000001e515000 JavaThread "JDWP Event Helper Thread" daemon [_thread_blocked, id=16916, stack(0x00000000200e0000,0x00000000201e0000)]
  0x000000001e504000 JavaThread "Attach Listener" daemon [_thread_blocked, id=13064, stack(0x000000001fee0000,0x000000001ffe0000)]
  0x000000001e501800 JavaThread "Signal Dispatcher" daemon [_thread_blocked, id=13600, stack(0x000000001fde0000,0x000000001fee0000)]
  0x000000001e486800 JavaThread "Finalizer" daemon [_thread_blocked, id=21444, stack(0x000000001fce0000,0x000000001fde0000)]
  0x000000001ca21000 JavaThread "Reference Handler" daemon [_thread_blocked, id=25756, stack(0x000000001fbe0000,0x000000001fce0000)]
  0x0000000002b93800 JavaThread "Client thread" [_thread_blocked, id=4380, stack(0x00000000028d0000,0x00000000029d0000)]

Other Threads:
=>0x000000001e465000 VMThread [stack: 0x000000001fae0000,0x000000001fbe0000] [id=26948]

VM state:at safepoint (shutting down)

VM Mutex/Monitor currently owned by a thread:  ([mutex/lock_event])
[0x0000000002b90e50] Threads_lock - owner thread: 0x000000001e465000

Heap:
 PSYoungGen      total 240128K, used 116123K [0x000000076c180000, 0x0000000781b80000, 0x00000007c0000000)
  eden space 210944K, 47% used [0x000000076c180000,0x000000077234ea40,0x0000000778f80000)
  from space 29184K, 54% used [0x0000000778f80000,0x0000000779f181c0,0x000000077ac00000)
  to   space 28672K, 0% used [0x000000077ff80000,0x000000077ff80000,0x0000000781b80000)
 ParOldGen       total 110592K, used 44067K [0x00000006c4400000, 0x00000006cb000000, 0x000000076c180000)
  object space 110592K, 39% used [0x00000006c4400000,0x00000006c6f08ed0,0x00000006cb000000)
 Metaspace       used 31687K, capacity 31897K, committed 32384K, reserved 1077248K
  class space    used 4068K, capacity 4131K, committed 4224K, reserved 1048576K

Card table byte_map: [0x0000000012050000,0x0000000012830000] byte_map_base: 0x000000000ea2e000

Marking Bits: (ParMarkBitMap*) 0x000000006beb2f70
 Begin Bits: [0x0000000013a70000, 0x0000000017960000)
 End Bits:   [0x0000000017960000, 0x000000001b850000)

Polling page: 0x0000000000bb0000

CodeCache: size=245760Kb used=16940Kb max_used=16940Kb free=228819Kb
 bounds [0x0000000002c90000, 0x0000000003d40000, 0x0000000011c90000]
 total_blobs=4492 nmethods=3832 adapters=577
 compilation: enabled

Compilation events (10 events):
Event: 24.945 Thread 0x000000001e5a8800 3849       3       java.util.logging.LogManager::access$100 (4 bytes)
Event: 24.945 Thread 0x000000001e5a7000 3850       3       java.util.logging.LogManager$LoggerContext::requiresDefaultLoggers (29 bytes)
Event: 24.945 Thread 0x000000001e5a8800 nmethod 3849 0x0000000003cf2410 code [0x0000000003cf2560, 0x0000000003cf2690]
Event: 24.945 Thread 0x000000001e5a7000 nmethod 3850 0x0000000003cf1550 code [0x0000000003cf16c0, 0x0000000003cf1b08]
Event: 24.946 Thread 0x000000001e5ab800 3851       3       org.apache.logging.log4j.core.helpers.NameUtil::getSubName (32 bytes)
Event: 24.947 Thread 0x000000001e5ab800 nmethod 3851 0x0000000003cf0c90 code [0x0000000003cf0e20, 0x0000000003cf13b8]
Event: 24.947 Thread 0x000000001e5a5800 3853   !   3       org.apache.logging.log4j.core.impl.ReflectiveCallerClassUtility::getCaller (63 bytes)
Event: 24.948 Thread 0x000000001e5a5800 nmethod 3853 0x0000000003d121d0 code [0x0000000003d12460, 0x0000000003d13688]
Event: 24.959 Thread 0x000000001e5a7000 3854       3       java.util.Formatter$FormatSpecifier::<init> (246 bytes)
Event: 24.960 Thread 0x000000001e5a7000 nmethod 3854 0x0000000003d0f350 code [0x0000000003d0f680, 0x0000000003d10998]

GC Heap History (10 events):
Event: 2.374 GC heap before
{Heap before GC invocations=6 (full 1):
 PSYoungGen      total 96256K, used 93716K [0x000000076c180000, 0x0000000772d80000, 0x00000007c0000000)
  eden space 85504K, 100% used [0x000000076c180000,0x0000000771500000,0x0000000771500000)
  from space 10752K, 76% used [0x0000000771f80000,0x0000000772785028,0x0000000772a00000)
  to   space 10752K, 0% used [0x0000000771500000,0x0000000771500000,0x0000000771f80000)
 ParOldGen       total 110592K, used 14207K [0x00000006c4400000, 0x00000006cb000000, 0x000000076c180000)
  object space 110592K, 12% used [0x00000006c4400000,0x00000006c51dfc10,0x00000006cb000000)
 Metaspace       used 26659K, capacity 26924K, committed 27136K, reserved 1073152K
  class space    used 3718K, capacity 3808K, committed 3840K, reserved 1048576K
Event: 2.378 GC heap after
Heap after GC invocations=6 (full 1):
 PSYoungGen      total 96256K, used 10736K [0x000000076c180000, 0x0000000775d00000, 0x00000007c0000000)
  eden space 85504K, 0% used [0x000000076c180000,0x000000076c180000,0x0000000771500000)
  from space 10752K, 99% used [0x0000000771500000,0x0000000771f7c020,0x0000000771f80000)
  to   space 13312K, 0% used [0x0000000775000000,0x0000000775000000,0x0000000775d00000)
 ParOldGen       total 110592K, used 16871K [0x00000006c4400000, 0x00000006cb000000, 0x000000076c180000)
  object space 110592K, 15% used [0x00000006c4400000,0x00000006c5479c10,0x00000006cb000000)
 Metaspace       used 26659K, capacity 26924K, committed 27136K, reserved 1073152K
  class space    used 3718K, capacity 3808K, committed 3840K, reserved 1048576K
}
Event: 2.438 GC heap before
{Heap before GC invocations=7 (full 1):
 PSYoungGen      total 96256K, used 96240K [0x000000076c180000, 0x0000000775d00000, 0x00000007c0000000)
  eden space 85504K, 100% used [0x000000076c180000,0x0000000771500000,0x0000000771500000)
  from space 10752K, 99% used [0x0000000771500000,0x0000000771f7c020,0x0000000771f80000)
  to   space 13312K, 0% used [0x0000000775000000,0x0000000775000000,0x0000000775d00000)
 ParOldGen       total 110592K, used 16871K [0x00000006c4400000, 0x00000006cb000000, 0x000000076c180000)
  object space 110592K, 15% used [0x00000006c4400000,0x00000006c5479c10,0x00000006cb000000)
 Metaspace       used 26789K, capacity 27052K, committed 27392K, reserved 1073152K
  class space    used 3726K, capacity 3808K, committed 3840K, reserved 1048576K
Event: 2.446 GC heap after
Heap after GC invocations=7 (full 1):
 PSYoungGen      total 139264K, used 13280K [0x000000076c180000, 0x0000000777900000, 0x00000007c0000000)
  eden space 125952K, 0% used [0x000000076c180000,0x000000076c180000,0x0000000773c80000)
  from space 13312K, 99% used [0x0000000775000000,0x0000000775cf8010,0x0000000775d00000)
  to   space 19968K, 0% used [0x0000000773c80000,0x0000000773c80000,0x0000000775000000)
 ParOldGen       total 110592K, used 23975K [0x00000006c4400000, 0x00000006cb000000, 0x000000076c180000)
  object space 110592K, 21% used [0x00000006c4400000,0x00000006c5b69c10,0x00000006cb000000)
 Metaspace       used 26789K, capacity 27052K, committed 27392K, reserved 1073152K
  class space    used 3726K, capacity 3808K, committed 3840K, reserved 1048576K
}
Event: 3.311 GC heap before
{Heap before GC invocations=8 (full 1):
 PSYoungGen      total 139264K, used 139232K [0x000000076c180000, 0x0000000777900000, 0x00000007c0000000)
  eden space 125952K, 100% used [0x000000076c180000,0x0000000773c80000,0x0000000773c80000)
  from space 13312K, 99% used [0x0000000775000000,0x0000000775cf8010,0x0000000775d00000)
  to   space 19968K, 0% used [0x0000000773c80000,0x0000000773c80000,0x0000000775000000)
 ParOldGen       total 110592K, used 23975K [0x00000006c4400000, 0x00000006cb000000, 0x000000076c180000)
  object space 110592K, 21% used [0x00000006c4400000,0x00000006c5b69c10,0x00000006cb000000)
 Metaspace       used 30504K, capacity 30745K, committed 30976K, reserved 1077248K
  class space    used 4006K, capacity 4067K, committed 4096K, reserved 1048576K
Event: 3.321 GC heap after
Heap after GC invocations=8 (full 1):
 PSYoungGen      total 145920K, used 19936K [0x000000076c180000, 0x000000077c700000, 0x00000007c0000000)
  eden space 125952K, 0% used [0x000000076c180000,0x000000076c180000,0x0000000773c80000)
  from space 19968K, 99% used [0x0000000773c80000,0x0000000774ff80c0,0x0000000775000000)
  to   space 27648K, 0% used [0x000000077ac00000,0x000000077ac00000,0x000000077c700000)
 ParOldGen       total 110592K, used 30783K [0x00000006c4400000, 0x00000006cb000000, 0x000000076c180000)
  object space 110592K, 27% used [0x00000006c4400000,0x00000006c620fea0,0x00000006cb000000)
 Metaspace       used 30504K, capacity 30745K, committed 30976K, reserved 1077248K
  class space    used 4006K, capacity 4067K, committed 4096K, reserved 1048576K
}
Event: 3.590 GC heap before
{Heap before GC invocations=9 (full 1):
 PSYoungGen      total 145920K, used 145888K [0x000000076c180000, 0x000000077c700000, 0x00000007c0000000)
  eden space 125952K, 100% used [0x000000076c180000,0x0000000773c80000,0x0000000773c80000)
  from space 19968K, 99% used [0x0000000773c80000,0x0000000774ff80c0,0x0000000775000000)
  to   space 27648K, 0% used [0x000000077ac00000,0x000000077ac00000,0x000000077c700000)
 ParOldGen       total 110592K, used 30783K [0x00000006c4400000, 0x00000006cb000000, 0x000000076c180000)
  object space 110592K, 27% used [0x00000006c4400000,0x00000006c620fea0,0x00000006cb000000)
 Metaspace       used 30811K, capacity 31033K, committed 31360K, reserved 1077248K
  class space    used 4022K, capacity 4099K, committed 4224K, reserved 1048576K
Event: 3.600 GC heap after
Heap after GC invocations=9 (full 1):
 PSYoungGen      total 238592K, used 19328K [0x000000076c180000, 0x000000077ca00000, 0x00000007c0000000)
  eden space 210944K, 0% used [0x000000076c180000,0x000000076c180000,0x0000000778f80000)
  from space 27648K, 69% used [0x000000077ac00000,0x000000077bee00b0,0x000000077c700000)
  to   space 29184K, 0% used [0x0000000778f80000,0x0000000778f80000,0x000000077ac00000)
 ParOldGen       total 110592K, used 36311K [0x00000006c4400000, 0x00000006cb000000, 0x000000076c180000)
  object space 110592K, 32% used [0x00000006c4400000,0x00000006c6775ec0,0x00000006cb000000)
 Metaspace       used 30811K, capacity 31033K, committed 31360K, reserved 1077248K
  class space    used 4022K, capacity 4099K, committed 4224K, reserved 1048576K
}
Event: 4.279 GC heap before
{Heap before GC invocations=10 (full 1):
 PSYoungGen      total 238592K, used 230272K [0x000000076c180000, 0x000000077ca00000, 0x00000007c0000000)
  eden space 210944K, 100% used [0x000000076c180000,0x0000000778f80000,0x0000000778f80000)
  from space 27648K, 69% used [0x000000077ac00000,0x000000077bee00b0,0x000000077c700000)
  to   space 29184K, 0% used [0x0000000778f80000,0x0000000778f80000,0x000000077ac00000)
 ParOldGen       total 110592K, used 36311K [0x00000006c4400000, 0x00000006cb000000, 0x000000076c180000)
  object space 110592K, 32% used [0x00000006c4400000,0x00000006c6775ec0,0x00000006cb000000)
 Metaspace       used 31143K, capacity 31353K, committed 31872K, reserved 1077248K
  class space    used 4030K, capacity 4099K, committed 4224K, reserved 1048576K
Event: 4.299 GC heap after
Heap after GC invocations=10 (full 1):
 PSYoungGen      total 240128K, used 15968K [0x000000076c180000, 0x0000000781b80000, 0x00000007c0000000)
  eden space 210944K, 0% used [0x000000076c180000,0x000000076c180000,0x0000000778f80000)
  from space 29184K, 54% used [0x0000000778f80000,0x0000000779f181c0,0x000000077ac00000)
  to   space 28672K, 0% used [0x000000077ff80000,0x000000077ff80000,0x0000000781b80000)
 ParOldGen       total 110592K, used 44067K [0x00000006c4400000, 0x00000006cb000000, 0x000000076c180000)
  object space 110592K, 39% used [0x00000006c4400000,0x00000006c6f08ed0,0x00000006cb000000)
 Metaspace       used 31143K, capacity 31353K, committed 31872K, reserved 1077248K
  class space    used 4030K, capacity 4099K, committed 4224K, reserved 1048576K
}

Deoptimization events (10 events):
Event: 24.913 Thread 0x0000000002b93800 Uncommon trap: reason=unstable_if action=reinterpret pc=0x00000000038fe5dc method=java.util.Formatter$Conversion.isValid(C)Z @ 4
Event: 24.948 Thread 0x0000000002b93800 Uncommon trap: reason=unstable_if action=reinterpret pc=0x00000000038f7ddc method=com.google.gson.internal.LinkedTreeMap.get(Ljava/lang/Object;)Ljava/lang/Object; @ 7
Event: 24.948 Thread 0x0000000002b93800 Uncommon trap: reason=class_check action=maybe_recompile pc=0x000000000371322c method=java.util.regex.Matcher.search(I)Z @ 86
Event: 24.948 Thread 0x0000000002b93800 Uncommon trap: reason=class_check action=maybe_recompile pc=0x000000000371322c method=java.util.regex.Matcher.search(I)Z @ 86
Event: 24.948 Thread 0x0000000002b93800 Uncommon trap: reason=class_check action=maybe_recompile pc=0x000000000371322c method=java.util.regex.Matcher.search(I)Z @ 86
Event: 24.948 Thread 0x0000000002b93800 Uncommon trap: reason=class_check action=maybe_recompile pc=0x000000000371322c method=java.util.regex.Matcher.search(I)Z @ 86
Event: 24.948 Thread 0x0000000002b93800 Uncommon trap: reason=unstable_if action=reinterpret pc=0x000000000390bd74 method=com.google.gson.internal.LinkedTreeMap.get(Ljava/lang/Object;)Ljava/lang/Object; @ 7
Event: 24.959 Thread 0x0000000002b93800 Uncommon trap: reason=unstable_if action=reinterpret pc=0x0000000003611d38 method=java.util.regex.Pattern$Slice.match(Ljava/util/regex/Matcher;ILjava/lang/CharSequence;)Z @ 54
Event: 24.959 Thread 0x0000000002b93800 Uncommon trap: reason=class_check action=maybe_recompile pc=0x0000000003705d18 method=java.util.regex.Matcher.search(I)Z @ 86
Event: 24.965 Thread 0x0000000026337800 Uncommon trap: reason=class_check action=maybe_recompile pc=0x0000000003b2fa18 method=java.util.HashSet.iterator()Ljava/util/Iterator; @ 4

Internal exceptions (10 events):
Event: 3.398 Thread 0x0000000027708800 Exception <a 'org/lwjgl/LWJGLException'> (0x000000076e6aa430) thrown at [C:\re\workspace\8-2-build-windows-amd64-cygwin\jdk8u91\6644\hotspot\src\share\vm\prims\jni.cpp, line 709]
Event: 3.398 Thread 0x0000000027708800 Exception <a 'org/lwjgl/LWJGLException'> (0x000000076e6aac10) thrown at [C:\re\workspace\8-2-build-windows-amd64-cygwin\jdk8u91\6644\hotspot\src\share\vm\prims\jni.cpp, line 709]
Event: 3.398 Thread 0x0000000027708800 Exception <a 'org/lwjgl/LWJGLException'> (0x000000076e6ab350) thrown at [C:\re\workspace\8-2-build-windows-amd64-cygwin\jdk8u91\6644\hotspot\src\share\vm\prims\jni.cpp, line 709]
Event: 3.399 Thread 0x0000000027708800 Exception <a 'org/lwjgl/LWJGLException'> (0x000000076e6aba78) thrown at [C:\re\workspace\8-2-build-windows-amd64-cygwin\jdk8u91\6644\hotspot\src\share\vm\prims\jni.cpp, line 709]
Event: 3.399 Thread 0x0000000027708800 Exception <a 'org/lwjgl/LWJGLException'> (0x000000076e6ac1a0) thrown at [C:\re\workspace\8-2-build-windows-amd64-cygwin\jdk8u91\6644\hotspot\src\share\vm\prims\jni.cpp, line 709]
Event: 3.399 Thread 0x0000000027708800 Exception <a 'org/lwjgl/LWJGLException'> (0x000000076e6ac8e0) thrown at [C:\re\workspace\8-2-build-windows-amd64-cygwin\jdk8u91\6644\hotspot\src\share\vm\prims\jni.cpp, line 709]
Event: 3.399 Thread 0x0000000027708800 Exception <a 'org/lwjgl/LWJGLException'> (0x000000076e6ad000) thrown at [C:\re\workspace\8-2-build-windows-amd64-cygwin\jdk8u91\6644\hotspot\src\share\vm\prims\jni.cpp, line 709]
Event: 3.792 Thread 0x0000000027708800 Exception <a 'java/lang/InterruptedException': sleep interrupted> (0x000000076c723558) thrown at [C:\re\workspace\8-2-build-windows-amd64-cygwin\jdk8u91\6644\hotspot\src\share\vm\prims\jvm.cpp, line 3215]
Event: 3.792 Thread 0x0000000027708800 Exception <a 'java/lang/InterruptedException': sleep interrupted> (0x000000076c7237b0) thrown at [C:\re\workspace\8-2-build-windows-amd64-cygwin\jdk8u91\6644\hotspot\src\share\vm\prims\jvm.cpp, line 3167]
Event: 4.431 Thread 0x0000000002b93800 Implicit null exception at 0x0000000003ccf564 to 0x0000000003ccfa0e

Events (10 events):
Event: 24.959 Thread 0x0000000002b93800 DEOPT PACKING pc=0x0000000003611d38 sp=0x00000000029cebb0
Event: 24.959 Thread 0x0000000002b93800 DEOPT UNPACKING pc=0x0000000002cd582a sp=0x00000000029ceb48 mode 2
Event: 24.959 Thread 0x0000000002b93800 Uncommon trap: trap_request=0xffffffde fr.pc=0x0000000003705d18
Event: 24.959 Thread 0x0000000002b93800 DEOPT PACKING pc=0x0000000003705d18 sp=0x00000000029cec10
Event: 24.959 Thread 0x0000000002b93800 DEOPT UNPACKING pc=0x0000000002cd582a sp=0x00000000029cebc8 mode 2
Event: 24.965 Thread 0x0000000023808800 Thread exited: 0x0000000023808800
Event: 24.965 Thread 0x0000000026337800 Uncommon trap: trap_request=0xffffffde fr.pc=0x0000000003b2fa18
Event: 24.965 Thread 0x0000000026337800 DEOPT PACKING pc=0x0000000003b2fa18 sp=0x000000002999edf0
Event: 24.965 Thread 0x0000000026337800 DEOPT UNPACKING pc=0x0000000002cd582a sp=0x000000002999edc8 mode 2
Event: 24.965 Executing VM operation: Exit


Dynamic libraries:
0x00007ff6331d0000 - 0x00007ff633207000 	C:\Program Files\Java\jdk1.8.0_91\bin\java.exe
0x00007ffb09ab0000 - 0x00007ffb09cc6000 	C:\Windows\SYSTEM32\ntdll.dll
0x00007ffb09250000 - 0x00007ffb09314000 	C:\Windows\System32\KERNEL32.DLL
0x00007ffb06df0000 - 0x00007ffb07196000 	C:\Windows\System32\KERNELBASE.dll
0x00007ffb097d0000 - 0x00007ffb09882000 	C:\Windows\System32\ADVAPI32.dll
0x00007ffb096d0000 - 0x00007ffb09777000 	C:\Windows\System32\msvcrt.dll
0x00007ffb08ff0000 - 0x00007ffb09098000 	C:\Windows\System32\sechost.dll
0x00007ffb07340000 - 0x00007ffb07368000 	C:\Windows\System32\bcrypt.dll
0x00007ffb07960000 - 0x00007ffb07a75000 	C:\Windows\System32\RPCRT4.dll
0x00007ffb090a0000 - 0x00007ffb0924d000 	C:\Windows\System32\USER32.dll
0x00007ffb07370000 - 0x00007ffb07396000 	C:\Windows\System32\win32u.dll
0x00007ffb07920000 - 0x00007ffb07949000 	C:\Windows\System32\GDI32.dll
0x00007ffb071a0000 - 0x00007ffb072b8000 	C:\Windows\System32\gdi32full.dll
0x00007ffb074c0000 - 0x00007ffb0755a000 	C:\Windows\System32\msvcp_win.dll
0x00007ffb073a0000 - 0x00007ffb074b1000 	C:\Windows\System32\ucrtbase.dll
0x00007ffaeb850000 - 0x00007ffaebae3000 	C:\Windows\WinSxS\amd64_microsoft.windows.common-controls_6595b64144ccf1df_6.0.22621.3235_none_270f74e173860f98\COMCTL32.dll
0x00007ffb09890000 - 0x00007ffb098c1000 	C:\Windows\System32\IMM32.DLL
0x000000006bf40000 - 0x000000006c012000 	C:\Program Files\Java\jdk1.8.0_91\jre\bin\msvcr100.dll
0x000000006b6a0000 - 0x000000006bf33000 	C:\Program Files\Java\jdk1.8.0_91\jre\bin\server\jvm.dll
0x00007ffb09320000 - 0x00007ffb09328000 	C:\Windows\System32\PSAPI.DLL
0x00007ffb00940000 - 0x00007ffb00974000 	C:\Windows\SYSTEM32\WINMM.dll
0x00007ffafe210000 - 0x00007ffafe219000 	C:\Windows\SYSTEM32\WSOCK32.dll
0x00007ffaf3150000 - 0x00007ffaf315a000 	C:\Windows\SYSTEM32\VERSION.dll
0x00007ffb09430000 - 0x00007ffb094a1000 	C:\Windows\System32\WS2_32.dll
0x000000006c640000 - 0x000000006c64f000 	C:\Program Files\Java\jdk1.8.0_91\jre\bin\verify.dll
0x000000006c4a0000 - 0x000000006c4c9000 	C:\Program Files\Java\jdk1.8.0_91\jre\bin\java.dll
0x000000006c460000 - 0x000000006c495000 	C:\Program Files\Java\jdk1.8.0_91\jre\bin\jdwp.dll
0x000000006c630000 - 0x000000006c638000 	C:\Program Files\Java\jdk1.8.0_91\jre\bin\npt.dll
0x000000006c430000 - 0x000000006c453000 	C:\Program Files\Java\jdk1.8.0_91\jre\bin\instrument.dll
0x000000006b680000 - 0x000000006b696000 	C:\Program Files\Java\jdk1.8.0_91\jre\bin\zip.dll
0x00007ffb07f70000 - 0x00007ffb087cd000 	C:\Windows\System32\SHELL32.dll
0x00007ffb04d60000 - 0x00007ffb05658000 	C:\Windows\SYSTEM32\windows.storage.dll
0x00007ffb07be0000 - 0x00007ffb07f68000 	C:\Windows\System32\combase.dll
0x00007ffb04c20000 - 0x00007ffb04d5e000 	C:\Windows\SYSTEM32\wintypes.dll
0x00007ffb07ae0000 - 0x00007ffb07bd3000 	C:\Windows\System32\SHCORE.dll
0x00007ffb078a0000 - 0x00007ffb078fe000 	C:\Windows\System32\shlwapi.dll
0x00007ffb06d20000 - 0x00007ffb06d46000 	C:\Windows\SYSTEM32\profapi.dll
0x000000006b670000 - 0x000000006b679000 	C:\Program Files\Java\jdk1.8.0_91\jre\bin\dt_socket.dll
0x00007ffb063a0000 - 0x00007ffb06409000 	C:\Windows\system32\mswsock.dll
0x000000006b660000 - 0x000000006b66d000 	C:\Program Files\Java\jdk1.8.0_91\jre\bin\management.dll
0x000000006b640000 - 0x000000006b65a000 	C:\Program Files\Java\jdk1.8.0_91\jre\bin\net.dll
0x000000006b620000 - 0x000000006b631000 	C:\Program Files\Java\jdk1.8.0_91\jre\bin\nio.dll
0x00007ffad06c0000 - 0x00007ffad06d7000 	C:\Windows\system32\napinsp.dll
0x00007ffacf7e0000 - 0x00007ffacf7fb000 	C:\Windows\system32\pnrpnsp.dll
0x00007ffb05950000 - 0x00007ffb05a49000 	C:\Windows\SYSTEM32\DNSAPI.dll
0x00007ffb05920000 - 0x00007ffb0594d000 	C:\Windows\SYSTEM32\IPHLPAPI.DLL
0x00007ffb07950000 - 0x00007ffb07959000 	C:\Windows\System32\NSI.dll
0x00007ffacf7c0000 - 0x00007ffacf7d1000 	C:\Windows\System32\winrnr.dll
0x00007ffafb6d0000 - 0x00007ffafb6e5000 	C:\Windows\system32\wshbth.dll
0x00007ffacf600000 - 0x00007ffacf621000 	C:\Windows\system32\nlansp_c.dll
0x00007ffafaae0000 - 0x00007ffafab63000 	C:\Windows\System32\fwpuclnt.dll
0x00007ffaf9d90000 - 0x00007ffaf9d9a000 	C:\Windows\System32\rasadhlp.dll
0x0000000180000000 - 0x0000000180053000 	D:\GradeClient-main\jars\versions\1.8.8\1.8.8-natives\lwjgl64.dll
0x00007ffa725e0000 - 0x00007ffa726e0000 	C:\Windows\SYSTEM32\OPENGL32.dll
0x00007ffa725b0000 - 0x00007ffa725dd000 	C:\Windows\SYSTEM32\GLU32.dll
0x00007ffb03a90000 - 0x00007ffb03ac9000 	C:\Windows\SYSTEM32\dxcore.dll
0x00007ffb065f0000 - 0x00007ffb0660b000 	C:\Windows\SYSTEM32\CRYPTSP.dll
0x00007ffb05e80000 - 0x00007ffb05eb5000 	C:\Windows\system32\rsaenh.dll
0x00007ffb06490000 - 0x00007ffb064bc000 	C:\Windows\SYSTEM32\USERENV.dll
0x00007ffb072c0000 - 0x00007ffb0733a000 	C:\Windows\System32\bcryptprimitives.dll
0x00007ffb06610000 - 0x00007ffb0661c000 	C:\Windows\SYSTEM32\CRYPTBASE.dll
0x00007ffafd470000 - 0x00007ffafd489000 	C:\Windows\SYSTEM32\dhcpcsvc6.DLL
0x00007ffafd250000 - 0x00007ffafd26f000 	C:\Windows\SYSTEM32\dhcpcsvc.DLL
0x000000006b480000 - 0x000000006b618000 	C:\Program Files\Java\jdk1.8.0_91\jre\bin\awt.dll
0x00007ffb09330000 - 0x00007ffb09407000 	C:\Windows\System32\OLEAUT32.dll
0x00007ffb00090000 - 0x00007ffb00127000 	C:\Windows\SYSTEM32\apphelp.dll
0x00007ffafba20000 - 0x00007ffafbadc000 	C:\Windows\SYSTEM32\mscms.dll
0x00007ffb05f20000 - 0x00007ffb05f38000 	C:\Windows\SYSTEM32\kernel.appcore.dll
0x00007ffb08930000 - 0x00007ffb089e0000 	C:\Windows\System32\clbcatq.dll
0x00007ffaf95f0000 - 0x00007ffaf963e000 	C:\Windows\System32\Windows.Internal.Graphics.Display.DisplayColorManagement.dll
0x00007ffb06b00000 - 0x00007ffb06b4e000 	C:\Windows\SYSTEM32\cfgmgr32.dll
0x00007ffb007a0000 - 0x00007ffb0084b000 	C:\Windows\system32\uxtheme.dll
0x00007ffb087d0000 - 0x00007ffb08924000 	C:\Windows\System32\MSCTF.dll
0x00007ffaf93b0000 - 0x00007ffaf94fa000 	C:\Windows\SYSTEM32\textinputframework.dll
0x00007ffaff760000 - 0x00007ffaff894000 	C:\Windows\SYSTEM32\CoreMessaging.dll
0x00007ffafc930000 - 0x00007ffafcc9c000 	C:\Windows\SYSTEM32\CoreUIComponents.dll
0x00007ffb098d0000 - 0x00007ffb09a6f000 	C:\Windows\System32\ole32.dll
0x00007ffa85d90000 - 0x00007ffa85e7b000 	C:\Windows\system32\SogouWBTSF.ime
0x00007ffaf3680000 - 0x00007ffaf3687000 	C:\Windows\system32\MSIMG32.dll
0x00007ffb05f40000 - 0x00007ffb05f74000 	C:\Windows\SYSTEM32\ntmarta.dll
0x0000000028cc0000 - 0x0000000029592000 	C:\Windows\system32\SogouWb.ime
0x00007ffa85d70000 - 0x00007ffa85d89000 	C:\Windows\SYSTEM32\USP10.dll
0x00007ffae5820000 - 0x00007ffae5d14000 	C:\Windows\SYSTEM32\WININET.dll
0x00007ffb05cf0000 - 0x00007ffb05cfc000 	C:\Windows\SYSTEM32\Secur32.dll
0x00007ffaebaf0000 - 0x00007ffaebcaa000 	C:\Windows\WinSxS\amd64_microsoft.windows.gdiplus_6595b64144ccf1df_1.1.22621.3085_none_57ff6980ce140777\gdiplus.dll
0x00007ffaeb7e0000 - 0x00007ffaeb849000 	C:\Windows\SYSTEM32\OLEACC.dll
0x00007ffb06180000 - 0x00007ffb061cc000 	C:\Windows\SYSTEM32\SSPICLI.DLL
0x00007ffb07560000 - 0x00007ffb075cb000 	C:\Windows\System32\Wintrust.dll
0x00007ffb07690000 - 0x00007ffb077f6000 	C:\Windows\System32\CRYPT32.dll
0x00007ffb06650000 - 0x00007ffb06662000 	C:\Windows\SYSTEM32\MSASN1.dll
0x00007ffb09410000 - 0x00007ffb0942f000 	C:\Windows\System32\imagehlp.dll
0x00007ffb06430000 - 0x00007ffb06456000 	C:\Windows\SYSTEM32\gpapi.dll
0x00007ffaf3110000 - 0x00007ffaf3142000 	C:\Windows\System32\cryptnet.dll
0x0000000034f50000 - 0x0000000035017000 	D:\Program Files (x86)\SogouWBInput\5.5.0.2580\Plugins64\ManualNewWord.dll
0x00007ffad5910000 - 0x00007ffad5942000 	C:\Windows\system32\msctfp.dll
0x00007ffafd1e0000 - 0x00007ffafd22a000 	C:\Windows\SYSTEM32\directxdatabasehelper.dll
0x00007ffafb8c0000 - 0x00007ffafb9f5000 	C:\Windows\System32\AppXDeploymentClient.dll
0x00007ffa71500000 - 0x00007ffa725a9000 	C:\Windows\System32\DriverStore\FileRepository\iigd_dch.inf_amd64_57d6be89ba05925b\igxelpicd64.dll
0x00007ffb03290000 - 0x00007ffb032bb000 	C:\Windows\system32\dwmapi.dll
0x00007ffb04960000 - 0x00007ffb04a58000 	C:\Windows\system32\dxgi.dll
0x00007ffa713d0000 - 0x00007ffa714f4000 	C:\Windows\System32\DriverStore\FileRepository\iigd_dch.inf_amd64_57d6be89ba05925b\igdml64.dll
0x00007ffaf71b0000 - 0x00007ffaf75c2000 	C:\Windows\System32\DriverStore\FileRepository\iigd_dch.inf_amd64_57d6be89ba05925b\igdgmm64.dll
0x00007ffb06ab0000 - 0x00007ffb06adc000 	C:\Windows\SYSTEM32\DEVOBJ.dll
0x00007ffacfce0000 - 0x00007ffacfd29000 	C:\Windows\SYSTEM32\icm32.dll
0x00007ffaeeae0000 - 0x00007ffaf2f1e000 	C:\Windows\System32\DriverStore\FileRepository\iigd_dch.inf_amd64_57d6be89ba05925b\igc64.dll
0x00007ffb05c80000 - 0x00007ffb05ccd000 	C:\Windows\SYSTEM32\powrprof.dll
0x00007ffb05c60000 - 0x00007ffb05c73000 	C:\Windows\SYSTEM32\UMPDC.dll
0x0000000040fb0000 - 0x0000000040fe8000 	C:\Users\43850\AppData\Local\Temp\jna\jna2710520745070138880.dll
0x0000000070a40000 - 0x0000000070adc000 	D:\GradeClient-main\jars\versions\1.8.8\1.8.8-natives\avutil-ttv-51.dll
0x0000000065980000 - 0x00000000659d6000 	D:\GradeClient-main\jars\versions\1.8.8\1.8.8-natives\swresample-ttv-0.dll
0x000000006eb80000 - 0x000000006ec50000 	D:\GradeClient-main\jars\versions\1.8.8\1.8.8-natives\libmp3lame-ttv.dll
0x00007ffa0e530000 - 0x00007ffa0f8d4000 	D:\GradeClient-main\jars\versions\1.8.8\1.8.8-natives\libmfxsw64.dll
0x00007ffa11500000 - 0x00007ffa1166d000 	D:\GradeClient-main\jars\versions\1.8.8\1.8.8-natives\twitchsdk.dll
0x0000000041140000 - 0x00000000411a4000 	D:\GradeClient-main\jars\versions\1.8.8\1.8.8-natives\OpenAL64.dll
0x00007ffaf4f20000 - 0x00007ffaf4fbd000 	C:\Windows\System32\MMDevApi.dll
0x00007ffa3edb0000 - 0x00007ffa3ee52000 	C:\Windows\SYSTEM32\dsound.dll
0x00007ffa3cc90000 - 0x00007ffa3cd41000 	C:\Windows\SYSTEM32\ResampleDmo.DLL
0x00007ffacdd80000 - 0x00007ffacdda9000 	C:\Windows\SYSTEM32\winmmbase.dll
0x00007ffaed2f0000 - 0x00007ffaed2fb000 	C:\Windows\SYSTEM32\msdmo.dll
0x00007ffaeb320000 - 0x00007ffaeb50c000 	C:\Windows\SYSTEM32\AUDIOSES.DLL
0x00007ffb03930000 - 0x00007ffb03945000 	C:\Windows\SYSTEM32\resourcepolicyclient.dll
0x00007ffb044c0000 - 0x00007ffb046f3000 	C:\Windows\SYSTEM32\dbghelp.dll

VM Arguments:
jvm_args: -agentlib:jdwp=transport=dt_socket,address=127.0.0.1:62610,suspend=y,server=n -javaagent:D:\ideaIU-2023.2.win\plugins\java\lib\rt\debugger-agent.jar -Dfile.encoding=UTF-8 
java_command: Start
java_class_path (initial): C:\Program Files\Java\jdk1.8.0_91\jre\lib\charsets.jar;C:\Program Files\Java\jdk1.8.0_91\jre\lib\deploy.jar;C:\Program Files\Java\jdk1.8.0_91\jre\lib\ext\access-bridge-64.jar;C:\Program Files\Java\jdk1.8.0_91\jre\lib\ext\cldrdata.jar;C:\Program Files\Java\jdk1.8.0_91\jre\lib\ext\dnsns.jar;C:\Program Files\Java\jdk1.8.0_91\jre\lib\ext\jaccess.jar;C:\Program Files\Java\jdk1.8.0_91\jre\lib\ext\jfxrt.jar;C:\Program Files\Java\jdk1.8.0_91\jre\lib\ext\localedata.jar;C:\Program Files\Java\jdk1.8.0_91\jre\lib\ext\nashorn.jar;C:\Program Files\Java\jdk1.8.0_91\jre\lib\ext\sunec.jar;C:\Program Files\Java\jdk1.8.0_91\jre\lib\ext\sunjce_provider.jar;C:\Program Files\Java\jdk1.8.0_91\jre\lib\ext\sunmscapi.jar;C:\Program Files\Java\jdk1.8.0_91\jre\lib\ext\sunpkcs11.jar;C:\Program Files\Java\jdk1.8.0_91\jre\lib\ext\zipfs.jar;C:\Program Files\Java\jdk1.8.0_91\jre\lib\javaws.jar;C:\Program Files\Java\jdk1.8.0_91\jre\lib\jce.jar;C:\Program Files\Java\jdk1.8.0_91\jre\lib\jfr.jar;C:\Program Files\Java\jdk1.8.0_91\jre\lib\jfxswt.jar;C:\Program Files\Java\jdk1.8.0_91\jre\lib\jsse.jar;C:\Program Files\Java\jdk1.8.0_91\jre\lib\management-agent.jar;C:\Program Files\Java\jdk1.8.0_91\jre\lib\plugin.jar;C:\Program Files\Java\jdk1.8.0_91\jre\lib\resources.jar;C:\Program Files\Java\jdk1.8.0_91\jre\lib\rt.jar;D:\GradeClient-main\out\production\GradeClient;D:\GradeClient-main\lib\1.8.8.jar;D:\GradeClient-main\lib\jna-3.4.0.jar;D:\GradeClient-main\lib\fernflower.jar;D:\GradeClient-main\lib\gson-2.2.4.jar;D:\GradeClient-main\lib\guava-17.0.jar;D:\GradeClient-main\lib\mcinjector.jar;D:\GradeClient-main\lib\retroguard.jar;D:\GradeClient-main\lib\twitch-6.5.jar;D:\GradeClient-main\lib\netty-1.8.8.jar;D:\GradeClient-main\lib\jinput-2.0.5.jar;D:\GradeClient-main\lib\jutils-1.0.0.jar;D:\GradeClient-main\lib\minecraft_rg.jar;D:\GradeClient-main\lib\minecraft_exc.jar;D:\GradeClient-main\lib\oshi-core-1.1.jar;D:\GradeClient-main\lib\realms-1.7.39.jar;D:\GradeClient-main\lib\specia
Launcher Type: SUN_STANDARD

Environment Variables:
JAVA_HOME=D:\graalvm-jdk-17.0.8+9.1
PATH=D:\graalvm-jdk-17.0.8+9.1\bin;D:\Program Files (x86)\VMware\VMware Workstation\bin\;C:\ProgramData\Oracle\Java\javapath;C:\Windows\system32;C:\Windows;C:\Windows\System32\Wbem;C:\Windows\System32\WindowsPowerShell\v1.0\;C:\Windows\System32\OpenSSH\;C:\Program Files (x86)\NVIDIA Corporation\PhysX\Common;C:\Program Files\NVIDIA Corporation\NVIDIA NvDLISR;C:\Program Files\Git\cmd;C:\Program Files\Microsoft SQL Server\150\Tools\Binn\;C:\Program Files\Microsoft SQL Server\Client SDK\ODBC\170\Tools\Binn\;C:\Program Files\dotnet\;D:\Windows Kits\10\Windows Performance Toolkit\;C:\Users\43850\AppData\Roaming\nvm;C:\Program Files\nodejs;C:\Program Files (x86)\Microsoft SQL Server\Client SDK\ODBC\130\Tools\Binn\;C:\Program Files (x86)\Microsoft SQL Server\140\Tools\Binn\;C:\Program Files (x86)\Microsoft SQL Server\140\DTS\Binn\;C:\Program Files (x86)\Microsoft SQL Server\140\Tools\Binn\ManagementStudio\;C:\Program Files (x86)\Microsoft SQL Server\130\Tools\Binn\;C:\Program Files\Microsoft SQL Server\130\Tools\Binn\;C:\Program Files (x86)\Microsoft SQL Server\130\DTS\Binn\;C:\Program Files\Microsoft SQL Server\130\DTS\Binn\;C:\Program Files\Microsoft SQL Server\Client SDK\ODBC\130\Tools\Binn\;D:\Program Files\Redis\;D:\GradeClient-main\jars\versions\1.8.8\1.8.8-natives;C:\Users\43850\AppData\Local\Microsoft\WindowsApps;C:\Users\43850\AppData\Roaming\npm;C:\Users\43850\.dotnet\tools;C:\Users\43850\AppData\Local\Programs\Microsoft VS Code\bin;C:\Users\43850\AppData\Roaming\nvm;C:\Program Files\nodejs;C:\Users\43850\AppData\Local\gitkraken\bin
USERNAME=43850
OS=Windows_NT
PROCESSOR_IDENTIFIER=Intel64 Family 6 Model 154 Stepping 3, GenuineIntel



---------------  S Y S T E M  ---------------

OS: Windows 10.0 , 64 bit Build 22621 (10.0.22621.3235)

CPU:total 16 (8 cores per cpu, 2 threads per core) family 6 model 154 stepping 3, cmov, cx8, fxsr, mmx, sse, sse2, sse3, ssse3, sse4.1, sse4.2, popcnt, avx, avx2, aes, clmul, erms, 3dnowpref, lzcnt, ht, tsc, tscinvbit, bmi1, bmi2, adx

Memory: 4k page, physical 16496120k(1734248k free), swap 29750056k(4430144k free)

vm_info: Java HotSpot(TM) 64-Bit Server VM (25.91-b14) for windows-amd64 JRE (1.8.0_91-b14), built on Apr  1 2016 00:58:32 by "java_re" with MS VC++ 10.0 (VS2010)

time: Sun Mar 31 02:07:22 2024
elapsed time: 25 seconds (0d 0h 0m 25s)

