#
# A fatal error has been detected by the Java Runtime Environment:
#
#  EXCEPTION_ACCESS_VIOLATION (0xc0000005) at pc=0x00007ffa717895aa, pid=2024, tid=13500
#
# JRE version: Java(TM) SE Runtime Environment (8.0_91-b14) (build 1.8.0_91-b14)
# Java VM: Java HotSpot(TM) 64-Bit Server VM (25.91-b14 mixed mode windows-amd64 compressed oops)
# Problematic frame:
# C  [igxelpicd64.dll+0x2895aa]
#
# Failed to write core dump. Minidumps are not enabled by default on client versions of Windows
#
# If you would like to submit a bug report, please visit:
#   http://bugreport.java.com/bugreport/crash.jsp
#

---------------  T H R E A D  ---------------

Current thread (0x000000001ec23800):  VMThread [stack: 0x00000000202a0000,0x00000000203a0000] [id=13500]

siginfo: ExceptionCode=0xc0000005, reading address 0x0000000000035f88

Registers:
RAX=0x000000004ceb0088, RBX=0x0000000000000000, RCX=0x0000000000000000, RDX=0x00000000fffffff0
RSP=0x000000002039e710, RBP=0x000000002039e778, RSI=0x000000002726b270, RDI=0x0000000000000000
R8 =0x0000000000000000, R9 =0x0000000000000000, R10=0x000000004ceb0558, R11=0x0000000000000246
R12=0x00000000366d56c8, R13=0x0000000000000000, R14=0x000000004ceaff80, R15=0x0000000000000016
RIP=0x00007ffa717895aa, EFLAGS=0x0000000000010206

Top of Stack: (sp=0x000000002039e710)
0x000000002039e710:   0000000027daa1d0 0000000000000000
0x000000002039e720:   000000002039e8c0 00007ffb090a41a9
0x000000002039e730:   000000004cfffb50 0000000000000000
0x000000002039e740:   0000000027daa1d0 000000004ceb0558
0x000000002039e750:   02832f8902dc0289 00007ffb09b533b4
0x000000002039e760:   02933d8a02c8dd89 0093808a02864b8a
0x000000002039e770:   02489c8a02a2888a 0000000000000017
0x000000002039e780:   000000000000a356 000074042ddf0000
0x000000002039e790:   00000000366d56c8 0000000000000000
0x000000002039e7a0:   0000000000000000 000000002726b270
0x000000002039e7b0:   000000002039e8c0 00007ffa71581d5f
0x000000002039e7c0:   000000002726b200 0000000000000016
0x000000002039e7d0:   0292e3910235c300 0233609200165900
0x000000002039e7e0:   00000000000aed24 02be9f9200000000
0x000000002039e7f0:   0000000000000000 023dca9300c76993
0x000000002039e800:   0274e693018cce93 01e05a9401f73994 

Instructions: (pc=0x00007ffa717895aa)
0x00007ffa7178958a:   48 8d 04 c0 48 8d 40 21 49 8d 04 c6 48 85 c0 74
0x00007ffa7178959a:   0c 48 8b 48 08 eb 09 48 83 c0 08 eb ef 48 8b cb
0x00007ffa717895aa:   49 3b 8d 88 5f 03 00 0f 86 86 01 00 00 41 83 f8
0x00007ffa717895ba:   10 73 0d 4a 8d 04 c5 21 00 00 00 49 03 c0 eb 55 


Register to memory mapping:

RAX=0x000000004ceb0088 is an unknown value
RBX=0x0000000000000000 is an unknown value
RCX=0x0000000000000000 is an unknown value
RDX=0x00000000fffffff0 is an unknown value
RSP=0x000000002039e710 is an unknown value
RBP=0x000000002039e778 is an unknown value
RSI=0x000000002726b270 is an unknown value
RDI=0x0000000000000000 is an unknown value
R8 =0x0000000000000000 is an unknown value
R9 =0x0000000000000000 is an unknown value
R10=0x000000004ceb0558 is an unknown value
R11=0x0000000000000246 is an unknown value
R12=0x00000000366d56c8 is an unknown value
R13=0x0000000000000000 is an unknown value
R14=0x000000004ceaff80 is an unknown value
R15=0x0000000000000016 is an unknown value


Stack: [0x00000000202a0000,0x00000000203a0000],  sp=0x000000002039e710,  free space=1017k
Native frames: (J=compiled Java code, j=interpreted, Vv=VM code, C=native code)
C  [igxelpicd64.dll+0x2895aa]
C  [igxelpicd64.dll+0x81d5f]
C  [igxelpicd64.dll+0x28d57f]
C  [igxelpicd64.dll+0x75468]
C  [igxelpicd64.dll+0x243ef4]
C  [igxelpicd64.dll+0x2442b3]
C  [igxelpicd64.dll+0x23e32f]
C  [igxelpicd64.dll+0x23e15d]
C  [igxelpicd64.dll+0x81545b]
C  [ntdll.dll+0x2869f]
C  [ntdll.dll+0x510a6]
C  [ntdll.dll+0x50c9d]
C  [KERNEL32.DLL+0x17fab]
C  [msvcr100.dll+0x20ccd]
V  [jvm.dll+0x211395]
V  [jvm.dll+0x24a0e7]
V  [jvm.dll+0x249386]
V  [jvm.dll+0x249821]
V  [jvm.dll+0x249a3e]
V  [jvm.dll+0x29a99a]
C  [msvcr100.dll+0x21d9f]
C  [msvcr100.dll+0x21e3b]
C  [KERNEL32.DLL+0x1257d]
C  [ntdll.dll+0x5aa58]

VM_Operation (0x000000003c7bf170): Exit, mode: safepoint, requested by thread 0x0000000022b9c800


---------------  P R O C E S S  ---------------

Java Threads: ( => current thread )
  0x0000000022b9c800 JavaThread "SIGINT handler" daemon [_thread_blocked, id=26252, stack(0x000000003c6c0000,0x000000003c7c0000)]
  0x0000000022b9d000 JavaThread "LWJGL Timer" daemon [_thread_blocked, id=27148, stack(0x000000004a930000,0x000000004aa30000)]
  0x0000000022b9e000 JavaThread "Chunk Batcher 1" daemon [_thread_blocked, id=16736, stack(0x0000000035a70000,0x0000000035b70000)]
  0x0000000022b9b000 JavaThread "Chunk Batcher 0" daemon [_thread_blocked, id=21204, stack(0x0000000035970000,0x0000000035a70000)]
  0x0000000023b11000 JavaThread "Thread-7" [_thread_blocked, id=2768, stack(0x0000000034370000,0x0000000034470000)]
  0x0000000025341800 JavaThread "Thread-6" [_thread_blocked, id=3304, stack(0x000000004aa30000,0x000000004ab30000)]
  0x00000000256cf800 JavaThread "Java2D Disposer" daemon [_thread_blocked, id=25832, stack(0x00000000261b0000,0x00000000262b0000)]
  0x00000000256ce800 JavaThread "Timer hack thread" daemon [_thread_blocked, id=26152, stack(0x0000000024d40000,0x0000000024e40000)]
  0x0000000024193800 JavaThread "Snooper Timer" daemon [_thread_blocked, id=26788, stack(0x00000000250e0000,0x00000000251e0000)]
  0x000000002400f000 JavaThread "Snooper Timer" daemon [_thread_blocked, id=16352, stack(0x0000000024a20000,0x0000000024b20000)]
  0x0000000020fbb000 JavaThread "Service Thread" daemon [_thread_blocked, id=14764, stack(0x0000000021e10000,0x0000000021f10000)]
  0x000000001ef58000 JavaThread "C1 CompilerThread11" daemon [_thread_blocked, id=9396, stack(0x0000000021d10000,0x0000000021e10000)]
  0x000000001ef55800 JavaThread "C1 CompilerThread10" daemon [_thread_blocked, id=27356, stack(0x0000000021c10000,0x0000000021d10000)]
  0x000000001ef5b000 JavaThread "C1 CompilerThread9" daemon [_thread_blocked, id=1540, stack(0x0000000021b10000,0x0000000021c10000)]
  0x000000001ef57000 JavaThread "C1 CompilerThread8" daemon [_thread_blocked, id=4512, stack(0x0000000021a10000,0x0000000021b10000)]
  0x000000001ef5a000 JavaThread "C2 CompilerThread7" daemon [_thread_blocked, id=26348, stack(0x0000000021910000,0x0000000021a10000)]
  0x000000001ef59800 JavaThread "C2 CompilerThread6" daemon [_thread_blocked, id=6344, stack(0x0000000021710000,0x0000000021810000)]
  0x000000001ef58800 JavaThread "C2 CompilerThread5" daemon [_thread_blocked, id=26824, stack(0x0000000020e10000,0x0000000020f10000)]
  0x000000001ef40000 JavaThread "C2 CompilerThread4" daemon [_thread_blocked, id=20720, stack(0x0000000020d10000,0x0000000020e10000)]
  0x000000001ef39800 JavaThread "C2 CompilerThread3" daemon [_thread_blocked, id=17568, stack(0x0000000020c10000,0x0000000020d10000)]
  0x000000001ef38800 JavaThread "C2 CompilerThread2" daemon [_thread_blocked, id=19316, stack(0x0000000020b10000,0x0000000020c10000)]
  0x000000001ef2a800 JavaThread "C2 CompilerThread1" daemon [_thread_blocked, id=21988, stack(0x0000000020a10000,0x0000000020b10000)]
  0x000000001ef11800 JavaThread "C2 CompilerThread0" daemon [_thread_blocked, id=22360, stack(0x0000000020910000,0x0000000020a10000)]
  0x000000001ef10000 JavaThread "Monitor Ctrl-Break" daemon [_thread_in_native, id=17592, stack(0x0000000020810000,0x0000000020910000)]
  0x000000001ecc0800 JavaThread "Attach Listener" daemon [_thread_blocked, id=18388, stack(0x0000000020710000,0x0000000020810000)]
  0x000000001ec68000 JavaThread "Signal Dispatcher" daemon [_thread_blocked, id=2500, stack(0x0000000020610000,0x0000000020710000)]
  0x000000001ec46800 JavaThread "Finalizer" daemon [_thread_blocked, id=4852, stack(0x00000000204a0000,0x00000000205a0000)]
  0x000000001d1cc000 JavaThread "Reference Handler" daemon [_thread_blocked, id=26952, stack(0x00000000203a0000,0x00000000204a0000)]
  0x0000000003343800 JavaThread "Client thread" [_thread_blocked, id=5620, stack(0x0000000003040000,0x0000000003140000)]

Other Threads:
=>0x000000001ec23800 VMThread [stack: 0x00000000202a0000,0x00000000203a0000] [id=13500]

VM state:at safepoint (shutting down)

VM Mutex/Monitor currently owned by a thread:  ([mutex/lock_event])
[0x00000000033405d0] Threads_lock - owner thread: 0x000000001ec23800

Heap:
 PSYoungGen      total 267776K, used 234374K [0x000000076c180000, 0x0000000784a00000, 0x00000007c0000000)
  eden space 239104K, 86% used [0x000000076c180000,0x0000000778bde440,0x000000077ab00000)
  from space 28672K, 94% used [0x000000077ab00000,0x000000077c5836f8,0x000000077c700000)
  to   space 32768K, 0% used [0x0000000782a00000,0x0000000782a00000,0x0000000784a00000)
 ParOldGen       total 102400K, used 42285K [0x00000006c4400000, 0x00000006ca800000, 0x000000076c180000)
  object space 102400K, 41% used [0x00000006c4400000,0x00000006c6d4b558,0x00000006ca800000)
 Metaspace       used 32471K, capacity 32725K, committed 33280K, reserved 1079296K
  class space    used 4173K, capacity 4241K, committed 4352K, reserved 1048576K

Card table byte_map: [0x0000000012800000,0x0000000012fe0000] byte_map_base: 0x000000000f1de000

Marking Bits: (ParMarkBitMap*) 0x000000006beb2f70
 Begin Bits: [0x0000000014220000, 0x0000000018110000)
 End Bits:   [0x0000000018110000, 0x000000001c000000)

Polling page: 0x0000000000f70000

CodeCache: size=245760Kb used=15999Kb max_used=16012Kb free=229760Kb
 bounds [0x0000000003440000, 0x0000000004400000, 0x0000000012440000]
 total_blobs=4596 nmethods=3910 adapters=595
 compilation: enabled

Compilation events (10 events):
Event: 15.202 Thread 0x000000001ef39800 nmethod 4267% 0x0000000003a3be50 code [0x0000000003a3c000, 0x0000000003a3d5c8]
Event: 15.221 Thread 0x000000001ef5a000 nmethod 4263% 0x00000000043f5410 code [0x00000000043f5600, 0x00000000043f7d18]
Event: 15.249 Thread 0x000000001ef5b000 4268  s    3       java.util.Hashtable::containsKey (65 bytes)
Event: 15.249 Thread 0x000000001ef5b000 nmethod 4268 0x0000000003741390 code [0x0000000003741520, 0x0000000003741b58]
Event: 15.249 Thread 0x000000001ef55800 4269       3       org.apache.logging.log4j.core.helpers.NameUtil::getSubName (32 bytes)
Event: 15.249 Thread 0x000000001ef55800 nmethod 4269 0x0000000003bce650 code [0x0000000003bce7e0, 0x0000000003bced78]
Event: 15.250 Thread 0x000000001ef2a800 4270       4       sun.util.calendar.ZoneInfo::getOffsets (276 bytes)
Event: 15.250 Thread 0x000000001ef58000 4271       3       sun.nio.cs.UTF_8$Encoder::encodeArrayLoop (489 bytes)
Event: 15.251 Thread 0x000000001ef58000 nmethod 4271 0x00000000043f9d10 code [0x00000000043fa280, 0x00000000043fd908]
Event: 15.253 Thread 0x000000001ef2a800 nmethod 4270 0x0000000003a3ee10 code [0x0000000003a3ef60, 0x0000000003a3f518]

GC Heap History (10 events):
Event: 2.252 GC heap before
{Heap before GC invocations=6 (full 1):
 PSYoungGen      total 102912K, used 100309K [0x000000076c180000, 0x0000000773280000, 0x00000007c0000000)
  eden space 92160K, 100% used [0x000000076c180000,0x0000000771b80000,0x0000000771b80000)
  from space 10752K, 75% used [0x0000000772600000,0x0000000772df5410,0x0000000773080000)
  to   space 10752K, 0% used [0x0000000771b80000,0x0000000771b80000,0x0000000772600000)
 ParOldGen       total 102400K, used 14008K [0x00000006c4400000, 0x00000006ca800000, 0x000000076c180000)
  object space 102400K, 13% used [0x00000006c4400000,0x00000006c51ae1b0,0x00000006ca800000)
 Metaspace       used 26562K, capacity 26792K, committed 27136K, reserved 1073152K
  class space    used 3732K, capacity 3808K, committed 3840K, reserved 1048576K
Event: 2.257 GC heap after
Heap after GC invocations=6 (full 1):
 PSYoungGen      total 102912K, used 10720K [0x000000076c180000, 0x0000000776b00000, 0x00000007c0000000)
  eden space 92160K, 0% used [0x000000076c180000,0x000000076c180000,0x0000000771b80000)
  from space 10752K, 99% used [0x0000000771b80000,0x00000007725f8010,0x0000000772600000)
  to   space 13312K, 0% used [0x0000000775e00000,0x0000000775e00000,0x0000000776b00000)
 ParOldGen       total 102400K, used 16808K [0x00000006c4400000, 0x00000006ca800000, 0x000000076c180000)
  object space 102400K, 16% used [0x00000006c4400000,0x00000006c546a1b0,0x00000006ca800000)
 Metaspace       used 26562K, capacity 26792K, committed 27136K, reserved 1073152K
  class space    used 3732K, capacity 3808K, committed 3840K, reserved 1048576K
}
Event: 2.324 GC heap before
{Heap before GC invocations=7 (full 1):
 PSYoungGen      total 102912K, used 102880K [0x000000076c180000, 0x0000000776b00000, 0x00000007c0000000)
  eden space 92160K, 100% used [0x000000076c180000,0x0000000771b80000,0x0000000771b80000)
  from space 10752K, 99% used [0x0000000771b80000,0x00000007725f8010,0x0000000772600000)
  to   space 13312K, 0% used [0x0000000775e00000,0x0000000775e00000,0x0000000776b00000)
 ParOldGen       total 102400K, used 16808K [0x00000006c4400000, 0x00000006ca800000, 0x000000076c180000)
  object space 102400K, 16% used [0x00000006c4400000,0x00000006c546a1b0,0x00000006ca800000)
 Metaspace       used 26710K, capacity 26920K, committed 27136K, reserved 1073152K
  class space    used 3742K, capacity 3808K, committed 3840K, reserved 1048576K
Event: 2.335 GC heap after
Heap after GC invocations=7 (full 1):
 PSYoungGen      total 153088K, used 13280K [0x000000076c180000, 0x0000000778800000, 0x00000007c0000000)
  eden space 139776K, 0% used [0x000000076c180000,0x000000076c180000,0x0000000774a00000)
  from space 13312K, 99% used [0x0000000775e00000,0x0000000776af8010,0x0000000776b00000)
  to   space 20480K, 0% used [0x0000000774a00000,0x0000000774a00000,0x0000000775e00000)
 ParOldGen       total 102400K, used 24765K [0x00000006c4400000, 0x00000006ca800000, 0x000000076c180000)
  object space 102400K, 24% used [0x00000006c4400000,0x00000006c5c2f600,0x00000006ca800000)
 Metaspace       used 26710K, capacity 26920K, committed 27136K, reserved 1073152K
  class space    used 3742K, capacity 3808K, committed 3840K, reserved 1048576K
}
Event: 3.711 GC heap before
{Heap before GC invocations=8 (full 1):
 PSYoungGen      total 153088K, used 153056K [0x000000076c180000, 0x0000000778800000, 0x00000007c0000000)
  eden space 139776K, 100% used [0x000000076c180000,0x0000000774a00000,0x0000000774a00000)
  from space 13312K, 99% used [0x0000000775e00000,0x0000000776af8010,0x0000000776b00000)
  to   space 20480K, 0% used [0x0000000774a00000,0x0000000774a00000,0x0000000775e00000)
 ParOldGen       total 102400K, used 24765K [0x00000006c4400000, 0x00000006ca800000, 0x000000076c180000)
  object space 102400K, 24% used [0x00000006c4400000,0x00000006c5c2f600,0x00000006ca800000)
 Metaspace       used 30411K, capacity 30645K, committed 31104K, reserved 1077248K
  class space    used 4021K, capacity 4099K, committed 4224K, reserved 1048576K
Event: 3.725 GC heap after
Heap after GC invocations=8 (full 1):
 PSYoungGen      total 160256K, used 20461K [0x000000076c180000, 0x000000077e200000, 0x00000007c0000000)
  eden space 139776K, 0% used [0x000000076c180000,0x000000076c180000,0x0000000774a00000)
  from space 20480K, 99% used [0x0000000774a00000,0x0000000775dfb5c0,0x0000000775e00000)
  to   space 27648K, 0% used [0x000000077c700000,0x000000077c700000,0x000000077e200000)
 ParOldGen       total 102400K, used 30325K [0x00000006c4400000, 0x00000006ca800000, 0x000000076c180000)
  object space 102400K, 29% used [0x00000006c4400000,0x00000006c619d508,0x00000006ca800000)
 Metaspace       used 30411K, capacity 30645K, committed 31104K, reserved 1077248K
  class space    used 4021K, capacity 4099K, committed 4224K, reserved 1048576K
}
Event: 4.039 GC heap before
{Heap before GC invocations=9 (full 1):
 PSYoungGen      total 160256K, used 160237K [0x000000076c180000, 0x000000077e200000, 0x00000007c0000000)
  eden space 139776K, 100% used [0x000000076c180000,0x0000000774a00000,0x0000000774a00000)
  from space 20480K, 99% used [0x0000000774a00000,0x0000000775dfb5c0,0x0000000775e00000)
  to   space 27648K, 0% used [0x000000077c700000,0x000000077c700000,0x000000077e200000)
 ParOldGen       total 102400K, used 30325K [0x00000006c4400000, 0x00000006ca800000, 0x000000076c180000)
  object space 102400K, 29% used [0x00000006c4400000,0x00000006c619d508,0x00000006ca800000)
 Metaspace       used 30723K, capacity 30965K, committed 31360K, reserved 1077248K
  class space    used 4036K, capacity 4099K, committed 4224K, reserved 1048576K
Event: 4.050 GC heap after
Heap after GC invocations=9 (full 1):
 PSYoungGen      total 266752K, used 18233K [0x000000076c180000, 0x000000077e300000, 0x00000007c0000000)
  eden space 239104K, 0% used [0x000000076c180000,0x000000076c180000,0x000000077ab00000)
  from space 27648K, 65% used [0x000000077c700000,0x000000077d8ce440,0x000000077e200000)
  to   space 28672K, 0% used [0x000000077ab00000,0x000000077ab00000,0x000000077c700000)
 ParOldGen       total 102400K, used 35777K [0x00000006c4400000, 0x00000006ca800000, 0x000000076c180000)
  object space 102400K, 34% used [0x00000006c4400000,0x00000006c66f0548,0x00000006ca800000)
 Metaspace       used 30723K, capacity 30965K, committed 31360K, reserved 1077248K
  class space    used 4036K, capacity 4099K, committed 4224K, reserved 1048576K
}
Event: 4.740 GC heap before
{Heap before GC invocations=10 (full 1):
 PSYoungGen      total 266752K, used 253316K [0x000000076c180000, 0x000000077e300000, 0x00000007c0000000)
  eden space 239104K, 98% used [0x000000076c180000,0x000000077a712cb8,0x000000077ab00000)
  from space 27648K, 65% used [0x000000077c700000,0x000000077d8ce440,0x000000077e200000)
  to   space 28672K, 0% used [0x000000077ab00000,0x000000077ab00000,0x000000077c700000)
 ParOldGen       total 102400K, used 35777K [0x00000006c4400000, 0x00000006ca800000, 0x000000076c180000)
  object space 102400K, 34% used [0x00000006c4400000,0x00000006c66f0548,0x00000006ca800000)
 Metaspace       used 31740K, capacity 31989K, committed 32384K, reserved 1077248K
  class space    used 4111K, capacity 4209K, committed 4224K, reserved 1048576K
Event: 4.751 GC heap after
Heap after GC invocations=10 (full 1):
 PSYoungGen      total 267776K, used 27149K [0x000000076c180000, 0x0000000784a00000, 0x00000007c0000000)
  eden space 239104K, 0% used [0x000000076c180000,0x000000076c180000,0x000000077ab00000)
  from space 28672K, 94% used [0x000000077ab00000,0x000000077c5836f8,0x000000077c700000)
  to   space 32768K, 0% used [0x0000000782a00000,0x0000000782a00000,0x0000000784a00000)
 ParOldGen       total 102400K, used 42285K [0x00000006c4400000, 0x00000006ca800000, 0x000000076c180000)
  object space 102400K, 41% used [0x00000006c4400000,0x00000006c6d4b558,0x00000006ca800000)
 Metaspace       used 31740K, capacity 31989K, committed 32384K, reserved 1077248K
  class space    used 4111K, capacity 4209K, committed 4224K, reserved 1048576K
}

Deoptimization events (10 events):
Event: 10.304 Thread 0x0000000022b98800 Uncommon trap: reason=class_check action=maybe_recompile pc=0x00000000041f606c method=java.util.HashSet.iterator()Ljava/util/Iterator; @ 4
Event: 10.305 Thread 0x0000000003343800 Uncommon trap: reason=unstable_if action=reinterpret pc=0x0000000003ab1f84 method=java.net.URL.<init>(Ljava/net/URL;Ljava/lang/String;Ljava/net/URLStreamHandler;)V @ 30
Event: 10.306 Thread 0x0000000003343800 Uncommon trap: reason=unstable_if action=reinterpret pc=0x000000000400d014 method=java.net.URLStreamHandler.parseURL(Ljava/net/URL;Ljava/lang/String;II)V @ 682
Event: 10.328 Thread 0x0000000025341800 Uncommon trap: reason=unstable_if action=reinterpret pc=0x0000000003a2df10 method=com.jcraft.jogg.Buffer.read(I)I @ 23
Event: 10.364 Thread 0x0000000003343800 Uncommon trap: reason=unstable_if action=reinterpret pc=0x000000000430e8e4 method=net.minecraft.util.ResourceLocation.equals(Ljava/lang/Object;)Z @ 2
Event: 15.250 Thread 0x0000000022b9b800 Uncommon trap: reason=unstable_if action=reinterpret pc=0x0000000003912120 method=org.apache.logging.log4j.status.StatusLogger.isEnabled(Lorg/apache/logging/log4j/Level;Lorg/apache/logging/log4j/Marker;)Z @ 18
Event: 15.250 Thread 0x0000000022b9b800 Uncommon trap: reason=unstable_if action=reinterpret pc=0x0000000003adf824 method=sun.util.calendar.BaseCalendar.getFixedDate(IIILsun/util/calendar/BaseCalendar$Date;)J @ 19
Event: 15.250 Thread 0x0000000022b9b800 Uncommon trap: reason=predicate action=maybe_recompile pc=0x0000000003ad85dc method=sun.util.calendar.ZoneInfo.getTransitionIndex(JI)I @ 19
Event: 15.250 Thread 0x0000000022b9b800 Uncommon trap: reason=unstable_if action=reinterpret pc=0x0000000003aedc8c method=java.text.SimpleDateFormat.zeroPaddingNumber(IIILjava/lang/StringBuffer;)V @ 4
Event: 15.253 Thread 0x0000000022b9c800 Uncommon trap: reason=class_check action=maybe_recompile pc=0x00000000041f606c method=java.util.HashSet.iterator()Ljava/util/Iterator; @ 4

Internal exceptions (10 events):
Event: 4.131 Thread 0x0000000025341800 Exception <a 'java/lang/InterruptedException': sleep interrupted> (0x000000076ef147c0) thrown at [C:\re\workspace\8-2-build-windows-amd64-cygwin\jdk8u91\6644\hotspot\src\share\vm\prims\jvm.cpp, line 3215]
Event: 4.131 Thread 0x0000000025341800 Exception <a 'java/lang/InterruptedException': sleep interrupted> (0x000000076ef14a18) thrown at [C:\re\workspace\8-2-build-windows-amd64-cygwin\jdk8u91\6644\hotspot\src\share\vm\prims\jvm.cpp, line 3215]
Event: 4.726 Thread 0x0000000003343800 Exception <a 'java/lang/NoSuchMethodError': java.lang.Object.lambda$comparingInt$7b0bb60$1(Ljava/util/function/ToIntFunction;Ljava/lang/Object;Ljava/lang/Object;)I> (0x000000077a3ace80) thrown at [C:\re\workspace\8-2-build-windows-amd64-cygwin\jdk8u91\6644ênèw«h@
Event: 4.852 Thread 0x000000002400f000 Exception <a 'java/net/UnknownHostException': snoop.minecraft.net> (0x000000077569ffd8) thrown at [C:\re\workspace\8-2-build-windows-amd64-cygwin\jdk8u91\6644\hotspot\src\share\vm\prims\jni.cpp, line 735]
Event: 10.300 Thread 0x0000000003343800 Exception <a 'java/lang/NoClassDefFoundError': org/slf4j/LoggerFactory> (0x0000000775fb4408) thrown at [C:\re\workspace\8-2-build-windows-amd64-cygwin\jdk8u91\6644\hotspot\src\share\vm\classfile\systemDictionary.cpp, line 199]
Event: 10.301 Thread 0x0000000003343800 Exception <a 'java/lang/NoClassDefFoundError': org/apache/log4j/Priority> (0x0000000775fd0030) thrown at [C:\re\workspace\8-2-build-windows-amd64-cygwin\jdk8u91\6644\hotspot\src\share\vm\classfile\systemDictionary.cpp, line 199]
Event: 10.306 Thread 0x0000000003343800 Implicit null exception at 0x0000000004009d5d to 0x000000000400cff1
Event: 10.306 Thread 0x0000000025341800 Exception <a 'java/lang/InterruptedException': sleep interrupted> (0x0000000776241ff0) thrown at [C:\re\workspace\8-2-build-windows-amd64-cygwin\jdk8u91\6644\hotspot\src\share\vm\prims\jvm.cpp, line 3215]
Event: 10.351 Thread 0x0000000023b11000 Exception <a 'java/lang/InterruptedException': sleep interrupted> (0x0000000776460b80) thrown at [C:\re\workspace\8-2-build-windows-amd64-cygwin\jdk8u91\6644\hotspot\src\share\vm\prims\jvm.cpp, line 3215]
Event: 15.250 Thread 0x0000000022b9b800 Implicit null exception at 0x0000000003adf79a to 0x0000000003adf80d

Events (10 events):
Event: 15.250 Thread 0x0000000022b9b800 Uncommon trap: trap_request=0xffffff65 fr.pc=0x0000000003aedc8c
Event: 15.250 Thread 0x0000000022b9b800 DEOPT PACKING pc=0x0000000003aedc8c sp=0x000000003cabe890
Event: 15.250 Thread 0x0000000022b9b800 DEOPT UNPACKING pc=0x000000000348582a sp=0x000000003cabe8b0 mode 2
Event: 15.250 Thread 0x0000000022b98000 Thread exited: 0x0000000022b98000
Event: 15.250 Thread 0x0000000022b9b800 Thread exited: 0x0000000022b9b800
Event: 15.253 Thread 0x0000000022b99800 Thread exited: 0x0000000022b99800
Event: 15.253 Thread 0x0000000022b9c800 Uncommon trap: trap_request=0xffffffde fr.pc=0x00000000041f606c
Event: 15.253 Thread 0x0000000022b9c800 DEOPT PACKING pc=0x00000000041f606c sp=0x000000003c7beff0
Event: 15.253 Thread 0x0000000022b9c800 DEOPT UNPACKING pc=0x000000000348582a sp=0x000000003c7befa8 mode 2
Event: 15.253 Executing VM operation: Exit


Dynamic libraries:
0x00007ff6331d0000 - 0x00007ff633207000 	C:\Program Files\Java\jdk1.8.0_91\bin\java.exe
0x00007ffb09ab0000 - 0x00007ffb09cc6000 	C:\Windows\SYSTEM32\ntdll.dll
0x00007ffb09250000 - 0x00007ffb09314000 	C:\Windows\System32\KERNEL32.DLL
0x00007ffb06df0000 - 0x00007ffb07196000 	C:\Windows\System32\KERNELBASE.dll
0x00007ffb097d0000 - 0x00007ffb09882000 	C:\Windows\System32\ADVAPI32.dll
0x00007ffb096d0000 - 0x00007ffb09777000 	C:\Windows\System32\msvcrt.dll
0x00007ffb08ff0000 - 0x00007ffb09098000 	C:\Windows\System32\sechost.dll
0x00007ffb07340000 - 0x00007ffb07368000 	C:\Windows\System32\bcrypt.dll
0x00007ffb07960000 - 0x00007ffb07a75000 	C:\Windows\System32\RPCRT4.dll
0x00007ffb090a0000 - 0x00007ffb0924d000 	C:\Windows\System32\USER32.dll
0x00007ffb07370000 - 0x00007ffb07396000 	C:\Windows\System32\win32u.dll
0x00007ffb07920000 - 0x00007ffb07949000 	C:\Windows\System32\GDI32.dll
0x00007ffb071a0000 - 0x00007ffb072b8000 	C:\Windows\System32\gdi32full.dll
0x00007ffb074c0000 - 0x00007ffb0755a000 	C:\Windows\System32\msvcp_win.dll
0x00007ffb073a0000 - 0x00007ffb074b1000 	C:\Windows\System32\ucrtbase.dll
0x00007ffaeb850000 - 0x00007ffaebae3000 	C:\Windows\WinSxS\amd64_microsoft.windows.common-controls_6595b64144ccf1df_6.0.22621.3235_none_270f74e173860f98\COMCTL32.dll
0x00007ffb09890000 - 0x00007ffb098c1000 	C:\Windows\System32\IMM32.DLL
0x000000006bf40000 - 0x000000006c012000 	C:\Program Files\Java\jdk1.8.0_91\jre\bin\msvcr100.dll
0x000000006b6a0000 - 0x000000006bf33000 	C:\Program Files\Java\jdk1.8.0_91\jre\bin\server\jvm.dll
0x00007ffb09320000 - 0x00007ffb09328000 	C:\Windows\System32\PSAPI.DLL
0x00007ffb00940000 - 0x00007ffb00974000 	C:\Windows\SYSTEM32\WINMM.dll
0x00007ffafe210000 - 0x00007ffafe219000 	C:\Windows\SYSTEM32\WSOCK32.dll
0x00007ffaf3150000 - 0x00007ffaf315a000 	C:\Windows\SYSTEM32\VERSION.dll
0x00007ffb09430000 - 0x00007ffb094a1000 	C:\Windows\System32\WS2_32.dll
0x000000006c640000 - 0x000000006c64f000 	C:\Program Files\Java\jdk1.8.0_91\jre\bin\verify.dll
0x000000006c4a0000 - 0x000000006c4c9000 	C:\Program Files\Java\jdk1.8.0_91\jre\bin\java.dll
0x000000006c470000 - 0x000000006c493000 	C:\Program Files\Java\jdk1.8.0_91\jre\bin\instrument.dll
0x000000006c450000 - 0x000000006c466000 	C:\Program Files\Java\jdk1.8.0_91\jre\bin\zip.dll
0x00007ffb07f70000 - 0x00007ffb087cd000 	C:\Windows\System32\SHELL32.dll
0x00007ffb04d60000 - 0x00007ffb05658000 	C:\Windows\SYSTEM32\windows.storage.dll
0x00007ffb07be0000 - 0x00007ffb07f68000 	C:\Windows\System32\combase.dll
0x00007ffb04c20000 - 0x00007ffb04d5e000 	C:\Windows\SYSTEM32\wintypes.dll
0x00007ffb07ae0000 - 0x00007ffb07bd3000 	C:\Windows\System32\SHCORE.dll
0x00007ffb078a0000 - 0x00007ffb078fe000 	C:\Windows\System32\shlwapi.dll
0x00007ffb06d20000 - 0x00007ffb06d46000 	C:\Windows\SYSTEM32\profapi.dll
0x00007ffafae00000 - 0x00007ffafae1a000 	D:\ideaIU-2023.2.win\bin\breakgen64.dll
0x000000006c430000 - 0x000000006c44a000 	C:\Program Files\Java\jdk1.8.0_91\jre\bin\net.dll
0x00007ffb063a0000 - 0x00007ffb06409000 	C:\Windows\system32\mswsock.dll
0x000000006c630000 - 0x000000006c63d000 	C:\Program Files\Java\jdk1.8.0_91\jre\bin\management.dll
0x000000006b680000 - 0x000000006b691000 	C:\Program Files\Java\jdk1.8.0_91\jre\bin\nio.dll
0x00007ffad06c0000 - 0x00007ffad06d7000 	C:\Windows\system32\napinsp.dll
0x00007ffacf7e0000 - 0x00007ffacf7fb000 	C:\Windows\system32\pnrpnsp.dll
0x00007ffb05950000 - 0x00007ffb05a49000 	C:\Windows\SYSTEM32\DNSAPI.dll
0x00007ffb05920000 - 0x00007ffb0594d000 	C:\Windows\SYSTEM32\IPHLPAPI.DLL
0x00007ffb07950000 - 0x00007ffb07959000 	C:\Windows\System32\NSI.dll
0x00007ffacf7c0000 - 0x00007ffacf7d1000 	C:\Windows\System32\winrnr.dll
0x00007ffafb6d0000 - 0x00007ffafb6e5000 	C:\Windows\system32\wshbth.dll
0x00007ffacf600000 - 0x00007ffacf621000 	C:\Windows\system32\nlansp_c.dll
0x00007ffaf9d90000 - 0x00007ffaf9d9a000 	C:\Windows\System32\rasadhlp.dll
0x00007ffafaae0000 - 0x00007ffafab63000 	C:\Windows\System32\fwpuclnt.dll
0x0000000180000000 - 0x0000000180053000 	D:\GradeClient-main\jars\versions\1.8.8\1.8.8-natives\lwjgl64.dll
0x00007ffa725e0000 - 0x00007ffa726e0000 	C:\Windows\SYSTEM32\OPENGL32.dll
0x00007ffa725b0000 - 0x00007ffa725dd000 	C:\Windows\SYSTEM32\GLU32.dll
0x00007ffb03a90000 - 0x00007ffb03ac9000 	C:\Windows\SYSTEM32\dxcore.dll
0x00007ffb065f0000 - 0x00007ffb0660b000 	C:\Windows\SYSTEM32\CRYPTSP.dll
0x00007ffb05e80000 - 0x00007ffb05eb5000 	C:\Windows\system32\rsaenh.dll
0x00007ffb06490000 - 0x00007ffb064bc000 	C:\Windows\SYSTEM32\USERENV.dll
0x00007ffb072c0000 - 0x00007ffb0733a000 	C:\Windows\System32\bcryptprimitives.dll
0x00007ffb06610000 - 0x00007ffb0661c000 	C:\Windows\SYSTEM32\CRYPTBASE.dll
0x00007ffafd470000 - 0x00007ffafd489000 	C:\Windows\SYSTEM32\dhcpcsvc6.DLL
0x00007ffafd250000 - 0x00007ffafd26f000 	C:\Windows\SYSTEM32\dhcpcsvc.DLL
0x000000006b4e0000 - 0x000000006b678000 	C:\Program Files\Java\jdk1.8.0_91\jre\bin\awt.dll
0x00007ffb09330000 - 0x00007ffb09407000 	C:\Windows\System32\OLEAUT32.dll
0x00007ffb00090000 - 0x00007ffb00127000 	C:\Windows\SYSTEM32\apphelp.dll
0x00007ffafba20000 - 0x00007ffafbadc000 	C:\Windows\SYSTEM32\mscms.dll
0x00007ffb05f20000 - 0x00007ffb05f38000 	C:\Windows\SYSTEM32\kernel.appcore.dll
0x00007ffb08930000 - 0x00007ffb089e0000 	C:\Windows\System32\clbcatq.dll
0x00007ffaf95f0000 - 0x00007ffaf963e000 	C:\Windows\System32\Windows.Internal.Graphics.Display.DisplayColorManagement.dll
0x00007ffb06b00000 - 0x00007ffb06b4e000 	C:\Windows\SYSTEM32\cfgmgr32.dll
0x00007ffb007a0000 - 0x00007ffb0084b000 	C:\Windows\system32\uxtheme.dll
0x00007ffb087d0000 - 0x00007ffb08924000 	C:\Windows\System32\MSCTF.dll
0x00007ffaf93b0000 - 0x00007ffaf94fa000 	C:\Windows\SYSTEM32\textinputframework.dll
0x00007ffaff760000 - 0x00007ffaff894000 	C:\Windows\SYSTEM32\CoreMessaging.dll
0x00007ffafc930000 - 0x00007ffafcc9c000 	C:\Windows\SYSTEM32\CoreUIComponents.dll
0x00007ffb098d0000 - 0x00007ffb09a6f000 	C:\Windows\System32\ole32.dll
0x00007ffa85d90000 - 0x00007ffa85e7b000 	C:\Windows\system32\SogouWBTSF.ime
0x00007ffaf3680000 - 0x00007ffaf3687000 	C:\Windows\system32\MSIMG32.dll
0x00007ffb05f40000 - 0x00007ffb05f74000 	C:\Windows\SYSTEM32\ntmarta.dll
0x0000000027340000 - 0x0000000027c12000 	C:\Windows\system32\SogouWb.ime
0x00007ffa85d70000 - 0x00007ffa85d89000 	C:\Windows\SYSTEM32\USP10.dll
0x00007ffb05cf0000 - 0x00007ffb05cfc000 	C:\Windows\SYSTEM32\Secur32.dll
0x00007ffae5820000 - 0x00007ffae5d14000 	C:\Windows\SYSTEM32\WININET.dll
0x00007ffaeb7e0000 - 0x00007ffaeb849000 	C:\Windows\SYSTEM32\OLEACC.dll
0x00007ffaebaf0000 - 0x00007ffaebcaa000 	C:\Windows\WinSxS\amd64_microsoft.windows.gdiplus_6595b64144ccf1df_1.1.22621.3085_none_57ff6980ce140777\gdiplus.dll
0x00007ffb06180000 - 0x00007ffb061cc000 	C:\Windows\SYSTEM32\SSPICLI.DLL
0x00007ffb07560000 - 0x00007ffb075cb000 	C:\Windows\System32\Wintrust.dll
0x00007ffb07690000 - 0x00007ffb077f6000 	C:\Windows\System32\CRYPT32.dll
0x00007ffb06650000 - 0x00007ffb06662000 	C:\Windows\SYSTEM32\MSASN1.dll
0x00007ffb09410000 - 0x00007ffb0942f000 	C:\Windows\System32\imagehlp.dll
0x00007ffb06430000 - 0x00007ffb06456000 	C:\Windows\SYSTEM32\gpapi.dll
0x00007ffaf3110000 - 0x00007ffaf3142000 	C:\Windows\System32\cryptnet.dll
0x0000000033590000 - 0x0000000033657000 	D:\Program Files (x86)\SogouWBInput\5.5.0.2580\Plugins64\ManualNewWord.dll
0x00007ffad5910000 - 0x00007ffad5942000 	C:\Windows\system32\msctfp.dll
0x00007ffafd1e0000 - 0x00007ffafd22a000 	C:\Windows\SYSTEM32\directxdatabasehelper.dll
0x00007ffafb8c0000 - 0x00007ffafb9f5000 	C:\Windows\System32\AppXDeploymentClient.dll
0x00007ffa71500000 - 0x00007ffa725a9000 	C:\Windows\System32\DriverStore\FileRepository\iigd_dch.inf_amd64_57d6be89ba05925b\igxelpicd64.dll
0x00007ffb03290000 - 0x00007ffb032bb000 	C:\Windows\system32\dwmapi.dll
0x00007ffb04960000 - 0x00007ffb04a58000 	C:\Windows\system32\dxgi.dll
0x00007ffa713d0000 - 0x00007ffa714f4000 	C:\Windows\System32\DriverStore\FileRepository\iigd_dch.inf_amd64_57d6be89ba05925b\igdml64.dll
0x00007ffaf71b0000 - 0x00007ffaf75c2000 	C:\Windows\System32\DriverStore\FileRepository\iigd_dch.inf_amd64_57d6be89ba05925b\igdgmm64.dll
0x00007ffb06ab0000 - 0x00007ffb06adc000 	C:\Windows\SYSTEM32\DEVOBJ.dll
0x00007ffab5f30000 - 0x00007ffab5f79000 	C:\Windows\SYSTEM32\icm32.dll
0x00007ffaeeae0000 - 0x00007ffaf2f1e000 	C:\Windows\System32\DriverStore\FileRepository\iigd_dch.inf_amd64_57d6be89ba05925b\igc64.dll
0x00007ffb05c80000 - 0x00007ffb05ccd000 	C:\Windows\SYSTEM32\powrprof.dll
0x00007ffb05c60000 - 0x00007ffb05c73000 	C:\Windows\SYSTEM32\UMPDC.dll
0x000000003f670000 - 0x000000003f6a8000 	C:\Users\43850\AppData\Local\Temp\jna\jna4831151157327874030.dll
0x0000000070a40000 - 0x0000000070adc000 	D:\GradeClient-main\jars\versions\1.8.8\1.8.8-natives\avutil-ttv-51.dll
0x0000000065980000 - 0x00000000659d6000 	D:\GradeClient-main\jars\versions\1.8.8\1.8.8-natives\swresample-ttv-0.dll
0x000000006eb80000 - 0x000000006ec50000 	D:\GradeClient-main\jars\versions\1.8.8\1.8.8-natives\libmp3lame-ttv.dll
0x00007ffa0e530000 - 0x00007ffa0f8d4000 	D:\GradeClient-main\jars\versions\1.8.8\1.8.8-natives\libmfxsw64.dll
0x00007ffa12190000 - 0x00007ffa122fd000 	D:\GradeClient-main\jars\versions\1.8.8\1.8.8-natives\twitchsdk.dll
0x0000000034470000 - 0x00000000344d4000 	D:\GradeClient-main\jars\versions\1.8.8\1.8.8-natives\OpenAL64.dll
0x00007ffaf4f20000 - 0x00007ffaf4fbd000 	C:\Windows\System32\MMDevApi.dll
0x00007ffa3edb0000 - 0x00007ffa3ee52000 	C:\Windows\SYSTEM32\dsound.dll
0x00007ffa3cc90000 - 0x00007ffa3cd41000 	C:\Windows\SYSTEM32\ResampleDmo.DLL
0x00007ffacdd80000 - 0x00007ffacdda9000 	C:\Windows\SYSTEM32\winmmbase.dll
0x00007ffaed2f0000 - 0x00007ffaed2fb000 	C:\Windows\SYSTEM32\msdmo.dll
0x00007ffaeb320000 - 0x00007ffaeb50c000 	C:\Windows\SYSTEM32\AUDIOSES.DLL
0x00007ffb03930000 - 0x00007ffb03945000 	C:\Windows\SYSTEM32\resourcepolicyclient.dll
0x00007ffac3980000 - 0x00007ffac3a30000 	C:\Windows\SYSTEM32\TextShaping.dll
0x00007ffb044c0000 - 0x00007ffb046f3000 	C:\Windows\SYSTEM32\dbghelp.dll

VM Arguments:
jvm_args: -javaagent:D:\ideaIU-2023.2.win\lib\idea_rt.jar=54458:D:\ideaIU-2023.2.win\bin -Dfile.encoding=UTF-8 
java_command: Start
java_class_path (initial): C:\Program Files\Java\jdk1.8.0_91\jre\lib\charsets.jar;C:\Program Files\Java\jdk1.8.0_91\jre\lib\deploy.jar;C:\Program Files\Java\jdk1.8.0_91\jre\lib\ext\access-bridge-64.jar;C:\Program Files\Java\jdk1.8.0_91\jre\lib\ext\cldrdata.jar;C:\Program Files\Java\jdk1.8.0_91\jre\lib\ext\dnsns.jar;C:\Program Files\Java\jdk1.8.0_91\jre\lib\ext\jaccess.jar;C:\Program Files\Java\jdk1.8.0_91\jre\lib\ext\jfxrt.jar;C:\Program Files\Java\jdk1.8.0_91\jre\lib\ext\localedata.jar;C:\Program Files\Java\jdk1.8.0_91\jre\lib\ext\nashorn.jar;C:\Program Files\Java\jdk1.8.0_91\jre\lib\ext\sunec.jar;C:\Program Files\Java\jdk1.8.0_91\jre\lib\ext\sunjce_provider.jar;C:\Program Files\Java\jdk1.8.0_91\jre\lib\ext\sunmscapi.jar;C:\Program Files\Java\jdk1.8.0_91\jre\lib\ext\sunpkcs11.jar;C:\Program Files\Java\jdk1.8.0_91\jre\lib\ext\zipfs.jar;C:\Program Files\Java\jdk1.8.0_91\jre\lib\javaws.jar;C:\Program Files\Java\jdk1.8.0_91\jre\lib\jce.jar;C:\Program Files\Java\jdk1.8.0_91\jre\lib\jfr.jar;C:\Program Files\Java\jdk1.8.0_91\jre\lib\jfxswt.jar;C:\Program Files\Java\jdk1.8.0_91\jre\lib\jsse.jar;C:\Program Files\Java\jdk1.8.0_91\jre\lib\management-agent.jar;C:\Program Files\Java\jdk1.8.0_91\jre\lib\plugin.jar;C:\Program Files\Java\jdk1.8.0_91\jre\lib\resources.jar;C:\Program Files\Java\jdk1.8.0_91\jre\lib\rt.jar;D:\GradeClient-main\out\production\GradeClient;D:\GradeClient-main\lib\1.8.8.jar;D:\GradeClient-main\lib\jna-3.4.0.jar;D:\GradeClient-main\lib\fernflower.jar;D:\GradeClient-main\lib\gson-2.2.4.jar;D:\GradeClient-main\lib\guava-17.0.jar;D:\GradeClient-main\lib\mcinjector.jar;D:\GradeClient-main\lib\retroguard.jar;D:\GradeClient-main\lib\twitch-6.5.jar;D:\GradeClient-main\lib\netty-1.8.8.jar;D:\GradeClient-main\lib\jinput-2.0.5.jar;D:\GradeClient-main\lib\jutils-1.0.0.jar;D:\GradeClient-main\lib\minecraft_rg.jar;D:\GradeClient-main\lib\minecraft_exc.jar;D:\GradeClient-main\lib\oshi-core-1.1.jar;D:\GradeClient-main\lib\realms-1.7.39.jar;D:\GradeClient-main\lib\specia
Launcher Type: SUN_STANDARD

Environment Variables:
JAVA_HOME=D:\graalvm-jdk-17.0.8+9.1
PATH=D:\graalvm-jdk-17.0.8+9.1\bin;D:\Program Files (x86)\VMware\VMware Workstation\bin\;C:\ProgramData\Oracle\Java\javapath;C:\Windows\system32;C:\Windows;C:\Windows\System32\Wbem;C:\Windows\System32\WindowsPowerShell\v1.0\;C:\Windows\System32\OpenSSH\;C:\Program Files (x86)\NVIDIA Corporation\PhysX\Common;C:\Program Files\NVIDIA Corporation\NVIDIA NvDLISR;C:\Program Files\Git\cmd;C:\Program Files\Microsoft SQL Server\150\Tools\Binn\;C:\Program Files\Microsoft SQL Server\Client SDK\ODBC\170\Tools\Binn\;C:\Program Files\dotnet\;D:\Windows Kits\10\Windows Performance Toolkit\;C:\Users\43850\AppData\Roaming\nvm;C:\Program Files\nodejs;C:\Program Files (x86)\Microsoft SQL Server\Client SDK\ODBC\130\Tools\Binn\;C:\Program Files (x86)\Microsoft SQL Server\140\Tools\Binn\;C:\Program Files (x86)\Microsoft SQL Server\140\DTS\Binn\;C:\Program Files (x86)\Microsoft SQL Server\140\Tools\Binn\ManagementStudio\;C:\Program Files (x86)\Microsoft SQL Server\130\Tools\Binn\;C:\Program Files\Microsoft SQL Server\130\Tools\Binn\;C:\Program Files (x86)\Microsoft SQL Server\130\DTS\Binn\;C:\Program Files\Microsoft SQL Server\130\DTS\Binn\;C:\Program Files\Microsoft SQL Server\Client SDK\ODBC\130\Tools\Binn\;D:\Program Files\Redis\;D:\GradeClient-main\jars\versions\1.8.8\1.8.8-natives;C:\Users\43850\AppData\Local\Microsoft\WindowsApps;C:\Users\43850\AppData\Roaming\npm;C:\Users\43850\.dotnet\tools;C:\Users\43850\AppData\Local\Programs\Microsoft VS Code\bin;C:\Users\43850\AppData\Roaming\nvm;C:\Program Files\nodejs;C:\Users\43850\AppData\Local\gitkraken\bin
USERNAME=43850
OS=Windows_NT
PROCESSOR_IDENTIFIER=Intel64 Family 6 Model 154 Stepping 3, GenuineIntel



---------------  S Y S T E M  ---------------

OS: Windows 10.0 , 64 bit Build 22621 (10.0.22621.3235)

CPU:total 16 (8 cores per cpu, 2 threads per core) family 6 model 154 stepping 3, cmov, cx8, fxsr, mmx, sse, sse2, sse3, ssse3, sse4.1, sse4.2, popcnt, avx, avx2, aes, clmul, erms, 3dnowpref, lzcnt, ht, tsc, tscinvbit, bmi1, bmi2, adx

Memory: 4k page, physical 16496120k(1429336k free), swap 29683860k(4037388k free)

vm_info: Java HotSpot(TM) 64-Bit Server VM (25.91-b14) for windows-amd64 JRE (1.8.0_91-b14), built on Apr  1 2016 00:58:32 by "java_re" with MS VC++ 10.0 (VS2010)

time: Sun Mar 31 03:00:08 2024
elapsed time: 15 seconds (0d 0h 0m 15s)

