#
# A fatal error has been detected by the Java Runtime Environment:
#
#  EXCEPTION_ACCESS_VIOLATION (0xc0000005) at pc=0x00007ffa717895aa, pid=27224, tid=8012
#
# JRE version: Java(TM) SE Runtime Environment (8.0_91-b14) (build 1.8.0_91-b14)
# Java VM: Java HotSpot(TM) 64-Bit Server VM (25.91-b14 mixed mode windows-amd64 compressed oops)
# Problematic frame:
# C  [igxelpicd64.dll+0x2895aa]
#
# Failed to write core dump. Minidumps are not enabled by default on client versions of Windows
#
# If you would like to submit a bug report, please visit:
#   http://bugreport.java.com/bugreport/crash.jsp
#

---------------  T H R E A D  ---------------

Current thread (0x000000001f173000):  VMThread [stack: 0x0000000020810000,0x0000000020910000] [id=8012]

siginfo: ExceptionCode=0xc0000005, reading address 0x0000000000035f88

Registers:
RAX=0x0000000036f988e8, RBX=0x0000000000000000, RCX=0x0000000000000000, RDX=0x00000000fffffff0
RSP=0x000000002090e260, RBP=0x000000002090e2c8, RSI=0x00000000336c95b0, RDI=0x0000000000000000
R8 =0x0000000000000000, R9 =0x0000000000000000, R10=0x0000000036f98db8, R11=0x0000000000000246
R12=0x0000000036c056c8, R13=0x0000000000000000, R14=0x0000000036f987e0, R15=0x0000000000000016
RIP=0x00007ffa717895aa, EFLAGS=0x0000000000010206

Top of Stack: (sp=0x000000002090e260)
0x000000002090e260:   00000000334a8370 0000000000000000
0x000000002090e270:   000000002090e410 00007ffb090a41a9
0x000000002090e280:   0000000036d40920 0000000000000000
0x000000002090e290:   00000000334a8370 0000000036f98db8
0x000000002090e2a0:   02832f8902dc0289 00007ffb09b533b4
0x000000002090e2b0:   02933d8a02c8dd89 0093808a02864b8a
0x000000002090e2c0:   02489c8a02a2888a 0000000000000017
0x000000002090e2d0:   00000000000000a1 0000740419600000
0x000000002090e2e0:   0000000036c056c8 0000000000000000
0x000000002090e2f0:   0000000000000000 00000000336c95b0
0x000000002090e300:   000000002090e410 00007ffa71581d5f
0x000000002090e310:   00000000336c9500 0000000000000016
0x000000002090e320:   0292e3910235c300 0233609200165900
0x000000002090e330:   00000000000008a8 02be9f9200000000
0x000000002090e340:   0000000000000000 023dca9300c76993
0x000000002090e350:   0274e693018cce93 01e05a9401f73994 

Instructions: (pc=0x00007ffa717895aa)
0x00007ffa7178958a:   48 8d 04 c0 48 8d 40 21 49 8d 04 c6 48 85 c0 74
0x00007ffa7178959a:   0c 48 8b 48 08 eb 09 48 83 c0 08 eb ef 48 8b cb
0x00007ffa717895aa:   49 3b 8d 88 5f 03 00 0f 86 86 01 00 00 41 83 f8
0x00007ffa717895ba:   10 73 0d 4a 8d 04 c5 21 00 00 00 49 03 c0 eb 55 


Register to memory mapping:

RAX=0x0000000036f988e8 is an unknown value
RBX=0x0000000000000000 is an unknown value
RCX=0x0000000000000000 is an unknown value
RDX=0x00000000fffffff0 is an unknown value
RSP=0x000000002090e260 is an unknown value
RBP=0x000000002090e2c8 is an unknown value
RSI=0x00000000336c95b0 is an unknown value
RDI=0x0000000000000000 is an unknown value
R8 =0x0000000000000000 is an unknown value
R9 =0x0000000000000000 is an unknown value
R10=0x0000000036f98db8 is an unknown value
R11=0x0000000000000246 is an unknown value
R12=0x0000000036c056c8 is an unknown value
R13=0x0000000000000000 is an unknown value
R14=0x0000000036f987e0 is an unknown value
R15=0x0000000000000016 is an unknown value


Stack: [0x0000000020810000,0x0000000020910000],  sp=0x000000002090e260,  free space=1016k
Native frames: (J=compiled Java code, j=interpreted, Vv=VM code, C=native code)
C  [igxelpicd64.dll+0x2895aa]
C  [igxelpicd64.dll+0x81d5f]
C  [igxelpicd64.dll+0x28d57f]
C  [igxelpicd64.dll+0x75468]
C  [igxelpicd64.dll+0x243ef4]
C  [igxelpicd64.dll+0x2442b3]
C  [igxelpicd64.dll+0x23e32f]
C  [igxelpicd64.dll+0x23e15d]
C  [igxelpicd64.dll+0x81545b]
C  [ntdll.dll+0x2869f]
C  [ntdll.dll+0x510a6]
C  [ntdll.dll+0x50c9d]
C  [KERNEL32.DLL+0x17fab]
C  [msvcr100.dll+0x20ccd]
V  [jvm.dll+0x211395]
V  [jvm.dll+0x24a0e7]
V  [jvm.dll+0x249386]
V  [jvm.dll+0x249821]
V  [jvm.dll+0x249a3e]
V  [jvm.dll+0x29a99a]
C  [msvcr100.dll+0x21d9f]
C  [msvcr100.dll+0x21e3b]
C  [KERNEL32.DLL+0x1257d]
C  [ntdll.dll+0x5aa58]

VM_Operation (0x000000000332eb70): Exit, mode: safepoint, requested by thread 0x00000000038a3800


---------------  P R O C E S S  ---------------

Java Threads: ( => current thread )
  0x00000000248ea800 JavaThread "Thread-6" [_thread_blocked, id=5056, stack(0x000000003c770000,0x000000003c870000)]
  0x00000000248d3800 JavaThread "Sound Library Loader" [_thread_blocked, id=12976, stack(0x000000003c670000,0x000000003c770000)]
  0x00000000250d8800 JavaThread "Java2D Disposer" daemon [_thread_blocked, id=17372, stack(0x00000000269d0000,0x0000000026ad0000)]
  0x000000002293e800 JavaThread "Timer hack thread" daemon [_thread_blocked, id=23632, stack(0x00000000266b0000,0x00000000267b0000)]
  0x0000000022c98000 JavaThread "Snooper Timer" daemon [_thread_blocked, id=25032, stack(0x00000000255e0000,0x00000000256e0000)]
  0x0000000022961000 JavaThread "Snooper Timer" daemon [_thread_blocked, id=25704, stack(0x0000000025190000,0x0000000025290000)]
  0x000000001f4ce800 JavaThread "Service Thread" daemon [_thread_blocked, id=26004, stack(0x0000000022380000,0x0000000022480000)]
  0x000000001f4b1800 JavaThread "C1 CompilerThread11" daemon [_thread_blocked, id=25480, stack(0x0000000022180000,0x0000000022280000)]
  0x000000001f4ad000 JavaThread "C1 CompilerThread10" daemon [_thread_blocked, id=11284, stack(0x0000000022080000,0x0000000022180000)]
  0x000000001f4b2000 JavaThread "C1 CompilerThread9" daemon [_thread_blocked, id=14876, stack(0x0000000021f80000,0x0000000022080000)]
  0x000000001f4ab800 JavaThread "C1 CompilerThread8" daemon [_thread_blocked, id=27492, stack(0x0000000021680000,0x0000000021780000)]
  0x000000001f4a8800 JavaThread "C2 CompilerThread7" daemon [_thread_blocked, id=16276, stack(0x0000000021580000,0x0000000021680000)]
  0x000000001f49d000 JavaThread "C2 CompilerThread6" daemon [_thread_blocked, id=11480, stack(0x0000000021480000,0x0000000021580000)]
  0x000000001f48c000 JavaThread "C2 CompilerThread5" daemon [_thread_blocked, id=26396, stack(0x0000000021380000,0x0000000021480000)]
  0x000000001f48b000 JavaThread "C2 CompilerThread4" daemon [_thread_blocked, id=24860, stack(0x0000000021280000,0x0000000021380000)]
  0x000000001f48a800 JavaThread "C2 CompilerThread3" daemon [_thread_blocked, id=26072, stack(0x0000000021180000,0x0000000021280000)]
  0x000000001f487800 JavaThread "C2 CompilerThread2" daemon [_thread_blocked, id=21468, stack(0x0000000021080000,0x0000000021180000)]
  0x000000001f460000 JavaThread "C2 CompilerThread1" daemon [_thread_blocked, id=7664, stack(0x0000000020f80000,0x0000000021080000)]
  0x000000001f3fb000 JavaThread "C2 CompilerThread0" daemon [_thread_blocked, id=25660, stack(0x0000000020e80000,0x0000000020f80000)]
  0x000000001f47b800 JavaThread "Monitor Ctrl-Break" daemon [_thread_in_native, id=19080, stack(0x0000000020d80000,0x0000000020e80000)]
  0x000000001f210800 JavaThread "Attach Listener" daemon [_thread_blocked, id=27056, stack(0x0000000020c80000,0x0000000020d80000)]
  0x000000001f196800 JavaThread "Finalizer" daemon [_thread_blocked, id=17252, stack(0x0000000020a10000,0x0000000020b10000)]
  0x000000001d72b800 JavaThread "Reference Handler" daemon [_thread_blocked, id=13720, stack(0x0000000020910000,0x0000000020a10000)]
  0x00000000038a3800 JavaThread "Client thread" [_thread_blocked, id=26052, stack(0x0000000003230000,0x0000000003330000)]

Other Threads:
=>0x000000001f173000 VMThread [stack: 0x0000000020810000,0x0000000020910000] [id=8012]

VM state:at safepoint (shutting down)

VM Mutex/Monitor currently owned by a thread:  ([mutex/lock_event])
[0x00000000038a0950] Threads_lock - owner thread: 0x000000001f173000

Heap:
 PSYoungGen      total 171520K, used 32736K [0x000000076c180000, 0x000000077ce80000, 0x00000007c0000000)
  eden space 160768K, 13% used [0x000000076c180000,0x000000076d6ff198,0x0000000775e80000)
  from space 10752K, 99% used [0x0000000775e80000,0x00000007768f90e0,0x0000000776900000)
  to   space 28160K, 0% used [0x000000077b300000,0x000000077b300000,0x000000077ce80000)
 ParOldGen       total 116224K, used 34748K [0x00000006c4400000, 0x00000006cb580000, 0x000000076c180000)
  object space 116224K, 29% used [0x00000006c4400000,0x00000006c65ef0b8,0x00000006cb580000)
 Metaspace       used 30264K, capacity 30485K, committed 30720K, reserved 1075200K
  class space    used 4014K, capacity 4067K, committed 4096K, reserved 1048576K

Card table byte_map: [0x0000000012d60000,0x0000000013540000] byte_map_base: 0x000000000f73e000

Marking Bits: (ParMarkBitMap*) 0x000000006beb2f70
 Begin Bits: [0x0000000014780000, 0x0000000018670000)
 End Bits:   [0x0000000018670000, 0x000000001c560000)

Polling page: 0x00000000014a0000

CodeCache: size=245760Kb used=11027Kb max_used=11040Kb free=234732Kb
 bounds [0x00000000039a0000, 0x0000000004480000, 0x00000000129a0000]
 total_blobs=3215 nmethods=2619 adapters=505
 compilation: enabled

Compilation events (10 events):
Event: 3.322 Thread 0x000000001f4ad000 2616       3       java.util.logging.LogManager$LoggerContext::requiresDefaultLoggers (29 bytes)
Event: 3.322 Thread 0x000000001f4ab800 nmethod 2615 0x0000000004451ad0 code [0x0000000004451c20, 0x0000000004451d50]
Event: 3.322 Thread 0x000000001f4ad000 nmethod 2616 0x000000000445d490 code [0x000000000445d600, 0x000000000445da48]
Event: 3.322 Thread 0x000000001f4ad000 2617   !   3       java.text.SimpleDateFormat::zeroPaddingNumber (270 bytes)
Event: 3.323 Thread 0x000000001f4b1800 2618       3       java.util.concurrent.ConcurrentHashMap::containsKey (14 bytes)
Event: 3.323 Thread 0x000000001f4ab800 2619       3       org.apache.logging.log4j.core.helpers.NameUtil::getSubName (32 bytes)
Event: 3.323 Thread 0x000000001f4b1800 nmethod 2618 0x000000000445d090 code [0x000000000445d200, 0x000000000445d3e8]
Event: 3.323 Thread 0x000000001f4ab800 nmethod 2619 0x0000000004461710 code [0x00000000044618a0, 0x0000000004461e38]
Event: 3.324 Thread 0x000000001f4ad000 nmethod 2617 0x0000000004468150 code [0x0000000004468580, 0x000000000446bad8]
Event: 3.326 Thread 0x000000001f460000 nmethod 2612% 0x000000000445ec50 code [0x000000000445ee40, 0x000000000445f780]

GC Heap History (10 events):
Event: 0.688 GC heap before
{Heap before GC invocations=2 (full 0):
 PSYoungGen      total 75264K, used 35543K [0x000000076c180000, 0x0000000775480000, 0x00000007c0000000)
  eden space 64512K, 47% used [0x000000076c180000,0x000000076df98ae8,0x0000000770080000)
  from space 10752K, 43% used [0x0000000770080000,0x000000077051d248,0x0000000770b00000)
  to   space 10752K, 0% used [0x0000000774a00000,0x0000000774a00000,0x0000000775480000)
 ParOldGen       total 172032K, used 72K [0x00000006c4400000, 0x00000006cec00000, 0x000000076c180000)
  object space 172032K, 0% used [0x00000006c4400000,0x00000006c4412010,0x00000006cec00000)
 Metaspace       used 20958K, capacity 21128K, committed 21296K, reserved 1067008K
  class space    used 3042K, capacity 3094K, committed 3200K, reserved 1048576K
Event: 0.691 GC heap after
Heap after GC invocations=2 (full 0):
 PSYoungGen      total 139776K, used 3980K [0x000000076c180000, 0x0000000775480000, 0x00000007c0000000)
  eden space 129024K, 0% used [0x000000076c180000,0x000000076c180000,0x0000000773f80000)
  from space 10752K, 37% used [0x0000000774a00000,0x0000000774de3200,0x0000000775480000)
  to   space 10752K, 0% used [0x0000000773f80000,0x0000000773f80000,0x0000000774a00000)
 ParOldGen       total 172032K, used 80K [0x00000006c4400000, 0x00000006cec00000, 0x000000076c180000)
  object space 172032K, 0% used [0x00000006c4400000,0x00000006c4414010,0x00000006cec00000)
 Metaspace       used 20958K, capacity 21128K, committed 21296K, reserved 1067008K
  class space    used 3042K, capacity 3094K, committed 3200K, reserved 1048576K
}
Event: 0.691 GC heap before
{Heap before GC invocations=3 (full 1):
 PSYoungGen      total 139776K, used 3980K [0x000000076c180000, 0x0000000775480000, 0x00000007c0000000)
  eden space 129024K, 0% used [0x000000076c180000,0x000000076c180000,0x0000000773f80000)
  from space 10752K, 37% used [0x0000000774a00000,0x0000000774de3200,0x0000000775480000)
  to   space 10752K, 0% used [0x0000000773f80000,0x0000000773f80000,0x0000000774a00000)
 ParOldGen       total 172032K, used 80K [0x00000006c4400000, 0x00000006cec00000, 0x000000076c180000)
  object space 172032K, 0% used [0x00000006c4400000,0x00000006c4414010,0x00000006cec00000)
 Metaspace       used 20958K, capacity 21128K, committed 21296K, reserved 1067008K
  class space    used 3042K, capacity 3094K, committed 3200K, reserved 1048576K
Event: 0.718 GC heap after
Heap after GC invocations=3 (full 1):
 PSYoungGen      total 139776K, used 0K [0x000000076c180000, 0x0000000775480000, 0x00000007c0000000)
  eden space 129024K, 0% used [0x000000076c180000,0x000000076c180000,0x0000000773f80000)
  from space 10752K, 0% used [0x0000000774a00000,0x0000000774a00000,0x0000000775480000)
  to   space 10752K, 0% used [0x0000000773f80000,0x0000000773f80000,0x0000000774a00000)
 ParOldGen       total 116224K, used 3752K [0x00000006c4400000, 0x00000006cb580000, 0x000000076c180000)
  object space 116224K, 3% used [0x00000006c4400000,0x00000006c47aa0d0,0x00000006cb580000)
 Metaspace       used 20958K, capacity 21128K, committed 21296K, reserved 1067008K
  class space    used 3042K, capacity 3094K, committed 3200K, reserved 1048576K
}
Event: 2.151 GC heap before
{Heap before GC invocations=4 (full 1):
 PSYoungGen      total 139776K, used 129024K [0x000000076c180000, 0x0000000775480000, 0x00000007c0000000)
  eden space 129024K, 100% used [0x000000076c180000,0x0000000773f80000,0x0000000773f80000)
  from space 10752K, 0% used [0x0000000774a00000,0x0000000774a00000,0x0000000775480000)
  to   space 10752K, 0% used [0x0000000773f80000,0x0000000773f80000,0x0000000774a00000)
 ParOldGen       total 116224K, used 3752K [0x00000006c4400000, 0x00000006cb580000, 0x000000076c180000)
  object space 116224K, 3% used [0x00000006c4400000,0x00000006c47aa0d0,0x00000006cb580000)
 Metaspace       used 26561K, capacity 26792K, committed 27136K, reserved 1073152K
  class space    used 3732K, capacity 3808K, committed 3840K, reserved 1048576K
Event: 2.165 GC heap after
Heap after GC invocations=4 (full 1):
 PSYoungGen      total 139776K, used 10362K [0x000000076c180000, 0x0000000777380000, 0x00000007c0000000)
  eden space 129024K, 0% used [0x000000076c180000,0x000000076c180000,0x0000000773f80000)
  from space 10752K, 96% used [0x0000000773f80000,0x000000077499eaf8,0x0000000774a00000)
  to   space 10752K, 0% used [0x0000000776900000,0x0000000776900000,0x0000000777380000)
 ParOldGen       total 116224K, used 14000K [0x00000006c4400000, 0x00000006cb580000, 0x000000076c180000)
  object space 116224K, 12% used [0x00000006c4400000,0x00000006c51ac0e0,0x00000006cb580000)
 Metaspace       used 26561K, capacity 26792K, committed 27136K, reserved 1073152K
  class space    used 3732K, capacity 3808K, committed 3840K, reserved 1048576K
}
Event: 2.292 GC heap before
{Heap before GC invocations=5 (full 1):
 PSYoungGen      total 139776K, used 139386K [0x000000076c180000, 0x0000000777380000, 0x00000007c0000000)
  eden space 129024K, 100% used [0x000000076c180000,0x0000000773f80000,0x0000000773f80000)
  from space 10752K, 96% used [0x0000000773f80000,0x000000077499eaf8,0x0000000774a00000)
  to   space 10752K, 0% used [0x0000000776900000,0x0000000776900000,0x0000000777380000)
 ParOldGen       total 116224K, used 14000K [0x00000006c4400000, 0x00000006cb580000, 0x000000076c180000)
  object space 116224K, 12% used [0x00000006c4400000,0x00000006c51ac0e0,0x00000006cb580000)
 Metaspace       used 26574K, capacity 26792K, committed 27136K, reserved 1073152K
  class space    used 3734K, capacity 3808K, committed 3840K, reserved 1048576K
Event: 2.298 GC heap after
Heap after GC invocations=5 (full 1):
 PSYoungGen      total 171520K, used 10720K [0x000000076c180000, 0x0000000778100000, 0x00000007c0000000)
  eden space 160768K, 0% used [0x000000076c180000,0x000000076c180000,0x0000000775e80000)
  from space 10752K, 99% used [0x0000000776900000,0x0000000777378010,0x0000000777380000)
  to   space 10752K, 0% used [0x0000000775e80000,0x0000000775e80000,0x0000000776900000)
 ParOldGen       total 116224K, used 18640K [0x00000006c4400000, 0x00000006cb580000, 0x000000076c180000)
  object space 116224K, 16% used [0x00000006c4400000,0x00000006c56340e0,0x00000006cb580000)
 Metaspace       used 26574K, capacity 26792K, committed 27136K, reserved 1073152K
  class space    used 3734K, capacity 3808K, committed 3840K, reserved 1048576K
}
Event: 3.287 GC heap before
{Heap before GC invocations=6 (full 1):
 PSYoungGen      total 171520K, used 165794K [0x000000076c180000, 0x0000000778100000, 0x00000007c0000000)
  eden space 160768K, 96% used [0x000000076c180000,0x00000007758f0ba8,0x0000000775e80000)
  from space 10752K, 99% used [0x0000000776900000,0x0000000777378010,0x0000000777380000)
  to   space 10752K, 0% used [0x0000000775e80000,0x0000000775e80000,0x0000000776900000)
 ParOldGen       total 116224K, used 18640K [0x00000006c4400000, 0x00000006cb580000, 0x000000076c180000)
  object space 116224K, 16% used [0x00000006c4400000,0x00000006c56340e0,0x00000006cb580000)
 Metaspace       used 30235K, capacity 30421K, committed 30720K, reserved 1075200K
  class space    used 4011K, capacity 4067K, committed 4096K, reserved 1048576K
Event: 3.312 GC heap after
Heap after GC invocations=6 (full 1):
 PSYoungGen      total 171520K, used 10724K [0x000000076c180000, 0x000000077ce80000, 0x00000007c0000000)
  eden space 160768K, 0% used [0x000000076c180000,0x000000076c180000,0x0000000775e80000)
  from space 10752K, 99% used [0x0000000775e80000,0x00000007768f90e0,0x0000000776900000)
  to   space 28160K, 0% used [0x000000077b300000,0x000000077b300000,0x000000077ce80000)
 ParOldGen       total 116224K, used 34748K [0x00000006c4400000, 0x00000006cb580000, 0x000000076c180000)
  object space 116224K, 29% used [0x00000006c4400000,0x00000006c65ef0b8,0x00000006cb580000)
 Metaspace       used 30235K, capacity 30421K, committed 30720K, reserved 1075200K
  class space    used 4011K, capacity 4067K, committed 4096K, reserved 1048576K
}

Deoptimization events (10 events):
Event: 3.280 Thread 0x00000000038a3800 Uncommon trap: reason=unstable_if action=reinterpret pc=0x000000000402a398 method=java.io.WinNTFileSystem.normalize(Ljava/lang/String;)Ljava/lang/String; @ 74
Event: 3.280 Thread 0x00000000038a3800 Uncommon trap: reason=unstable_if action=reinterpret pc=0x0000000003fd2208 method=java.io.WinNTFileSystem.normalize(Ljava/lang/String;II)Ljava/lang/String; @ 103
Event: 3.284 Thread 0x00000000038a3800 Uncommon trap: reason=unstable_if action=reinterpret pc=0x0000000003df7ea4 method=java.lang.String.lastIndexOf([CII[CIII)I @ 17
Event: 3.284 Thread 0x00000000038a3800 Uncommon trap: reason=unstable_if action=reinterpret pc=0x0000000003e4eafc method=java.lang.CharacterDataLatin1.isWhitespace(I)Z @ 14
Event: 3.317 Thread 0x00000000038a3800 Uncommon trap: reason=unstable_if action=reinterpret pc=0x00000000040586ac method=java.lang.Long.getChars(JI[C)V @ 24
Event: 3.318 Thread 0x00000000038a3800 Uncommon trap: reason=unstable_if action=reinterpret pc=0x0000000004068ca8 method=java.util.GregorianCalendar.computeFields(II)I @ 12
Event: 3.318 Thread 0x00000000038a3800 Uncommon trap: reason=unstable_if action=reinterpret pc=0x000000000403eea4 method=sun.util.calendar.BaseCalendar.getFixedDate(IIILsun/util/calendar/BaseCalendar$Date;)J @ 19
Event: 3.318 Thread 0x00000000038a3800 Uncommon trap: reason=predicate action=maybe_recompile pc=0x000000000403df5c method=sun.util.calendar.ZoneInfo.getTransitionIndex(JI)I @ 19
Event: 3.318 Thread 0x00000000038a3800 Uncommon trap: reason=unstable_if action=reinterpret pc=0x000000000404d80c method=java.text.SimpleDateFormat.zeroPaddingNumber(IIILjava/lang/StringBuffer;)V @ 4
Event: 3.319 Thread 0x00000000038a3800 Uncommon trap: reason=unstable_if action=reinterpret pc=0x00000000042e44a4 method=java.text.SimpleDateFormat.subFormat(IILjava/text/Format$FieldDelegate;Ljava/lang/StringBuffer;Z)V @ 317

Internal exceptions (10 events):
Event: 1.972 Thread 0x00000000038a3800 Exception <a 'java/io/FileNotFoundException'> (0x0000000770d1a700) thrown at [C:\re\workspace\8-2-build-windows-amd64-cygwin\jdk8u91\6644\hotspot\src\share\vm\prims\jni.cpp, line 709]
Event: 1.991 Thread 0x00000000038a3800 Exception <a 'java/lang/NoSuchFieldError': method resolution failed> (0x0000000770e40f00) thrown at [C:\re\workspace\8-2-build-windows-amd64-cygwin\jdk8u91\6644\hotspot\src\share\vm\prims\methodHandles.cpp, line 1146]
Event: 1.993 Thread 0x00000000038a3800 Exception <a 'java/lang/NoSuchFieldError': method resolution failed> (0x0000000770e4ee60) thrown at [C:\re\workspace\8-2-build-windows-amd64-cygwin\jdk8u91\6644\hotspot\src\share\vm\prims\methodHandles.cpp, line 1146]
Event: 2.365 Thread 0x00000000038a3800 Implicit null exception at 0x000000000405927f to 0x000000000405947b
Event: 2.398 Thread 0x00000000038a3800 Implicit null exception at 0x000000000401fa95 to 0x000000000401fcad
Event: 2.976 Thread 0x00000000038a3800 Implicit null exception at 0x0000000004156dec to 0x0000000004156e22
Event: 2.979 Thread 0x00000000038a3800 Exception <a 'java/lang/UnsatisfiedLinkError': 找不到指定的程序。
> (0x0000000772241f00) thrown at [C:\re\workspace\8-2-build-windows-amd64-cygwin\jdk8u91\6644\hotspot\src\share\vm\prims\jni.cpp, line 735]
Event: 3.015 Thread 0x00000000038a3800 Implicit null exception at 0x0000000004032c6e to 0x0000000004032f42
Event: 3.318 Thread 0x00000000038a3800 Implicit null exception at 0x0000000004067c43 to 0x0000000004068c85
Event: 3.318 Thread 0x00000000038a3800 Implicit null exception at 0x000000000403ee1a to 0x000000000403ee8d

Events (10 events):
Event: 3.322 Thread 0x0000000024aa6000 Thread exited: 0x0000000024aa6000
Event: 3.322 loading class org/apache/logging/log4j/core/config/NullConfiguration
Event: 3.322 loading class org/apache/logging/log4j/core/config/NullConfiguration done
Event: 3.322 Thread 0x0000000024aa7000 Thread exited: 0x0000000024aa7000
Event: 3.323 loading class javax/servlet/ServletContext
Event: 3.323 loading class javax/servlet/ServletContext done
Event: 3.323 Thread 0x000000001f4ad800 Thread exited: 0x000000001f4ad800
Event: 3.344 Thread 0x0000000024aa5800 Thread exited: 0x0000000024aa5800
Event: 3.345 Executing VM operation: Exit
Event: 3.345 Thread 0x000000001f1b8000 Thread exited: 0x000000001f1b8000


Dynamic libraries:
0x00007ff6331d0000 - 0x00007ff633207000 	C:\Program Files\Java\jdk1.8.0_91\bin\java.exe
0x00007ffb09ab0000 - 0x00007ffb09cc6000 	C:\Windows\SYSTEM32\ntdll.dll
0x00007ffb09250000 - 0x00007ffb09314000 	C:\Windows\System32\KERNEL32.DLL
0x00007ffb06df0000 - 0x00007ffb07196000 	C:\Windows\System32\KERNELBASE.dll
0x00007ffb097d0000 - 0x00007ffb09882000 	C:\Windows\System32\ADVAPI32.dll
0x00007ffb096d0000 - 0x00007ffb09777000 	C:\Windows\System32\msvcrt.dll
0x00007ffb08ff0000 - 0x00007ffb09098000 	C:\Windows\System32\sechost.dll
0x00007ffb07340000 - 0x00007ffb07368000 	C:\Windows\System32\bcrypt.dll
0x00007ffb07960000 - 0x00007ffb07a75000 	C:\Windows\System32\RPCRT4.dll
0x00007ffb090a0000 - 0x00007ffb0924d000 	C:\Windows\System32\USER32.dll
0x00007ffb07370000 - 0x00007ffb07396000 	C:\Windows\System32\win32u.dll
0x00007ffb07920000 - 0x00007ffb07949000 	C:\Windows\System32\GDI32.dll
0x00007ffb071a0000 - 0x00007ffb072b8000 	C:\Windows\System32\gdi32full.dll
0x00007ffb074c0000 - 0x00007ffb0755a000 	C:\Windows\System32\msvcp_win.dll
0x00007ffb073a0000 - 0x00007ffb074b1000 	C:\Windows\System32\ucrtbase.dll
0x00007ffaeb850000 - 0x00007ffaebae3000 	C:\Windows\WinSxS\amd64_microsoft.windows.common-controls_6595b64144ccf1df_6.0.22621.3235_none_270f74e173860f98\COMCTL32.dll
0x00007ffb09890000 - 0x00007ffb098c1000 	C:\Windows\System32\IMM32.DLL
0x000000006bf40000 - 0x000000006c012000 	C:\Program Files\Java\jdk1.8.0_91\jre\bin\msvcr100.dll
0x000000006b6a0000 - 0x000000006bf33000 	C:\Program Files\Java\jdk1.8.0_91\jre\bin\server\jvm.dll
0x00007ffb09320000 - 0x00007ffb09328000 	C:\Windows\System32\PSAPI.DLL
0x00007ffafe210000 - 0x00007ffafe219000 	C:\Windows\SYSTEM32\WSOCK32.dll
0x00007ffb09430000 - 0x00007ffb094a1000 	C:\Windows\System32\WS2_32.dll
0x00007ffb00940000 - 0x00007ffb00974000 	C:\Windows\SYSTEM32\WINMM.dll
0x00007ffaf3150000 - 0x00007ffaf315a000 	C:\Windows\SYSTEM32\VERSION.dll
0x000000006c640000 - 0x000000006c64f000 	C:\Program Files\Java\jdk1.8.0_91\jre\bin\verify.dll
0x000000006c4a0000 - 0x000000006c4c9000 	C:\Program Files\Java\jdk1.8.0_91\jre\bin\java.dll
0x000000006c470000 - 0x000000006c493000 	C:\Program Files\Java\jdk1.8.0_91\jre\bin\instrument.dll
0x000000006c450000 - 0x000000006c466000 	C:\Program Files\Java\jdk1.8.0_91\jre\bin\zip.dll
0x00007ffb07f70000 - 0x00007ffb087cd000 	C:\Windows\System32\SHELL32.dll
0x00007ffb04d60000 - 0x00007ffb05658000 	C:\Windows\SYSTEM32\windows.storage.dll
0x00007ffb07be0000 - 0x00007ffb07f68000 	C:\Windows\System32\combase.dll
0x00007ffb04c20000 - 0x00007ffb04d5e000 	C:\Windows\SYSTEM32\wintypes.dll
0x00007ffb07ae0000 - 0x00007ffb07bd3000 	C:\Windows\System32\SHCORE.dll
0x00007ffb078a0000 - 0x00007ffb078fe000 	C:\Windows\System32\shlwapi.dll
0x00007ffb06d20000 - 0x00007ffb06d46000 	C:\Windows\SYSTEM32\profapi.dll
0x00007ffacb520000 - 0x00007ffacb53a000 	D:\ideaIU-2023.2.win\bin\breakgen64.dll
0x000000006c430000 - 0x000000006c44a000 	C:\Program Files\Java\jdk1.8.0_91\jre\bin\net.dll
0x00007ffb063a0000 - 0x00007ffb06409000 	C:\Windows\system32\mswsock.dll
0x000000006c630000 - 0x000000006c63d000 	C:\Program Files\Java\jdk1.8.0_91\jre\bin\management.dll
0x000000006b680000 - 0x000000006b691000 	C:\Program Files\Java\jdk1.8.0_91\jre\bin\nio.dll
0x00007ffad06c0000 - 0x00007ffad06d7000 	C:\Windows\system32\napinsp.dll
0x00007ffacf7e0000 - 0x00007ffacf7fb000 	C:\Windows\system32\pnrpnsp.dll
0x00007ffb05950000 - 0x00007ffb05a49000 	C:\Windows\SYSTEM32\DNSAPI.dll
0x00007ffb05920000 - 0x00007ffb0594d000 	C:\Windows\SYSTEM32\IPHLPAPI.DLL
0x00007ffb07950000 - 0x00007ffb07959000 	C:\Windows\System32\NSI.dll
0x00007ffacf7c0000 - 0x00007ffacf7d1000 	C:\Windows\System32\winrnr.dll
0x00007ffafb6d0000 - 0x00007ffafb6e5000 	C:\Windows\system32\wshbth.dll
0x00007ffacf600000 - 0x00007ffacf621000 	C:\Windows\system32\nlansp_c.dll
0x00007ffaf9d90000 - 0x00007ffaf9d9a000 	C:\Windows\System32\rasadhlp.dll
0x00007ffafaae0000 - 0x00007ffafab63000 	C:\Windows\System32\fwpuclnt.dll
0x0000000180000000 - 0x0000000180053000 	D:\GradeClient-main\jars\versions\1.8.8\1.8.8-natives\lwjgl64.dll
0x00007ffa725e0000 - 0x00007ffa726e0000 	C:\Windows\SYSTEM32\OPENGL32.dll
0x00007ffa725b0000 - 0x00007ffa725dd000 	C:\Windows\SYSTEM32\GLU32.dll
0x00007ffb03a90000 - 0x00007ffb03ac9000 	C:\Windows\SYSTEM32\dxcore.dll
0x00007ffb065f0000 - 0x00007ffb0660b000 	C:\Windows\SYSTEM32\CRYPTSP.dll
0x00007ffb05e80000 - 0x00007ffb05eb5000 	C:\Windows\system32\rsaenh.dll
0x00007ffb06490000 - 0x00007ffb064bc000 	C:\Windows\SYSTEM32\USERENV.dll
0x00007ffb072c0000 - 0x00007ffb0733a000 	C:\Windows\System32\bcryptprimitives.dll
0x00007ffb06610000 - 0x00007ffb0661c000 	C:\Windows\SYSTEM32\CRYPTBASE.dll
0x00007ffafd470000 - 0x00007ffafd489000 	C:\Windows\SYSTEM32\dhcpcsvc6.DLL
0x00007ffafd250000 - 0x00007ffafd26f000 	C:\Windows\SYSTEM32\dhcpcsvc.DLL
0x000000006b4e0000 - 0x000000006b678000 	C:\Program Files\Java\jdk1.8.0_91\jre\bin\awt.dll
0x00007ffb09330000 - 0x00007ffb09407000 	C:\Windows\System32\OLEAUT32.dll
0x00007ffb00090000 - 0x00007ffb00127000 	C:\Windows\SYSTEM32\apphelp.dll
0x00007ffafba20000 - 0x00007ffafbadc000 	C:\Windows\SYSTEM32\mscms.dll
0x00007ffb05f20000 - 0x00007ffb05f38000 	C:\Windows\SYSTEM32\kernel.appcore.dll
0x00007ffb08930000 - 0x00007ffb089e0000 	C:\Windows\System32\clbcatq.dll
0x00007ffaf95f0000 - 0x00007ffaf963e000 	C:\Windows\System32\Windows.Internal.Graphics.Display.DisplayColorManagement.dll
0x00007ffb06b00000 - 0x00007ffb06b4e000 	C:\Windows\SYSTEM32\cfgmgr32.dll
0x00007ffb007a0000 - 0x00007ffb0084b000 	C:\Windows\system32\uxtheme.dll
0x00007ffb087d0000 - 0x00007ffb08924000 	C:\Windows\System32\MSCTF.dll
0x00007ffaf93b0000 - 0x00007ffaf94fa000 	C:\Windows\SYSTEM32\textinputframework.dll
0x00007ffaff760000 - 0x00007ffaff894000 	C:\Windows\SYSTEM32\CoreMessaging.dll
0x00007ffafc930000 - 0x00007ffafcc9c000 	C:\Windows\SYSTEM32\CoreUIComponents.dll
0x00007ffb098d0000 - 0x00007ffb09a6f000 	C:\Windows\System32\ole32.dll
0x00007ffa85d90000 - 0x00007ffa85e7b000 	C:\Windows\system32\SogouWBTSF.ime
0x00007ffaf3680000 - 0x00007ffaf3687000 	C:\Windows\system32\MSIMG32.dll
0x00007ffb05f40000 - 0x00007ffb05f74000 	C:\Windows\SYSTEM32\ntmarta.dll
0x0000000027820000 - 0x00000000280f2000 	C:\Windows\system32\SogouWb.ime
0x00007ffaeb7e0000 - 0x00007ffaeb849000 	C:\Windows\SYSTEM32\OLEACC.dll
0x00007ffb05cf0000 - 0x00007ffb05cfc000 	C:\Windows\SYSTEM32\Secur32.dll
0x00007ffa85d70000 - 0x00007ffa85d89000 	C:\Windows\SYSTEM32\USP10.dll
0x00007ffae5820000 - 0x00007ffae5d14000 	C:\Windows\SYSTEM32\WININET.dll
0x00007ffaebaf0000 - 0x00007ffaebcaa000 	C:\Windows\WinSxS\amd64_microsoft.windows.gdiplus_6595b64144ccf1df_1.1.22621.3085_none_57ff6980ce140777\gdiplus.dll
0x00007ffb06180000 - 0x00007ffb061cc000 	C:\Windows\SYSTEM32\SSPICLI.DLL
0x00007ffb07560000 - 0x00007ffb075cb000 	C:\Windows\System32\Wintrust.dll
0x00007ffb07690000 - 0x00007ffb077f6000 	C:\Windows\System32\CRYPT32.dll
0x00007ffb06650000 - 0x00007ffb06662000 	C:\Windows\SYSTEM32\MSASN1.dll
0x00007ffb09410000 - 0x00007ffb0942f000 	C:\Windows\System32\imagehlp.dll
0x00007ffb06430000 - 0x00007ffb06456000 	C:\Windows\SYSTEM32\gpapi.dll
0x00007ffaf3110000 - 0x00007ffaf3142000 	C:\Windows\System32\cryptnet.dll
0x0000000033a70000 - 0x0000000033b37000 	D:\Program Files (x86)\SogouWBInput\5.5.0.2580\Plugins64\ManualNewWord.dll
0x00007ffad5910000 - 0x00007ffad5942000 	C:\Windows\system32\msctfp.dll
0x00007ffafd1e0000 - 0x00007ffafd22a000 	C:\Windows\SYSTEM32\directxdatabasehelper.dll
0x00007ffafb8c0000 - 0x00007ffafb9f5000 	C:\Windows\System32\AppXDeploymentClient.dll
0x00007ffa71500000 - 0x00007ffa725a9000 	C:\Windows\System32\DriverStore\FileRepository\iigd_dch.inf_amd64_57d6be89ba05925b\igxelpicd64.dll
0x00007ffb03290000 - 0x00007ffb032bb000 	C:\Windows\system32\dwmapi.dll
0x00007ffb04960000 - 0x00007ffb04a58000 	C:\Windows\system32\dxgi.dll
0x00007ffa713d0000 - 0x00007ffa714f4000 	C:\Windows\System32\DriverStore\FileRepository\iigd_dch.inf_amd64_57d6be89ba05925b\igdml64.dll
0x00007ffaf71b0000 - 0x00007ffaf75c2000 	C:\Windows\System32\DriverStore\FileRepository\iigd_dch.inf_amd64_57d6be89ba05925b\igdgmm64.dll
0x00007ffb06ab0000 - 0x00007ffb06adc000 	C:\Windows\SYSTEM32\DEVOBJ.dll
0x00007ffaa45b0000 - 0x00007ffaa45f9000 	C:\Windows\SYSTEM32\icm32.dll
0x00007ffaeeae0000 - 0x00007ffaf2f1e000 	C:\Windows\System32\DriverStore\FileRepository\iigd_dch.inf_amd64_57d6be89ba05925b\igc64.dll
0x00007ffb05c80000 - 0x00007ffb05ccd000 	C:\Windows\SYSTEM32\powrprof.dll
0x00007ffb05c60000 - 0x00007ffb05c73000 	C:\Windows\SYSTEM32\UMPDC.dll
0x0000000034020000 - 0x0000000034058000 	C:\Users\43850\AppData\Local\Temp\jna\jna485949342507395990.dll
0x0000000070a40000 - 0x0000000070adc000 	D:\GradeClient-main\jars\versions\1.8.8\1.8.8-natives\avutil-ttv-51.dll
0x0000000065980000 - 0x00000000659d6000 	D:\GradeClient-main\jars\versions\1.8.8\1.8.8-natives\swresample-ttv-0.dll
0x000000006eb80000 - 0x000000006ec50000 	D:\GradeClient-main\jars\versions\1.8.8\1.8.8-natives\libmp3lame-ttv.dll
0x00007ffa0df40000 - 0x00007ffa0f2e4000 	D:\GradeClient-main\jars\versions\1.8.8\1.8.8-natives\libmfxsw64.dll
0x00007ffa0ddd0000 - 0x00007ffa0df3d000 	D:\GradeClient-main\jars\versions\1.8.8\1.8.8-natives\twitchsdk.dll
0x00007ffb044c0000 - 0x00007ffb046f3000 	C:\Windows\SYSTEM32\dbghelp.dll

VM Arguments:
jvm_args: -javaagent:D:\ideaIU-2023.2.win\lib\idea_rt.jar=57763:D:\ideaIU-2023.2.win\bin -Dfile.encoding=UTF-8 
java_command: Start
java_class_path (initial): C:\Program Files\Java\jdk1.8.0_91\jre\lib\charsets.jar;C:\Program Files\Java\jdk1.8.0_91\jre\lib\deploy.jar;C:\Program Files\Java\jdk1.8.0_91\jre\lib\ext\access-bridge-64.jar;C:\Program Files\Java\jdk1.8.0_91\jre\lib\ext\cldrdata.jar;C:\Program Files\Java\jdk1.8.0_91\jre\lib\ext\dnsns.jar;C:\Program Files\Java\jdk1.8.0_91\jre\lib\ext\jaccess.jar;C:\Program Files\Java\jdk1.8.0_91\jre\lib\ext\jfxrt.jar;C:\Program Files\Java\jdk1.8.0_91\jre\lib\ext\localedata.jar;C:\Program Files\Java\jdk1.8.0_91\jre\lib\ext\nashorn.jar;C:\Program Files\Java\jdk1.8.0_91\jre\lib\ext\sunec.jar;C:\Program Files\Java\jdk1.8.0_91\jre\lib\ext\sunjce_provider.jar;C:\Program Files\Java\jdk1.8.0_91\jre\lib\ext\sunmscapi.jar;C:\Program Files\Java\jdk1.8.0_91\jre\lib\ext\sunpkcs11.jar;C:\Program Files\Java\jdk1.8.0_91\jre\lib\ext\zipfs.jar;C:\Program Files\Java\jdk1.8.0_91\jre\lib\javaws.jar;C:\Program Files\Java\jdk1.8.0_91\jre\lib\jce.jar;C:\Program Files\Java\jdk1.8.0_91\jre\lib\jfr.jar;C:\Program Files\Java\jdk1.8.0_91\jre\lib\jfxswt.jar;C:\Program Files\Java\jdk1.8.0_91\jre\lib\jsse.jar;C:\Program Files\Java\jdk1.8.0_91\jre\lib\management-agent.jar;C:\Program Files\Java\jdk1.8.0_91\jre\lib\plugin.jar;C:\Program Files\Java\jdk1.8.0_91\jre\lib\resources.jar;C:\Program Files\Java\jdk1.8.0_91\jre\lib\rt.jar;D:\GradeClient-main\out\production\GradeClient;D:\GradeClient-main\lib\1.8.8.jar;D:\GradeClient-main\lib\jna-3.4.0.jar;D:\GradeClient-main\lib\fernflower.jar;D:\GradeClient-main\lib\gson-2.2.4.jar;D:\GradeClient-main\lib\guava-17.0.jar;D:\GradeClient-main\lib\mcinjector.jar;D:\GradeClient-main\lib\retroguard.jar;D:\GradeClient-main\lib\twitch-6.5.jar;D:\GradeClient-main\lib\netty-1.8.8.jar;D:\GradeClient-main\lib\jinput-2.0.5.jar;D:\GradeClient-main\lib\jutils-1.0.0.jar;D:\GradeClient-main\lib\minecraft_rg.jar;D:\GradeClient-main\lib\minecraft_exc.jar;D:\GradeClient-main\lib\oshi-core-1.1.jar;D:\GradeClient-main\lib\realms-1.7.39.jar;D:\GradeClient-main\lib\specia
Launcher Type: SUN_STANDARD

Environment Variables:
JAVA_HOME=D:\graalvm-jdk-17.0.8+9.1
PATH=D:\graalvm-jdk-17.0.8+9.1\bin;D:\Program Files (x86)\VMware\VMware Workstation\bin\;C:\ProgramData\Oracle\Java\javapath;C:\Windows\system32;C:\Windows;C:\Windows\System32\Wbem;C:\Windows\System32\WindowsPowerShell\v1.0\;C:\Windows\System32\OpenSSH\;C:\Program Files (x86)\NVIDIA Corporation\PhysX\Common;C:\Program Files\NVIDIA Corporation\NVIDIA NvDLISR;C:\Program Files\Git\cmd;C:\Program Files\Microsoft SQL Server\150\Tools\Binn\;C:\Program Files\Microsoft SQL Server\Client SDK\ODBC\170\Tools\Binn\;C:\Program Files\dotnet\;D:\Windows Kits\10\Windows Performance Toolkit\;C:\Users\43850\AppData\Roaming\nvm;C:\Program Files\nodejs;C:\Program Files (x86)\Microsoft SQL Server\Client SDK\ODBC\130\Tools\Binn\;C:\Program Files (x86)\Microsoft SQL Server\140\Tools\Binn\;C:\Program Files (x86)\Microsoft SQL Server\140\DTS\Binn\;C:\Program Files (x86)\Microsoft SQL Server\140\Tools\Binn\ManagementStudio\;C:\Program Files (x86)\Microsoft SQL Server\130\Tools\Binn\;C:\Program Files\Microsoft SQL Server\130\Tools\Binn\;C:\Program Files (x86)\Microsoft SQL Server\130\DTS\Binn\;C:\Program Files\Microsoft SQL Server\130\DTS\Binn\;C:\Program Files\Microsoft SQL Server\Client SDK\ODBC\130\Tools\Binn\;D:\Program Files\Redis\;D:\GradeClient-main\jars\versions\1.8.8\1.8.8-natives;C:\Users\43850\AppData\Local\Microsoft\WindowsApps;C:\Users\43850\AppData\Roaming\npm;C:\Users\43850\.dotnet\tools;C:\Users\43850\AppData\Local\Programs\Microsoft VS Code\bin;C:\Users\43850\AppData\Roaming\nvm;C:\Program Files\nodejs;C:\Users\43850\AppData\Local\gitkraken\bin
USERNAME=43850
OS=Windows_NT
PROCESSOR_IDENTIFIER=Intel64 Family 6 Model 154 Stepping 3, GenuineIntel



---------------  S Y S T E M  ---------------

OS: Windows 10.0 , 64 bit Build 22621 (10.0.22621.3235)

CPU:total 16 (8 cores per cpu, 2 threads per core) family 6 model 154 stepping 3, cmov, cx8, fxsr, mmx, sse, sse2, sse3, ssse3, sse4.1, sse4.2, popcnt, avx, avx2, aes, clmul, erms, 3dnowpref, lzcnt, ht, tsc, tscinvbit, bmi1, bmi2, adx

Memory: 4k page, physical 16496120k(1475348k free), swap 30191488k(4784008k free)

vm_info: Java HotSpot(TM) 64-Bit Server VM (25.91-b14) for windows-amd64 JRE (1.8.0_91-b14), built on Apr  1 2016 00:58:32 by "java_re" with MS VC++ 10.0 (VS2010)

time: Sun Mar 31 01:26:53 2024
elapsed time: 3 seconds (0d 0h 0m 3s)

