#
# A fatal error has been detected by the Java Runtime Environment:
#
#  EXCEPTION_ACCESS_VIOLATION (0xc0000005) at pc=0x00007ffa717895aa, pid=28988, tid=27420
#
# JRE version: Java(TM) SE Runtime Environment (8.0_91-b14) (build 1.8.0_91-b14)
# Java VM: Java HotSpot(TM) 64-Bit Server VM (25.91-b14 mixed mode windows-amd64 compressed oops)
# Problematic frame:
# C  [igxelpicd64.dll+0x2895aa]
#
# Failed to write core dump. Minidumps are not enabled by default on client versions of Windows
#
# If you would like to submit a bug report, please visit:
#   http://bugreport.java.com/bugreport/crash.jsp
#

---------------  T H R E A D  ---------------

Current thread (0x000000001f1f1000):  VMThread [stack: 0x0000000020880000,0x0000000020980000] [id=27420]

siginfo: ExceptionCode=0xc0000005, reading address 0x0000000000035f88

Registers:
RAX=0x0000000051c75ad8, RBX=0x0000000000000000, RCX=0x0000000000000000, RDX=0x00000000fffffff0
RSP=0x000000002097e490, RBP=0x000000002097e4f8, RSI=0x0000000034850440, RDI=0x0000000000000000
R8 =0x0000000000000000, R9 =0x0000000000000000, R10=0x0000000051c75fa8, R11=0x0000000000000246
R12=0x0000000035a156c8, R13=0x0000000000000000, R14=0x0000000051c759d0, R15=0x0000000000000016
RIP=0x00007ffa717895aa, EFLAGS=0x0000000000010206

Top of Stack: (sp=0x000000002097e490)
0x000000002097e490:   000000002947f260 0000000000000000
0x000000002097e4a0:   000000002097e640 00007ffb090a41a9
0x000000002097e4b0:   0000000051de41f0 0000000000000000
0x000000002097e4c0:   000000002947f260 0000000051c75fa8
0x000000002097e4d0:   0000000000028310 00007ffb09b533b4
0x000000002097e4e0:   000000002248ca88 000000006b78bc8b
0x000000002097e4f0:   0000000000000002 0000000000000017
0x000000002097e500:   0000000000019e88 000074042de40000
0x000000002097e510:   0000000035a156c8 0000000000000000
0x000000002097e520:   0000000000000000 0000000034850440
0x000000002097e530:   000000002097e640 00007ffa71581d5f
0x000000002097e540:   0000000034850400 0000000000000016
0x000000002097e550:   000000000118a000 00007ffb09acd800
0x000000002097e560:   0000000000115898 00007ffb00000000
0x000000002097e570:   0000000000000000 00007ffb09acd484
0x000000002097e580:   0000000000fd0bf4 00000000000000c0 

Instructions: (pc=0x00007ffa717895aa)
0x00007ffa7178958a:   48 8d 04 c0 48 8d 40 21 49 8d 04 c6 48 85 c0 74
0x00007ffa7178959a:   0c 48 8b 48 08 eb 09 48 83 c0 08 eb ef 48 8b cb
0x00007ffa717895aa:   49 3b 8d 88 5f 03 00 0f 86 86 01 00 00 41 83 f8
0x00007ffa717895ba:   10 73 0d 4a 8d 04 c5 21 00 00 00 49 03 c0 eb 55 


Register to memory mapping:

RAX=0x0000000051c75ad8 is an unknown value
RBX=0x0000000000000000 is an unknown value
RCX=0x0000000000000000 is an unknown value
RDX=0x00000000fffffff0 is an unknown value
RSP=0x000000002097e490 is an unknown value
RBP=0x000000002097e4f8 is an unknown value
RSI=0x0000000034850440 is an unknown value
RDI=0x0000000000000000 is an unknown value
R8 =0x0000000000000000 is an unknown value
R9 =0x0000000000000000 is an unknown value
R10=0x0000000051c75fa8 is an unknown value
R11=0x0000000000000246 is an unknown value
R12=0x0000000035a156c8 is an unknown value
R13=0x0000000000000000 is an unknown value
R14=0x0000000051c759d0 is an unknown value
R15=0x0000000000000016 is an unknown value


Stack: [0x0000000020880000,0x0000000020980000],  sp=0x000000002097e490,  free space=1017k
Native frames: (J=compiled Java code, j=interpreted, Vv=VM code, C=native code)
C  [igxelpicd64.dll+0x2895aa]
C  [igxelpicd64.dll+0x81d5f]
C  [igxelpicd64.dll+0x28d57f]
C  [igxelpicd64.dll+0x75468]
C  [igxelpicd64.dll+0x243ef4]
C  [igxelpicd64.dll+0x2442b3]
C  [igxelpicd64.dll+0x23e32f]
C  [igxelpicd64.dll+0x23e15d]
C  [igxelpicd64.dll+0x81545b]
C  [ntdll.dll+0x2869f]
C  [ntdll.dll+0x510a6]
C  [ntdll.dll+0x50c9d]
C  [KERNEL32.DLL+0x17fab]
C  [msvcr100.dll+0x20ccd]
V  [jvm.dll+0x211395]
V  [jvm.dll+0x24a0e7]
V  [jvm.dll+0x249386]
V  [jvm.dll+0x249821]
V  [jvm.dll+0x249a3e]
V  [jvm.dll+0x29a99a]
C  [msvcr100.dll+0x21d9f]
C  [msvcr100.dll+0x21e3b]
C  [KERNEL32.DLL+0x1257d]
C  [ntdll.dll+0x5aa58]

VM_Operation (0x000000003fe8efb0): Exit, mode: safepoint, requested by thread 0x0000000026c26800


---------------  P R O C E S S  ---------------

Java Threads: ( => current thread )
  0x0000000026c26800 JavaThread "SIGINT handler" daemon [_thread_blocked, id=29124, stack(0x000000003fd90000,0x000000003fe90000)]
  0x0000000026c29800 JavaThread "LWJGL Timer" daemon [_thread_blocked, id=28476, stack(0x00000000586a0000,0x00000000587a0000)]
  0x0000000026c2a800 JavaThread "Chunk Batcher 1" daemon [_thread_blocked, id=18924, stack(0x0000000052b70000,0x0000000052c70000)]
  0x0000000026c26000 JavaThread "Chunk Batcher 0" daemon [_thread_blocked, id=29420, stack(0x000000003ce20000,0x000000003cf20000)]
  0x0000000026c27800 JavaThread "Thread-7" [_thread_blocked, id=26908, stack(0x000000003d220000,0x000000003d320000)]
  0x0000000026c25000 JavaThread "Thread-6" [_thread_blocked, id=28124, stack(0x000000003cf20000,0x000000003d020000)]
  0x0000000027083800 JavaThread "Java2D Disposer" daemon [_thread_blocked, id=13540, stack(0x0000000026830000,0x0000000026930000)]
  0x0000000026c2f800 JavaThread "Timer hack thread" daemon [_thread_blocked, id=12576, stack(0x0000000026730000,0x0000000026830000)]
  0x00000000252b0800 JavaThread "Snooper Timer" daemon [_thread_blocked, id=26224, stack(0x0000000026630000,0x0000000026730000)]
  0x0000000021865800 JavaThread "Snooper Timer" daemon [_thread_blocked, id=24676, stack(0x0000000026230000,0x0000000026330000)]
  0x0000000021def800 JavaThread "Service Thread" daemon [_thread_blocked, id=28888, stack(0x0000000023350000,0x0000000023450000)]
  0x0000000021d68000 JavaThread "C1 CompilerThread11" daemon [_thread_blocked, id=25612, stack(0x0000000023150000,0x0000000023250000)]
  0x0000000021d65000 JavaThread "C1 CompilerThread10" daemon [_thread_blocked, id=3960, stack(0x0000000023050000,0x0000000023150000)]
  0x0000000021d60800 JavaThread "C1 CompilerThread9" daemon [_thread_blocked, id=11936, stack(0x0000000022f50000,0x0000000023050000)]
  0x0000000021d5f800 JavaThread "C1 CompilerThread8" daemon [_thread_blocked, id=27580, stack(0x0000000022e50000,0x0000000022f50000)]
  0x0000000021d5d000 JavaThread "C2 CompilerThread7" daemon [_thread_blocked, id=6484, stack(0x0000000022d50000,0x0000000022e50000)]
  0x0000000021d58000 JavaThread "C2 CompilerThread6" daemon [_thread_blocked, id=26672, stack(0x0000000022c50000,0x0000000022d50000)]
  0x0000000021d49800 JavaThread "C2 CompilerThread5" daemon [_thread_blocked, id=28616, stack(0x0000000022b50000,0x0000000022c50000)]
  0x0000000021c01000 JavaThread "C2 CompilerThread4" daemon [_thread_blocked, id=14612, stack(0x0000000022a50000,0x0000000022b50000)]
  0x0000000021c00000 JavaThread "C2 CompilerThread3" daemon [_thread_blocked, id=7212, stack(0x0000000022950000,0x0000000022a50000)]
  0x0000000021c5d000 JavaThread "C2 CompilerThread2" daemon [_thread_blocked, id=28292, stack(0x0000000022850000,0x0000000022950000)]
  0x0000000021c5c000 JavaThread "C2 CompilerThread1" daemon [_thread_blocked, id=27664, stack(0x0000000022750000,0x0000000022850000)]
  0x0000000021bf3000 JavaThread "C2 CompilerThread0" daemon [_thread_blocked, id=8264, stack(0x0000000022650000,0x0000000022750000)]
  0x0000000021c51000 JavaThread "Monitor Ctrl-Break" daemon [_thread_in_native, id=1348, stack(0x0000000022550000,0x0000000022650000)]
  0x000000001f237000 JavaThread "Attach Listener" daemon [_thread_blocked, id=8660, stack(0x0000000020c80000,0x0000000020d80000)]
  0x000000001f236800 JavaThread "Signal Dispatcher" daemon [_thread_blocked, id=244, stack(0x0000000020b80000,0x0000000020c80000)]
  0x000000001f216000 JavaThread "Finalizer" daemon [_thread_blocked, id=8012, stack(0x0000000020a80000,0x0000000020b80000)]
  0x000000001d7aa000 JavaThread "Reference Handler" daemon [_thread_blocked, id=26520, stack(0x0000000020980000,0x0000000020a80000)]
  0x000000000370e800 JavaThread "Client thread" [_thread_blocked, id=26972, stack(0x00000000035a0000,0x00000000036a0000)]

Other Threads:
=>0x000000001f1f1000 VMThread [stack: 0x0000000020880000,0x0000000020980000] [id=27420]

VM state:at safepoint (shutting down)

VM Mutex/Monitor currently owned by a thread:  ([mutex/lock_event])
[0x000000000370e040] Threads_lock - owner thread: 0x000000001f1f1000

Heap:
 PSYoungGen      total 562176K, used 70074K [0x000000076c180000, 0x0000000790f00000, 0x00000007c0000000)
  eden space 545280K, 9% used [0x000000076c180000,0x000000076f599c90,0x000000078d600000)
  from space 16896K, 98% used [0x000000078fe80000,0x0000000790ed4ef8,0x0000000790f00000)
  to   space 26624K, 0% used [0x000000078db00000,0x000000078db00000,0x000000078f500000)
 ParOldGen       total 88064K, used 57951K [0x00000006c4400000, 0x00000006c9a00000, 0x000000076c180000)
  object space 88064K, 65% used [0x00000006c4400000,0x00000006c7c97ce8,0x00000006c9a00000)
 Metaspace       used 32654K, capacity 32891K, committed 33328K, reserved 1079296K
  class space    used 4177K, capacity 4274K, committed 4400K, reserved 1048576K

Card table byte_map: [0x0000000012de0000,0x00000000135c0000] byte_map_base: 0x000000000f7be000

Marking Bits: (ParMarkBitMap*) 0x000000006beb2f70
 Begin Bits: [0x0000000014800000, 0x00000000186f0000)
 End Bits:   [0x00000000186f0000, 0x000000001c5e0000)

Polling page: 0x00000000018f0000

CodeCache: size=245760Kb used=15514Kb max_used=15514Kb free=230245Kb
 bounds [0x0000000003a20000, 0x0000000004970000, 0x0000000012a20000]
 total_blobs=4396 nmethods=3707 adapters=596
 compilation: enabled

Compilation events (10 events):
Event: 22.550 Thread 0x0000000021d5f800 nmethod 4450 0x00000000044f3590 code [0x00000000044f3780, 0x00000000044f3fb8]
Event: 22.783 Thread 0x0000000021d58000 4451       4       java.text.DateFormat::format (19 bytes)
Event: 22.786 Thread 0x0000000021d58000 nmethod 4451 0x000000000450a8d0 code [0x000000000450aa40, 0x000000000450b128]
Event: 23.052 Thread 0x0000000021d65000 4452       3       net.minecraft.client.gui.Gui::drawCenteredString (22 bytes)
Event: 23.052 Thread 0x0000000021d65000 nmethod 4452 0x0000000003d1a8d0 code [0x0000000003d1aa40, 0x0000000003d1acd8]
Event: 23.141 Thread 0x0000000021d68000 4453  s    3       java.util.Hashtable::containsKey (65 bytes)
Event: 23.142 Thread 0x0000000021d68000 nmethod 4453 0x00000000044c4750 code [0x00000000044c48e0, 0x00000000044c4f18]
Event: 23.143 Thread 0x0000000021d60800 4454       3       org.apache.logging.log4j.core.helpers.NameUtil::getSubName (32 bytes)
Event: 23.144 Thread 0x0000000021d60800 nmethod 4454 0x0000000003d4ff10 code [0x0000000003d500a0, 0x0000000003d50638]
Event: 23.158 Thread 0x0000000021c5c000 4455       4       java.util.LinkedHashMap$LinkedHashIterator::<init> (31 bytes)

GC Heap History (10 events):
Event: 3.905 GC heap before
{Heap before GC invocations=9 (full 1):
 PSYoungGen      total 190464K, used 190462K [0x000000076c180000, 0x0000000780900000, 0x00000007c0000000)
  eden space 171008K, 100% used [0x000000076c180000,0x0000000776880000,0x0000000776880000)
  from space 19456K, 99% used [0x0000000776880000,0x0000000777b7f930,0x0000000777b80000)
  to   space 24064K, 0% used [0x000000077f180000,0x000000077f180000,0x0000000780900000)
 ParOldGen       total 88064K, used 29204K [0x00000006c4400000, 0x00000006c9a00000, 0x000000076c180000)
  object space 88064K, 33% used [0x00000006c4400000,0x00000006c60850a8,0x00000006c9a00000)
 Metaspace       used 30396K, capacity 30645K, committed 31024K, reserved 1077248K
  class space    used 4022K, capacity 4099K, committed 4144K, reserved 1048576K
Event: 3.912 GC heap after
Heap after GC invocations=9 (full 1):
 PSYoungGen      total 309248K, used 18526K [0x000000076c180000, 0x0000000781100000, 0x00000007c0000000)
  eden space 285184K, 0% used [0x000000076c180000,0x000000076c180000,0x000000077d800000)
  from space 24064K, 76% used [0x000000077f180000,0x0000000780397900,0x0000000780900000)
  to   space 26112K, 0% used [0x000000077d800000,0x000000077d800000,0x000000077f180000)
 ParOldGen       total 88064K, used 30476K [0x00000006c4400000, 0x00000006c9a00000, 0x000000076c180000)
  object space 88064K, 34% used [0x00000006c4400000,0x00000006c61c30c8,0x00000006c9a00000)
 Metaspace       used 30396K, capacity 30645K, committed 31024K, reserved 1077248K
  class space    used 4022K, capacity 4099K, committed 4144K, reserved 1048576K
}
Event: 4.265 GC heap before
{Heap before GC invocations=10 (full 1):
 PSYoungGen      total 309248K, used 303710K [0x000000076c180000, 0x0000000781100000, 0x00000007c0000000)
  eden space 285184K, 100% used [0x000000076c180000,0x000000077d800000,0x000000077d800000)
  from space 24064K, 76% used [0x000000077f180000,0x0000000780397900,0x0000000780900000)
  to   space 26112K, 0% used [0x000000077d800000,0x000000077d800000,0x000000077f180000)
 ParOldGen       total 88064K, used 30476K [0x00000006c4400000, 0x00000006c9a00000, 0x000000076c180000)
  object space 88064K, 34% used [0x00000006c4400000,0x00000006c61c30c8,0x00000006c9a00000)
 Metaspace       used 30674K, capacity 30901K, committed 31280K, reserved 1077248K
  class space    used 4036K, capacity 4099K, committed 4144K, reserved 1048576K
Event: 4.279 GC heap after
Heap after GC invocations=10 (full 1):
 PSYoungGen      total 311296K, used 15832K [0x000000076c180000, 0x0000000788080000, 0x00000007c0000000)
  eden space 285184K, 0% used [0x000000076c180000,0x000000076c180000,0x000000077d800000)
  from space 26112K, 60% used [0x000000077d800000,0x000000077e776200,0x000000077f180000)
  to   space 26112K, 0% used [0x0000000786700000,0x0000000786700000,0x0000000788080000)
 ParOldGen       total 88064K, used 40184K [0x00000006c4400000, 0x00000006c9a00000, 0x000000076c180000)
  object space 88064K, 45% used [0x00000006c4400000,0x00000006c6b3e0d8,0x00000006c9a00000)
 Metaspace       used 30674K, capacity 30901K, committed 31280K, reserved 1077248K
  class space    used 4036K, capacity 4099K, committed 4144K, reserved 1048576K
}
Event: 4.573 GC heap before
{Heap before GC invocations=11 (full 1):
 PSYoungGen      total 311296K, used 301016K [0x000000076c180000, 0x0000000788080000, 0x00000007c0000000)
  eden space 285184K, 100% used [0x000000076c180000,0x000000077d800000,0x000000077d800000)
  from space 26112K, 60% used [0x000000077d800000,0x000000077e776200,0x000000077f180000)
  to   space 26112K, 0% used [0x0000000786700000,0x0000000786700000,0x0000000788080000)
 ParOldGen       total 88064K, used 40184K [0x00000006c4400000, 0x00000006c9a00000, 0x000000076c180000)
  object space 88064K, 45% used [0x00000006c4400000,0x00000006c6b3e0d8,0x00000006c9a00000)
 Metaspace       used 30741K, capacity 30965K, committed 31280K, reserved 1077248K
  class space    used 4036K, capacity 4099K, committed 4144K, reserved 1048576K
Event: 4.582 GC heap after
Heap after GC invocations=11 (full 1):
 PSYoungGen      total 427520K, used 6432K [0x000000076c180000, 0x0000000787e00000, 0x00000007c0000000)
  eden space 403968K, 0% used [0x000000076c180000,0x000000076c180000,0x0000000784c00000)
  from space 23552K, 27% used [0x0000000786700000,0x0000000786d48040,0x0000000787e00000)
  to   space 25600K, 0% used [0x0000000784c00000,0x0000000784c00000,0x0000000786500000)
 ParOldGen       total 88064K, used 51026K [0x00000006c4400000, 0x00000006c9a00000, 0x000000076c180000)
  object space 88064K, 57% used [0x00000006c4400000,0x00000006c75d4968,0x00000006c9a00000)
 Metaspace       used 30741K, capacity 30965K, committed 31280K, reserved 1077248K
  class space    used 4036K, capacity 4099K, committed 4144K, reserved 1048576K
}
Event: 5.085 GC heap before
{Heap before GC invocations=12 (full 1):
 PSYoungGen      total 427520K, used 410400K [0x000000076c180000, 0x0000000787e00000, 0x00000007c0000000)
  eden space 403968K, 100% used [0x000000076c180000,0x0000000784c00000,0x0000000784c00000)
  from space 23552K, 27% used [0x0000000786700000,0x0000000786d48040,0x0000000787e00000)
  to   space 25600K, 0% used [0x0000000784c00000,0x0000000784c00000,0x0000000786500000)
 ParOldGen       total 88064K, used 51026K [0x00000006c4400000, 0x00000006c9a00000, 0x000000076c180000)
  object space 88064K, 57% used [0x00000006c4400000,0x00000006c75d4968,0x00000006c9a00000)
 Metaspace       used 30934K, capacity 31157K, committed 31536K, reserved 1077248K
  class space    used 4040K, capacity 4099K, committed 4144K, reserved 1048576K
Event: 5.092 GC heap after
Heap after GC invocations=12 (full 1):
 PSYoungGen      total 429568K, used 3168K [0x000000076c180000, 0x0000000791780000, 0x00000007c0000000)
  eden space 403968K, 0% used [0x000000076c180000,0x000000076c180000,0x0000000784c00000)
  from space 25600K, 12% used [0x0000000784c00000,0x0000000784f18000,0x0000000786500000)
  to   space 25600K, 0% used [0x000000078fe80000,0x000000078fe80000,0x0000000791780000)
 ParOldGen       total 88064K, used 56602K [0x00000006c4400000, 0x00000006c9a00000, 0x000000076c180000)
  object space 88064K, 64% used [0x00000006c4400000,0x00000006c7b469e8,0x00000006c9a00000)
 Metaspace       used 30934K, capacity 31157K, committed 31536K, reserved 1077248K
  class space    used 4040K, capacity 4099K, committed 4144K, reserved 1048576K
}
Event: 19.156 GC heap before
{Heap before GC invocations=13 (full 1):
 PSYoungGen      total 429568K, used 393267K [0x000000076c180000, 0x0000000791780000, 0x00000007c0000000)
  eden space 403968K, 96% used [0x000000076c180000,0x0000000783e74c30,0x0000000784c00000)
  from space 25600K, 12% used [0x0000000784c00000,0x0000000784f18000,0x0000000786500000)
  to   space 25600K, 0% used [0x000000078fe80000,0x000000078fe80000,0x0000000791780000)
 ParOldGen       total 88064K, used 56602K [0x00000006c4400000, 0x00000006c9a00000, 0x000000076c180000)
  object space 88064K, 64% used [0x00000006c4400000,0x00000006c7b469e8,0x00000006c9a00000)
 Metaspace       used 32564K, capacity 32795K, committed 33200K, reserved 1079296K
  class space    used 4174K, capacity 4242K, committed 4272K, reserved 1048576K
Event: 19.164 GC heap after
Heap after GC invocations=13 (full 1):
 PSYoungGen      total 562176K, used 16723K [0x000000076c180000, 0x0000000790f00000, 0x00000007c0000000)
  eden space 545280K, 0% used [0x000000076c180000,0x000000076c180000,0x000000078d600000)
  from space 16896K, 98% used [0x000000078fe80000,0x0000000790ed4ef8,0x0000000790f00000)
  to   space 26624K, 0% used [0x000000078db00000,0x000000078db00000,0x000000078f500000)
 ParOldGen       total 88064K, used 57951K [0x00000006c4400000, 0x00000006c9a00000, 0x000000076c180000)
  object space 88064K, 65% used [0x00000006c4400000,0x00000006c7c97ce8,0x00000006c9a00000)
 Metaspace       used 32564K, capacity 32795K, committed 33200K, reserved 1079296K
  class space    used 4174K, capacity 4242K, committed 4272K, reserved 1048576K
}

Deoptimization events (10 events):
Event: 19.147 Thread 0x000000000370e800 Uncommon trap: reason=null_check action=make_not_entrant pc=0x0000000004829ae4 method=net.minecraft.client.renderer.texture.TextureManager.bindTexture(Lnet/minecraft/util/ResourceLocation;)V @ 10
Event: 19.148 Thread 0x000000000370e800 Uncommon trap: reason=unstable_if action=reinterpret pc=0x000000000405c0c0 method=sun.awt.image.ByteInterleavedRaster.setDataElements(IIIIIILjava/awt/image/Raster;)V @ 54
Event: 19.148 Thread 0x000000000370e800 Uncommon trap: reason=unstable_if action=reinterpret pc=0x00000000040db360 method=sun.awt.image.ByteInterleavedRaster.setDataElements(IIIIIILjava/awt/image/Raster;)V @ 54
Event: 19.148 Thread 0x000000000370e800 Uncommon trap: reason=unstable_if action=reinterpret pc=0x0000000003e6e7dc method=sun.awt.image.ByteInterleavedRaster.setDataElements(IIIIIILjava/awt/image/Raster;)V @ 54
Event: 19.148 Thread 0x000000000370e800 Uncommon trap: reason=unstable_if action=reinterpret pc=0x00000000047f5fd0 method=net.minecraft.client.renderer.texture.AbstractTexture.getGlTextureId()I @ 5
Event: 19.150 Thread 0x000000000370e800 Uncommon trap: reason=unstable_if action=reinterpret pc=0x00000000040f8ccc method=java.text.SimpleDateFormat.zeroPaddingNumber(IIILjava/lang/StringBuffer;)V @ 4
Event: 19.151 Thread 0x000000000370e800 Uncommon trap: reason=unstable_if action=reinterpret pc=0x000000000482b670 method=net.minecraft.client.gui.FontRenderer.func_181559_a(CZ)F @ 18
Event: 19.168 Thread 0x000000000370e800 Uncommon trap: reason=unstable_if action=reinterpret pc=0x0000000003dec374 method=net.minecraft.client.gui.FontRenderer.getCharWidth(C)I @ 30
Event: 21.883 Thread 0x000000000370e800 Uncommon trap: reason=unstable_if action=reinterpret pc=0x000000000481dd48 method=net.minecraft.client.renderer.GlStateManager.bindTexture(I)V @ 11
Event: 23.158 Thread 0x0000000026c26800 Uncommon trap: reason=class_check action=maybe_recompile pc=0x0000000003dd3c00 method=java.util.HashSet.iterator()Ljava/util/Iterator; @ 4

Internal exceptions (10 events):
Event: 11.273 Thread 0x000000000370e800 Exception <a 'java/lang/NoClassDefFoundError': org/slf4j/LoggerFactory> (0x000000077e9d0180) thrown at [C:\re\workspace\8-2-build-windows-amd64-cygwin\jdk8u91\6644\hotspot\src\share\vm\classfile\systemDictionary.cpp, line 199]
Event: 11.274 Thread 0x000000000370e800 Exception <a 'java/lang/NoClassDefFoundError': org/apache/log4j/Priority> (0x000000077ea10548) thrown at [C:\re\workspace\8-2-build-windows-amd64-cygwin\jdk8u91\6644\hotspot\src\share\vm\classfile\systemDictionary.cpp, line 199]
Event: 11.278 Thread 0x000000000370e800 Implicit null exception at 0x000000000461f00f to 0x00000000046222dd
Event: 11.278 Thread 0x0000000026c25000 Exception <a 'java/lang/InterruptedException': sleep interrupted> (0x000000077f3abeb0) thrown at [C:\re\workspace\8-2-build-windows-amd64-cygwin\jdk8u91\6644\hotspot\src\share\vm\prims\jvm.cpp, line 3215]
Event: 11.299 Thread 0x0000000026c25000 Exception <a 'java/lang/InterruptedException': sleep interrupted> (0x000000077f617b48) thrown at [C:\re\workspace\8-2-build-windows-amd64-cygwin\jdk8u91\6644\hotspot\src\share\vm\prims\jvm.cpp, line 3167]
Event: 11.299 Thread 0x0000000026c27800 Exception <a 'java/lang/InterruptedException': sleep interrupted> (0x000000077f648818) thrown at [C:\re\workspace\8-2-build-windows-amd64-cygwin\jdk8u91\6644\hotspot\src\share\vm\prims\jvm.cpp, line 3215]
Event: 19.137 Thread 0x0000000026c25000 Exception <a 'java/lang/InterruptedException': sleep interrupted> (0x000000077f617da0) thrown at [C:\re\workspace\8-2-build-windows-amd64-cygwin\jdk8u91\6644\hotspot\src\share\vm\prims\jvm.cpp, line 3215]
Event: 19.138 Thread 0x000000000370e800 Implicit null exception at 0x00000000040f5b9a to 0x00000000040f5c0d
Event: 19.147 Thread 0x000000000370e800 Implicit null exception at 0x00000000048295c3 to 0x0000000004829ad9
Event: 20.072 Thread 0x0000000026c25000 Exception <a 'java/lang/InterruptedException': sleep interrupted> (0x000000076de1e018) thrown at [C:\re\workspace\8-2-build-windows-amd64-cygwin\jdk8u91\6644\hotspot\src\share\vm\prims\jvm.cpp, line 3215]

Events (10 events):
Event: 23.142 loading class org/apache/logging/log4j/core/config/NullConfiguration done
Event: 23.142 loading class javax/servlet/ServletContext
Event: 23.142 loading class javax/servlet/ServletContext done
Event: 23.144 Thread 0x000000002221c800 Thread exited: 0x000000002221c800
Event: 23.144 Thread 0x0000000022219800 Thread exited: 0x0000000022219800
Event: 23.158 Thread 0x000000002221b000 Thread exited: 0x000000002221b000
Event: 23.158 Thread 0x0000000026c26800 Uncommon trap: trap_request=0xffffffde fr.pc=0x0000000003dd3c00
Event: 23.158 Thread 0x0000000026c26800 DEOPT PACKING pc=0x0000000003dd3c00 sp=0x000000003fe8ee30
Event: 23.158 Thread 0x0000000026c26800 DEOPT UNPACKING pc=0x0000000003a6582a sp=0x000000003fe8ede8 mode 2
Event: 23.158 Executing VM operation: Exit


Dynamic libraries:
0x00007ff6331d0000 - 0x00007ff633207000 	C:\Program Files\Java\jdk1.8.0_91\bin\java.exe
0x00007ffb09ab0000 - 0x00007ffb09cc6000 	C:\Windows\SYSTEM32\ntdll.dll
0x00007ffb09250000 - 0x00007ffb09314000 	C:\Windows\System32\KERNEL32.DLL
0x00007ffb06df0000 - 0x00007ffb07196000 	C:\Windows\System32\KERNELBASE.dll
0x00007ffb097d0000 - 0x00007ffb09882000 	C:\Windows\System32\ADVAPI32.dll
0x00007ffb096d0000 - 0x00007ffb09777000 	C:\Windows\System32\msvcrt.dll
0x00007ffb08ff0000 - 0x00007ffb09098000 	C:\Windows\System32\sechost.dll
0x00007ffb07340000 - 0x00007ffb07368000 	C:\Windows\System32\bcrypt.dll
0x00007ffb07960000 - 0x00007ffb07a75000 	C:\Windows\System32\RPCRT4.dll
0x00007ffb090a0000 - 0x00007ffb0924d000 	C:\Windows\System32\USER32.dll
0x00007ffb07370000 - 0x00007ffb07396000 	C:\Windows\System32\win32u.dll
0x00007ffb07920000 - 0x00007ffb07949000 	C:\Windows\System32\GDI32.dll
0x00007ffb071a0000 - 0x00007ffb072b8000 	C:\Windows\System32\gdi32full.dll
0x00007ffb074c0000 - 0x00007ffb0755a000 	C:\Windows\System32\msvcp_win.dll
0x00007ffb073a0000 - 0x00007ffb074b1000 	C:\Windows\System32\ucrtbase.dll
0x00007ffaeb850000 - 0x00007ffaebae3000 	C:\Windows\WinSxS\amd64_microsoft.windows.common-controls_6595b64144ccf1df_6.0.22621.3235_none_270f74e173860f98\COMCTL32.dll
0x00007ffb09890000 - 0x00007ffb098c1000 	C:\Windows\System32\IMM32.DLL
0x000000006bf40000 - 0x000000006c012000 	C:\Program Files\Java\jdk1.8.0_91\jre\bin\msvcr100.dll
0x000000006b6a0000 - 0x000000006bf33000 	C:\Program Files\Java\jdk1.8.0_91\jre\bin\server\jvm.dll
0x00007ffb09320000 - 0x00007ffb09328000 	C:\Windows\System32\PSAPI.DLL
0x00007ffafadc0000 - 0x00007ffafadc9000 	C:\Windows\SYSTEM32\WSOCK32.dll
0x00007ffb09430000 - 0x00007ffb094a1000 	C:\Windows\System32\WS2_32.dll
0x00007ffb00940000 - 0x00007ffb00974000 	C:\Windows\SYSTEM32\WINMM.dll
0x00007ffaf3150000 - 0x00007ffaf315a000 	C:\Windows\SYSTEM32\VERSION.dll
0x000000006c4c0000 - 0x000000006c4cf000 	C:\Program Files\Java\jdk1.8.0_91\jre\bin\verify.dll
0x000000006c490000 - 0x000000006c4b9000 	C:\Program Files\Java\jdk1.8.0_91\jre\bin\java.dll
0x000000006b630000 - 0x000000006b653000 	C:\Program Files\Java\jdk1.8.0_91\jre\bin\instrument.dll
0x000000006c470000 - 0x000000006c486000 	C:\Program Files\Java\jdk1.8.0_91\jre\bin\zip.dll
0x00007ffb07f70000 - 0x00007ffb087cd000 	C:\Windows\System32\SHELL32.dll
0x00007ffb04d60000 - 0x00007ffb05658000 	C:\Windows\SYSTEM32\windows.storage.dll
0x00007ffb07be0000 - 0x00007ffb07f68000 	C:\Windows\System32\combase.dll
0x00007ffb04c20000 - 0x00007ffb04d5e000 	C:\Windows\SYSTEM32\wintypes.dll
0x00007ffb07ae0000 - 0x00007ffb07bd3000 	C:\Windows\System32\SHCORE.dll
0x00007ffb078a0000 - 0x00007ffb078fe000 	C:\Windows\System32\shlwapi.dll
0x00007ffb06d20000 - 0x00007ffb06d46000 	C:\Windows\SYSTEM32\profapi.dll
0x00007ffafade0000 - 0x00007ffafadfa000 	D:\ideaIU-2023.2.win\bin\breakgen64.dll
0x000000006c450000 - 0x000000006c46a000 	C:\Program Files\Java\jdk1.8.0_91\jre\bin\net.dll
0x00007ffb063a0000 - 0x00007ffb06409000 	C:\Windows\system32\mswsock.dll
0x000000006b690000 - 0x000000006b69d000 	C:\Program Files\Java\jdk1.8.0_91\jre\bin\management.dll
0x000000006c430000 - 0x000000006c441000 	C:\Program Files\Java\jdk1.8.0_91\jre\bin\nio.dll
0x00007ffad06c0000 - 0x00007ffad06d7000 	C:\Windows\system32\napinsp.dll
0x00007ffacf7e0000 - 0x00007ffacf7fb000 	C:\Windows\system32\pnrpnsp.dll
0x00007ffb05950000 - 0x00007ffb05a49000 	C:\Windows\SYSTEM32\DNSAPI.dll
0x00007ffb05920000 - 0x00007ffb0594d000 	C:\Windows\SYSTEM32\IPHLPAPI.DLL
0x00007ffb07950000 - 0x00007ffb07959000 	C:\Windows\System32\NSI.dll
0x00007ffacf7c0000 - 0x00007ffacf7d1000 	C:\Windows\System32\winrnr.dll
0x00007ffafb6d0000 - 0x00007ffafb6e5000 	C:\Windows\system32\wshbth.dll
0x00007ffacf600000 - 0x00007ffacf621000 	C:\Windows\system32\nlansp_c.dll
0x00007ffaf9d90000 - 0x00007ffaf9d9a000 	C:\Windows\System32\rasadhlp.dll
0x00007ffafaae0000 - 0x00007ffafab63000 	C:\Windows\System32\fwpuclnt.dll
0x0000000180000000 - 0x0000000180053000 	D:\GradeClient-main\jars\versions\1.8.8\1.8.8-natives\lwjgl64.dll
0x00007ffa725e0000 - 0x00007ffa726e0000 	C:\Windows\SYSTEM32\OPENGL32.dll
0x00007ffa725b0000 - 0x00007ffa725dd000 	C:\Windows\SYSTEM32\GLU32.dll
0x00007ffb03a90000 - 0x00007ffb03ac9000 	C:\Windows\SYSTEM32\dxcore.dll
0x00007ffb065f0000 - 0x00007ffb0660b000 	C:\Windows\SYSTEM32\CRYPTSP.dll
0x00007ffb05e80000 - 0x00007ffb05eb5000 	C:\Windows\system32\rsaenh.dll
0x00007ffb06490000 - 0x00007ffb064bc000 	C:\Windows\SYSTEM32\USERENV.dll
0x00007ffb072c0000 - 0x00007ffb0733a000 	C:\Windows\System32\bcryptprimitives.dll
0x00007ffb06610000 - 0x00007ffb0661c000 	C:\Windows\SYSTEM32\CRYPTBASE.dll
0x00007ffafd470000 - 0x00007ffafd489000 	C:\Windows\SYSTEM32\dhcpcsvc6.DLL
0x00007ffafd250000 - 0x00007ffafd26f000 	C:\Windows\SYSTEM32\dhcpcsvc.DLL
0x000000006b490000 - 0x000000006b628000 	C:\Program Files\Java\jdk1.8.0_91\jre\bin\awt.dll
0x00007ffb09330000 - 0x00007ffb09407000 	C:\Windows\System32\OLEAUT32.dll
0x00007ffb00090000 - 0x00007ffb00127000 	C:\Windows\SYSTEM32\apphelp.dll
0x00007ffafba20000 - 0x00007ffafbadc000 	C:\Windows\SYSTEM32\mscms.dll
0x00007ffb05f20000 - 0x00007ffb05f38000 	C:\Windows\SYSTEM32\kernel.appcore.dll
0x00007ffb08930000 - 0x00007ffb089e0000 	C:\Windows\System32\clbcatq.dll
0x00007ffaf95f0000 - 0x00007ffaf963e000 	C:\Windows\System32\Windows.Internal.Graphics.Display.DisplayColorManagement.dll
0x00007ffb06b00000 - 0x00007ffb06b4e000 	C:\Windows\SYSTEM32\cfgmgr32.dll
0x00007ffb007a0000 - 0x00007ffb0084b000 	C:\Windows\system32\uxtheme.dll
0x00007ffb087d0000 - 0x00007ffb08924000 	C:\Windows\System32\MSCTF.dll
0x00007ffaf93b0000 - 0x00007ffaf94fa000 	C:\Windows\SYSTEM32\textinputframework.dll
0x00007ffaff760000 - 0x00007ffaff894000 	C:\Windows\SYSTEM32\CoreMessaging.dll
0x00007ffafc930000 - 0x00007ffafcc9c000 	C:\Windows\SYSTEM32\CoreUIComponents.dll
0x00007ffb098d0000 - 0x00007ffb09a6f000 	C:\Windows\System32\ole32.dll
0x00007ffa85d90000 - 0x00007ffa85e7b000 	C:\Windows\system32\SogouWBTSF.ime
0x00007ffaf3680000 - 0x00007ffaf3687000 	C:\Windows\system32\MSIMG32.dll
0x00007ffb05f40000 - 0x00007ffb05f74000 	C:\Windows\SYSTEM32\ntmarta.dll
0x00000000289b0000 - 0x0000000029282000 	C:\Windows\system32\SogouWb.ime
0x00007ffaeb7e0000 - 0x00007ffaeb849000 	C:\Windows\SYSTEM32\OLEACC.dll
0x00007ffb05cf0000 - 0x00007ffb05cfc000 	C:\Windows\SYSTEM32\Secur32.dll
0x00007ffae5820000 - 0x00007ffae5d14000 	C:\Windows\SYSTEM32\WININET.dll
0x00007ffaebaf0000 - 0x00007ffaebcaa000 	C:\Windows\WinSxS\amd64_microsoft.windows.gdiplus_6595b64144ccf1df_1.1.22621.3085_none_57ff6980ce140777\gdiplus.dll
0x00007ffa85d70000 - 0x00007ffa85d89000 	C:\Windows\SYSTEM32\USP10.dll
0x00007ffb06180000 - 0x00007ffb061cc000 	C:\Windows\SYSTEM32\SSPICLI.DLL
0x00007ffb07560000 - 0x00007ffb075cb000 	C:\Windows\System32\Wintrust.dll
0x00007ffb07690000 - 0x00007ffb077f6000 	C:\Windows\System32\CRYPT32.dll
0x00007ffb06650000 - 0x00007ffb06662000 	C:\Windows\SYSTEM32\MSASN1.dll
0x00007ffb09410000 - 0x00007ffb0942f000 	C:\Windows\System32\imagehlp.dll
0x00007ffb06430000 - 0x00007ffb06456000 	C:\Windows\SYSTEM32\gpapi.dll
0x00007ffaf3110000 - 0x00007ffaf3142000 	C:\Windows\System32\cryptnet.dll
0x0000000034c00000 - 0x0000000034cc7000 	D:\Program Files (x86)\SogouWBInput\5.5.0.2580\Plugins64\ManualNewWord.dll
0x00007ffad5910000 - 0x00007ffad5942000 	C:\Windows\system32\msctfp.dll
0x00007ffafd1e0000 - 0x00007ffafd22a000 	C:\Windows\SYSTEM32\directxdatabasehelper.dll
0x00007ffafb8c0000 - 0x00007ffafb9f5000 	C:\Windows\System32\AppXDeploymentClient.dll
0x00007ffa71500000 - 0x00007ffa725a9000 	C:\Windows\System32\DriverStore\FileRepository\iigd_dch.inf_amd64_57d6be89ba05925b\igxelpicd64.dll
0x00007ffb03290000 - 0x00007ffb032bb000 	C:\Windows\system32\dwmapi.dll
0x00007ffb04960000 - 0x00007ffb04a58000 	C:\Windows\system32\dxgi.dll
0x00007ffa713d0000 - 0x00007ffa714f4000 	C:\Windows\System32\DriverStore\FileRepository\iigd_dch.inf_amd64_57d6be89ba05925b\igdml64.dll
0x00007ffaf71b0000 - 0x00007ffaf75c2000 	C:\Windows\System32\DriverStore\FileRepository\iigd_dch.inf_amd64_57d6be89ba05925b\igdgmm64.dll
0x00007ffb06ab0000 - 0x00007ffb06adc000 	C:\Windows\SYSTEM32\DEVOBJ.dll
0x00007ffad3560000 - 0x00007ffad35a9000 	C:\Windows\SYSTEM32\icm32.dll
0x00007ffaeeae0000 - 0x00007ffaf2f1e000 	C:\Windows\System32\DriverStore\FileRepository\iigd_dch.inf_amd64_57d6be89ba05925b\igc64.dll
0x00007ffb05c80000 - 0x00007ffb05ccd000 	C:\Windows\SYSTEM32\powrprof.dll
0x00007ffb05c60000 - 0x00007ffb05c73000 	C:\Windows\SYSTEM32\UMPDC.dll
0x0000000027ae0000 - 0x0000000027b18000 	C:\Users\43850\AppData\Local\Temp\jna\jna5655071831203110939.dll
0x0000000070a40000 - 0x0000000070adc000 	D:\GradeClient-main\jars\versions\1.8.8\1.8.8-natives\avutil-ttv-51.dll
0x0000000065980000 - 0x00000000659d6000 	D:\GradeClient-main\jars\versions\1.8.8\1.8.8-natives\swresample-ttv-0.dll
0x000000006eb80000 - 0x000000006ec50000 	D:\GradeClient-main\jars\versions\1.8.8\1.8.8-natives\libmp3lame-ttv.dll
0x00007ffa23440000 - 0x00007ffa247e4000 	D:\GradeClient-main\jars\versions\1.8.8\1.8.8-natives\libmfxsw64.dll
0x00007ffa86d20000 - 0x00007ffa86e8d000 	D:\GradeClient-main\jars\versions\1.8.8\1.8.8-natives\twitchsdk.dll
0x000000003d320000 - 0x000000003d384000 	D:\GradeClient-main\jars\versions\1.8.8\1.8.8-natives\OpenAL64.dll
0x00007ffaf4f20000 - 0x00007ffaf4fbd000 	C:\Windows\System32\MMDevApi.dll
0x00007ffa3edb0000 - 0x00007ffa3ee52000 	C:\Windows\SYSTEM32\dsound.dll
0x00007ffa3cc90000 - 0x00007ffa3cd41000 	C:\Windows\SYSTEM32\ResampleDmo.DLL
0x00007ffacdd80000 - 0x00007ffacdda9000 	C:\Windows\SYSTEM32\winmmbase.dll
0x00007ffaed2f0000 - 0x00007ffaed2fb000 	C:\Windows\SYSTEM32\msdmo.dll
0x00007ffaeb320000 - 0x00007ffaeb50c000 	C:\Windows\SYSTEM32\AUDIOSES.DLL
0x00007ffb03930000 - 0x00007ffb03945000 	C:\Windows\SYSTEM32\resourcepolicyclient.dll
0x00007ffac3980000 - 0x00007ffac3a30000 	C:\Windows\SYSTEM32\TextShaping.dll
0x00007ffb044c0000 - 0x00007ffb046f3000 	C:\Windows\SYSTEM32\dbghelp.dll

VM Arguments:
jvm_args: -javaagent:D:\ideaIU-2023.2.win\lib\idea_rt.jar=51638:D:\ideaIU-2023.2.win\bin -Dfile.encoding=UTF-8 
java_command: Start
java_class_path (initial): C:\Users\43850\AppData\Local\Temp\classpath1488508002.jar;D:\ideaIU-2023.2.win\lib\idea_rt.jar
Launcher Type: SUN_STANDARD

Environment Variables:
JAVA_HOME=D:\graalvm-jdk-17.0.8+9.1
PATH=D:\graalvm-jdk-17.0.8+9.1\bin;D:\Program Files (x86)\VMware\VMware Workstation\bin\;C:\ProgramData\Oracle\Java\javapath;C:\Windows\system32;C:\Windows;C:\Windows\System32\Wbem;C:\Windows\System32\WindowsPowerShell\v1.0\;C:\Windows\System32\OpenSSH\;C:\Program Files (x86)\NVIDIA Corporation\PhysX\Common;C:\Program Files\NVIDIA Corporation\NVIDIA NvDLISR;C:\Program Files\Git\cmd;C:\Program Files\Microsoft SQL Server\150\Tools\Binn\;C:\Program Files\Microsoft SQL Server\Client SDK\ODBC\170\Tools\Binn\;C:\Program Files\dotnet\;D:\Windows Kits\10\Windows Performance Toolkit\;C:\Users\43850\AppData\Roaming\nvm;C:\Program Files\nodejs;C:\Program Files (x86)\Microsoft SQL Server\Client SDK\ODBC\130\Tools\Binn\;C:\Program Files (x86)\Microsoft SQL Server\140\Tools\Binn\;C:\Program Files (x86)\Microsoft SQL Server\140\DTS\Binn\;C:\Program Files (x86)\Microsoft SQL Server\140\Tools\Binn\ManagementStudio\;C:\Program Files (x86)\Microsoft SQL Server\130\Tools\Binn\;C:\Program Files\Microsoft SQL Server\130\Tools\Binn\;C:\Program Files (x86)\Microsoft SQL Server\130\DTS\Binn\;C:\Program Files\Microsoft SQL Server\130\DTS\Binn\;C:\Program Files\Microsoft SQL Server\Client SDK\ODBC\130\Tools\Binn\;D:\Program Files\Redis\;D:\GradeClient-main\jars\versions\1.8.8\1.8.8-natives;C:\Users\43850\AppData\Local\Microsoft\WindowsApps;C:\Users\43850\AppData\Roaming\npm;C:\Users\43850\.dotnet\tools;C:\Users\43850\AppData\Local\Programs\Microsoft VS Code\bin;C:\Users\43850\AppData\Roaming\nvm;C:\Program Files\nodejs;C:\Users\43850\AppData\Local\gitkraken\bin
USERNAME=43850
OS=Windows_NT
PROCESSOR_IDENTIFIER=Intel64 Family 6 Model 154 Stepping 3, GenuineIntel



---------------  S Y S T E M  ---------------

OS: Windows 10.0 , 64 bit Build 22621 (10.0.22621.3235)

CPU:total 16 (8 cores per cpu, 2 threads per core) family 6 model 154 stepping 3, cmov, cx8, fxsr, mmx, sse, sse2, sse3, ssse3, sse4.1, sse4.2, popcnt, avx, avx2, aes, clmul, erms, 3dnowpref, lzcnt, ht, tsc, tscinvbit, bmi1, bmi2, adx

Memory: 4k page, physical 16496120k(2327624k free), swap 33081668k(3480028k free)

vm_info: Java HotSpot(TM) 64-Bit Server VM (25.91-b14) for windows-amd64 JRE (1.8.0_91-b14), built on Apr  1 2016 00:58:32 by "java_re" with MS VC++ 10.0 (VS2010)

time: Sun Mar 31 11:39:37 2024
elapsed time: 23 seconds (0d 0h 0m 23s)

