#
# A fatal error has been detected by the Java Runtime Environment:
#
#  EXCEPTION_ACCESS_VIOLATION (0xc0000005) at pc=0x00007ffa717895aa, pid=16056, tid=25640
#
# JRE version: Java(TM) SE Runtime Environment (8.0_91-b14) (build 1.8.0_91-b14)
# Java VM: Java HotSpot(TM) 64-Bit Server VM (25.91-b14 mixed mode windows-amd64 compressed oops)
# Problematic frame:
# C  [igxelpicd64.dll+0x2895aa]
#
# Failed to write core dump. Minidumps are not enabled by default on client versions of Windows
#
# If you would like to submit a bug report, please visit:
#   http://bugreport.java.com/bugreport/crash.jsp
#

---------------  T H R E A D  ---------------

Current thread (0x000000001e992800):  VMThread [stack: 0x0000000020010000,0x0000000020110000] [id=25640]

siginfo: ExceptionCode=0xc0000005, reading address 0x0000000000035f88

Registers:
RAX=0x0000000051819e48, RBX=0x0000000000000000, RCX=0x0000000000000000, RDX=0x00000000fffffff0
RSP=0x000000002010e6e0, RBP=0x000000002010e748, RSI=0x0000000000d45550, RDI=0x0000000000000000
R8 =0x0000000000000000, R9 =0x0000000000000000, R10=0x000000005181a318, R11=0x0000000000000246
R12=0x000000003b6456c8, R13=0x0000000000000000, R14=0x0000000051819d40, R15=0x0000000000000016
RIP=0x00007ffa717895aa, EFLAGS=0x0000000000010206

Top of Stack: (sp=0x000000002010e6e0)
0x000000002010e6e0:   0000000037f90e40 0000000000000000
0x000000002010e6f0:   000000002010e890 00007ffb090a41a9
0x000000002010e700:   0000000051818990 0000000000000000
0x000000002010e710:   0000000037f90e40 000000005181a318
0x000000002010e720:   0000000000020338 00007ffb09b533b4
0x000000002010e730:   000000002295ca58 0000000000007fe8
0x000000002010e740:   0000000000000002 0000000000000017
0x000000002010e750:   000000000000246c 0000740400000000
0x000000002010e760:   000000003b6456c8 0000000000000000
0x000000002010e770:   0000000000000000 0000000000d45550
0x000000002010e780:   000000002010e890 00007ffa71581d5f
0x000000002010e790:   0000000000d45500 0000000000000016
0x000000002010e7a0:   0000000000908000 00007ffb09acd800
0x000000002010e7b0:   0000000000004c74 00007ffb00000000
0x000000002010e7c0:   0000000000000000 00007ffb09acd484
0x000000002010e7d0:   0000000000780bf4 00000000000000c0 

Instructions: (pc=0x00007ffa717895aa)
0x00007ffa7178958a:   48 8d 04 c0 48 8d 40 21 49 8d 04 c6 48 85 c0 74
0x00007ffa7178959a:   0c 48 8b 48 08 eb 09 48 83 c0 08 eb ef 48 8b cb
0x00007ffa717895aa:   49 3b 8d 88 5f 03 00 0f 86 86 01 00 00 41 83 f8
0x00007ffa717895ba:   10 73 0d 4a 8d 04 c5 21 00 00 00 49 03 c0 eb 55 


Register to memory mapping:

RAX=0x0000000051819e48 is an unknown value
RBX=0x0000000000000000 is an unknown value
RCX=0x0000000000000000 is an unknown value
RDX=0x00000000fffffff0 is an unknown value
RSP=0x000000002010e6e0 is an unknown value
RBP=0x000000002010e748 is an unknown value
RSI=0x0000000000d45550 is an unknown value
RDI=0x0000000000000000 is an unknown value
R8 =0x0000000000000000 is an unknown value
R9 =0x0000000000000000 is an unknown value
R10=0x000000005181a318 is an unknown value
R11=0x0000000000000246 is an unknown value
R12=0x000000003b6456c8 is an unknown value
R13=0x0000000000000000 is an unknown value
R14=0x0000000051819d40 is an unknown value
R15=0x0000000000000016 is an unknown value


Stack: [0x0000000020010000,0x0000000020110000],  sp=0x000000002010e6e0,  free space=1017k
Native frames: (J=compiled Java code, j=interpreted, Vv=VM code, C=native code)
C  [igxelpicd64.dll+0x2895aa]
C  [igxelpicd64.dll+0x81d5f]
C  [igxelpicd64.dll+0x28d57f]
C  [igxelpicd64.dll+0x75468]
C  [igxelpicd64.dll+0x243ef4]
C  [igxelpicd64.dll+0x2442b3]
C  [igxelpicd64.dll+0x23e32f]
C  [igxelpicd64.dll+0x23e15d]
C  [igxelpicd64.dll+0x81545b]
C  [ntdll.dll+0x2869f]
C  [ntdll.dll+0x510a6]
C  [ntdll.dll+0x50c9d]
C  [KERNEL32.DLL+0x17fab]
C  [msvcr100.dll+0x20ccd]
V  [jvm.dll+0x211395]
V  [jvm.dll+0x24a0e7]
V  [jvm.dll+0x249386]
V  [jvm.dll+0x249821]
V  [jvm.dll+0x249a3e]
V  [jvm.dll+0x29a99a]
C  [msvcr100.dll+0x21d9f]
C  [msvcr100.dll+0x21e3b]
C  [KERNEL32.DLL+0x1257d]
C  [ntdll.dll+0x5aa58]

VM_Operation (0x0000000000ecebd0): Exit, mode: safepoint, requested by thread 0x000000001ea42800


---------------  P R O C E S S  ---------------

Java Threads: ( => current thread )
  0x000000001ea42800 JavaThread "SIGINT handler" daemon [_thread_blocked, id=11996, stack(0x0000000000dd0000,0x0000000000ed0000)]
  0x0000000028fd9800 JavaThread "Chunk Batcher 1" daemon [_thread_blocked, id=5204, stack(0x000000003b490000,0x000000003b590000)]
  0x0000000029aff800 JavaThread "Chunk Batcher 0" daemon [_thread_blocked, id=3612, stack(0x000000002cf30000,0x000000002d030000)]
  0x0000000027ecb000 JavaThread "Thread-7" [_thread_blocked, id=13708, stack(0x0000000041b40000,0x0000000041c40000)]
  0x00000000289a6800 JavaThread "Thread-6" [_thread_blocked, id=11944, stack(0x0000000041a40000,0x0000000041b40000)]
  0x00000000285b8800 JavaThread "Java2D Disposer" daemon [_thread_blocked, id=12608, stack(0x00000000261d0000,0x00000000262d0000)]
  0x00000000285b7800 JavaThread "Timer hack thread" daemon [_thread_blocked, id=26800, stack(0x0000000025fb0000,0x00000000260b0000)]
  0x0000000028565000 JavaThread "Snooper Timer" daemon [_thread_blocked, id=26524, stack(0x00000000260d0000,0x00000000261d0000)]
  0x0000000028a07800 JavaThread "Snooper Timer" daemon [_thread_blocked, id=13432, stack(0x00000000259f0000,0x0000000025af0000)]
  0x000000001ea51000 JavaThread "Service Thread" daemon [_thread_blocked, id=25892, stack(0x0000000021580000,0x0000000021680000)]
  0x000000001eae7800 JavaThread "C1 CompilerThread11" daemon [_thread_blocked, id=24544, stack(0x0000000021480000,0x0000000021580000)]
  0x000000001eadc800 JavaThread "C1 CompilerThread10" daemon [_thread_blocked, id=8104, stack(0x0000000021380000,0x0000000021480000)]
  0x000000001eace000 JavaThread "C1 CompilerThread9" daemon [_thread_blocked, id=15388, stack(0x0000000021280000,0x0000000021380000)]
  0x000000001ea9d000 JavaThread "C1 CompilerThread8" daemon [_thread_blocked, id=16552, stack(0x0000000021180000,0x0000000021280000)]
  0x000000001ea93800 JavaThread "C2 CompilerThread7" daemon [_thread_blocked, id=13096, stack(0x0000000020f80000,0x0000000021080000)]
  0x000000001ea91800 JavaThread "C2 CompilerThread6" daemon [_thread_blocked, id=9972, stack(0x0000000020e80000,0x0000000020f80000)]
  0x000000001ea87000 JavaThread "C2 CompilerThread5" daemon [_thread_blocked, id=28012, stack(0x0000000020d80000,0x0000000020e80000)]
  0x000000001ea82000 JavaThread "C2 CompilerThread4" daemon [_thread_blocked, id=26336, stack(0x0000000020c80000,0x0000000020d80000)]
  0x000000001ea79800 JavaThread "C2 CompilerThread3" daemon [_thread_blocked, id=7476, stack(0x0000000020b80000,0x0000000020c80000)]
  0x000000001ea78800 JavaThread "C2 CompilerThread2" daemon [_thread_blocked, id=25292, stack(0x0000000020a80000,0x0000000020b80000)]
  0x000000001ea78000 JavaThread "C2 CompilerThread1" daemon [_thread_blocked, id=19028, stack(0x0000000020980000,0x0000000020a80000)]
  0x000000001ea76800 JavaThread "C2 CompilerThread0" daemon [_thread_blocked, id=8692, stack(0x0000000020880000,0x0000000020980000)]
  0x000000001ea3f800 JavaThread "JDWP Event Helper Thread" daemon [_thread_blocked, id=26440, stack(0x0000000020680000,0x0000000020780000)]
  0x000000001e9d6800 JavaThread "Attach Listener" daemon [_thread_blocked, id=20680, stack(0x0000000020480000,0x0000000020580000)]
  0x000000001ea2c800 JavaThread "Signal Dispatcher" daemon [_thread_blocked, id=784, stack(0x0000000020380000,0x0000000020480000)]
  0x000000001e9b6800 JavaThread "Finalizer" daemon [_thread_blocked, id=11924, stack(0x0000000020210000,0x0000000020310000)]
  0x000000001cf0b800 JavaThread "Reference Handler" daemon [_thread_blocked, id=15100, stack(0x0000000020110000,0x0000000020210000)]
  0x0000000003032800 JavaThread "Client thread" [_thread_blocked, id=3960, stack(0x0000000002a00000,0x0000000002b00000)]

Other Threads:
=>0x000000001e992800 VMThread [stack: 0x0000000020010000,0x0000000020110000] [id=25640]

VM state:at safepoint (shutting down)

VM Mutex/Monitor currently owned by a thread:  ([mutex/lock_event])
[0x0000000002b1e6b0] Threads_lock - owner thread: 0x000000001e992800

Heap:
 PSYoungGen      total 412160K, used 55498K [0x000000076c180000, 0x0000000790000000, 0x00000007c0000000)
  eden space 387584K, 7% used [0x000000076c180000,0x000000076dfb5878,0x0000000783c00000)
  from space 24576K, 99% used [0x0000000783c00000,0x00000007853fd180,0x0000000785400000)
  to   space 31744K, 0% used [0x000000078e100000,0x000000078e100000,0x0000000790000000)
 ParOldGen       total 105472K, used 63272K [0x00000006c4400000, 0x00000006cab00000, 0x000000076c180000)
  object space 105472K, 59% used [0x00000006c4400000,0x00000006c81ca098,0x00000006cab00000)
 Metaspace       used 31946K, capacity 32185K, committed 32640K, reserved 1077248K
  class space    used 4103K, capacity 4209K, committed 4224K, reserved 1048576K

Card table byte_map: [0x00000000124f0000,0x0000000012cd0000] byte_map_base: 0x000000000eece000

Marking Bits: (ParMarkBitMap*) 0x000000006beb2f70
 Begin Bits: [0x0000000013f10000, 0x0000000017e00000)
 End Bits:   [0x0000000017e00000, 0x000000001bcf0000)

Polling page: 0x0000000001180000

CodeCache: size=245760Kb used=14247Kb max_used=14643Kb free=231512Kb
 bounds [0x0000000003130000, 0x0000000003f90000, 0x0000000012130000]
 total_blobs=4037 nmethods=3373 adapters=581
 compilation: enabled

Compilation events (10 events):
Event: 173.311 Thread 0x000000001eae7800 3981  s    3       java.util.Hashtable::remove (133 bytes)
Event: 173.311 Thread 0x000000001eace000 3982   !   3       sun.java2d.Disposer::clearDeferredRecords (70 bytes)
Event: 173.312 Thread 0x000000001eae7800 nmethod 3981 0x0000000003403a90 code [0x0000000003403c40, 0x00000000034044b8]
Event: 173.312 Thread 0x000000001eae7800 3983       3       java.util.Formatter$FormatSpecifier::<init> (246 bytes)
Event: 173.312 Thread 0x000000001eace000 nmethod 3982 0x00000000034eccd0 code [0x00000000034ecf00, 0x00000000034ede08]
Event: 173.313 Thread 0x000000001ea9d000 3984       3       java.util.zip.Inflater::finalize (5 bytes)
Event: 173.313 Thread 0x000000001ea9d000 nmethod 3984 0x00000000036813d0 code [0x0000000003681540, 0x00000000036816e8]
Event: 173.313 Thread 0x000000001eae7800 nmethod 3983 0x0000000003a6ad50 code [0x0000000003a6b080, 0x0000000003a6c378]
Event: 173.313 Thread 0x000000001eadc800 3985       3       org.apache.logging.log4j.core.helpers.NameUtil::getSubName (32 bytes)
Event: 173.314 Thread 0x000000001eadc800 nmethod 3985 0x0000000003685150 code [0x00000000036852e0, 0x0000000003685878]

GC Heap History (10 events):
Event: 3.850 GC heap before
{Heap before GC invocations=10 (full 1):
 PSYoungGen      total 220160K, used 214641K [0x000000076c180000, 0x000000077ba00000, 0x00000007c0000000)
  eden space 198144K, 100% used [0x000000076c180000,0x0000000778300000,0x0000000778300000)
  from space 22016K, 74% used [0x0000000779a00000,0x000000077aa1c640,0x000000077af80000)
  to   space 23552K, 0% used [0x0000000778300000,0x0000000778300000,0x0000000779a00000)
 ParOldGen       total 105472K, used 30481K [0x00000006c4400000, 0x00000006cab00000, 0x000000076c180000)
  object space 105472K, 28% used [0x00000006c4400000,0x00000006c61c45d8,0x00000006cab00000)
 Metaspace       used 30546K, capacity 30777K, committed 31104K, reserved 1077248K
  class space    used 4010K, capacity 4099K, committed 4224K, reserved 1048576K
Event: 3.857 GC heap after
Heap after GC invocations=10 (full 1):
 PSYoungGen      total 221696K, used 15489K [0x000000076c180000, 0x0000000780080000, 0x00000007c0000000)
  eden space 198144K, 0% used [0x000000076c180000,0x000000076c180000,0x0000000778300000)
  from space 23552K, 65% used [0x0000000778300000,0x0000000779220600,0x0000000779a00000)
  to   space 24064K, 0% used [0x000000077e900000,0x000000077e900000,0x0000000780080000)
 ParOldGen       total 105472K, used 31765K [0x00000006c4400000, 0x00000006cab00000, 0x000000076c180000)
  object space 105472K, 30% used [0x00000006c4400000,0x00000006c6305628,0x00000006cab00000)
 Metaspace       used 30546K, capacity 30777K, committed 31104K, reserved 1077248K
  class space    used 4010K, capacity 4099K, committed 4224K, reserved 1048576K
}
Event: 4.197 GC heap before
{Heap before GC invocations=11 (full 1):
 PSYoungGen      total 221696K, used 213633K [0x000000076c180000, 0x0000000780080000, 0x00000007c0000000)
  eden space 198144K, 100% used [0x000000076c180000,0x0000000778300000,0x0000000778300000)
  from space 23552K, 65% used [0x0000000778300000,0x0000000779220600,0x0000000779a00000)
  to   space 24064K, 0% used [0x000000077e900000,0x000000077e900000,0x0000000780080000)
 ParOldGen       total 105472K, used 31765K [0x00000006c4400000, 0x00000006cab00000, 0x000000076c180000)
  object space 105472K, 30% used [0x00000006c4400000,0x00000006c6305628,0x00000006cab00000)
 Metaspace       used 30829K, capacity 31097K, committed 31616K, reserved 1077248K
  class space    used 4024K, capacity 4099K, committed 4224K, reserved 1048576K
Event: 4.211 GC heap after
Heap after GC invocations=11 (full 1):
 PSYoungGen      total 302080K, used 16859K [0x000000076c180000, 0x0000000780280000, 0x00000007c0000000)
  eden space 278016K, 0% used [0x000000076c180000,0x000000076c180000,0x000000077d100000)
  from space 24064K, 70% used [0x000000077e900000,0x000000077f976de0,0x0000000780080000)
  to   space 24576K, 0% used [0x000000077d100000,0x000000077d100000,0x000000077e900000)
 ParOldGen       total 105472K, used 37521K [0x00000006c4400000, 0x00000006cab00000, 0x000000076c180000)
  object space 105472K, 35% used [0x00000006c4400000,0x00000006c68a4638,0x00000006cab00000)
 Metaspace       used 30829K, capacity 31097K, committed 31616K, reserved 1077248K
  class space    used 4024K, capacity 4099K, committed 4224K, reserved 1048576K
}
Event: 4.580 GC heap before
{Heap before GC invocations=12 (full 1):
 PSYoungGen      total 302080K, used 294875K [0x000000076c180000, 0x0000000780280000, 0x00000007c0000000)
  eden space 278016K, 100% used [0x000000076c180000,0x000000077d100000,0x000000077d100000)
  from space 24064K, 70% used [0x000000077e900000,0x000000077f976de0,0x0000000780080000)
  to   space 24576K, 0% used [0x000000077d100000,0x000000077d100000,0x000000077e900000)
 ParOldGen       total 105472K, used 37521K [0x00000006c4400000, 0x00000006cab00000, 0x000000076c180000)
  object space 105472K, 35% used [0x00000006c4400000,0x00000006c68a4638,0x00000006cab00000)
 Metaspace       used 30896K, capacity 31097K, committed 31616K, reserved 1077248K
  class space    used 4025K, capacity 4099K, committed 4224K, reserved 1048576K
Event: 4.589 GC heap after
Heap after GC invocations=12 (full 1):
 PSYoungGen      total 302592K, used 6512K [0x000000076c180000, 0x0000000786d00000, 0x00000007c0000000)
  eden space 278016K, 0% used [0x000000076c180000,0x000000076c180000,0x000000077d100000)
  from space 24576K, 26% used [0x000000077d100000,0x000000077d75c050,0x000000077e900000)
  to   space 24576K, 0% used [0x0000000785500000,0x0000000785500000,0x0000000786d00000)
 ParOldGen       total 105472K, used 49166K [0x00000006c4400000, 0x00000006cab00000, 0x000000076c180000)
  object space 105472K, 46% used [0x00000006c4400000,0x00000006c7403bb0,0x00000006cab00000)
 Metaspace       used 30896K, capacity 31097K, committed 31616K, reserved 1077248K
  class space    used 4025K, capacity 4099K, committed 4224K, reserved 1048576K
}
Event: 4.877 GC heap before
{Heap before GC invocations=13 (full 1):
 PSYoungGen      total 302592K, used 284528K [0x000000076c180000, 0x0000000786d00000, 0x00000007c0000000)
  eden space 278016K, 100% used [0x000000076c180000,0x000000077d100000,0x000000077d100000)
  from space 24576K, 26% used [0x000000077d100000,0x000000077d75c050,0x000000077e900000)
  to   space 24576K, 0% used [0x0000000785500000,0x0000000785500000,0x0000000786d00000)
 ParOldGen       total 105472K, used 49167K [0x00000006c4400000, 0x00000006cab00000, 0x000000076c180000)
  object space 105472K, 46% used [0x00000006c4400000,0x00000006c7403c00,0x00000006cab00000)
 Metaspace       used 30948K, capacity 31161K, committed 31616K, reserved 1077248K
  class space    used 4029K, capacity 4099K, committed 4224K, reserved 1048576K
Event: 4.886 GC heap after
Heap after GC invocations=13 (full 1):
 PSYoungGen      total 411136K, used 2944K [0x000000076c180000, 0x0000000786c00000, 0x00000007c0000000)
  eden space 387584K, 0% used [0x000000076c180000,0x000000076c180000,0x0000000783c00000)
  from space 23552K, 12% used [0x0000000785500000,0x00000007857e0020,0x0000000786c00000)
  to   space 24576K, 0% used [0x0000000783c00000,0x0000000783c00000,0x0000000785400000)
 ParOldGen       total 105472K, used 53783K [0x00000006c4400000, 0x00000006cab00000, 0x000000076c180000)
  object space 105472K, 50% used [0x00000006c4400000,0x00000006c7885c70,0x00000006cab00000)
 Metaspace       used 30948K, capacity 31161K, committed 31616K, reserved 1077248K
  class space    used 4029K, capacity 4099K, committed 4224K, reserved 1048576K
}
Event: 173.275 GC heap before
{Heap before GC invocations=14 (full 1):
 PSYoungGen      total 411136K, used 390528K [0x000000076c180000, 0x0000000786c00000, 0x00000007c0000000)
  eden space 387584K, 100% used [0x000000076c180000,0x0000000783c00000,0x0000000783c00000)
  from space 23552K, 12% used [0x0000000785500000,0x00000007857e0020,0x0000000786c00000)
  to   space 24576K, 0% used [0x0000000783c00000,0x0000000783c00000,0x0000000785400000)
 ParOldGen       total 105472K, used 53789K [0x00000006c4400000, 0x00000006cab00000, 0x000000076c180000)
  object space 105472K, 50% used [0x00000006c4400000,0x00000006c78876d0,0x00000006cab00000)
 Metaspace       used 31941K, capacity 32185K, committed 32640K, reserved 1077248K
  class space    used 4102K, capacity 4209K, committed 4224K, reserved 1048576K
Event: 173.308 GC heap after
Heap after GC invocations=14 (full 1):
 PSYoungGen      total 412160K, used 24564K [0x000000076c180000, 0x0000000790000000, 0x00000007c0000000)
  eden space 387584K, 0% used [0x000000076c180000,0x000000076c180000,0x0000000783c00000)
  from space 24576K, 99% used [0x0000000783c00000,0x00000007853fd180,0x0000000785400000)
  to   space 31744K, 0% used [0x000000078e100000,0x000000078e100000,0x0000000790000000)
 ParOldGen       total 105472K, used 63272K [0x00000006c4400000, 0x00000006cab00000, 0x000000076c180000)
  object space 105472K, 59% used [0x00000006c4400000,0x00000006c81ca098,0x00000006cab00000)
 Metaspace       used 31941K, capacity 32185K, committed 32640K, reserved 1077248K
  class space    used 4102K, capacity 4209K, committed 4224K, reserved 1048576K
}

Deoptimization events (10 events):
Event: 16.317 Thread 0x0000000003032800 Uncommon trap: reason=class_check action=maybe_recompile pc=0x0000000003b9c15c method=java.util.regex.Matcher.search(I)Z @ 86
Event: 16.341 Thread 0x0000000003032800 Uncommon trap: reason=unstable_if action=reinterpret pc=0x0000000003a4bab0 method=java.util.HashMap.tableSizeFor(I)I @ 37
Event: 16.346 Thread 0x0000000003032800 Uncommon trap: reason=class_check action=maybe_recompile pc=0x000000000355d0c4 method=java.util.HashSet.iterator()Ljava/util/Iterator; @ 4
Event: 173.218 Thread 0x0000000003032800 Uncommon trap: reason=bimorphic action=maybe_recompile pc=0x0000000003d166cc method=java.util.regex.Pattern$Curly.match0(Ljava/util/regex/Matcher;IILjava/lang/CharSequence;)Z @ 77
Event: 173.218 Thread 0x0000000003032800 Uncommon trap: reason=bimorphic action=maybe_recompile pc=0x0000000003d166cc method=java.util.regex.Pattern$Curly.match0(Ljava/util/regex/Matcher;IILjava/lang/CharSequence;)Z @ 77
Event: 173.218 Thread 0x0000000003032800 Uncommon trap: reason=unstable_if action=reinterpret pc=0x0000000003f3fdf8 method=java.util.Formatter.parse(Ljava/lang/String;)[Ljava/util/Formatter$FormatString; @ 38
Event: 173.218 Thread 0x0000000003032800 Uncommon trap: reason=unstable_if action=reinterpret pc=0x0000000003eda01c method=java.util.Formatter$FormatSpecifier.justify(Ljava/lang/String;)Ljava/lang/String; @ 5
Event: 173.227 Thread 0x0000000003032800 Uncommon trap: reason=bimorphic action=maybe_recompile pc=0x0000000003d166cc method=java.util.regex.Pattern$Curly.match0(Ljava/util/regex/Matcher;IILjava/lang/CharSequence;)Z @ 77
Event: 173.227 Thread 0x0000000003032800 Uncommon trap: reason=bimorphic action=maybe_recompile pc=0x0000000003d166cc method=java.util.regex.Pattern$Curly.match0(Ljava/util/regex/Matcher;IILjava/lang/CharSequence;)Z @ 77
Event: 173.314 Thread 0x000000001ea42800 Uncommon trap: reason=class_check action=maybe_recompile pc=0x000000000355d0c4 method=java.util.HashSet.iterator()Ljava/util/Iterator; @ 4

Internal exceptions (10 events):
Event: 3.743 Thread 0x00000000289a6800 Exception <a 'org/lwjgl/LWJGLException'> (0x0000000770701d10) thrown at [C:\re\workspace\8-2-build-windows-amd64-cygwin\jdk8u91\6644\hotspot\src\share\vm\prims\jni.cpp, line 709]
Event: 3.743 Thread 0x00000000289a6800 Exception <a 'org/lwjgl/LWJGLException'> (0x0000000770702438) thrown at [C:\re\workspace\8-2-build-windows-amd64-cygwin\jdk8u91\6644\hotspot\src\share\vm\prims\jni.cpp, line 709]
Event: 3.743 Thread 0x00000000289a6800 Exception <a 'org/lwjgl/LWJGLException'> (0x0000000770702b78) thrown at [C:\re\workspace\8-2-build-windows-amd64-cygwin\jdk8u91\6644\hotspot\src\share\vm\prims\jni.cpp, line 709]
Event: 3.743 Thread 0x00000000289a6800 Exception <a 'org/lwjgl/LWJGLException'> (0x0000000770703298) thrown at [C:\re\workspace\8-2-build-windows-amd64-cygwin\jdk8u91\6644\hotspot\src\share\vm\prims\jni.cpp, line 709]
Event: 3.925 Thread 0x0000000003032800 Implicit null exception at 0x0000000003d77302 to 0x0000000003d77795
Event: 3.928 Thread 0x0000000003032800 Implicit null exception at 0x0000000003d67787 to 0x0000000003d67a59
Event: 4.135 Thread 0x00000000289a6800 Exception <a 'java/lang/InterruptedException': sleep interrupted> (0x0000000771821c30) thrown at [C:\re\workspace\8-2-build-windows-amd64-cygwin\jdk8u91\6644\hotspot\src\share\vm\prims\jvm.cpp, line 3215]
Event: 4.135 Thread 0x00000000289a6800 Exception <a 'java/lang/InterruptedException': sleep interrupted> (0x0000000771821e88) thrown at [C:\re\workspace\8-2-build-windows-amd64-cygwin\jdk8u91\6644\hotspot\src\share\vm\prims\jvm.cpp, line 3167]
Event: 5.532 Thread 0x0000000003032800 Implicit null exception at 0x000000000385b85c to 0x000000000385bd1a
Event: 16.345 Thread 0x0000000003032800 Exception <a 'java/lang/NoSuchMethodError': java.lang.Object.lambda$comparingInt$7b0bb60$1(Ljava/util/function/ToIntFunction;Ljava/lang/Object;Ljava/lang/Object;)I> (0x000000077ed5aa70) thrown at [C:\re\workspace\8-2-build-windows-amd64-cygwin\jdk8u91\6644/OçŠRò@

Events (10 events):
Event: 173.314 Thread 0x000000001eadc800 flushing nmethod 0x00000000037dda90
Event: 173.314 Thread 0x000000001eadc800 flushing nmethod 0x00000000037dea10
Event: 173.314 Thread 0x000000001eadc800 flushing nmethod 0x00000000037df210
Event: 173.314 Thread 0x000000001eadc800 flushing nmethod 0x00000000037e1750
Event: 173.314 Thread 0x000000001eadc800 flushing nmethod 0x00000000037e9e50
Event: 173.314 Thread 0x0000000022344800 Thread exited: 0x0000000022344800
Event: 173.314 Thread 0x000000001ea42800 Uncommon trap: trap_request=0xffffffde fr.pc=0x000000000355d0c4
Event: 173.314 Thread 0x000000001ea42800 DEOPT PACKING pc=0x000000000355d0c4 sp=0x0000000000ecea30
Event: 173.314 Thread 0x000000001ea42800 DEOPT UNPACKING pc=0x000000000317582a sp=0x0000000000ecea08 mode 2
Event: 173.314 Executing VM operation: Exit


Dynamic libraries:
0x00007ff6331d0000 - 0x00007ff633207000 	C:\Program Files\Java\jdk1.8.0_91\bin\java.exe
0x00007ffb09ab0000 - 0x00007ffb09cc6000 	C:\Windows\SYSTEM32\ntdll.dll
0x00007ffb09250000 - 0x00007ffb09314000 	C:\Windows\System32\KERNEL32.DLL
0x00007ffb06df0000 - 0x00007ffb07196000 	C:\Windows\System32\KERNELBASE.dll
0x00007ffb097d0000 - 0x00007ffb09882000 	C:\Windows\System32\ADVAPI32.dll
0x00007ffb096d0000 - 0x00007ffb09777000 	C:\Windows\System32\msvcrt.dll
0x00007ffb08ff0000 - 0x00007ffb09098000 	C:\Windows\System32\sechost.dll
0x00007ffb07340000 - 0x00007ffb07368000 	C:\Windows\System32\bcrypt.dll
0x00007ffb07960000 - 0x00007ffb07a75000 	C:\Windows\System32\RPCRT4.dll
0x00007ffb090a0000 - 0x00007ffb0924d000 	C:\Windows\System32\USER32.dll
0x00007ffb07370000 - 0x00007ffb07396000 	C:\Windows\System32\win32u.dll
0x00007ffb07920000 - 0x00007ffb07949000 	C:\Windows\System32\GDI32.dll
0x00007ffb071a0000 - 0x00007ffb072b8000 	C:\Windows\System32\gdi32full.dll
0x00007ffb074c0000 - 0x00007ffb0755a000 	C:\Windows\System32\msvcp_win.dll
0x00007ffb073a0000 - 0x00007ffb074b1000 	C:\Windows\System32\ucrtbase.dll
0x00007ffaeb850000 - 0x00007ffaebae3000 	C:\Windows\WinSxS\amd64_microsoft.windows.common-controls_6595b64144ccf1df_6.0.22621.3235_none_270f74e173860f98\COMCTL32.dll
0x00007ffb09890000 - 0x00007ffb098c1000 	C:\Windows\System32\IMM32.DLL
0x000000006bf40000 - 0x000000006c012000 	C:\Program Files\Java\jdk1.8.0_91\jre\bin\msvcr100.dll
0x000000006b6a0000 - 0x000000006bf33000 	C:\Program Files\Java\jdk1.8.0_91\jre\bin\server\jvm.dll
0x00007ffb09320000 - 0x00007ffb09328000 	C:\Windows\System32\PSAPI.DLL
0x00007ffb00940000 - 0x00007ffb00974000 	C:\Windows\SYSTEM32\WINMM.dll
0x00007ffafadc0000 - 0x00007ffafadc9000 	C:\Windows\SYSTEM32\WSOCK32.dll
0x00007ffaf3150000 - 0x00007ffaf315a000 	C:\Windows\SYSTEM32\VERSION.dll
0x00007ffb09430000 - 0x00007ffb094a1000 	C:\Windows\System32\WS2_32.dll
0x000000006c4c0000 - 0x000000006c4cf000 	C:\Program Files\Java\jdk1.8.0_91\jre\bin\verify.dll
0x000000006c490000 - 0x000000006c4b9000 	C:\Program Files\Java\jdk1.8.0_91\jre\bin\java.dll
0x000000006b620000 - 0x000000006b655000 	C:\Program Files\Java\jdk1.8.0_91\jre\bin\jdwp.dll
0x000000006b610000 - 0x000000006b618000 	C:\Program Files\Java\jdk1.8.0_91\jre\bin\npt.dll
0x000000006b5e0000 - 0x000000006b603000 	C:\Program Files\Java\jdk1.8.0_91\jre\bin\instrument.dll
0x000000006c470000 - 0x000000006c486000 	C:\Program Files\Java\jdk1.8.0_91\jre\bin\zip.dll
0x00007ffb07f70000 - 0x00007ffb087cd000 	C:\Windows\System32\SHELL32.dll
0x00007ffb04d60000 - 0x00007ffb05658000 	C:\Windows\SYSTEM32\windows.storage.dll
0x00007ffb07be0000 - 0x00007ffb07f68000 	C:\Windows\System32\combase.dll
0x00007ffb04c20000 - 0x00007ffb04d5e000 	C:\Windows\SYSTEM32\wintypes.dll
0x00007ffb07ae0000 - 0x00007ffb07bd3000 	C:\Windows\System32\SHCORE.dll
0x00007ffb078a0000 - 0x00007ffb078fe000 	C:\Windows\System32\shlwapi.dll
0x00007ffb06d20000 - 0x00007ffb06d46000 	C:\Windows\SYSTEM32\profapi.dll
0x000000006b5d0000 - 0x000000006b5d9000 	C:\Program Files\Java\jdk1.8.0_91\jre\bin\dt_socket.dll
0x00007ffb063a0000 - 0x00007ffb06409000 	C:\Windows\system32\mswsock.dll
0x000000006b690000 - 0x000000006b69d000 	C:\Program Files\Java\jdk1.8.0_91\jre\bin\management.dll
0x000000006c450000 - 0x000000006c46a000 	C:\Program Files\Java\jdk1.8.0_91\jre\bin\net.dll
0x000000006c430000 - 0x000000006c441000 	C:\Program Files\Java\jdk1.8.0_91\jre\bin\nio.dll
0x00007ffad06c0000 - 0x00007ffad06d7000 	C:\Windows\system32\napinsp.dll
0x00007ffacf7e0000 - 0x00007ffacf7fb000 	C:\Windows\system32\pnrpnsp.dll
0x00007ffb05950000 - 0x00007ffb05a49000 	C:\Windows\SYSTEM32\DNSAPI.dll
0x00007ffb05920000 - 0x00007ffb0594d000 	C:\Windows\SYSTEM32\IPHLPAPI.DLL
0x00007ffb07950000 - 0x00007ffb07959000 	C:\Windows\System32\NSI.dll
0x00007ffacf7c0000 - 0x00007ffacf7d1000 	C:\Windows\System32\winrnr.dll
0x00007ffafb6d0000 - 0x00007ffafb6e5000 	C:\Windows\system32\wshbth.dll
0x00007ffacf600000 - 0x00007ffacf621000 	C:\Windows\system32\nlansp_c.dll
0x00007ffafaae0000 - 0x00007ffafab63000 	C:\Windows\System32\fwpuclnt.dll
0x00007ffaf9d90000 - 0x00007ffaf9d9a000 	C:\Windows\System32\rasadhlp.dll
0x0000000180000000 - 0x0000000180053000 	D:\GradeClient-main\jars\versions\1.8.8\1.8.8-natives\lwjgl64.dll
0x00007ffa725e0000 - 0x00007ffa726e0000 	C:\Windows\SYSTEM32\OPENGL32.dll
0x00007ffa725b0000 - 0x00007ffa725dd000 	C:\Windows\SYSTEM32\GLU32.dll
0x00007ffb03a90000 - 0x00007ffb03ac9000 	C:\Windows\SYSTEM32\dxcore.dll
0x00007ffb065f0000 - 0x00007ffb0660b000 	C:\Windows\SYSTEM32\CRYPTSP.dll
0x00007ffb05e80000 - 0x00007ffb05eb5000 	C:\Windows\system32\rsaenh.dll
0x00007ffb06490000 - 0x00007ffb064bc000 	C:\Windows\SYSTEM32\USERENV.dll
0x00007ffb072c0000 - 0x00007ffb0733a000 	C:\Windows\System32\bcryptprimitives.dll
0x00007ffb06610000 - 0x00007ffb0661c000 	C:\Windows\SYSTEM32\CRYPTBASE.dll
0x00007ffafd470000 - 0x00007ffafd489000 	C:\Windows\SYSTEM32\dhcpcsvc6.DLL
0x00007ffafd250000 - 0x00007ffafd26f000 	C:\Windows\SYSTEM32\dhcpcsvc.DLL
0x000000006b430000 - 0x000000006b5c8000 	C:\Program Files\Java\jdk1.8.0_91\jre\bin\awt.dll
0x00007ffb09330000 - 0x00007ffb09407000 	C:\Windows\System32\OLEAUT32.dll
0x00007ffb00090000 - 0x00007ffb00127000 	C:\Windows\SYSTEM32\apphelp.dll
0x00007ffafba20000 - 0x00007ffafbadc000 	C:\Windows\SYSTEM32\mscms.dll
0x00007ffb05f20000 - 0x00007ffb05f38000 	C:\Windows\SYSTEM32\kernel.appcore.dll
0x00007ffb08930000 - 0x00007ffb089e0000 	C:\Windows\System32\clbcatq.dll
0x00007ffaf95f0000 - 0x00007ffaf963e000 	C:\Windows\System32\Windows.Internal.Graphics.Display.DisplayColorManagement.dll
0x00007ffb06b00000 - 0x00007ffb06b4e000 	C:\Windows\SYSTEM32\cfgmgr32.dll
0x00007ffb007a0000 - 0x00007ffb0084b000 	C:\Windows\system32\uxtheme.dll
0x00007ffb087d0000 - 0x00007ffb08924000 	C:\Windows\System32\MSCTF.dll
0x00007ffaf93b0000 - 0x00007ffaf94fa000 	C:\Windows\SYSTEM32\textinputframework.dll
0x00007ffaff760000 - 0x00007ffaff894000 	C:\Windows\SYSTEM32\CoreMessaging.dll
0x00007ffafc930000 - 0x00007ffafcc9c000 	C:\Windows\SYSTEM32\CoreUIComponents.dll
0x00007ffb098d0000 - 0x00007ffb09a6f000 	C:\Windows\System32\ole32.dll
0x00007ffa85d90000 - 0x00007ffa85e7b000 	C:\Windows\system32\SogouWBTSF.ime
0x00007ffaf3680000 - 0x00007ffaf3687000 	C:\Windows\system32\MSIMG32.dll
0x00007ffb05f40000 - 0x00007ffb05f74000 	C:\Windows\SYSTEM32\ntmarta.dll
0x000000002c450000 - 0x000000002cd22000 	C:\Windows\system32\SogouWb.ime
0x00007ffa85d70000 - 0x00007ffa85d89000 	C:\Windows\SYSTEM32\USP10.dll
0x00007ffb05cf0000 - 0x00007ffb05cfc000 	C:\Windows\SYSTEM32\Secur32.dll
0x00007ffaebaf0000 - 0x00007ffaebcaa000 	C:\Windows\WinSxS\amd64_microsoft.windows.gdiplus_6595b64144ccf1df_1.1.22621.3085_none_57ff6980ce140777\gdiplus.dll
0x00007ffaeb7e0000 - 0x00007ffaeb849000 	C:\Windows\SYSTEM32\OLEACC.dll
0x00007ffae5820000 - 0x00007ffae5d14000 	C:\Windows\SYSTEM32\WININET.dll
0x00007ffb06180000 - 0x00007ffb061cc000 	C:\Windows\SYSTEM32\SSPICLI.DLL
0x00007ffb07560000 - 0x00007ffb075cb000 	C:\Windows\System32\Wintrust.dll
0x00007ffb07690000 - 0x00007ffb077f6000 	C:\Windows\System32\CRYPT32.dll
0x00007ffb06650000 - 0x00007ffb06662000 	C:\Windows\SYSTEM32\MSASN1.dll
0x00007ffb09410000 - 0x00007ffb0942f000 	C:\Windows\System32\imagehlp.dll
0x00007ffb06430000 - 0x00007ffb06456000 	C:\Windows\SYSTEM32\gpapi.dll
0x00007ffaf3110000 - 0x00007ffaf3142000 	C:\Windows\System32\cryptnet.dll
0x0000000038500000 - 0x00000000385c7000 	D:\Program Files (x86)\SogouWBInput\5.5.0.2580\Plugins64\ManualNewWord.dll
0x00007ffad5910000 - 0x00007ffad5942000 	C:\Windows\system32\msctfp.dll
0x00007ffafd1e0000 - 0x00007ffafd22a000 	C:\Windows\SYSTEM32\directxdatabasehelper.dll
0x00007ffafb8c0000 - 0x00007ffafb9f5000 	C:\Windows\System32\AppXDeploymentClient.dll
0x00007ffa71500000 - 0x00007ffa725a9000 	C:\Windows\System32\DriverStore\FileRepository\iigd_dch.inf_amd64_57d6be89ba05925b\igxelpicd64.dll
0x00007ffb03290000 - 0x00007ffb032bb000 	C:\Windows\system32\dwmapi.dll
0x00007ffb04960000 - 0x00007ffb04a58000 	C:\Windows\system32\dxgi.dll
0x00007ffa713d0000 - 0x00007ffa714f4000 	C:\Windows\System32\DriverStore\FileRepository\iigd_dch.inf_amd64_57d6be89ba05925b\igdml64.dll
0x00007ffaf71b0000 - 0x00007ffaf75c2000 	C:\Windows\System32\DriverStore\FileRepository\iigd_dch.inf_amd64_57d6be89ba05925b\igdgmm64.dll
0x00007ffb06ab0000 - 0x00007ffb06adc000 	C:\Windows\SYSTEM32\DEVOBJ.dll
0x00007ffad3560000 - 0x00007ffad35a9000 	C:\Windows\SYSTEM32\icm32.dll
0x00007ffaeeae0000 - 0x00007ffaf2f1e000 	C:\Windows\System32\DriverStore\FileRepository\iigd_dch.inf_amd64_57d6be89ba05925b\igc64.dll
0x00007ffb05c80000 - 0x00007ffb05ccd000 	C:\Windows\SYSTEM32\powrprof.dll
0x00007ffb05c60000 - 0x00007ffb05c73000 	C:\Windows\SYSTEM32\UMPDC.dll
0x000000002aa00000 - 0x000000002aa38000 	C:\Users\43850\AppData\Local\Temp\jna\jna7642831696965350309.dll
0x0000000070a40000 - 0x0000000070adc000 	D:\GradeClient-main\jars\versions\1.8.8\1.8.8-natives\avutil-ttv-51.dll
0x0000000065980000 - 0x00000000659d6000 	D:\GradeClient-main\jars\versions\1.8.8\1.8.8-natives\swresample-ttv-0.dll
0x000000006eb80000 - 0x000000006ec50000 	D:\GradeClient-main\jars\versions\1.8.8\1.8.8-natives\libmp3lame-ttv.dll
0x00007ffa23440000 - 0x00007ffa247e4000 	D:\GradeClient-main\jars\versions\1.8.8\1.8.8-natives\libmfxsw64.dll
0x00007ffa867d0000 - 0x00007ffa8693d000 	D:\GradeClient-main\jars\versions\1.8.8\1.8.8-natives\twitchsdk.dll
0x000000003a380000 - 0x000000003a3e4000 	D:\GradeClient-main\jars\versions\1.8.8\1.8.8-natives\OpenAL64.dll
0x00007ffaf4f20000 - 0x00007ffaf4fbd000 	C:\Windows\System32\MMDevApi.dll
0x00007ffa3edb0000 - 0x00007ffa3ee52000 	C:\Windows\SYSTEM32\dsound.dll
0x00007ffa3cc90000 - 0x00007ffa3cd41000 	C:\Windows\SYSTEM32\ResampleDmo.DLL
0x00007ffacdd80000 - 0x00007ffacdda9000 	C:\Windows\SYSTEM32\winmmbase.dll
0x00007ffaed2f0000 - 0x00007ffaed2fb000 	C:\Windows\SYSTEM32\msdmo.dll
0x00007ffaeb320000 - 0x00007ffaeb50c000 	C:\Windows\SYSTEM32\AUDIOSES.DLL
0x00007ffb03930000 - 0x00007ffb03945000 	C:\Windows\SYSTEM32\resourcepolicyclient.dll
0x00007ffb044c0000 - 0x00007ffb046f3000 	C:\Windows\SYSTEM32\dbghelp.dll

VM Arguments:
jvm_args: -agentlib:jdwp=transport=dt_socket,address=127.0.0.1:59481,suspend=y,server=n -javaagent:D:\ideaIU-2023.2.win\plugins\java\lib\rt\debugger-agent.jar -Dfile.encoding=UTF-8 
java_command: Start
java_class_path (initial): C:\Users\43850\AppData\Local\Temp\classpath1148477294.jar;D:\ideaIU-2023.2.win\plugins\java\lib\rt\debugger-agent.jar
Launcher Type: SUN_STANDARD

Environment Variables:
JAVA_HOME=D:\graalvm-jdk-17.0.8+9.1
PATH=D:\graalvm-jdk-17.0.8+9.1\bin;D:\Program Files (x86)\VMware\VMware Workstation\bin\;C:\ProgramData\Oracle\Java\javapath;C:\Windows\system32;C:\Windows;C:\Windows\System32\Wbem;C:\Windows\System32\WindowsPowerShell\v1.0\;C:\Windows\System32\OpenSSH\;C:\Program Files (x86)\NVIDIA Corporation\PhysX\Common;C:\Program Files\NVIDIA Corporation\NVIDIA NvDLISR;C:\Program Files\Git\cmd;C:\Program Files\Microsoft SQL Server\150\Tools\Binn\;C:\Program Files\Microsoft SQL Server\Client SDK\ODBC\170\Tools\Binn\;C:\Program Files\dotnet\;D:\Windows Kits\10\Windows Performance Toolkit\;C:\Users\43850\AppData\Roaming\nvm;C:\Program Files\nodejs;C:\Program Files (x86)\Microsoft SQL Server\Client SDK\ODBC\130\Tools\Binn\;C:\Program Files (x86)\Microsoft SQL Server\140\Tools\Binn\;C:\Program Files (x86)\Microsoft SQL Server\140\DTS\Binn\;C:\Program Files (x86)\Microsoft SQL Server\140\Tools\Binn\ManagementStudio\;C:\Program Files (x86)\Microsoft SQL Server\130\Tools\Binn\;C:\Program Files\Microsoft SQL Server\130\Tools\Binn\;C:\Program Files (x86)\Microsoft SQL Server\130\DTS\Binn\;C:\Program Files\Microsoft SQL Server\130\DTS\Binn\;C:\Program Files\Microsoft SQL Server\Client SDK\ODBC\130\Tools\Binn\;D:\Program Files\Redis\;D:\GradeClient-main\jars\versions\1.8.8\1.8.8-natives;C:\Users\43850\AppData\Local\Microsoft\WindowsApps;C:\Users\43850\AppData\Roaming\npm;C:\Users\43850\.dotnet\tools;C:\Users\43850\AppData\Local\Programs\Microsoft VS Code\bin;C:\Users\43850\AppData\Roaming\nvm;C:\Program Files\nodejs;C:\Users\43850\AppData\Local\gitkraken\bin
USERNAME=43850
OS=Windows_NT
PROCESSOR_IDENTIFIER=Intel64 Family 6 Model 154 Stepping 3, GenuineIntel



---------------  S Y S T E M  ---------------

OS: Windows 10.0 , 64 bit Build 22621 (10.0.22621.3235)

CPU:total 16 (8 cores per cpu, 2 threads per core) family 6 model 154 stepping 3, cmov, cx8, fxsr, mmx, sse, sse2, sse3, ssse3, sse4.1, sse4.2, popcnt, avx, avx2, aes, clmul, erms, 3dnowpref, lzcnt, ht, tsc, tscinvbit, bmi1, bmi2, adx

Memory: 4k page, physical 16496120k(2072684k free), swap 33026436k(3447640k free)

vm_info: Java HotSpot(TM) 64-Bit Server VM (25.91-b14) for windows-amd64 JRE (1.8.0_91-b14), built on Apr  1 2016 00:58:32 by "java_re" with MS VC++ 10.0 (VS2010)

time: Sun Mar 31 10:45:02 2024
elapsed time: 173 seconds (0d 0h 2m 53s)

