#
# A fatal error has been detected by the Java Runtime Environment:
#
#  EXCEPTION_ACCESS_VIOLATION (0xc0000005) at pc=0x00007ffa717895aa, pid=15484, tid=16756
#
# JRE version: Java(TM) SE Runtime Environment (8.0_91-b14) (build 1.8.0_91-b14)
# Java VM: Java HotSpot(TM) 64-Bit Server VM (25.91-b14 mixed mode windows-amd64 compressed oops)
# Problematic frame:
# C  [igxelpicd64.dll+0x2895aa]
#
# Failed to write core dump. Minidumps are not enabled by default on client versions of Windows
#
# If you would like to submit a bug report, please visit:
#   http://bugreport.java.com/bugreport/crash.jsp
#

---------------  T H R E A D  ---------------

Current thread (0x000000001e903000):  VMThread [stack: 0x000000001ffb0000,0x00000000200b0000] [id=16756]

siginfo: ExceptionCode=0xc0000005, reading address 0x0000000000035f88

Registers:
RAX=0x000000003418dd58, RBX=0x0000000000000000, RCX=0x0000000000000000, RDX=0x00000000fffffff0
RSP=0x00000000200ae530, RBP=0x00000000200ae598, RSI=0x0000000000d03e80, RDI=0x0000000000000000
R8 =0x0000000000000000, R9 =0x0000000000000000, R10=0x000000003418e228, R11=0x0000000000000246
R12=0x00000000363d56c8, R13=0x0000000000000000, R14=0x000000003418dc50, R15=0x0000000000000016
RIP=0x00007ffa717895aa, EFLAGS=0x0000000000010202

Top of Stack: (sp=0x00000000200ae530)
0x00000000200ae530:   0000000032d46640 0000000000000000
0x00000000200ae540:   00000000200ae6e0 00007ffb090a41a9
0x00000000200ae550:   00000000342f3a80 0000000000000000
0x00000000200ae560:   0000000032d46640 000000003418e228
0x00000000200ae570:   02832f8902dc0289 00007ffb09b533b4
0x00000000200ae580:   02933d8a02c8dd89 0093808a02864b8a
0x00000000200ae590:   02489c8a02a2888a 0000000000000017
0x00000000200ae5a0:   00000000000062c3 000074042dc00000
0x00000000200ae5b0:   00000000363d56c8 0000000000000000
0x00000000200ae5c0:   0000000000000000 0000000000d03e80
0x00000000200ae5d0:   00000000200ae6e0 00007ffa71581d5f
0x00000000200ae5e0:   0000000000d03e00 0000000000000016
0x00000000200ae5f0:   0292e3910235c300 0233609200165900
0x00000000200ae600:   000000000007c798 02be9f9200000000
0x00000000200ae610:   0000000000000000 023dca9300c76993
0x00000000200ae620:   0274e693018cce93 01e05a9401f73994 

Instructions: (pc=0x00007ffa717895aa)
0x00007ffa7178958a:   48 8d 04 c0 48 8d 40 21 49 8d 04 c6 48 85 c0 74
0x00007ffa7178959a:   0c 48 8b 48 08 eb 09 48 83 c0 08 eb ef 48 8b cb
0x00007ffa717895aa:   49 3b 8d 88 5f 03 00 0f 86 86 01 00 00 41 83 f8
0x00007ffa717895ba:   10 73 0d 4a 8d 04 c5 21 00 00 00 49 03 c0 eb 55 


Register to memory mapping:

RAX=0x000000003418dd58 is an unknown value
RBX=0x0000000000000000 is an unknown value
RCX=0x0000000000000000 is an unknown value
RDX=0x00000000fffffff0 is an unknown value
RSP=0x00000000200ae530 is an unknown value
RBP=0x00000000200ae598 is an unknown value
RSI=0x0000000000d03e80 is an unknown value
RDI=0x0000000000000000 is an unknown value
R8 =0x0000000000000000 is an unknown value
R9 =0x0000000000000000 is an unknown value
R10=0x000000003418e228 is an unknown value
R11=0x0000000000000246 is an unknown value
R12=0x00000000363d56c8 is an unknown value
R13=0x0000000000000000 is an unknown value
R14=0x000000003418dc50 is an unknown value
R15=0x0000000000000016 is an unknown value


Stack: [0x000000001ffb0000,0x00000000200b0000],  sp=0x00000000200ae530,  free space=1017k
Native frames: (J=compiled Java code, j=interpreted, Vv=VM code, C=native code)
C  [igxelpicd64.dll+0x2895aa]
C  [igxelpicd64.dll+0x81d5f]
C  [igxelpicd64.dll+0x28d57f]
C  [igxelpicd64.dll+0x75468]
C  [igxelpicd64.dll+0x243ef4]
C  [igxelpicd64.dll+0x2442b3]
C  [igxelpicd64.dll+0x23e32f]
C  [igxelpicd64.dll+0x23e15d]
C  [igxelpicd64.dll+0x81545b]
C  [ntdll.dll+0x2869f]
C  [ntdll.dll+0x510a6]
C  [ntdll.dll+0x50c9d]
C  [KERNEL32.DLL+0x17fab]
C  [msvcr100.dll+0x20ccd]
V  [jvm.dll+0x211395]
V  [jvm.dll+0x24a0e7]
V  [jvm.dll+0x249386]
V  [jvm.dll+0x249821]
V  [jvm.dll+0x249a3e]
V  [jvm.dll+0x29a99a]
C  [msvcr100.dll+0x21d9f]
C  [msvcr100.dll+0x21e3b]
C  [KERNEL32.DLL+0x1257d]
C  [ntdll.dll+0x5aa58]

VM_Operation (0x000000003c27f570): Exit, mode: safepoint, requested by thread 0x000000002384d800


---------------  P R O C E S S  ---------------

Java Threads: ( => current thread )
  0x000000002384d800 JavaThread "SIGINT handler" daemon [_thread_blocked, id=21340, stack(0x000000003c180000,0x000000003c280000)]
  0x0000000023851000 JavaThread "LWJGL Timer" daemon [_thread_blocked, id=27380, stack(0x000000004ebb0000,0x000000004ecb0000)]
  0x0000000023852000 JavaThread "Chunk Batcher 1" daemon [_thread_blocked, id=4852, stack(0x0000000035140000,0x0000000035240000)]
  0x000000002384f000 JavaThread "Chunk Batcher 0" daemon [_thread_blocked, id=17144, stack(0x0000000035040000,0x0000000035140000)]
  0x000000002386c800 JavaThread "Thread-7" [_thread_blocked, id=25140, stack(0x0000000050000000,0x0000000050100000)]
  0x0000000022a01000 JavaThread "Thread-6" [_thread_blocked, id=3344, stack(0x000000004ed30000,0x000000004ee30000)]
  0x00000000245d4800 JavaThread "Java2D Disposer" daemon [_thread_blocked, id=4612, stack(0x0000000026000000,0x0000000026100000)]
  0x000000002541d800 JavaThread "Timer hack thread" daemon [_thread_blocked, id=26892, stack(0x0000000024ed0000,0x0000000024fd0000)]
  0x000000002241c800 JavaThread "Snooper Timer" daemon [_thread_blocked, id=26940, stack(0x0000000024dd0000,0x0000000024ed0000)]
  0x00000000242b3800 JavaThread "Snooper Timer" daemon [_thread_blocked, id=25404, stack(0x00000000249d0000,0x0000000024ad0000)]
  0x00000000211a6000 JavaThread "Service Thread" daemon [_thread_blocked, id=26916, stack(0x0000000021b20000,0x0000000021c20000)]
  0x000000001ec20000 JavaThread "C1 CompilerThread11" daemon [_thread_blocked, id=10736, stack(0x0000000021a20000,0x0000000021b20000)]
  0x000000001ec26000 JavaThread "C1 CompilerThread10" daemon [_thread_blocked, id=23776, stack(0x0000000021920000,0x0000000021a20000)]
  0x000000001ec24000 JavaThread "C1 CompilerThread9" daemon [_thread_blocked, id=27104, stack(0x0000000021020000,0x0000000021120000)]
  0x000000001ec27000 JavaThread "C1 CompilerThread8" daemon [_thread_blocked, id=13028, stack(0x0000000020e20000,0x0000000020f20000)]
  0x000000001ec25800 JavaThread "C2 CompilerThread7" daemon [_thread_blocked, id=16844, stack(0x0000000020d20000,0x0000000020e20000)]
  0x000000001ec24800 JavaThread "C2 CompilerThread6" daemon [_thread_blocked, id=13688, stack(0x0000000020c20000,0x0000000020d20000)]
  0x000000001ec21800 JavaThread "C2 CompilerThread5" daemon [_thread_blocked, id=12608, stack(0x0000000020b20000,0x0000000020c20000)]
  0x000000001ec1b000 JavaThread "C2 CompilerThread4" daemon [_thread_blocked, id=16320, stack(0x0000000020a20000,0x0000000020b20000)]
  0x000000001ec18800 JavaThread "C2 CompilerThread3" daemon [_thread_blocked, id=23820, stack(0x0000000020920000,0x0000000020a20000)]
  0x000000001ec17800 JavaThread "C2 CompilerThread2" daemon [_thread_blocked, id=2132, stack(0x0000000020820000,0x0000000020920000)]
  0x000000001ebf0000 JavaThread "C2 CompilerThread1" daemon [_thread_blocked, id=6552, stack(0x0000000020720000,0x0000000020820000)]
  0x000000001eb8b000 JavaThread "C2 CompilerThread0" daemon [_thread_blocked, id=27252, stack(0x0000000020620000,0x0000000020720000)]
  0x000000001ec0b800 JavaThread "Monitor Ctrl-Break" daemon [_thread_in_native, id=27276, stack(0x0000000020520000,0x0000000020620000)]
  0x000000001e9a0800 JavaThread "Attach Listener" daemon [_thread_blocked, id=1224, stack(0x0000000020420000,0x0000000020520000)]
  0x000000001e948000 JavaThread "Signal Dispatcher" daemon [_thread_blocked, id=20000, stack(0x0000000020320000,0x0000000020420000)]
  0x000000001e926800 JavaThread "Finalizer" daemon [_thread_blocked, id=20864, stack(0x00000000201b0000,0x00000000202b0000)]
  0x000000001cecb800 JavaThread "Reference Handler" daemon [_thread_blocked, id=9036, stack(0x00000000200b0000,0x00000000201b0000)]
  0x0000000003043800 JavaThread "Client thread" [_thread_blocked, id=16900, stack(0x0000000002cd0000,0x0000000002dd0000)]

Other Threads:
=>0x000000001e903000 VMThread [stack: 0x000000001ffb0000,0x00000000200b0000] [id=16756]

VM state:at safepoint (shutting down)

VM Mutex/Monitor currently owned by a thread:  ([mutex/lock_event])
[0x0000000003040c50] Threads_lock - owner thread: 0x000000001e903000

Heap:
 PSYoungGen      total 234496K, used 191434K [0x000000076c180000, 0x000000077c780000, 0x00000007c0000000)
  eden space 204800K, 82% used [0x000000076c180000,0x00000007765f4850,0x0000000778980000)
  from space 29696K, 77% used [0x000000077aa80000,0x000000077c0fe3a8,0x000000077c780000)
  to   space 31744K, 0% used [0x0000000778980000,0x0000000778980000,0x000000077a880000)
 ParOldGen       total 115712K, used 39983K [0x00000006c4400000, 0x00000006cb500000, 0x000000076c180000)
  object space 115712K, 34% used [0x00000006c4400000,0x00000006c6b0bc40,0x00000006cb500000)
 Metaspace       used 32053K, capacity 32309K, committed 32640K, reserved 1077248K
  class space    used 4134K, capacity 4209K, committed 4224K, reserved 1048576K

Card table byte_map: [0x0000000012500000,0x0000000012ce0000] byte_map_base: 0x000000000eede000

Marking Bits: (ParMarkBitMap*) 0x000000006beb2f70
 Begin Bits: [0x0000000013f20000, 0x0000000017e10000)
 End Bits:   [0x0000000017e10000, 0x000000001bd00000)

Polling page: 0x0000000000bf0000

CodeCache: size=245760Kb used=15302Kb max_used=16373Kb free=230457Kb
 bounds [0x0000000003140000, 0x0000000004150000, 0x0000000012140000]
 total_blobs=4427 nmethods=3751 adapters=585
 compilation: enabled

Compilation events (10 events):
Event: 8.843 Thread 0x000000001ec20000 4075   !   3       java.util.Formatter$FormatSpecifier::width (59 bytes)
Event: 8.844 Thread 0x000000001ec20000 nmethod 4075 0x000000000349cf90 code [0x000000000349d120, 0x000000000349d478]
Event: 9.024 Thread 0x000000001ec17800 4076       4       sun.nio.cs.StreamDecoder::implRead (243 bytes)
Event: 9.045 Thread 0x000000001ec17800 nmethod 4076 0x00000000038edd50 code [0x00000000038edfa0, 0x00000000038eefa0]
Event: 9.241 Thread 0x000000001ec27000 4077       3       java.util.logging.LogManager::access$100 (4 bytes)
Event: 9.241 Thread 0x000000001ec20000 4078       3       java.util.logging.LogManager$LoggerContext::requiresDefaultLoggers (29 bytes)
Event: 9.241 Thread 0x000000001ec27000 nmethod 4077 0x000000000387c710 code [0x000000000387c860, 0x000000000387c990]
Event: 9.241 Thread 0x000000001ec20000 nmethod 4078 0x000000000355e410 code [0x000000000355e580, 0x000000000355e9c8]
Event: 9.242 Thread 0x000000001ec24000 4079       3       org.apache.logging.log4j.core.helpers.NameUtil::getSubName (32 bytes)
Event: 9.242 Thread 0x000000001ec24000 nmethod 4079 0x00000000035f9d50 code [0x00000000035f9ee0, 0x00000000035fa478]

GC Heap History (10 events):
Event: 2.318 GC heap before
{Heap before GC invocations=7 (full 1):
 PSYoungGen      total 90112K, used 90096K [0x000000076c180000, 0x0000000774900000, 0x00000007c0000000)
  eden space 79360K, 100% used [0x000000076c180000,0x0000000770f00000,0x0000000770f00000)
  from space 10752K, 99% used [0x0000000770f00000,0x000000077197c130,0x0000000771980000)
  to   space 12800K, 0% used [0x0000000773c80000,0x0000000773c80000,0x0000000774900000)
 ParOldGen       total 115712K, used 15992K [0x00000006c4400000, 0x00000006cb500000, 0x000000076c180000)
  object space 115712K, 13% used [0x00000006c4400000,0x00000006c539e1d8,0x00000006cb500000)
 Metaspace       used 26648K, capacity 26856K, committed 27136K, reserved 1073152K
  class space    used 3739K, capacity 3808K, committed 3840K, reserved 1048576K
Event: 2.326 GC heap after
Heap after GC invocations=7 (full 1):
 PSYoungGen      total 119808K, used 12768K [0x000000076c180000, 0x0000000776100000, 0x00000007c0000000)
  eden space 107008K, 0% used [0x000000076c180000,0x000000076c180000,0x0000000772a00000)
  from space 12800K, 99% used [0x0000000773c80000,0x00000007748f8010,0x0000000774900000)
  to   space 18944K, 0% used [0x0000000772a00000,0x0000000772a00000,0x0000000773c80000)
 ParOldGen       total 115712K, used 21973K [0x00000006c4400000, 0x00000006cb500000, 0x000000076c180000)
  object space 115712K, 18% used [0x00000006c4400000,0x00000006c5975628,0x00000006cb500000)
 Metaspace       used 26648K, capacity 26856K, committed 27136K, reserved 1073152K
  class space    used 3739K, capacity 3808K, committed 3840K, reserved 1048576K
}
Event: 3.001 GC heap before
{Heap before GC invocations=8 (full 1):
 PSYoungGen      total 119808K, used 119776K [0x000000076c180000, 0x0000000776100000, 0x00000007c0000000)
  eden space 107008K, 100% used [0x000000076c180000,0x0000000772a00000,0x0000000772a00000)
  from space 12800K, 99% used [0x0000000773c80000,0x00000007748f8010,0x0000000774900000)
  to   space 18944K, 0% used [0x0000000772a00000,0x0000000772a00000,0x0000000773c80000)
 ParOldGen       total 115712K, used 21973K [0x00000006c4400000, 0x00000006cb500000, 0x000000076c180000)
  object space 115712K, 18% used [0x00000006c4400000,0x00000006c5975628,0x00000006cb500000)
 Metaspace       used 30205K, capacity 30421K, committed 30720K, reserved 1075200K
  class space    used 4008K, capacity 4067K, committed 4096K, reserved 1048576K
Event: 3.009 GC heap after
Heap after GC invocations=8 (full 1):
 PSYoungGen      total 125952K, used 18929K [0x000000076c180000, 0x0000000779300000, 0x00000007c0000000)
  eden space 107008K, 0% used [0x000000076c180000,0x000000076c180000,0x0000000772a00000)
  from space 18944K, 99% used [0x0000000772a00000,0x0000000773c7c4e0,0x0000000773c80000)
  to   space 25600K, 0% used [0x0000000777a00000,0x0000000777a00000,0x0000000779300000)
 ParOldGen       total 115712K, used 27883K [0x00000006c4400000, 0x00000006cb500000, 0x000000076c180000)
  object space 115712K, 24% used [0x00000006c4400000,0x00000006c5f3ac20,0x00000006cb500000)
 Metaspace       used 30205K, capacity 30421K, committed 30720K, reserved 1075200K
  class space    used 4008K, capacity 4067K, committed 4096K, reserved 1048576K
}
Event: 3.210 GC heap before
{Heap before GC invocations=9 (full 1):
 PSYoungGen      total 125952K, used 125937K [0x000000076c180000, 0x0000000779300000, 0x00000007c0000000)
  eden space 107008K, 100% used [0x000000076c180000,0x0000000772a00000,0x0000000772a00000)
  from space 18944K, 99% used [0x0000000772a00000,0x0000000773c7c4e0,0x0000000773c80000)
  to   space 25600K, 0% used [0x0000000777a00000,0x0000000777a00000,0x0000000779300000)
 ParOldGen       total 115712K, used 27883K [0x00000006c4400000, 0x00000006cb500000, 0x000000076c180000)
  object space 115712K, 24% used [0x00000006c4400000,0x00000006c5f3ac20,0x00000006cb500000)
 Metaspace       used 30641K, capacity 30837K, committed 31360K, reserved 1077248K
  class space    used 4034K, capacity 4099K, committed 4224K, reserved 1048576K
Event: 3.218 GC heap after
Heap after GC invocations=9 (full 1):
 PSYoungGen      total 186368K, used 21151K [0x000000076c180000, 0x0000000779780000, 0x00000007c0000000)
  eden space 160768K, 0% used [0x000000076c180000,0x000000076c180000,0x0000000775e80000)
  from space 25600K, 82% used [0x0000000777a00000,0x0000000778ea7e10,0x0000000779300000)
  to   space 28160K, 0% used [0x0000000775e80000,0x0000000775e80000,0x0000000777a00000)
 ParOldGen       total 115712K, used 33339K [0x00000006c4400000, 0x00000006cb500000, 0x000000076c180000)
  object space 115712K, 28% used [0x00000006c4400000,0x00000006c648ec30,0x00000006cb500000)
 Metaspace       used 30641K, capacity 30837K, committed 31360K, reserved 1077248K
  class space    used 4034K, capacity 4099K, committed 4224K, reserved 1048576K
}
Event: 3.464 GC heap before
{Heap before GC invocations=10 (full 1):
 PSYoungGen      total 186368K, used 181919K [0x000000076c180000, 0x0000000779780000, 0x00000007c0000000)
  eden space 160768K, 100% used [0x000000076c180000,0x0000000775e80000,0x0000000775e80000)
  from space 25600K, 82% used [0x0000000777a00000,0x0000000778ea7e10,0x0000000779300000)
  to   space 28160K, 0% used [0x0000000775e80000,0x0000000775e80000,0x0000000777a00000)
 ParOldGen       total 115712K, used 33339K [0x00000006c4400000, 0x00000006cb500000, 0x000000076c180000)
  object space 115712K, 28% used [0x00000006c4400000,0x00000006c648ec30,0x00000006cb500000)
 Metaspace       used 30733K, capacity 30965K, committed 31360K, reserved 1077248K
  class space    used 4036K, capacity 4099K, committed 4224K, reserved 1048576K
Event: 3.471 GC heap after
Heap after GC invocations=10 (full 1):
 PSYoungGen      total 188928K, used 19407K [0x000000076c180000, 0x000000077c780000, 0x00000007c0000000)
  eden space 160768K, 0% used [0x000000076c180000,0x000000076c180000,0x0000000775e80000)
  from space 28160K, 68% used [0x0000000775e80000,0x0000000777173e20,0x0000000777a00000)
  to   space 29696K, 0% used [0x000000077aa80000,0x000000077aa80000,0x000000077c780000)
 ParOldGen       total 115712K, used 37363K [0x00000006c4400000, 0x00000006cb500000, 0x000000076c180000)
  object space 115712K, 32% used [0x00000006c4400000,0x00000006c687cc30,0x00000006cb500000)
 Metaspace       used 30733K, capacity 30965K, committed 31360K, reserved 1077248K
  class space    used 4036K, capacity 4099K, committed 4224K, reserved 1048576K
}
Event: 4.052 GC heap before
{Heap before GC invocations=11 (full 1):
 PSYoungGen      total 188928K, used 180175K [0x000000076c180000, 0x000000077c780000, 0x00000007c0000000)
  eden space 160768K, 100% used [0x000000076c180000,0x0000000775e80000,0x0000000775e80000)
  from space 28160K, 68% used [0x0000000775e80000,0x0000000777173e20,0x0000000777a00000)
  to   space 29696K, 0% used [0x000000077aa80000,0x000000077aa80000,0x000000077c780000)
 ParOldGen       total 115712K, used 37363K [0x00000006c4400000, 0x00000006cb500000, 0x000000076c180000)
  object space 115712K, 32% used [0x00000006c4400000,0x00000006c687cc30,0x00000006cb500000)
 Metaspace       used 31658K, capacity 31893K, committed 32384K, reserved 1077248K
  class space    used 4104K, capacity 4177K, committed 4224K, reserved 1048576K
Event: 4.060 GC heap after
Heap after GC invocations=11 (full 1):
 PSYoungGen      total 234496K, used 23032K [0x000000076c180000, 0x000000077c780000, 0x00000007c0000000)
  eden space 204800K, 0% used [0x000000076c180000,0x000000076c180000,0x0000000778980000)
  from space 29696K, 77% used [0x000000077aa80000,0x000000077c0fe3a8,0x000000077c780000)
  to   space 31744K, 0% used [0x0000000778980000,0x0000000778980000,0x000000077a880000)
 ParOldGen       total 115712K, used 39983K [0x00000006c4400000, 0x00000006cb500000, 0x000000076c180000)
  object space 115712K, 34% used [0x00000006c4400000,0x00000006c6b0bc40,0x00000006cb500000)
 Metaspace       used 31658K, capacity 31893K, committed 32384K, reserved 1077248K
  class space    used 4104K, capacity 4177K, committed 4224K, reserved 1048576K
}

Deoptimization events (10 events):
Event: 4.072 Thread 0x0000000003043800 Uncommon trap: reason=unstable_if action=reinterpret pc=0x0000000003d1c91c method=java.util.Formatter$FormatSpecifier.justify(Ljava/lang/String;)Ljava/lang/String; @ 5
Event: 4.073 Thread 0x0000000003043800 Uncommon trap: reason=speculate_class_check action=maybe_recompile pc=0x0000000003f7f700 method=com.sun.imageio.plugins.png.PNGImageReader.decodePass(IIIIIII)V @ 643
Event: 4.075 Thread 0x0000000003043800 Uncommon trap: reason=bimorphic action=maybe_recompile pc=0x0000000003bda2f8 method=java.util.regex.Pattern$Curly.match0(Ljava/util/regex/Matcher;IILjava/lang/CharSequence;)Z @ 77
Event: 4.075 Thread 0x0000000003043800 Uncommon trap: reason=bimorphic action=maybe_recompile pc=0x0000000003bda2f8 method=java.util.regex.Pattern$Curly.match0(Ljava/util/regex/Matcher;IILjava/lang/CharSequence;)Z @ 77
Event: 4.075 Thread 0x0000000003043800 Uncommon trap: reason=speculate_class_check action=maybe_recompile pc=0x0000000003f7f700 method=com.sun.imageio.plugins.png.PNGImageReader.decodePass(IIIIIII)V @ 643
Event: 4.077 Thread 0x0000000003043800 Uncommon trap: reason=speculate_class_check action=maybe_recompile pc=0x0000000003f7f700 method=com.sun.imageio.plugins.png.PNGImageReader.decodePass(IIIIIII)V @ 643
Event: 4.079 Thread 0x0000000003043800 Uncommon trap: reason=speculate_class_check action=maybe_recompile pc=0x0000000003f7f700 method=com.sun.imageio.plugins.png.PNGImageReader.decodePass(IIIIIII)V @ 643
Event: 4.104 Thread 0x00000000242b3800 Uncommon trap: reason=unstable_if action=reinterpret pc=0x0000000003db3044 method=java.lang.AbstractStringBuilder.append(I)Ljava/lang/AbstractStringBuilder; @ 16
Event: 4.104 Thread 0x00000000242b3800 Uncommon trap: reason=unstable_if action=reinterpret pc=0x0000000003c5556c method=java.lang.Integer.getChars(II[C)V @ 7
Event: 9.254 Thread 0x000000002384d800 Uncommon trap: reason=class_check action=maybe_recompile pc=0x0000000003f1b300 method=java.util.HashSet.iterator()Ljava/util/Iterator; @ 4

Internal exceptions (10 events):
Event: 3.150 Thread 0x0000000022a01000 Exception <a 'org/lwjgl/LWJGLException'> (0x0000000771009ff8) thrown at [C:\re\workspace\8-2-build-windows-amd64-cygwin\jdk8u91\6644\hotspot\src\share\vm\prims\jni.cpp, line 709]
Event: 3.150 Thread 0x0000000022a01000 Exception <a 'org/lwjgl/LWJGLException'> (0x000000077100a738) thrown at [C:\re\workspace\8-2-build-windows-amd64-cygwin\jdk8u91\6644\hotspot\src\share\vm\prims\jni.cpp, line 709]
Event: 3.150 Thread 0x0000000022a01000 Exception <a 'org/lwjgl/LWJGLException'> (0x000000077100ae60) thrown at [C:\re\workspace\8-2-build-windows-amd64-cygwin\jdk8u91\6644\hotspot\src\share\vm\prims\jni.cpp, line 709]
Event: 3.150 Thread 0x0000000022a01000 Exception <a 'org/lwjgl/LWJGLException'> (0x000000077100b588) thrown at [C:\re\workspace\8-2-build-windows-amd64-cygwin\jdk8u91\6644\hotspot\src\share\vm\prims\jni.cpp, line 709]
Event: 3.150 Thread 0x0000000022a01000 Exception <a 'org/lwjgl/LWJGLException'> (0x000000077100bcc8) thrown at [C:\re\workspace\8-2-build-windows-amd64-cygwin\jdk8u91\6644\hotspot\src\share\vm\prims\jni.cpp, line 709]
Event: 3.150 Thread 0x0000000022a01000 Exception <a 'org/lwjgl/LWJGLException'> (0x000000077100c3e8) thrown at [C:\re\workspace\8-2-build-windows-amd64-cygwin\jdk8u91\6644\hotspot\src\share\vm\prims\jni.cpp, line 709]
Event: 3.544 Thread 0x0000000022a01000 Exception <a 'java/lang/InterruptedException': sleep interrupted> (0x000000076e749d60) thrown at [C:\re\workspace\8-2-build-windows-amd64-cygwin\jdk8u91\6644\hotspot\src\share\vm\prims\jvm.cpp, line 3215]
Event: 3.544 Thread 0x0000000022a01000 Exception <a 'java/lang/InterruptedException': sleep interrupted> (0x000000076e749fb8) thrown at [C:\re\workspace\8-2-build-windows-amd64-cygwin\jdk8u91\6644\hotspot\src\share\vm\prims\jvm.cpp, line 3167]
Event: 4.050 Thread 0x0000000003043800 Exception <a 'java/lang/NoSuchMethodError': java.lang.Object.lambda$comparingInt$7b0bb60$1(Ljava/util/function/ToIntFunction;Ljava/lang/Object;Ljava/lang/Object;)I> (0x0000000774de27c8) thrown at [C:\re\workspace\8-2-build-windows-amd64-cygwin\jdk8u91\6644
Event: 4.162 Thread 0x00000000242b3800 Exception <a 'java/net/UnknownHostException': snoop.minecraft.net> (0x00000007755e8b18) thrown at [C:\re\workspace\8-2-build-windows-amd64-cygwin\jdk8u91\6644\hotspot\src\share\vm\prims\jni.cpp, line 735]

Events (10 events):
Event: 9.241 loading class org/apache/logging/log4j/core/config/NullConfiguration done
Event: 9.241 loading class javax/servlet/ServletContext
Event: 9.241 loading class javax/servlet/ServletContext done
Event: 9.242 Thread 0x0000000023852800 Thread exited: 0x0000000023852800
Event: 9.242 Thread 0x000000002384e000 Thread exited: 0x000000002384e000
Event: 9.254 Thread 0x0000000023853800 Thread exited: 0x0000000023853800
Event: 9.254 Thread 0x000000002384d800 Uncommon trap: trap_request=0xffffffde fr.pc=0x0000000003f1b300
Event: 9.254 Thread 0x000000002384d800 DEOPT PACKING pc=0x0000000003f1b300 sp=0x000000003c27f3f0
Event: 9.254 Thread 0x000000002384d800 DEOPT UNPACKING pc=0x000000000318582a sp=0x000000003c27f3a8 mode 2
Event: 9.255 Executing VM operation: Exit


Dynamic libraries:
0x00007ff6331d0000 - 0x00007ff633207000 	C:\Program Files\Java\jdk1.8.0_91\bin\java.exe
0x00007ffb09ab0000 - 0x00007ffb09cc6000 	C:\Windows\SYSTEM32\ntdll.dll
0x00007ffb09250000 - 0x00007ffb09314000 	C:\Windows\System32\KERNEL32.DLL
0x00007ffb06df0000 - 0x00007ffb07196000 	C:\Windows\System32\KERNELBASE.dll
0x00007ffb097d0000 - 0x00007ffb09882000 	C:\Windows\System32\ADVAPI32.dll
0x00007ffb096d0000 - 0x00007ffb09777000 	C:\Windows\System32\msvcrt.dll
0x00007ffb08ff0000 - 0x00007ffb09098000 	C:\Windows\System32\sechost.dll
0x00007ffb07340000 - 0x00007ffb07368000 	C:\Windows\System32\bcrypt.dll
0x00007ffb07960000 - 0x00007ffb07a75000 	C:\Windows\System32\RPCRT4.dll
0x00007ffb090a0000 - 0x00007ffb0924d000 	C:\Windows\System32\USER32.dll
0x00007ffb07370000 - 0x00007ffb07396000 	C:\Windows\System32\win32u.dll
0x00007ffb07920000 - 0x00007ffb07949000 	C:\Windows\System32\GDI32.dll
0x00007ffb071a0000 - 0x00007ffb072b8000 	C:\Windows\System32\gdi32full.dll
0x00007ffb074c0000 - 0x00007ffb0755a000 	C:\Windows\System32\msvcp_win.dll
0x00007ffb073a0000 - 0x00007ffb074b1000 	C:\Windows\System32\ucrtbase.dll
0x00007ffaeb850000 - 0x00007ffaebae3000 	C:\Windows\WinSxS\amd64_microsoft.windows.common-controls_6595b64144ccf1df_6.0.22621.3235_none_270f74e173860f98\COMCTL32.dll
0x00007ffb09890000 - 0x00007ffb098c1000 	C:\Windows\System32\IMM32.DLL
0x000000006bf40000 - 0x000000006c012000 	C:\Program Files\Java\jdk1.8.0_91\jre\bin\msvcr100.dll
0x000000006b6a0000 - 0x000000006bf33000 	C:\Program Files\Java\jdk1.8.0_91\jre\bin\server\jvm.dll
0x00007ffb09320000 - 0x00007ffb09328000 	C:\Windows\System32\PSAPI.DLL
0x00007ffaf3150000 - 0x00007ffaf315a000 	C:\Windows\SYSTEM32\VERSION.dll
0x00007ffafe210000 - 0x00007ffafe219000 	C:\Windows\SYSTEM32\WSOCK32.dll
0x00007ffb00940000 - 0x00007ffb00974000 	C:\Windows\SYSTEM32\WINMM.dll
0x00007ffb09430000 - 0x00007ffb094a1000 	C:\Windows\System32\WS2_32.dll
0x000000006c640000 - 0x000000006c64f000 	C:\Program Files\Java\jdk1.8.0_91\jre\bin\verify.dll
0x000000006c4a0000 - 0x000000006c4c9000 	C:\Program Files\Java\jdk1.8.0_91\jre\bin\java.dll
0x000000006c470000 - 0x000000006c493000 	C:\Program Files\Java\jdk1.8.0_91\jre\bin\instrument.dll
0x000000006c450000 - 0x000000006c466000 	C:\Program Files\Java\jdk1.8.0_91\jre\bin\zip.dll
0x00007ffb07f70000 - 0x00007ffb087cd000 	C:\Windows\System32\SHELL32.dll
0x00007ffb04d60000 - 0x00007ffb05658000 	C:\Windows\SYSTEM32\windows.storage.dll
0x00007ffb07be0000 - 0x00007ffb07f68000 	C:\Windows\System32\combase.dll
0x00007ffb04c20000 - 0x00007ffb04d5e000 	C:\Windows\SYSTEM32\wintypes.dll
0x00007ffb07ae0000 - 0x00007ffb07bd3000 	C:\Windows\System32\SHCORE.dll
0x00007ffb078a0000 - 0x00007ffb078fe000 	C:\Windows\System32\shlwapi.dll
0x00007ffb06d20000 - 0x00007ffb06d46000 	C:\Windows\SYSTEM32\profapi.dll
0x00007ffaeca10000 - 0x00007ffaeca2a000 	D:\ideaIU-2023.2.win\bin\breakgen64.dll
0x000000006c430000 - 0x000000006c44a000 	C:\Program Files\Java\jdk1.8.0_91\jre\bin\net.dll
0x00007ffb063a0000 - 0x00007ffb06409000 	C:\Windows\system32\mswsock.dll
0x000000006c630000 - 0x000000006c63d000 	C:\Program Files\Java\jdk1.8.0_91\jre\bin\management.dll
0x000000006b680000 - 0x000000006b691000 	C:\Program Files\Java\jdk1.8.0_91\jre\bin\nio.dll
0x00007ffad06c0000 - 0x00007ffad06d7000 	C:\Windows\system32\napinsp.dll
0x00007ffacf7e0000 - 0x00007ffacf7fb000 	C:\Windows\system32\pnrpnsp.dll
0x00007ffb05950000 - 0x00007ffb05a49000 	C:\Windows\SYSTEM32\DNSAPI.dll
0x00007ffb05920000 - 0x00007ffb0594d000 	C:\Windows\SYSTEM32\IPHLPAPI.DLL
0x00007ffb07950000 - 0x00007ffb07959000 	C:\Windows\System32\NSI.dll
0x00007ffacf7c0000 - 0x00007ffacf7d1000 	C:\Windows\System32\winrnr.dll
0x00007ffafb6d0000 - 0x00007ffafb6e5000 	C:\Windows\system32\wshbth.dll
0x00007ffacf600000 - 0x00007ffacf621000 	C:\Windows\system32\nlansp_c.dll
0x00007ffaf9d90000 - 0x00007ffaf9d9a000 	C:\Windows\System32\rasadhlp.dll
0x00007ffafaae0000 - 0x00007ffafab63000 	C:\Windows\System32\fwpuclnt.dll
0x0000000180000000 - 0x0000000180053000 	D:\GradeClient-main\jars\versions\1.8.8\1.8.8-natives\lwjgl64.dll
0x00007ffa725e0000 - 0x00007ffa726e0000 	C:\Windows\SYSTEM32\OPENGL32.dll
0x00007ffa725b0000 - 0x00007ffa725dd000 	C:\Windows\SYSTEM32\GLU32.dll
0x00007ffb03a90000 - 0x00007ffb03ac9000 	C:\Windows\SYSTEM32\dxcore.dll
0x00007ffb065f0000 - 0x00007ffb0660b000 	C:\Windows\SYSTEM32\CRYPTSP.dll
0x00007ffb05e80000 - 0x00007ffb05eb5000 	C:\Windows\system32\rsaenh.dll
0x00007ffb06490000 - 0x00007ffb064bc000 	C:\Windows\SYSTEM32\USERENV.dll
0x00007ffb072c0000 - 0x00007ffb0733a000 	C:\Windows\System32\bcryptprimitives.dll
0x00007ffb06610000 - 0x00007ffb0661c000 	C:\Windows\SYSTEM32\CRYPTBASE.dll
0x00007ffafd470000 - 0x00007ffafd489000 	C:\Windows\SYSTEM32\dhcpcsvc6.DLL
0x00007ffafd250000 - 0x00007ffafd26f000 	C:\Windows\SYSTEM32\dhcpcsvc.DLL
0x000000006b4e0000 - 0x000000006b678000 	C:\Program Files\Java\jdk1.8.0_91\jre\bin\awt.dll
0x00007ffb09330000 - 0x00007ffb09407000 	C:\Windows\System32\OLEAUT32.dll
0x00007ffb00090000 - 0x00007ffb00127000 	C:\Windows\SYSTEM32\apphelp.dll
0x00007ffafba20000 - 0x00007ffafbadc000 	C:\Windows\SYSTEM32\mscms.dll
0x00007ffb05f20000 - 0x00007ffb05f38000 	C:\Windows\SYSTEM32\kernel.appcore.dll
0x00007ffb08930000 - 0x00007ffb089e0000 	C:\Windows\System32\clbcatq.dll
0x00007ffaf95f0000 - 0x00007ffaf963e000 	C:\Windows\System32\Windows.Internal.Graphics.Display.DisplayColorManagement.dll
0x00007ffb06b00000 - 0x00007ffb06b4e000 	C:\Windows\SYSTEM32\cfgmgr32.dll
0x00007ffb007a0000 - 0x00007ffb0084b000 	C:\Windows\system32\uxtheme.dll
0x00007ffb087d0000 - 0x00007ffb08924000 	C:\Windows\System32\MSCTF.dll
0x00007ffaf93b0000 - 0x00007ffaf94fa000 	C:\Windows\SYSTEM32\textinputframework.dll
0x00007ffaff760000 - 0x00007ffaff894000 	C:\Windows\SYSTEM32\CoreMessaging.dll
0x00007ffafc930000 - 0x00007ffafcc9c000 	C:\Windows\SYSTEM32\CoreUIComponents.dll
0x00007ffb098d0000 - 0x00007ffb09a6f000 	C:\Windows\System32\ole32.dll
0x00007ffa85d90000 - 0x00007ffa85e7b000 	C:\Windows\system32\SogouWBTSF.ime
0x00007ffaf3680000 - 0x00007ffaf3687000 	C:\Windows\system32\MSIMG32.dll
0x00007ffb05f40000 - 0x00007ffb05f74000 	C:\Windows\SYSTEM32\ntmarta.dll
0x0000000027100000 - 0x00000000279d2000 	C:\Windows\system32\SogouWb.ime
0x00007ffae5820000 - 0x00007ffae5d14000 	C:\Windows\SYSTEM32\WININET.dll
0x00007ffb05cf0000 - 0x00007ffb05cfc000 	C:\Windows\SYSTEM32\Secur32.dll
0x00007ffa85d70000 - 0x00007ffa85d89000 	C:\Windows\SYSTEM32\USP10.dll
0x00007ffaeb7e0000 - 0x00007ffaeb849000 	C:\Windows\SYSTEM32\OLEACC.dll
0x00007ffaebaf0000 - 0x00007ffaebcaa000 	C:\Windows\WinSxS\amd64_microsoft.windows.gdiplus_6595b64144ccf1df_1.1.22621.3085_none_57ff6980ce140777\gdiplus.dll
0x00007ffb06180000 - 0x00007ffb061cc000 	C:\Windows\SYSTEM32\SSPICLI.DLL
0x00007ffb07560000 - 0x00007ffb075cb000 	C:\Windows\System32\Wintrust.dll
0x00007ffb07690000 - 0x00007ffb077f6000 	C:\Windows\System32\CRYPT32.dll
0x00007ffb06650000 - 0x00007ffb06662000 	C:\Windows\SYSTEM32\MSASN1.dll
0x00007ffb09410000 - 0x00007ffb0942f000 	C:\Windows\System32\imagehlp.dll
0x00007ffb06430000 - 0x00007ffb06456000 	C:\Windows\SYSTEM32\gpapi.dll
0x00007ffaf3110000 - 0x00007ffaf3142000 	C:\Windows\System32\cryptnet.dll
0x0000000033290000 - 0x0000000033357000 	D:\Program Files (x86)\SogouWBInput\5.5.0.2580\Plugins64\ManualNewWord.dll
0x00007ffad5910000 - 0x00007ffad5942000 	C:\Windows\system32\msctfp.dll
0x00007ffafd1e0000 - 0x00007ffafd22a000 	C:\Windows\SYSTEM32\directxdatabasehelper.dll
0x00007ffafb8c0000 - 0x00007ffafb9f5000 	C:\Windows\System32\AppXDeploymentClient.dll
0x00007ffa71500000 - 0x00007ffa725a9000 	C:\Windows\System32\DriverStore\FileRepository\iigd_dch.inf_amd64_57d6be89ba05925b\igxelpicd64.dll
0x00007ffb03290000 - 0x00007ffb032bb000 	C:\Windows\system32\dwmapi.dll
0x00007ffb04960000 - 0x00007ffb04a58000 	C:\Windows\system32\dxgi.dll
0x00007ffa713d0000 - 0x00007ffa714f4000 	C:\Windows\System32\DriverStore\FileRepository\iigd_dch.inf_amd64_57d6be89ba05925b\igdml64.dll
0x00007ffaf71b0000 - 0x00007ffaf75c2000 	C:\Windows\System32\DriverStore\FileRepository\iigd_dch.inf_amd64_57d6be89ba05925b\igdgmm64.dll
0x00007ffb06ab0000 - 0x00007ffb06adc000 	C:\Windows\SYSTEM32\DEVOBJ.dll
0x00007ffab5f30000 - 0x00007ffab5f79000 	C:\Windows\SYSTEM32\icm32.dll
0x00007ffaeeae0000 - 0x00007ffaf2f1e000 	C:\Windows\System32\DriverStore\FileRepository\iigd_dch.inf_amd64_57d6be89ba05925b\igc64.dll
0x00007ffb05c80000 - 0x00007ffb05ccd000 	C:\Windows\SYSTEM32\powrprof.dll
0x00007ffb05c60000 - 0x00007ffb05c73000 	C:\Windows\SYSTEM32\UMPDC.dll
0x00000000439a0000 - 0x00000000439d8000 	C:\Users\43850\AppData\Local\Temp\jna\jna1690865099556724413.dll
0x0000000070a40000 - 0x0000000070adc000 	D:\GradeClient-main\jars\versions\1.8.8\1.8.8-natives\avutil-ttv-51.dll
0x0000000065980000 - 0x00000000659d6000 	D:\GradeClient-main\jars\versions\1.8.8\1.8.8-natives\swresample-ttv-0.dll
0x000000006eb80000 - 0x000000006ec50000 	D:\GradeClient-main\jars\versions\1.8.8\1.8.8-natives\libmp3lame-ttv.dll
0x00007ffa0e530000 - 0x00007ffa0f8d4000 	D:\GradeClient-main\jars\versions\1.8.8\1.8.8-natives\libmfxsw64.dll
0x00007ffa12190000 - 0x00007ffa122fd000 	D:\GradeClient-main\jars\versions\1.8.8\1.8.8-natives\twitchsdk.dll
0x000000004ecb0000 - 0x000000004ed14000 	D:\GradeClient-main\jars\versions\1.8.8\1.8.8-natives\OpenAL64.dll
0x00007ffaf4f20000 - 0x00007ffaf4fbd000 	C:\Windows\System32\MMDevApi.dll
0x00007ffa3edb0000 - 0x00007ffa3ee52000 	C:\Windows\SYSTEM32\dsound.dll
0x00007ffacdd80000 - 0x00007ffacdda9000 	C:\Windows\SYSTEM32\winmmbase.dll
0x00007ffa3cc90000 - 0x00007ffa3cd41000 	C:\Windows\SYSTEM32\ResampleDmo.DLL
0x00007ffaed2f0000 - 0x00007ffaed2fb000 	C:\Windows\SYSTEM32\msdmo.dll
0x00007ffaeb320000 - 0x00007ffaeb50c000 	C:\Windows\SYSTEM32\AUDIOSES.DLL
0x00007ffb03930000 - 0x00007ffb03945000 	C:\Windows\SYSTEM32\resourcepolicyclient.dll
0x00007ffac3980000 - 0x00007ffac3a30000 	C:\Windows\SYSTEM32\TextShaping.dll
0x00007ffb044c0000 - 0x00007ffb046f3000 	C:\Windows\SYSTEM32\dbghelp.dll

VM Arguments:
jvm_args: -javaagent:D:\ideaIU-2023.2.win\lib\idea_rt.jar=55863:D:\ideaIU-2023.2.win\bin -Dfile.encoding=UTF-8 
java_command: Start
java_class_path (initial): C:\Program Files\Java\jdk1.8.0_91\jre\lib\charsets.jar;C:\Program Files\Java\jdk1.8.0_91\jre\lib\deploy.jar;C:\Program Files\Java\jdk1.8.0_91\jre\lib\ext\access-bridge-64.jar;C:\Program Files\Java\jdk1.8.0_91\jre\lib\ext\cldrdata.jar;C:\Program Files\Java\jdk1.8.0_91\jre\lib\ext\dnsns.jar;C:\Program Files\Java\jdk1.8.0_91\jre\lib\ext\jaccess.jar;C:\Program Files\Java\jdk1.8.0_91\jre\lib\ext\jfxrt.jar;C:\Program Files\Java\jdk1.8.0_91\jre\lib\ext\localedata.jar;C:\Program Files\Java\jdk1.8.0_91\jre\lib\ext\nashorn.jar;C:\Program Files\Java\jdk1.8.0_91\jre\lib\ext\sunec.jar;C:\Program Files\Java\jdk1.8.0_91\jre\lib\ext\sunjce_provider.jar;C:\Program Files\Java\jdk1.8.0_91\jre\lib\ext\sunmscapi.jar;C:\Program Files\Java\jdk1.8.0_91\jre\lib\ext\sunpkcs11.jar;C:\Program Files\Java\jdk1.8.0_91\jre\lib\ext\zipfs.jar;C:\Program Files\Java\jdk1.8.0_91\jre\lib\javaws.jar;C:\Program Files\Java\jdk1.8.0_91\jre\lib\jce.jar;C:\Program Files\Java\jdk1.8.0_91\jre\lib\jfr.jar;C:\Program Files\Java\jdk1.8.0_91\jre\lib\jfxswt.jar;C:\Program Files\Java\jdk1.8.0_91\jre\lib\jsse.jar;C:\Program Files\Java\jdk1.8.0_91\jre\lib\management-agent.jar;C:\Program Files\Java\jdk1.8.0_91\jre\lib\plugin.jar;C:\Program Files\Java\jdk1.8.0_91\jre\lib\resources.jar;C:\Program Files\Java\jdk1.8.0_91\jre\lib\rt.jar;D:\GradeClient-main\out\production\GradeClient;D:\GradeClient-main\lib\1.8.8.jar;D:\GradeClient-main\lib\jna-3.4.0.jar;D:\GradeClient-main\lib\fernflower.jar;D:\GradeClient-main\lib\gson-2.2.4.jar;D:\GradeClient-main\lib\guava-17.0.jar;D:\GradeClient-main\lib\mcinjector.jar;D:\GradeClient-main\lib\retroguard.jar;D:\GradeClient-main\lib\twitch-6.5.jar;D:\GradeClient-main\lib\netty-1.8.8.jar;D:\GradeClient-main\lib\jinput-2.0.5.jar;D:\GradeClient-main\lib\jutils-1.0.0.jar;D:\GradeClient-main\lib\minecraft_rg.jar;D:\GradeClient-main\lib\minecraft_exc.jar;D:\GradeClient-main\lib\oshi-core-1.1.jar;D:\GradeClient-main\lib\realms-1.7.39.jar;D:\GradeClient-main\lib\specia
Launcher Type: SUN_STANDARD

Environment Variables:
JAVA_HOME=D:\graalvm-jdk-17.0.8+9.1
PATH=D:\graalvm-jdk-17.0.8+9.1\bin;D:\Program Files (x86)\VMware\VMware Workstation\bin\;C:\ProgramData\Oracle\Java\javapath;C:\Windows\system32;C:\Windows;C:\Windows\System32\Wbem;C:\Windows\System32\WindowsPowerShell\v1.0\;C:\Windows\System32\OpenSSH\;C:\Program Files (x86)\NVIDIA Corporation\PhysX\Common;C:\Program Files\NVIDIA Corporation\NVIDIA NvDLISR;C:\Program Files\Git\cmd;C:\Program Files\Microsoft SQL Server\150\Tools\Binn\;C:\Program Files\Microsoft SQL Server\Client SDK\ODBC\170\Tools\Binn\;C:\Program Files\dotnet\;D:\Windows Kits\10\Windows Performance Toolkit\;C:\Users\43850\AppData\Roaming\nvm;C:\Program Files\nodejs;C:\Program Files (x86)\Microsoft SQL Server\Client SDK\ODBC\130\Tools\Binn\;C:\Program Files (x86)\Microsoft SQL Server\140\Tools\Binn\;C:\Program Files (x86)\Microsoft SQL Server\140\DTS\Binn\;C:\Program Files (x86)\Microsoft SQL Server\140\Tools\Binn\ManagementStudio\;C:\Program Files (x86)\Microsoft SQL Server\130\Tools\Binn\;C:\Program Files\Microsoft SQL Server\130\Tools\Binn\;C:\Program Files (x86)\Microsoft SQL Server\130\DTS\Binn\;C:\Program Files\Microsoft SQL Server\130\DTS\Binn\;C:\Program Files\Microsoft SQL Server\Client SDK\ODBC\130\Tools\Binn\;D:\Program Files\Redis\;D:\GradeClient-main\jars\versions\1.8.8\1.8.8-natives;C:\Users\43850\AppData\Local\Microsoft\WindowsApps;C:\Users\43850\AppData\Roaming\npm;C:\Users\43850\.dotnet\tools;C:\Users\43850\AppData\Local\Programs\Microsoft VS Code\bin;C:\Users\43850\AppData\Roaming\nvm;C:\Program Files\nodejs;C:\Users\43850\AppData\Local\gitkraken\bin
USERNAME=43850
OS=Windows_NT
PROCESSOR_IDENTIFIER=Intel64 Family 6 Model 154 Stepping 3, GenuineIntel



---------------  S Y S T E M  ---------------

OS: Windows 10.0 , 64 bit Build 22621 (10.0.22621.3235)

CPU:total 16 (8 cores per cpu, 2 threads per core) family 6 model 154 stepping 3, cmov, cx8, fxsr, mmx, sse, sse2, sse3, ssse3, sse4.1, sse4.2, popcnt, avx, avx2, aes, clmul, erms, 3dnowpref, lzcnt, ht, tsc, tscinvbit, bmi1, bmi2, adx

Memory: 4k page, physical 16496120k(1270148k free), swap 29683860k(4086812k free)

vm_info: Java HotSpot(TM) 64-Bit Server VM (25.91-b14) for windows-amd64 JRE (1.8.0_91-b14), built on Apr  1 2016 00:58:32 by "java_re" with MS VC++ 10.0 (VS2010)

time: Sun Mar 31 03:07:09 2024
elapsed time: 9 seconds (0d 0h 0m 9s)

